#############################################################################
Optimization run history and convergence: 9x9 array
iter		drift spacing	wp spacing	footprint	wp peak temp
0		12.7934		12.7934		11263.8431	75.8754
1		12.7934		12.7934		11263.8431	75.8754
2		13.7934		12.7934		12122.6203	74.8648
3		12.7934		13.7934		12103.2763	74.8648
4		12.0863		12.0863		10095.0272	77.6866
5		11.3903		11.3682		8990.5495	79.8202
6		10.8066		10.5562		7964.1621	82.3604
7		10.9072		9.5613		7321.1010	84.3167
8		10.1855		8.8691		6385.0770	87.7569
9		9.5288		8.1150		5510.5571	91.8716
10		9.0296		7.2485		4712.6780	96.7177
11		8.1570		6.7600		4007.8635	102.3597
12		8.9657		6.1717		4040.3851	101.8654
13		9.4653		6.1513		4244.9179	100.0125
14		9.8465		5.8277		4199.6399	100.2045
15		9.8660		5.8523		4223.7080	100.0098
16		10.2674		5.5541		4188.0185	100.1095
17		10.6853		5.2795		4159.8318	100.1649
18		11.1153		5.0244		4135.5218	100.1807
19		11.2428		5.2394		4340.7887	98.5874
20		11.2128		5.0000		4152.7979	100.0071
21		11.2052		4.9697		4127.7027	100.2054
22		11.2280		4.9962		4155.4555	99.9805
23		11.2140		5.0049		4156.8159	99.9755
 message: Did not converge to a solution satisfying the constraints. See `maxcv` for magnitude of violation.
 success: False
  status: 4
     fun: 4152.797901208615
       x: [ 1.121e+01  5.000e+00]
    nfev: 23
   maxcv: 0.007123028074346394
#############################################################################
Constraints and sensitivity
Relative impact of increasing array size to 9x9: 3.92%
#############################################################################
Optimization run history and convergence: 11x11 array
iter		drift spacing	wp spacing	footprint	wp peak temp
0		5.0000		5.0000		2892.0100	54.2553
1		5.0000		5.0000		2892.0100	54.2553
2		6.0000		5.0000		3442.0100	51.6127
3		5.0000		6.0000		3417.8300	51.6127
4		4.8750		5.0000		2823.2600	54.6353
5		4.8750		4.8750		2759.0950	55.0231
6		5.0000		4.9688		2875.5781	54.3492
7		4.9844		5.0000		2883.4163	54.3022
8		4.9939		4.9969		2887.0517	54.2827
 message: Optimization terminated successfully.
 success: True
  status: 1
     fun: 2892.01
       x: [ 5.000e+00  5.000e+00]
    nfev: 8
   maxcv: -0.0
#############################################################################
Constraints and sensitivity
Relative impact of increasing array size to 11x11: 3.52%
#############################################################################
Optimization run history and convergence: 9x9 array
iter		drift spacing	wp spacing	footprint	wp peak temp
0		12.7934		12.7934		11263.8431	75.8754
1		12.7934		12.7934		11263.8431	75.8754
2		13.7934		12.7934		12122.6203	74.8648
3		12.7934		13.7934		12103.2763	74.8648
4		12.0863		12.0863		10095.0272	77.6866
5		11.3903		11.3682		8990.5495	79.8202
6		10.8066		10.5562		7964.1621	82.3604
7		10.9072		9.5613		7321.1010	84.3167
8		10.1855		8.8691		6385.0770	87.7569
9		9.5288		8.1150		5510.5571	91.8716
10		9.0296		7.2485		4712.6780	96.7177
11		8.1570		6.7600		4007.8635	102.3597
12		8.9657		6.1717		4040.3851	101.8654
13		9.4653		6.1513		4244.9179	100.0125
14		9.8465		5.8277		4199.6399	100.2045
15		9.8660		5.8523		4223.7080	100.0098
16		10.2674		5.5541		4188.0185	100.1095
17		10.6853		5.2795		4159.8318	100.1649
18		11.1153		5.0244		4135.5218	100.1807
19		11.2428		5.2394		4340.7887	98.5874
20		11.2128		5.0000		4152.7979	100.0071
21		11.2052		4.9697		4127.7027	100.2054
22		11.2280		4.9962		4155.4555	99.9805
23		11.2140		5.0049		4156.8159	99.9755
 message: Did not converge to a solution satisfying the constraints. See `maxcv` for magnitude of violation.
 success: False
  status: 4
     fun: 4152.797901208615
       x: [ 1.121e+01  5.000e+00]
    nfev: 23
   maxcv: 0.007123028074346394
#############################################################################
Constraints and sensitivity
Relative impact of increasing array size to 9x9: 3.92%
#############################################################################
Optimization run history and convergence: 11x11 array
iter		drift spacing	wp spacing	footprint	wp peak temp
0		5.0000		5.0000		2892.0100	54.2553
1		5.0000		5.0000		2892.0100	54.2553
2		6.0000		5.0000		3442.0100	51.6127
3		5.0000		6.0000		3417.8300	51.6127
4		4.8750		5.0000		2823.2600	54.6353
5		4.8750		4.8750		2759.0950	55.0231
6		5.0000		4.9688		2875.5781	54.3492
7		4.9844		5.0000		2883.4163	54.3022
8		4.9939		4.9969		2887.0517	54.2827
 message: Optimization terminated successfully.
 success: True
  status: 1
     fun: 2892.01
       x: [ 5.000e+00  5.000e+00]
    nfev: 8
   maxcv: -0.0
#############################################################################
Constraints and sensitivity
Relative impact of increasing array size to 11x11: 3.52%
#############################################################################
Optimization run history and convergence: 9x9 array
iter		drift spacing	wp spacing	footprint	wp peak temp
0		12.7934		12.7934		11263.8431	75.8754
1		12.7934		12.7934		11263.8431	75.8754
2		13.7934		12.7934		12122.6203	74.8648
3		12.7934		13.7934		12103.2763	74.8648
4		12.0863		12.0863		10095.0272	77.6866
5		11.3903		11.3682		8990.5495	79.8202
6		10.8066		10.5562		7964.1621	82.3604
7		10.9072		9.5613		7321.1010	84.3167
8		10.1855		8.8691		6385.0770	87.7569
9		9.5288		8.1150		5510.5571	91.8716
10		9.0296		7.2485		4712.6780	96.7177
11		8.1570		6.7600		4007.8635	102.3597
12		8.9657		6.1717		4040.3851	101.8654
13		9.4653		6.1513		4244.9179	100.0125
14		9.8465		5.8277		4199.6399	100.2045
15		9.8660		5.8523		4223.7080	100.0098
16		10.2674		5.5541		4188.0185	100.1095
17		10.6853		5.2795		4159.8318	100.1649
18		11.1153		5.0244		4135.5218	100.1807
19		11.2428		5.2394		4340.7887	98.5874
20		11.2128		5.0000		4152.7979	100.0071
21		11.2052		4.9697		4127.7027	100.2054
22		11.2280		4.9962		4155.4555	99.9805
23		11.2140		5.0049		4156.8159	99.9755
 message: Did not converge to a solution satisfying the constraints. See `maxcv` for magnitude of violation.
 success: False
  status: 4
     fun: 4152.797901208615
       x: [ 1.121e+01  5.000e+00]
    nfev: 23
   maxcv: 0.007123028074346394
#############################################################################
Constraints and sensitivity
Relative impact of increasing array size to 9x9: 3.92%
#############################################################################
Optimization run history and convergence: 11x11 array
iter		drift spacing	wp spacing	footprint	wp peak temp
0		5.0000		5.0000		2892.0100	54.2553
1		5.0000		5.0000		2892.0100	54.2553
2		6.0000		5.0000		3442.0100	51.6127
3		5.0000		6.0000		3417.8300	51.6127
4		4.8750		5.0000		2823.2600	54.6353
5		4.8750		4.8750		2759.0950	55.0231
6		5.0000		4.9688		2875.5781	54.3492
7		4.9844		5.0000		2883.4163	54.3022
8		4.9939		4.9969		2887.0517	54.2827
 message: Optimization terminated successfully.
 success: True
  status: 1
     fun: 2892.01
       x: [ 5.000e+00  5.000e+00]
    nfev: 8
   maxcv: -0.0
#############################################################################
Constraints and sensitivity
Relative impact of increasing array size to 11x11: 3.52%
#############################################################################
Optimization run history and convergence: 9x9 array
iter		drift spacing	wp spacing	footprint	wp peak temp
0		12.7934		12.7934		11263.8431	75.8754
1		12.7934		12.7934		11263.8431	75.8754
2		13.7934		12.7934		12122.6203	74.8648
3		12.7934		13.7934		12103.2763	74.8648
4		12.0863		12.0863		10095.0272	77.6866
5		11.3903		11.3682		8990.5495	79.8202
6		10.8066		10.5562		7964.1621	82.3604
7		10.9072		9.5613		7321.1010	84.3167
8		10.1855		8.8691		6385.0770	87.7569
9		9.5288		8.1150		5510.5571	91.8716
10		9.0296		7.2485		4712.6780	96.7177
11		8.1570		6.7600		4007.8635	102.3597
12		8.9657		6.1717		4040.3851	101.8654
13		9.4653		6.1513		4244.9179	100.0125
14		9.8465		5.8277		4199.6399	100.2045
15		9.8660		5.8523		4223.7080	100.0098
16		10.2674		5.5541		4188.0185	100.1095
17		10.6853		5.2795		4159.8318	100.1649
18		11.1153		5.0244		4135.5218	100.1807
19		11.2428		5.2394		4340.7887	98.5874
20		11.2128		5.0000		4152.7979	100.0071
21		11.2052		4.9697		4127.7027	100.2054
22		11.2280		4.9962		4155.4555	99.9805
23		11.2140		5.0049		4156.8159	99.9755
 message: Did not converge to a solution satisfying the constraints. See `maxcv` for magnitude of violation.
 success: False
  status: 4
     fun: 4152.797901208615
       x: [ 1.121e+01  5.000e+00]
    nfev: 23
   maxcv: 0.007123028074346394
#############################################################################
Constraints and sensitivity
Relative impact of increasing array size to 9x9: 3.92%
#############################################################################
Optimization run history and convergence: 11x11 array
iter		drift spacing	wp spacing	footprint	wp peak temp
0		5.0000		5.0000		2892.0100	54.2553
1		5.0000		5.0000		2892.0100	54.2553
2		6.0000		5.0000		3442.0100	51.6127
3		5.0000		6.0000		3417.8300	51.6127
4		4.8750		5.0000		2823.2600	54.6353
5		4.8750		4.8750		2759.0950	55.0231
6		5.0000		4.9688		2875.5781	54.3492
7		4.9844		5.0000		2883.4163	54.3022
8		4.9939		4.9969		2887.0517	54.2827
 message: Optimization terminated successfully.
 success: True
  status: 1
     fun: 2892.01
       x: [ 5.000e+00  5.000e+00]
    nfev: 8
   maxcv: -0.0
#############################################################################
Constraints and sensitivity
Relative impact of increasing array size to 11x11: 3.52%
#############################################################################
Optimization run history and convergence: 9x9 array
iter		drift spacing	wp spacing	footprint	wp peak temp
0		12.7934		12.7934		11263.8431	75.8754
1		12.7934		12.7934		11263.8431	75.8754
2		13.7934		12.7934		12122.6203	74.8648
3		12.7934		13.7934		12103.2763	74.8648
4		12.0863		12.0863		10095.0272	77.6866
5		11.3903		11.3682		8990.5495	79.8202
6		10.8066		10.5562		7964.1621	82.3604
7		10.9072		9.5613		7321.1010	84.3167
8		10.1855		8.8691		6385.0770	87.7569
9		9.5288		8.1150		5510.5571	91.8716
10		9.0296		7.2485		4712.6780	96.7177
11		8.1570		6.7600		4007.8635	102.3597
12		8.9657		6.1717		4040.3851	101.8654
13		9.4653		6.1513		4244.9179	100.0125
14		9.8465		5.8277		4199.6399	100.2045
15		9.8660		5.8523		4223.7080	100.0098
16		10.2674		5.5541		4188.0185	100.1095
17		10.6853		5.2795		4159.8318	100.1649
18		11.1153		5.0244		4135.5218	100.1807
19		11.2428		5.2394		4340.7887	98.5874
20		11.2128		5.0000		4152.7979	100.0071
21		11.2052		4.9697		4127.7027	100.2054
22		11.2280		4.9962		4155.4555	99.9805
23		11.2140		5.0049		4156.8159	99.9755
 message: Did not converge to a solution satisfying the constraints. See `maxcv` for magnitude of violation.
 success: False
  status: 4
     fun: 4152.797901208615
       x: [ 1.121e+01  5.000e+00]
    nfev: 23
   maxcv: 0.007123028074346394
#############################################################################
Constraints and sensitivity
Relative impact of increasing array size to 9x9: 3.92%
#############################################################################
Optimization run history and convergence: 11x11 array
iter		drift spacing	wp spacing	footprint	wp peak temp
0		5.0000		5.0000		2892.0100	54.2553
1		5.0000		5.0000		2892.0100	54.2553
2		6.0000		5.0000		3442.0100	51.6127
3		5.0000		6.0000		3417.8300	51.6127
4		4.8750		5.0000		2823.2600	54.6353
5		4.8750		4.8750		2759.0950	55.0231
6		5.0000		4.9688		2875.5781	54.3492
7		4.9844		5.0000		2883.4163	54.3022
8		4.9939		4.9969		2887.0517	54.2827
 message: Optimization terminated successfully.
 success: True
  status: 1
     fun: 2892.01
       x: [ 5.000e+00  5.000e+00]
    nfev: 8
   maxcv: -0.0
#############################################################################
Constraints and sensitivity
Relative impact of increasing array size to 11x11: 3.52%
