#############################################################################
Optimization run history and convergence: 9x9 array
iter		drift spacing	wp spacing	footprint	wp peak temp
0		9.6233		9.6233		6619.9238	78.3621
1		9.6233		9.6233		6619.9238	78.3621
2		10.6233		9.6233		7274.9146	75.8131
3		9.6233		10.6233		7266.7650	75.8131
4		8.9162		8.9162		5731.3895	82.5818
5		8.2303		8.1885		4907.3426	87.6013
6		7.7062		7.3368		4165.8040	93.4678
7		6.8390		6.8390		3491.3443	100.7241
8		7.2958		5.9494		3266.2648	103.5755
9		6.9501		6.8961		3571.5286	99.7456
10		7.0073		6.7849		3545.6557	100.0625
11		6.9012		6.9012		3550.4259	99.9979
12		6.9233		6.8791		3550.5747	99.9981
13		6.8901		6.8901		3539.9000	100.1258
14		6.9047		6.8976		3550.4539	99.9979
 message: Optimization terminated successfully.
 success: True
  status: 1
     fun: 3550.4258894417076
       x: [ 6.901e+00  6.901e+00]
    nfev: 14
   maxcv: 8.881784197001252e-16
#############################################################################
Constraints and sensitivity
Relative impact of increasing array size to 9x9: 6.47%
#############################################################################
Optimization run history and convergence: 11x11 array
iter		drift spacing	wp spacing	footprint	wp peak temp
0		6.9012		6.9012		5385.8322	106.4645
1		6.9012		6.9012		5385.8322	106.4645
2		7.9012		6.9012		6124.8256	100.2441
3		6.9012		7.9012		6114.6386	100.2441
4		7.4208		7.4208		6175.5352	99.9065
5		8.1306		6.7164		6136.9428	100.0908
6		8.8617		6.0342		6032.7791	100.4634
7		9.6494		5.4181		5928.2425	100.5745
8		10.4205		4.8875		5810.2953	100.6444
9		10.1370		4.4756		5224.4293	105.2638
10		10.5234		4.8166		5788.3499	100.6890
11		10.5508		4.8875		5880.3847	100.0417
12		10.5654		4.8819		5882.0496	100.0162
13		10.5598		4.8673		5863.0702	100.1484
14		10.5600		4.8875		5885.2901	100.0000
 message: Optimization terminated successfully.
 success: True
  status: 1
     fun: 5885.290055229743
       x: [ 1.056e+01  4.888e+00]
    nfev: 14
   maxcv: 4.5259902492489346e-05
#############################################################################
Constraints and sensitivity
Relative impact of increasing array size to 11x11: 4.49%
#############################################################################
Optimization run history and convergence: 9x9 array
iter		drift spacing	wp spacing	footprint	wp peak temp
0		9.8095		9.8095		6864.5600	78.5361
1		9.8095		9.8095		6864.5600	78.5361
2		10.8095		9.8095		7531.4685	76.0365
3		9.8095		10.8095		7523.3189	76.0365
4		9.1024		9.1024		5959.1717	82.6670
5		8.4161		8.3751		5118.2631	87.5700
6		7.8878		7.5260		4359.5496	93.2912
7		7.0234		7.0234		3667.8582	100.2552
8		7.4417		6.1151		3411.5611	103.3562
9		7.1369		7.0756		3748.8354	99.3221
10		6.9711		7.1369		3696.4756	99.9106
11		7.0460		7.0460		3689.8674	99.9976
12		7.0571		7.0350		3689.9497	99.9976
13		7.0425		7.0425		3686.4319	100.0376
 message: Optimization terminated successfully.
 success: True
  status: 1
     fun: 3689.867425797014
       x: [ 7.046e+00  7.046e+00]
    nfev: 13
   maxcv: 0.0
#############################################################################
Constraints and sensitivity
Relative impact of increasing array size to 9x9: 6.34%
#############################################################################
Optimization run history and convergence: 11x11 array
iter		drift spacing	wp spacing	footprint	wp peak temp
0		7.0460		7.0460		5600.5387	106.3370
1		7.0460		7.0460		5600.5387	106.3370
2		8.0460		7.0460		6354.0170	100.2420
3		7.0460		8.0460		6343.8300	100.2420
4		7.5659		7.5659		6405.6648	99.9085
5		8.2757		6.8615		6367.1371	100.0888
6		9.0068		6.1792		6263.6105	100.4524
7		9.7942		5.5628		6161.1355	100.5589
8		10.6157		4.9926		6030.8387	100.6731
9		10.3306		4.5818		5434.3493	105.2028
10		10.9039		4.8875		6070.1856	100.1396
11		10.9467		5.0049		6226.3036	99.1134
12		10.9626		4.8661		6077.4603	100.0367
13		10.9359		4.8875		6087.4045	99.9986
14		10.9457		4.8997		6106.4737	99.8676
15		10.9420		4.8826		6085.1440	100.0072
 message: Optimization terminated successfully.
 success: True
  status: 1
     fun: 6087.404473388934
       x: [ 1.094e+01  4.888e+00]
    nfev: 15
   maxcv: -0.0
#############################################################################
Constraints and sensitivity
Relative impact of increasing array size to 11x11: 4.41%
#############################################################################
Optimization run history and convergence: 9x9 array
iter		drift spacing	wp spacing	footprint	wp peak temp
0		17.7905		8.7703		10971.7720	81.5066
1		17.7905		8.7703		10971.7720	81.5066
2		18.7905		8.7703		11572.1728	80.1808
3		17.7905		9.7703		12141.3132	79.1273
4		17.3338		7.8807		9683.1234	84.6926
5		16.8679		6.9959		8447.3148	88.4657
6		16.3399		6.1466		7275.8893	92.9604
7		15.6492		5.4234		6230.5019	98.1122
8		15.4886		4.8875		5620.6259	101.6612
9		14.5601		5.2587		5651.2159	101.9412
10		16.1195		4.8875		5842.6388	100.0666
11		16.1195		4.7625		5709.8139	100.8468
12		16.2445		4.8875		5886.6263	99.7657
13		16.1472		4.8875		5852.3709	99.9996
14		16.1472		4.8719		5835.7401	100.0956
15		16.1422		4.8875		5850.6114	100.0117
 message: Optimization terminated successfully.
 success: True
  status: 1
     fun: 5852.370906681692
       x: [ 1.615e+01  4.888e+00]
    nfev: 15
   maxcv: -0.0
#############################################################################
Constraints and sensitivity
Relative impact of increasing array size to 9x9: 4.49%
#############################################################################
Optimization run history and convergence: 9x9 array
iter		drift spacing	wp spacing	footprint	wp peak temp
0		9.6233		9.6233		6619.9238	78.3621
1		9.6233		9.6233		6619.9238	78.3621
2		10.6233		9.6233		7274.9146	75.8131
3		9.6233		10.6233		7266.7650	75.8131
4		8.9162		8.9162		5731.3895	82.5818
5		8.2303		8.1885		4907.3426	87.6013
6		7.7062		7.3368		4165.8040	93.4678
7		6.8390		6.8390		3491.3443	100.7241
8		7.2958		5.9494		3266.2648	103.5755
9		6.9501		6.8961		3571.5286	99.7456
10		7.0073		6.7849		3545.6557	100.0625
11		6.9012		6.9012		3550.4259	99.9979
12		6.9233		6.8791		3550.5747	99.9981
13		6.8901		6.8901		3539.9000	100.1258
14		6.9047		6.8976		3550.4539	99.9979
 message: Optimization terminated successfully.
 success: True
  status: 1
     fun: 3550.4258894417076
       x: [ 6.901e+00  6.901e+00]
    nfev: 14
   maxcv: 8.881784197001252e-16
#############################################################################
Constraints and sensitivity
Relative impact of increasing array size to 9x9: 6.47%
#############################################################################
Optimization run history and convergence: 11x11 array
iter		drift spacing	wp spacing	footprint	wp peak temp
0		6.9012		6.9012		5385.8322	106.4645
1		6.9012		6.9012		5385.8322	106.4645
2		7.9012		6.9012		6124.8256	100.2441
3		6.9012		7.9012		6114.6386	100.2441
4		7.4208		7.4208		6175.5352	99.9065
5		8.1306		6.7164		6136.9428	100.0908
6		8.8617		6.0342		6032.7791	100.4634
7		9.6494		5.4181		5928.2425	100.5745
8		10.4205		4.8875		5810.2953	100.6444
9		10.1370		4.4756		5224.4293	105.2638
10		10.5234		4.8166		5788.3499	100.6890
11		10.5508		4.8875		5880.3847	100.0417
12		10.5654		4.8819		5882.0496	100.0162
13		10.5598		4.8673		5863.0702	100.1484
14		10.5600		4.8875		5885.2901	100.0000
 message: Optimization terminated successfully.
 success: True
  status: 1
     fun: 5885.290055229743
       x: [ 1.056e+01  4.888e+00]
    nfev: 14
   maxcv: 4.5259902492489346e-05
#############################################################################
Constraints and sensitivity
Relative impact of increasing array size to 11x11: 4.49%
#############################################################################
Optimization run history and convergence: 9x9 array
iter		drift spacing	wp spacing	footprint	wp peak temp
0		17.7905		8.7703		10971.7720	81.5066
1		17.7905		8.7703		10971.7720	81.5066
2		18.7905		8.7703		11572.1728	80.1808
3		17.7905		9.7703		12141.3132	79.1273
4		17.3338		7.8807		9683.1234	84.6926
5		16.8679		6.9959		8447.3148	88.4657
6		16.3399		6.1466		7275.8893	92.9604
7		15.6492		5.4234		6230.5019	98.1122
8		15.4886		4.8875		5620.6259	101.6612
9		14.5601		5.2587		5651.2159	101.9412
10		16.1195		4.8875		5842.6388	100.0666
11		16.1195		4.7625		5709.8139	100.8468
12		16.2445		4.8875		5886.6263	99.7657
13		16.1472		4.8875		5852.3709	99.9996
14		16.1472		4.8719		5835.7401	100.0956
15		16.1422		4.8875		5850.6114	100.0117
 message: Optimization terminated successfully.
 success: True
  status: 1
     fun: 5852.370906681692
       x: [ 1.615e+01  4.888e+00]
    nfev: 15
   maxcv: -0.0
#############################################################################
Constraints and sensitivity
Relative impact of increasing array size to 9x9: 4.49%
#############################################################################
Optimization run history and convergence: 9x9 array
iter		drift spacing	wp spacing	footprint	wp peak temp
0		9.8095		9.8095		6864.5600	78.5361
1		9.8095		9.8095		6864.5600	78.5361
2		10.8095		9.8095		7531.4685	76.0365
3		9.8095		10.8095		7523.3189	76.0365
4		9.1024		9.1024		5959.1717	82.6670
5		8.4161		8.3751		5118.2631	87.5700
6		7.8878		7.5260		4359.5496	93.2912
7		7.0234		7.0234		3667.8582	100.2552
8		7.4417		6.1151		3411.5611	103.3562
9		7.1369		7.0756		3748.8354	99.3221
10		6.9711		7.1369		3696.4756	99.9106
11		7.0460		7.0460		3689.8674	99.9976
12		7.0571		7.0350		3689.9497	99.9976
13		7.0425		7.0425		3686.4319	100.0376
 message: Optimization terminated successfully.
 success: True
  status: 1
     fun: 3689.867425797014
       x: [ 7.046e+00  7.046e+00]
    nfev: 13
   maxcv: 0.0
#############################################################################
Constraints and sensitivity
Relative impact of increasing array size to 9x9: 6.34%
#############################################################################
Optimization run history and convergence: 11x11 array
iter		drift spacing	wp spacing	footprint	wp peak temp
0		7.0460		7.0460		5600.5387	106.3370
1		7.0460		7.0460		5600.5387	106.3370
2		8.0460		7.0460		6354.0170	100.2420
3		7.0460		8.0460		6343.8300	100.2420
4		7.5659		7.5659		6405.6648	99.9085
5		8.2757		6.8615		6367.1371	100.0888
6		9.0068		6.1792		6263.6105	100.4524
7		9.7942		5.5628		6161.1355	100.5589
8		10.6157		4.9926		6030.8387	100.6731
9		10.3306		4.5818		5434.3493	105.2028
10		10.9039		4.8875		6070.1856	100.1396
11		10.9467		5.0049		6226.3036	99.1134
12		10.9626		4.8661		6077.4603	100.0367
13		10.9359		4.8875		6087.4045	99.9986
14		10.9457		4.8997		6106.4737	99.8676
15		10.9420		4.8826		6085.1440	100.0072
 message: Optimization terminated successfully.
 success: True
  status: 1
     fun: 6087.404473388934
       x: [ 1.094e+01  4.888e+00]
    nfev: 15
   maxcv: -0.0
#############################################################################
Constraints and sensitivity
Relative impact of increasing array size to 11x11: 4.41%
#############################################################################
Optimization run history and convergence: 9x9 array
iter		drift spacing	wp spacing	footprint	wp peak temp
0		9.6233		9.6233		6619.9238	78.3621
1		9.6233		9.6233		6619.9238	78.3621
2		10.6233		9.6233		7274.9146	75.8131
3		9.6233		10.6233		7266.7650	75.8131
4		8.9162		8.9162		5731.3895	82.5818
5		8.2303		8.1885		4907.3426	87.6013
6		7.7062		7.3368		4165.8040	93.4678
7		6.8390		6.8390		3491.3443	100.7241
8		7.2958		5.9494		3266.2648	103.5755
9		6.9501		6.8961		3571.5286	99.7456
10		7.0073		6.7849		3545.6557	100.0625
11		6.9012		6.9012		3550.4259	99.9979
12		6.9233		6.8791		3550.5747	99.9981
13		6.8901		6.8901		3539.9000	100.1258
14		6.9047		6.8976		3550.4539	99.9979
 message: Optimization terminated successfully.
 success: True
  status: 1
     fun: 3550.4258894417076
       x: [ 6.901e+00  6.901e+00]
    nfev: 14
   maxcv: 8.881784197001252e-16
#############################################################################
Constraints and sensitivity
Relative impact of increasing array size to 9x9: 6.47%
#############################################################################
Optimization run history and convergence: 11x11 array
iter		drift spacing	wp spacing	footprint	wp peak temp
0		6.9012		6.9012		5385.8322	106.4645
1		6.9012		6.9012		5385.8322	106.4645
2		7.9012		6.9012		6124.8256	100.2441
3		6.9012		7.9012		6114.6386	100.2441
4		7.4208		7.4208		6175.5352	99.9065
5		8.1306		6.7164		6136.9428	100.0908
6		8.8617		6.0342		6032.7791	100.4634
7		9.6494		5.4181		5928.2425	100.5745
8		10.4205		4.8875		5810.2953	100.6444
9		10.1370		4.4756		5224.4293	105.2638
10		10.5234		4.8166		5788.3499	100.6890
11		10.5508		4.8875		5880.3847	100.0417
12		10.5654		4.8819		5882.0496	100.0162
13		10.5598		4.8673		5863.0702	100.1484
14		10.5600		4.8875		5885.2901	100.0000
 message: Optimization terminated successfully.
 success: True
  status: 1
     fun: 5885.290055229743
       x: [ 1.056e+01  4.888e+00]
    nfev: 14
   maxcv: 4.5259902492489346e-05
#############################################################################
Constraints and sensitivity
Relative impact of increasing array size to 11x11: 4.49%
#############################################################################
Optimization run history and convergence: 9x9 array
iter		drift spacing	wp spacing	footprint	wp peak temp
0		17.7905		8.7703		10971.7720	81.5066
1		17.7905		8.7703		10971.7720	81.5066
2		18.7905		8.7703		11572.1728	80.1808
3		17.7905		9.7703		12141.3132	79.1273
4		17.3338		7.8807		9683.1234	84.6926
5		16.8679		6.9959		8447.3148	88.4657
6		16.3399		6.1466		7275.8893	92.9604
7		15.6492		5.4234		6230.5019	98.1122
8		15.4886		4.8875		5620.6259	101.6612
9		14.5601		5.2587		5651.2159	101.9412
10		16.1195		4.8875		5842.6388	100.0666
11		16.1195		4.7625		5709.8139	100.8468
12		16.2445		4.8875		5886.6263	99.7657
13		16.1472		4.8875		5852.3709	99.9996
14		16.1472		4.8719		5835.7401	100.0956
15		16.1422		4.8875		5850.6114	100.0117
 message: Optimization terminated successfully.
 success: True
  status: 1
     fun: 5852.370906681692
       x: [ 1.615e+01  4.888e+00]
    nfev: 15
   maxcv: -0.0
#############################################################################
Constraints and sensitivity
Relative impact of increasing array size to 9x9: 4.49%
#############################################################################
Optimization run history and convergence: 9x9 array
iter		drift spacing	wp spacing	footprint	wp peak temp
0		9.8095		9.8095		6864.5600	78.5361
1		9.8095		9.8095		6864.5600	78.5361
2		10.8095		9.8095		7531.4685	76.0365
3		9.8095		10.8095		7523.3189	76.0365
4		9.1024		9.1024		5959.1717	82.6670
5		8.4161		8.3751		5118.2631	87.5700
6		7.8878		7.5260		4359.5496	93.2912
7		7.0234		7.0234		3667.8582	100.2552
8		7.4417		6.1151		3411.5611	103.3562
9		7.1369		7.0756		3748.8354	99.3221
10		6.9711		7.1369		3696.4756	99.9106
11		7.0460		7.0460		3689.8674	99.9976
12		7.0571		7.0350		3689.9497	99.9976
13		7.0425		7.0425		3686.4319	100.0376
 message: Optimization terminated successfully.
 success: True
  status: 1
     fun: 3689.867425797014
       x: [ 7.046e+00  7.046e+00]
    nfev: 13
   maxcv: 0.0
#############################################################################
Constraints and sensitivity
Relative impact of increasing array size to 9x9: 6.34%
#############################################################################
Optimization run history and convergence: 11x11 array
iter		drift spacing	wp spacing	footprint	wp peak temp
0		7.0460		7.0460		5600.5387	106.3370
1		7.0460		7.0460		5600.5387	106.3370
2		8.0460		7.0460		6354.0170	100.2420
3		7.0460		8.0460		6343.8300	100.2420
4		7.5659		7.5659		6405.6648	99.9085
5		8.2757		6.8615		6367.1371	100.0888
6		9.0068		6.1792		6263.6105	100.4524
7		9.7942		5.5628		6161.1355	100.5589
8		10.6157		4.9926		6030.8387	100.6731
9		10.3306		4.5818		5434.3493	105.2028
10		10.9039		4.8875		6070.1856	100.1396
11		10.9467		5.0049		6226.3036	99.1134
12		10.9626		4.8661		6077.4603	100.0367
13		10.9359		4.8875		6087.4045	99.9986
14		10.9457		4.8997		6106.4737	99.8676
15		10.9420		4.8826		6085.1440	100.0072
 message: Optimization terminated successfully.
 success: True
  status: 1
     fun: 6087.404473388934
       x: [ 1.094e+01  4.888e+00]
    nfev: 15
   maxcv: -0.0
#############################################################################
Constraints and sensitivity
Relative impact of increasing array size to 11x11: 4.41%
#############################################################################
Optimization run history and convergence: 9x9 array
iter		drift spacing	wp spacing	footprint	wp peak temp
0		9.6233		9.6233		6619.9238	78.3621
1		9.6233		9.6233		6619.9238	78.3621
2		10.6233		9.6233		7274.9146	75.8131
3		9.6233		10.6233		7266.7650	75.8131
4		8.9162		8.9162		5731.3895	82.5818
5		8.2303		8.1885		4907.3426	87.6013
6		7.7062		7.3368		4165.8040	93.4678
7		6.8390		6.8390		3491.3443	100.7241
8		7.2958		5.9494		3266.2648	103.5755
9		6.9501		6.8961		3571.5286	99.7456
10		7.0073		6.7849		3545.6557	100.0625
11		6.9012		6.9012		3550.4259	99.9979
12		6.9233		6.8791		3550.5747	99.9981
13		6.8901		6.8901		3539.9000	100.1258
14		6.9047		6.8976		3550.4539	99.9979
 message: Optimization terminated successfully.
 success: True
  status: 1
     fun: 3550.4258894417076
       x: [ 6.901e+00  6.901e+00]
    nfev: 14
   maxcv: 8.881784197001252e-16
#############################################################################
Constraints and sensitivity
Relative impact of increasing array size to 9x9: 6.47%
#############################################################################
Optimization run history and convergence: 11x11 array
iter		drift spacing	wp spacing	footprint	wp peak temp
0		6.9012		6.9012		5385.8322	106.4645
1		6.9012		6.9012		5385.8322	106.4645
2		7.9012		6.9012		6124.8256	100.2441
3		6.9012		7.9012		6114.6386	100.2441
4		7.4208		7.4208		6175.5352	99.9065
5		8.1306		6.7164		6136.9428	100.0908
6		8.8617		6.0342		6032.7791	100.4634
7		9.6494		5.4181		5928.2425	100.5745
8		10.4205		4.8875		5810.2953	100.6444
9		10.1370		4.4756		5224.4293	105.2638
10		10.5234		4.8166		5788.3499	100.6890
11		10.5508		4.8875		5880.3847	100.0417
12		10.5654		4.8819		5882.0496	100.0162
13		10.5598		4.8673		5863.0702	100.1484
14		10.5600		4.8875		5885.2901	100.0000
 message: Optimization terminated successfully.
 success: True
  status: 1
     fun: 5885.290055229743
       x: [ 1.056e+01  4.888e+00]
    nfev: 14
   maxcv: 4.5259902492489346e-05
#############################################################################
Constraints and sensitivity
Relative impact of increasing array size to 11x11: 4.49%
#############################################################################
Optimization run history and convergence: 9x9 array
iter		drift spacing	wp spacing	footprint	wp peak temp
0		17.7905		8.7703		10971.7720	81.5066
1		17.7905		8.7703		10971.7720	81.5066
2		18.7905		8.7703		11572.1728	80.1808
3		17.7905		9.7703		12141.3132	79.1273
4		17.3338		7.8807		9683.1234	84.6926
5		16.8679		6.9959		8447.3148	88.4657
6		16.3399		6.1466		7275.8893	92.9604
7		15.6492		5.4234		6230.5019	98.1122
8		15.4886		4.8875		5620.6259	101.6612
9		14.5601		5.2587		5651.2159	101.9412
10		16.1195		4.8875		5842.6388	100.0666
11		16.1195		4.7625		5709.8139	100.8468
12		16.2445		4.8875		5886.6263	99.7657
13		16.1472		4.8875		5852.3709	99.9996
14		16.1472		4.8719		5835.7401	100.0956
15		16.1422		4.8875		5850.6114	100.0117
 message: Optimization terminated successfully.
 success: True
  status: 1
     fun: 5852.370906681692
       x: [ 1.615e+01  4.888e+00]
    nfev: 15
   maxcv: -0.0
#############################################################################
Constraints and sensitivity
Relative impact of increasing array size to 9x9: 4.49%
#############################################################################
Optimization run history and convergence: 9x9 array
iter		drift spacing	wp spacing	footprint	wp peak temp
0		9.8095		9.8095		6864.5600	78.5361
1		9.8095		9.8095		6864.5600	78.5361
2		10.8095		9.8095		7531.4685	76.0365
3		9.8095		10.8095		7523.3189	76.0365
4		9.1024		9.1024		5959.1717	82.6670
5		8.4161		8.3751		5118.2631	87.5700
6		7.8878		7.5260		4359.5496	93.2912
7		7.0234		7.0234		3667.8582	100.2552
8		7.4417		6.1151		3411.5611	103.3562
9		7.1369		7.0756		3748.8354	99.3221
10		6.9711		7.1369		3696.4756	99.9106
11		7.0460		7.0460		3689.8674	99.9976
12		7.0571		7.0350		3689.9497	99.9976
13		7.0425		7.0425		3686.4319	100.0376
 message: Optimization terminated successfully.
 success: True
  status: 1
     fun: 3689.867425797014
       x: [ 7.046e+00  7.046e+00]
    nfev: 13
   maxcv: 0.0
#############################################################################
Constraints and sensitivity
Relative impact of increasing array size to 9x9: 6.34%
#############################################################################
Optimization run history and convergence: 11x11 array
iter		drift spacing	wp spacing	footprint	wp peak temp
0		7.0460		7.0460		5600.5387	106.3370
1		7.0460		7.0460		5600.5387	106.3370
2		8.0460		7.0460		6354.0170	100.2420
3		7.0460		8.0460		6343.8300	100.2420
4		7.5659		7.5659		6405.6648	99.9085
5		8.2757		6.8615		6367.1371	100.0888
6		9.0068		6.1792		6263.6105	100.4524
7		9.7942		5.5628		6161.1355	100.5589
8		10.6157		4.9926		6030.8387	100.6731
9		10.3306		4.5818		5434.3493	105.2028
10		10.9039		4.8875		6070.1856	100.1396
11		10.9467		5.0049		6226.3036	99.1134
12		10.9626		4.8661		6077.4603	100.0367
13		10.9359		4.8875		6087.4045	99.9986
14		10.9457		4.8997		6106.4737	99.8676
15		10.9420		4.8826		6085.1440	100.0072
 message: Optimization terminated successfully.
 success: True
  status: 1
     fun: 6087.404473388934
       x: [ 1.094e+01  4.888e+00]
    nfev: 15
   maxcv: -0.0
#############################################################################
Constraints and sensitivity
Relative impact of increasing array size to 11x11: 4.41%
#############################################################################
Optimization run history and convergence: 9x9 array
iter		drift spacing	wp spacing	footprint	wp peak temp
0		9.6233		9.6233		6619.9238	78.3621
1		9.6233		9.6233		6619.9238	78.3621
2		10.6233		9.6233		7274.9146	75.8131
3		9.6233		10.6233		7266.7650	75.8131
4		8.9162		8.9162		5731.3895	82.5818
5		8.2303		8.1885		4907.3426	87.6013
6		7.7062		7.3368		4165.8040	93.4678
7		6.8390		6.8390		3491.3443	100.7241
8		7.2958		5.9494		3266.2648	103.5755
9		6.9501		6.8961		3571.5286	99.7456
10		7.0073		6.7849		3545.6557	100.0625
11		6.9012		6.9012		3550.4259	99.9979
12		6.9233		6.8791		3550.5747	99.9981
13		6.8901		6.8901		3539.9000	100.1258
14		6.9047		6.8976		3550.4539	99.9979
 message: Optimization terminated successfully.
 success: True
  status: 1
     fun: 3550.4258894417076
       x: [ 6.901e+00  6.901e+00]
    nfev: 14
   maxcv: 8.881784197001252e-16
#############################################################################
Constraints and sensitivity
Relative impact of increasing array size to 9x9: 6.47%
#############################################################################
Optimization run history and convergence: 11x11 array
iter		drift spacing	wp spacing	footprint	wp peak temp
0		6.9012		6.9012		5385.8322	106.4645
1		6.9012		6.9012		5385.8322	106.4645
2		7.9012		6.9012		6124.8256	100.2441
3		6.9012		7.9012		6114.6386	100.2441
4		7.4208		7.4208		6175.5352	99.9065
5		8.1306		6.7164		6136.9428	100.0908
6		8.8617		6.0342		6032.7791	100.4634
7		9.6494		5.4181		5928.2425	100.5745
8		10.4205		4.8875		5810.2953	100.6444
9		10.1370		4.4756		5224.4293	105.2638
10		10.5234		4.8166		5788.3499	100.6890
11		10.5508		4.8875		5880.3847	100.0417
12		10.5654		4.8819		5882.0496	100.0162
13		10.5598		4.8673		5863.0702	100.1484
14		10.5600		4.8875		5885.2901	100.0000
 message: Optimization terminated successfully.
 success: True
  status: 1
     fun: 5885.290055229743
       x: [ 1.056e+01  4.888e+00]
    nfev: 14
   maxcv: 4.5259902492489346e-05
#############################################################################
Constraints and sensitivity
Relative impact of increasing array size to 11x11: 4.49%
#############################################################################
Optimization run history and convergence: 9x9 array
iter		drift spacing	wp spacing	footprint	wp peak temp
0		9.8095		9.8095		6864.5600	78.5361
1		9.8095		9.8095		6864.5600	78.5361
2		10.8095		9.8095		7531.4685	76.0365
3		9.8095		10.8095		7523.3189	76.0365
4		9.1024		9.1024		5959.1717	82.6670
5		8.4161		8.3751		5118.2631	87.5700
6		7.8878		7.5260		4359.5496	93.2912
7		7.0234		7.0234		3667.8582	100.2552
8		7.4417		6.1151		3411.5611	103.3562
9		7.1369		7.0756		3748.8354	99.3221
10		6.9711		7.1369		3696.4756	99.9106
11		7.0460		7.0460		3689.8674	99.9976
12		7.0571		7.0350		3689.9497	99.9976
13		7.0425		7.0425		3686.4319	100.0376
 message: Optimization terminated successfully.
 success: True
  status: 1
     fun: 3689.867425797014
       x: [ 7.046e+00  7.046e+00]
    nfev: 13
   maxcv: 0.0
#############################################################################
Constraints and sensitivity
Relative impact of increasing array size to 9x9: 6.34%
#############################################################################
Optimization run history and convergence: 11x11 array
iter		drift spacing	wp spacing	footprint	wp peak temp
0		7.0460		7.0460		5600.5387	106.3370
1		7.0460		7.0460		5600.5387	106.3370
2		8.0460		7.0460		6354.0170	100.2420
3		7.0460		8.0460		6343.8300	100.2420
4		7.5659		7.5659		6405.6648	99.9085
5		8.2757		6.8615		6367.1371	100.0888
6		9.0068		6.1792		6263.6105	100.4524
7		9.7942		5.5628		6161.1355	100.5589
8		10.6157		4.9926		6030.8387	100.6731
9		10.3306		4.5818		5434.3493	105.2028
10		10.9039		4.8875		6070.1856	100.1396
11		10.9467		5.0049		6226.3036	99.1134
12		10.9626		4.8661		6077.4603	100.0367
13		10.9359		4.8875		6087.4045	99.9986
14		10.9457		4.8997		6106.4737	99.8676
15		10.9420		4.8826		6085.1440	100.0072
 message: Optimization terminated successfully.
 success: True
  status: 1
     fun: 6087.404473388934
       x: [ 1.094e+01  4.888e+00]
    nfev: 15
   maxcv: -0.0
#############################################################################
Constraints and sensitivity
Relative impact of increasing array size to 11x11: 4.41%
