#############################################################################
Optimization run history and convergence: 9x9 array
iter		drift spacing	wp spacing	footprint	wp peak temp
0		9.9532		5.0000		3699.3241	92.3725
1		9.9532		5.0000		3699.3241	92.3725
2		10.9532		5.0000		4059.3241	89.3152
3		9.9532		6.0000		4356.9817	87.5647
4		8.9532		5.0000		3339.3241	96.0517
5		7.9532		5.0000		2979.3241	100.5167
6		7.9532		4.5000		2714.4953	104.0045
7		7.1462		5.5906		2971.1320	100.9138
8		7.9532		5.1250		3045.5313	99.7129
9		8.0689		5.0000		3020.9846	99.9533
10		8.0689		4.9688		3004.2013	100.1558
11		8.0532		5.0000		3015.3596	100.0286
12		8.0532		5.0078		3019.5476	99.9782
13		8.0592		5.0000		3017.4968	100.0000
 message: Optimization terminated successfully.
 success: True
  status: 1
     fun: 3017.4967901455916
       x: [ 8.059e+00  5.000e+00]
    nfev: 13
   maxcv: -0.0
#############################################################################
Constraints and sensitivity
Relative impact of increasing array size to 9x9: 3.92%
#############################################################################
Optimization run history and convergence: 9x9 array
iter		drift spacing	wp spacing	footprint	wp peak temp
0		9.9532		5.0000		3699.3241	92.3725
1		9.9532		5.0000		3699.3241	92.3725
2		10.9532		5.0000		4059.3241	89.3152
3		9.9532		6.0000		4356.9817	87.5647
4		8.9532		5.0000		3339.3241	96.0517
5		7.9532		5.0000		2979.3241	100.5167
6		7.9532		4.5000		2714.4953	104.0045
7		7.1462		5.5906		2971.1320	100.9138
8		7.9532		5.1250		3045.5313	99.7129
9		8.0689		5.0000		3020.9846	99.9533
10		8.0689		4.9688		3004.2013	100.1558
11		8.0532		5.0000		3015.3596	100.0286
12		8.0532		5.0078		3019.5476	99.9782
13		8.0592		5.0000		3017.4968	100.0000
 message: Optimization terminated successfully.
 success: True
  status: 1
     fun: 3017.4967901455916
       x: [ 8.059e+00  5.000e+00]
    nfev: 13
   maxcv: -0.0
#############################################################################
Constraints and sensitivity
Relative impact of increasing array size to 9x9: 3.92%
#############################################################################
Optimization run history and convergence: 9x9 array
iter		drift spacing	wp spacing	footprint	wp peak temp
0		9.9532		5.0000		3699.3241	92.3725
1		9.9532		5.0000		3699.3241	92.3725
2		10.9532		5.0000		4059.3241	89.3152
3		9.9532		6.0000		4356.9817	87.5647
4		8.9532		5.0000		3339.3241	96.0517
5		7.9532		5.0000		2979.3241	100.5167
6		7.9532		4.5000		2714.4953	104.0045
7		7.1462		5.5906		2971.1320	100.9138
8		7.9532		5.1250		3045.5313	99.7129
9		8.0689		5.0000		3020.9846	99.9533
10		8.0689		4.9688		3004.2013	100.1558
11		8.0532		5.0000		3015.3596	100.0286
12		8.0532		5.0078		3019.5476	99.9782
13		8.0592		5.0000		3017.4968	100.0000
 message: Optimization terminated successfully.
 success: True
  status: 1
     fun: 3017.4967901455916
       x: [ 8.059e+00  5.000e+00]
    nfev: 13
   maxcv: -0.0
#############################################################################
Constraints and sensitivity
Relative impact of increasing array size to 9x9: 3.92%
#############################################################################
Optimization run history and convergence: 9x9 array
iter		drift spacing	wp spacing	footprint	wp peak temp
0		9.9532		5.0000		3699.3241	92.3725
1		9.9532		5.0000		3699.3241	92.3725
2		10.9532		5.0000		4059.3241	89.3152
3		9.9532		6.0000		4356.9817	87.5647
4		8.9532		5.0000		3339.3241	96.0517
5		7.9532		5.0000		2979.3241	100.5167
6		7.9532		4.5000		2714.4953	104.0045
7		7.1462		5.5906		2971.1320	100.9138
8		7.9532		5.1250		3045.5313	99.7129
9		8.0689		5.0000		3020.9846	99.9533
10		8.0689		4.9688		3004.2013	100.1558
11		8.0532		5.0000		3015.3596	100.0286
12		8.0532		5.0078		3019.5476	99.9782
13		8.0592		5.0000		3017.4968	100.0000
 message: Optimization terminated successfully.
 success: True
  status: 1
     fun: 3017.4967901455916
       x: [ 8.059e+00  5.000e+00]
    nfev: 13
   maxcv: -0.0
#############################################################################
Constraints and sensitivity
Relative impact of increasing array size to 9x9: 3.92%
#############################################################################
Optimization run history and convergence: 9x9 array
iter		drift spacing	wp spacing	footprint	wp peak temp
0		9.9532		5.0000		3699.3241	92.3725
1		9.9532		5.0000		3699.3241	92.3725
2		10.9532		5.0000		4059.3241	89.3152
3		9.9532		6.0000		4356.9817	87.5647
4		8.9532		5.0000		3339.3241	96.0517
5		7.9532		5.0000		2979.3241	100.5167
6		7.9532		4.5000		2714.4953	104.0045
7		7.1462		5.5906		2971.1320	100.9138
8		7.9532		5.1250		3045.5313	99.7129
9		8.0689		5.0000		3020.9846	99.9533
10		8.0689		4.9688		3004.2013	100.1558
11		8.0532		5.0000		3015.3596	100.0286
12		8.0532		5.0078		3019.5476	99.9782
13		8.0592		5.0000		3017.4968	100.0000
 message: Optimization terminated successfully.
 success: True
  status: 1
     fun: 3017.4967901455916
       x: [ 8.059e+00  5.000e+00]
    nfev: 13
   maxcv: -0.0
#############################################################################
Constraints and sensitivity
Relative impact of increasing array size to 9x9: 3.92%
