#############################################################################
Optimization run history and convergence: 9x9 array
iter		drift spacing	wp spacing	footprint	wp peak temp
0		11.0490		11.0490		8606.0165	90.3847
1		11.0490		11.0490		8606.0165	90.3847
2		12.0490		11.0490		9352.2514	87.7371
3		11.0490		12.0490		9344.1018	87.7371
4		10.3419		10.3419		7588.4435	94.7548
5		9.6348		9.6348		6634.8706	99.9162
6		9.2812		9.9883		6623.9893	99.9503
7		9.6233		9.6233		6619.9238	100.0075
8		9.5321		9.5378		6505.3931	100.7185
9		9.6660		9.5777		6618.2927	100.0194
10		9.6119		9.6126		6605.5529	100.0955
11		9.6286		9.6176		6619.7335	100.0089
 message: Did not converge to a solution satisfying the constraints. See `maxcv` for magnitude of violation.
 success: False
  status: 4
     fun: 6619.923782134705
       x: [ 9.623e+00  9.623e+00]
    nfev: 11
   maxcv: 0.007474917566042905
#############################################################################
Constraints and sensitivity
Relative impact of increasing array size to 9x9: 2.96%
#############################################################################
Optimization run history and convergence: 9x9 array
iter		drift spacing	wp spacing	footprint	wp peak temp
0		11.2583		11.2552		8917.1823	90.4838
1		11.2583		11.2552		8917.1823	90.4838
2		12.2583		11.2552		9676.6143	87.9063
3		11.2583		12.2552		9668.6646	87.9057
4		10.5496		10.5496		7880.7945	94.7332
5		9.8607		9.8248		6908.8450	99.7418
6		10.1231		8.8599		6429.0625	102.6806
7		9.9513		9.7387		6911.8456	99.7274
8		9.7746		9.7342		6791.8456	100.4295
9		9.8095		9.8095		6864.5600	99.9988
10		9.8140		9.7945		6857.6806	100.0396
11		9.8020		9.8073		6858.0945	100.0366
 message: Optimization terminated successfully.
 success: True
  status: 1
     fun: 6864.560021497484
       x: [ 9.810e+00  9.810e+00]
    nfev: 11
   maxcv: 0.0
#############################################################################
Constraints and sensitivity
Relative impact of increasing array size to 9x9: 2.83%
#############################################################################
Optimization run history and convergence: 9x9 array
iter		drift spacing	wp spacing	footprint	wp peak temp
0		14.4296		14.4296		14355.3540	91.8315
1		14.4296		14.4296		14355.3540	91.8315
2		15.4296		14.4296		15317.9481	90.1485
3		14.4296		15.4296		15309.7985	90.1485
4		13.7225		13.7225		13031.8030	94.5617
5		13.0295		13.0015		11772.5948	97.7577
6		12.6968		12.0585		10687.2409	101.1418
7		12.2712		12.3208		10556.2812	101.5872
8		13.5852		11.5994		10994.1705	100.1068
9		14.3167		10.9175		10919.9935	100.2909
10		14.3593		10.9663		10997.6863	100.0413
11		15.1301		10.3292		10932.2083	100.1787
12		14.6338		11.3842		11605.4142	98.1964
13		15.1117		10.3076		10897.7915	100.2867
14		14.7632		10.6716		11009.4009	99.9654
15		15.1488		10.3533		10969.4149	100.0628
16		15.5614		10.0709		10969.0496	100.0512
17		15.9806		9.7984		10968.4487	100.0406
18		16.4049		9.5338		10965.1032	100.0393
19		16.8359		9.2804		10963.9844	100.0331
20		17.2719		9.0356		10961.8383	100.0329
21		17.7143		8.8026		10963.6594	100.0244
22		18.1600		8.5760		10961.8179	100.0316
23		17.6010		8.5798		10637.4674	101.0311
24		17.2706		9.0330		10958.1227	100.0441
25		17.4938		8.9205		10966.4794	100.0169
26		17.7171		8.8080		10971.6185	100.0005
27		17.9386		8.6920		10968.3436	100.0106
28		17.8279		8.7501		10970.4776	100.0039
29		17.7727		8.7795		10971.8771	99.9997
30		17.8282		8.7508		10971.5664	100.0007
31		17.7584		8.7518		10930.8431	100.1232
32		17.7171		8.8080		10971.5662	100.0007
33		17.7449		8.7937		10971.6974	100.0003
34		17.7727		8.7795		10971.7779	100.0000
35		17.8005		8.7652		10971.7224	100.0002
36		17.7588		8.7866		10971.7578	100.0001
37		17.7816		8.7749		10971.7700	100.0000
38		17.7704		8.7750		10965.2090	100.0197
39		17.7816		8.7749		10971.7774	100.0000
40		17.7905		8.7703		10971.7720	100.0000
 message: Optimization terminated successfully.
 success: True
  status: 1
     fun: 10971.772033025569
       x: [ 1.779e+01  8.770e+00]
    nfev: 40
   maxcv: 1.7498542689509122e-05
#############################################################################
Constraints and sensitivity
Relative impact of increasing array size to 9x9: 1.55%
#############################################################################
Optimization run history and convergence: 9x9 array
iter		drift spacing	wp spacing	footprint	wp peak temp
0		11.0490		11.0490		8606.0165	90.3847
1		11.0490		11.0490		8606.0165	90.3847
2		12.0490		11.0490		9352.2514	87.7371
3		11.0490		12.0490		9344.1018	87.7371
4		10.3419		10.3419		7588.4435	94.7548
5		9.6348		9.6348		6634.8706	99.9162
6		9.2812		9.9883		6623.9893	99.9503
7		9.6233		9.6233		6619.9238	100.0075
8		9.5321		9.5378		6505.3931	100.7185
9		9.6660		9.5777		6618.2927	100.0194
10		9.6119		9.6126		6605.5529	100.0955
11		9.6286		9.6176		6619.7335	100.0089
 message: Did not converge to a solution satisfying the constraints. See `maxcv` for magnitude of violation.
 success: False
  status: 4
     fun: 6619.923782134705
       x: [ 9.623e+00  9.623e+00]
    nfev: 11
   maxcv: 0.007474917566042905
#############################################################################
Constraints and sensitivity
Relative impact of increasing array size to 9x9: 2.96%
#############################################################################
Optimization run history and convergence: 9x9 array
iter		drift spacing	wp spacing	footprint	wp peak temp
0		14.4296		14.4296		14355.3540	91.8315
1		14.4296		14.4296		14355.3540	91.8315
2		15.4296		14.4296		15317.9481	90.1485
3		14.4296		15.4296		15309.7985	90.1485
4		13.7225		13.7225		13031.8030	94.5617
5		13.0295		13.0015		11772.5948	97.7577
6		12.6968		12.0585		10687.2409	101.1418
7		12.2712		12.3208		10556.2812	101.5872
8		13.5852		11.5994		10994.1705	100.1068
9		14.3167		10.9175		10919.9935	100.2909
10		14.3593		10.9663		10997.6863	100.0413
11		15.1301		10.3292		10932.2083	100.1787
12		14.6338		11.3842		11605.4142	98.1964
13		15.1117		10.3076		10897.7915	100.2867
14		14.7632		10.6716		11009.4009	99.9654
15		15.1488		10.3533		10969.4149	100.0628
16		15.5614		10.0709		10969.0496	100.0512
17		15.9806		9.7984		10968.4487	100.0406
18		16.4049		9.5338		10965.1032	100.0393
19		16.8359		9.2804		10963.9844	100.0331
20		17.2719		9.0356		10961.8383	100.0329
21		17.7143		8.8026		10963.6594	100.0244
22		18.1600		8.5760		10961.8179	100.0316
23		17.6010		8.5798		10637.4674	101.0311
24		17.2706		9.0330		10958.1227	100.0441
25		17.4938		8.9205		10966.4794	100.0169
26		17.7171		8.8080		10971.6185	100.0005
27		17.9386		8.6920		10968.3436	100.0106
28		17.8279		8.7501		10970.4776	100.0039
29		17.7727		8.7795		10971.8771	99.9997
30		17.8282		8.7508		10971.5664	100.0007
31		17.7584		8.7518		10930.8431	100.1232
32		17.7171		8.8080		10971.5662	100.0007
33		17.7449		8.7937		10971.6974	100.0003
34		17.7727		8.7795		10971.7779	100.0000
35		17.8005		8.7652		10971.7224	100.0002
36		17.7588		8.7866		10971.7578	100.0001
37		17.7816		8.7749		10971.7700	100.0000
38		17.7704		8.7750		10965.2090	100.0197
39		17.7816		8.7749		10971.7774	100.0000
40		17.7905		8.7703		10971.7720	100.0000
 message: Optimization terminated successfully.
 success: True
  status: 1
     fun: 10971.772033025569
       x: [ 1.779e+01  8.770e+00]
    nfev: 40
   maxcv: 1.7498542689509122e-05
#############################################################################
Constraints and sensitivity
Relative impact of increasing array size to 9x9: 1.55%
#############################################################################
Optimization run history and convergence: 9x9 array
iter		drift spacing	wp spacing	footprint	wp peak temp
0		11.2583		11.2552		8917.1823	90.4838
1		11.2583		11.2552		8917.1823	90.4838
2		12.2583		11.2552		9676.6143	87.9063
3		11.2583		12.2552		9668.6646	87.9057
4		10.5496		10.5496		7880.7945	94.7332
5		9.8607		9.8248		6908.8450	99.7418
6		10.1231		8.8599		6429.0625	102.6806
7		9.9513		9.7387		6911.8456	99.7274
8		9.7746		9.7342		6791.8456	100.4295
9		9.8095		9.8095		6864.5600	99.9988
10		9.8140		9.7945		6857.6806	100.0396
11		9.8020		9.8073		6858.0945	100.0366
 message: Optimization terminated successfully.
 success: True
  status: 1
     fun: 6864.560021497484
       x: [ 9.810e+00  9.810e+00]
    nfev: 11
   maxcv: 0.0
#############################################################################
Constraints and sensitivity
Relative impact of increasing array size to 9x9: 2.83%
#############################################################################
Optimization run history and convergence: 9x9 array
iter		drift spacing	wp spacing	footprint	wp peak temp
0		11.0490		11.0490		8606.0165	90.3847
1		11.0490		11.0490		8606.0165	90.3847
2		12.0490		11.0490		9352.2514	87.7371
3		11.0490		12.0490		9344.1018	87.7371
4		10.3419		10.3419		7588.4435	94.7548
5		9.6348		9.6348		6634.8706	99.9162
6		9.2812		9.9883		6623.9893	99.9503
7		9.6233		9.6233		6619.9238	100.0075
8		9.5321		9.5378		6505.3931	100.7185
9		9.6660		9.5777		6618.2927	100.0194
10		9.6119		9.6126		6605.5529	100.0955
11		9.6286		9.6176		6619.7335	100.0089
 message: Did not converge to a solution satisfying the constraints. See `maxcv` for magnitude of violation.
 success: False
  status: 4
     fun: 6619.923782134705
       x: [ 9.623e+00  9.623e+00]
    nfev: 11
   maxcv: 0.007474917566042905
#############################################################################
Constraints and sensitivity
Relative impact of increasing array size to 9x9: 2.96%
#############################################################################
Optimization run history and convergence: 9x9 array
iter		drift spacing	wp spacing	footprint	wp peak temp
0		14.4296		14.4296		14355.3540	91.8315
1		14.4296		14.4296		14355.3540	91.8315
2		15.4296		14.4296		15317.9481	90.1485
3		14.4296		15.4296		15309.7985	90.1485
4		13.7225		13.7225		13031.8030	94.5617
5		13.0295		13.0015		11772.5948	97.7577
6		12.6968		12.0585		10687.2409	101.1418
7		12.2712		12.3208		10556.2812	101.5872
8		13.5852		11.5994		10994.1705	100.1068
9		14.3167		10.9175		10919.9935	100.2909
10		14.3593		10.9663		10997.6863	100.0413
11		15.1301		10.3292		10932.2083	100.1787
12		14.6338		11.3842		11605.4142	98.1964
13		15.1117		10.3076		10897.7915	100.2867
14		14.7632		10.6716		11009.4009	99.9654
15		15.1488		10.3533		10969.4149	100.0628
16		15.5614		10.0709		10969.0496	100.0512
17		15.9806		9.7984		10968.4487	100.0406
18		16.4049		9.5338		10965.1032	100.0393
19		16.8359		9.2804		10963.9844	100.0331
20		17.2719		9.0356		10961.8383	100.0329
21		17.7143		8.8026		10963.6594	100.0244
22		18.1600		8.5760		10961.8179	100.0316
23		17.6010		8.5798		10637.4674	101.0311
24		17.2706		9.0330		10958.1227	100.0441
25		17.4938		8.9205		10966.4794	100.0169
26		17.7171		8.8080		10971.6185	100.0005
27		17.9386		8.6920		10968.3436	100.0106
28		17.8279		8.7501		10970.4776	100.0039
29		17.7727		8.7795		10971.8771	99.9997
30		17.8282		8.7508		10971.5664	100.0007
31		17.7584		8.7518		10930.8431	100.1232
32		17.7171		8.8080		10971.5662	100.0007
33		17.7449		8.7937		10971.6974	100.0003
34		17.7727		8.7795		10971.7779	100.0000
35		17.8005		8.7652		10971.7224	100.0002
36		17.7588		8.7866		10971.7578	100.0001
37		17.7816		8.7749		10971.7700	100.0000
38		17.7704		8.7750		10965.2090	100.0197
39		17.7816		8.7749		10971.7774	100.0000
40		17.7905		8.7703		10971.7720	100.0000
 message: Optimization terminated successfully.
 success: True
  status: 1
     fun: 10971.772033025569
       x: [ 1.779e+01  8.770e+00]
    nfev: 40
   maxcv: 1.7498542689509122e-05
#############################################################################
Constraints and sensitivity
Relative impact of increasing array size to 9x9: 1.55%
#############################################################################
Optimization run history and convergence: 9x9 array
iter		drift spacing	wp spacing	footprint	wp peak temp
0		11.2583		11.2552		8917.1823	90.4838
1		11.2583		11.2552		8917.1823	90.4838
2		12.2583		11.2552		9676.6143	87.9063
3		11.2583		12.2552		9668.6646	87.9057
4		10.5496		10.5496		7880.7945	94.7332
5		9.8607		9.8248		6908.8450	99.7418
6		10.1231		8.8599		6429.0625	102.6806
7		9.9513		9.7387		6911.8456	99.7274
8		9.7746		9.7342		6791.8456	100.4295
9		9.8095		9.8095		6864.5600	99.9988
10		9.8140		9.7945		6857.6806	100.0396
11		9.8020		9.8073		6858.0945	100.0366
 message: Optimization terminated successfully.
 success: True
  status: 1
     fun: 6864.560021497484
       x: [ 9.810e+00  9.810e+00]
    nfev: 11
   maxcv: 0.0
#############################################################################
Constraints and sensitivity
Relative impact of increasing array size to 9x9: 2.83%
#############################################################################
Optimization run history and convergence: 9x9 array
iter		drift spacing	wp spacing	footprint	wp peak temp
0		11.0490		11.0490		8606.0165	90.3847
1		11.0490		11.0490		8606.0165	90.3847
2		12.0490		11.0490		9352.2514	87.7371
3		11.0490		12.0490		9344.1018	87.7371
4		10.3419		10.3419		7588.4435	94.7548
5		9.6348		9.6348		6634.8706	99.9162
6		9.2812		9.9883		6623.9893	99.9503
7		9.6233		9.6233		6619.9238	100.0075
8		9.5321		9.5378		6505.3931	100.7185
9		9.6660		9.5777		6618.2927	100.0194
10		9.6119		9.6126		6605.5529	100.0955
11		9.6286		9.6176		6619.7335	100.0089
 message: Did not converge to a solution satisfying the constraints. See `maxcv` for magnitude of violation.
 success: False
  status: 4
     fun: 6619.923782134705
       x: [ 9.623e+00  9.623e+00]
    nfev: 11
   maxcv: 0.007474917566042905
#############################################################################
Constraints and sensitivity
Relative impact of increasing array size to 9x9: 2.96%
#############################################################################
Optimization run history and convergence: 9x9 array
iter		drift spacing	wp spacing	footprint	wp peak temp
0		14.4296		14.4296		14355.3540	91.8315
1		14.4296		14.4296		14355.3540	91.8315
2		15.4296		14.4296		15317.9481	90.1485
3		14.4296		15.4296		15309.7985	90.1485
4		13.7225		13.7225		13031.8030	94.5617
5		13.0295		13.0015		11772.5948	97.7577
6		12.6968		12.0585		10687.2409	101.1418
7		12.2712		12.3208		10556.2812	101.5872
8		13.5852		11.5994		10994.1705	100.1068
9		14.3167		10.9175		10919.9935	100.2909
10		14.3593		10.9663		10997.6863	100.0413
11		15.1301		10.3292		10932.2083	100.1787
12		14.6338		11.3842		11605.4142	98.1964
13		15.1117		10.3076		10897.7915	100.2867
14		14.7632		10.6716		11009.4009	99.9654
15		15.1488		10.3533		10969.4149	100.0628
16		15.5614		10.0709		10969.0496	100.0512
17		15.9806		9.7984		10968.4487	100.0406
18		16.4049		9.5338		10965.1032	100.0393
19		16.8359		9.2804		10963.9844	100.0331
20		17.2719		9.0356		10961.8383	100.0329
21		17.7143		8.8026		10963.6594	100.0244
22		18.1600		8.5760		10961.8179	100.0316
23		17.6010		8.5798		10637.4674	101.0311
24		17.2706		9.0330		10958.1227	100.0441
25		17.4938		8.9205		10966.4794	100.0169
26		17.7171		8.8080		10971.6185	100.0005
27		17.9386		8.6920		10968.3436	100.0106
28		17.8279		8.7501		10970.4776	100.0039
29		17.7727		8.7795		10971.8771	99.9997
30		17.8282		8.7508		10971.5664	100.0007
31		17.7584		8.7518		10930.8431	100.1232
32		17.7171		8.8080		10971.5662	100.0007
33		17.7449		8.7937		10971.6974	100.0003
34		17.7727		8.7795		10971.7779	100.0000
35		17.8005		8.7652		10971.7224	100.0002
36		17.7588		8.7866		10971.7578	100.0001
37		17.7816		8.7749		10971.7700	100.0000
38		17.7704		8.7750		10965.2090	100.0197
39		17.7816		8.7749		10971.7774	100.0000
40		17.7905		8.7703		10971.7720	100.0000
 message: Optimization terminated successfully.
 success: True
  status: 1
     fun: 10971.772033025569
       x: [ 1.779e+01  8.770e+00]
    nfev: 40
   maxcv: 1.7498542689509122e-05
#############################################################################
Constraints and sensitivity
Relative impact of increasing array size to 9x9: 1.55%
#############################################################################
Optimization run history and convergence: 9x9 array
iter		drift spacing	wp spacing	footprint	wp peak temp
0		11.2583		11.2552		8917.1823	90.4838
1		11.2583		11.2552		8917.1823	90.4838
2		12.2583		11.2552		9676.6143	87.9063
3		11.2583		12.2552		9668.6646	87.9057
4		10.5496		10.5496		7880.7945	94.7332
5		9.8607		9.8248		6908.8450	99.7418
6		10.1231		8.8599		6429.0625	102.6806
7		9.9513		9.7387		6911.8456	99.7274
8		9.7746		9.7342		6791.8456	100.4295
9		9.8095		9.8095		6864.5600	99.9988
10		9.8140		9.7945		6857.6806	100.0396
11		9.8020		9.8073		6858.0945	100.0366
 message: Optimization terminated successfully.
 success: True
  status: 1
     fun: 6864.560021497484
       x: [ 9.810e+00  9.810e+00]
    nfev: 11
   maxcv: 0.0
#############################################################################
Constraints and sensitivity
Relative impact of increasing array size to 9x9: 2.83%
#############################################################################
Optimization run history and convergence: 9x9 array
iter		drift spacing	wp spacing	footprint	wp peak temp
0		11.0490		11.0490		8606.0165	90.3847
1		11.0490		11.0490		8606.0165	90.3847
2		12.0490		11.0490		9352.2514	87.7371
3		11.0490		12.0490		9344.1018	87.7371
4		10.3419		10.3419		7588.4435	94.7548
5		9.6348		9.6348		6634.8706	99.9162
6		9.2812		9.9883		6623.9893	99.9503
7		9.6233		9.6233		6619.9238	100.0075
8		9.5321		9.5378		6505.3931	100.7185
9		9.6660		9.5777		6618.2927	100.0194
10		9.6119		9.6126		6605.5529	100.0955
11		9.6286		9.6176		6619.7335	100.0089
 message: Did not converge to a solution satisfying the constraints. See `maxcv` for magnitude of violation.
 success: False
  status: 4
     fun: 6619.923782134705
       x: [ 9.623e+00  9.623e+00]
    nfev: 11
   maxcv: 0.007474917566042905
#############################################################################
Constraints and sensitivity
Relative impact of increasing array size to 9x9: 2.96%
#############################################################################
Optimization run history and convergence: 9x9 array
iter		drift spacing	wp spacing	footprint	wp peak temp
0		11.2583		11.2552		8917.1823	90.4838
1		11.2583		11.2552		8917.1823	90.4838
2		12.2583		11.2552		9676.6143	87.9063
3		11.2583		12.2552		9668.6646	87.9057
4		10.5496		10.5496		7880.7945	94.7332
5		9.8607		9.8248		6908.8450	99.7418
6		10.1231		8.8599		6429.0625	102.6806
7		9.9513		9.7387		6911.8456	99.7274
8		9.7746		9.7342		6791.8456	100.4295
9		9.8095		9.8095		6864.5600	99.9988
10		9.8140		9.7945		6857.6806	100.0396
11		9.8020		9.8073		6858.0945	100.0366
 message: Optimization terminated successfully.
 success: True
  status: 1
     fun: 6864.560021497484
       x: [ 9.810e+00  9.810e+00]
    nfev: 11
   maxcv: 0.0
#############################################################################
Constraints and sensitivity
Relative impact of increasing array size to 9x9: 2.83%
