Repository Footprint Minimization Code v.0.1 
Subpackage in the NWPY Python Package 
Written by Milos Atz 
Nuclear Waste Management Group 
University of California, Berkeley 
Output file generated: 2024-04-30 23:47:55
#############################################################################
Host rock, wasteform, and repository data 
Limit for effect of adjacent sources: 5% 
Repository type: clay repository array
Rock thermal conductivity [W/m/K]: 1.75
Rock thermal diffusivity [m^2/s]: 6.45e-07
Waste ID: snf
Package loading (units): 3.0
Waste package length [m]: 5.0
Waste package diameter [m]: 0.9199999999999999
Surface storage time [y]: 50.0
Repository ambient temperature [C]: 27.5
Waste package temperature limit [C]: 100.0
Rock wall temperature limit [C]: 100.0
#############################################################################
Optimization run history and convergence: 9x9 array
iter		drift spacing	wp spacing	footprint	wp peak temp
0		10.0000		10.0000		7019.4700	114.2250
1		10.0000		10.0000		7019.4700	114.2250
2		11.0000		10.0000		7699.4700	110.9553
3		10.0000		11.0000		7680.1260	110.9553
4		10.7071		11.7071		8705.3678	106.8957
5		11.4142		12.4142		9794.6096	103.5539
6		12.3100		12.8587		10901.5269	100.8323
7		12.8751		12.8751		11403.0570	99.7908
8		12.8606		13.3749		11812.2231	99.0446
9		13.5119		12.1040		11270.4774	100.0814
10		12.8177		12.8177		11305.1478	99.9772
11		12.8076		12.6931		11191.7827	100.2167
12		12.9857		12.6325		11291.9537	100.0119
13		12.8112		12.8112		11294.1852	99.9999
14		12.7800		12.8122		11268.1289	100.0535
15		12.8108		12.7956		11280.6458	100.0284
16		12.8062		12.8114		11290.0164	100.0085
 message: Optimization terminated successfully.
 success: True
  status: 1
     fun: 11294.185158811042
       x: [ 1.281e+01  1.281e+01]
    nfev: 16
   maxcv: 0.0
#############################################################################
Constraints and sensitivity
Relative impact of increasing array size to 9x9: 0.27%
#############################################################################
Optimization run history and convergence: 11x11 array
iter		drift spacing	wp spacing	footprint	wp peak temp
0		5.0000		5.0000		2892.0100	67.6330
1		5.0000		5.0000		2892.0100	67.6330
2		6.0000		5.0000		3442.0100	63.6691
3		5.0000		6.0000		3417.8300	63.6691
4		4.8750		5.0000		2823.2600	68.2030
5		4.8750		4.8750		2759.0950	68.7847
6		5.0000		4.9688		2875.5781	67.7738
7		4.9844		5.0000		2883.4163	67.7032
8		4.9939		4.9969		2887.0517	67.6741
 message: Optimization terminated successfully.
 success: True
  status: 1
     fun: 2892.01
       x: [ 5.000e+00  5.000e+00]
    nfev: 8
   maxcv: -0.0
#############################################################################
Constraints and sensitivity
Relative impact of increasing array size to 11x11: 4.24%
#############################################################################
Optimization run history and convergence: 11x11 array
iter		drift spacing	wp spacing	footprint	wp peak temp
0		7.7458		5.0000		4388.4704	86.6983
1		7.7458		5.0000		4388.4704	86.6983
2		8.7458		5.0000		4938.4704	83.0037
3		7.7458		6.0000		5186.3741	82.1450
4		6.7458		5.0000		3838.4704	91.1635
5		5.7458		5.0000		3288.4704	96.6460
6		5.1341		5.0000		2951.9940	100.6559
7		5.1341		4.5000		2683.6309	104.5098
8		5.2591		5.0000		3020.7440	99.7889
9		5.1403		5.1403		3030.8332	99.6297
10		5.1638		5.0810		3012.0725	99.8781
11		5.1133		5.1133		3001.1966	100.0029
12		5.1049		5.1002		2989.4414	100.1533
13		5.1068		5.1176		2999.7559	100.0193
 message: Did not converge to a solution satisfying the constraints. See `maxcv` for magnitude of violation.
 success: False
  status: 4
     fun: 3001.1966463253425
       x: [ 5.113e+00  5.113e+00]
    nfev: 13
   maxcv: 0.0028914614832871166
#############################################################################
Constraints and sensitivity
Relative impact of increasing array size to 11x11: 6.34%
#############################################################################
Optimization run history and convergence: 13x13 array
iter		drift spacing	wp spacing	footprint	wp peak temp
0		5.1133		5.1133		4226.6143	106.3430
1		5.1133		5.1133		4226.6143	106.3430
2		6.1133		5.1133		5022.9355	99.1700
3		5.1133		6.1133		4990.9195	99.1700
4		5.5555		5.5555		4944.7880	99.8041
5		5.6439		5.4671		4946.4929	99.8086
6		5.4671		5.4671		4796.7167	101.0203
7		5.5413		5.5413		4920.7887	99.9973
8		5.5523		5.5302		4921.1248	99.9974
 message: Optimization terminated successfully.
 success: True
  status: 1
     fun: 4920.788652734125
       x: [ 5.541e+00  5.541e+00]
    nfev: 8
   maxcv: 0.0
#############################################################################
Constraints and sensitivity
Relative impact of increasing array size to 13x13: 5.08%
#############################################################################
Optimization run history and convergence: 15x15 array
iter		drift spacing	wp spacing	footprint	wp peak temp
0		5.5413		5.5413		6598.7298	105.0797
1		5.5413		5.5413		6598.7298	105.0797
2		6.5413		5.5413		7754.8151	98.2513
3		5.5413		6.5413		7717.4631	98.2513
4		5.9132		5.9132		7471.9801	99.7885
5		6.0016		5.8248		7473.7503	99.7927
6		5.8248		5.8248		7259.5562	100.9824
7		5.8975		5.8975		7434.1218	99.9973
8		5.9086		5.8865		7434.5105	99.9974
9		5.8940		5.8940		7425.5877	100.0446
 message: Optimization terminated successfully.
 success: True
  status: 1
     fun: 7434.121759900365
       x: [ 5.898e+00  5.898e+00]
    nfev: 9
   maxcv: 0.0
#############################################################################
Constraints and sensitivity
Relative impact of increasing array size to 15x15: 4.00%
