#############################################################################
Optimization run history and convergence: 9x9 array
iter		drift spacing	wp spacing	footprint	wp peak temp
0		11.1312		5.1129		4206.1443	95.4766
1		11.1312		5.1129		4206.1443	95.4766
2		12.1312		5.1129		4573.3680	92.8184
3		11.1312		6.1129		4939.1940	90.6185
4		10.1375		5.0000		3765.7052	99.3320
5		10.1658		4.7516		3609.1198	100.8054
6		9.7002		5.2424		3763.7726	99.4646
7		9.9632		5.0000		3702.9573	99.9628
8		10.1327		5.1838		3886.9612	98.2492
9		10.0092		4.9576		3691.4931	100.0584
10		9.9421		4.9770		3680.2372	100.1845
11		9.9532		5.0000		3699.3241	100.0000
12		9.9532		5.0050		3702.6124	99.9689
 message: Optimization terminated successfully.
 success: True
  status: 1
     fun: 3699.324103752656
       x: [ 9.953e+00  5.000e+00]
    nfev: 12
   maxcv: 4.346499721918917e-06
#############################################################################
Constraints and sensitivity
Relative impact of increasing array size to 9x9: 2.85%
#############################################################################
Optimization run history and convergence: 9x9 array
iter		drift spacing	wp spacing	footprint	wp peak temp
0		11.1312		5.1129		4206.1443	95.4766
1		11.1312		5.1129		4206.1443	95.4766
2		12.1312		5.1129		4573.3680	92.8184
3		11.1312		6.1129		4939.1940	90.6185
4		10.1375		5.0000		3765.7052	99.3320
5		10.1658		4.7516		3609.1198	100.8054
6		9.7002		5.2424		3763.7726	99.4646
7		9.9632		5.0000		3702.9573	99.9628
8		10.1327		5.1838		3886.9612	98.2492
9		10.0092		4.9576		3691.4931	100.0584
10		9.9421		4.9770		3680.2372	100.1845
11		9.9532		5.0000		3699.3241	100.0000
12		9.9532		5.0050		3702.6124	99.9689
 message: Optimization terminated successfully.
 success: True
  status: 1
     fun: 3699.324103752656
       x: [ 9.953e+00  5.000e+00]
    nfev: 12
   maxcv: 4.346499721918917e-06
#############################################################################
Constraints and sensitivity
Relative impact of increasing array size to 9x9: 2.85%
#############################################################################
Optimization run history and convergence: 9x9 array
iter		drift spacing	wp spacing	footprint	wp peak temp
0		11.1312		5.1129		4206.1443	95.4766
1		11.1312		5.1129		4206.1443	95.4766
2		12.1312		5.1129		4573.3680	92.8184
3		11.1312		6.1129		4939.1940	90.6185
4		10.1375		5.0000		3765.7052	99.3320
5		10.1658		4.7516		3609.1198	100.8054
6		9.7002		5.2424		3763.7726	99.4646
7		9.9632		5.0000		3702.9573	99.9628
8		10.1327		5.1838		3886.9612	98.2492
9		10.0092		4.9576		3691.4931	100.0584
10		9.9421		4.9770		3680.2372	100.1845
11		9.9532		5.0000		3699.3241	100.0000
12		9.9532		5.0050		3702.6124	99.9689
 message: Optimization terminated successfully.
 success: True
  status: 1
     fun: 3699.324103752656
       x: [ 9.953e+00  5.000e+00]
    nfev: 12
   maxcv: 4.346499721918917e-06
#############################################################################
Constraints and sensitivity
Relative impact of increasing array size to 9x9: 2.85%
#############################################################################
Optimization run history and convergence: 9x9 array
iter		drift spacing	wp spacing	footprint	wp peak temp
0		11.1312		5.1129		4206.1443	95.4766
1		11.1312		5.1129		4206.1443	95.4766
2		12.1312		5.1129		4573.3680	92.8184
3		11.1312		6.1129		4939.1940	90.6185
4		10.1375		5.0000		3765.7052	99.3320
5		10.1658		4.7516		3609.1198	100.8054
6		9.7002		5.2424		3763.7726	99.4646
7		9.9632		5.0000		3702.9573	99.9628
8		10.1327		5.1838		3886.9612	98.2492
9		10.0092		4.9576		3691.4931	100.0584
10		9.9421		4.9770		3680.2372	100.1845
11		9.9532		5.0000		3699.3241	100.0000
12		9.9532		5.0050		3702.6124	99.9689
 message: Optimization terminated successfully.
 success: True
  status: 1
     fun: 3699.324103752656
       x: [ 9.953e+00  5.000e+00]
    nfev: 12
   maxcv: 4.346499721918917e-06
#############################################################################
Constraints and sensitivity
Relative impact of increasing array size to 9x9: 2.85%
#############################################################################
Optimization run history and convergence: 9x9 array
iter		drift spacing	wp spacing	footprint	wp peak temp
0		11.1312		5.1129		4206.1443	95.4766
1		11.1312		5.1129		4206.1443	95.4766
2		12.1312		5.1129		4573.3680	92.8184
3		11.1312		6.1129		4939.1940	90.6185
4		10.1375		5.0000		3765.7052	99.3320
5		10.1658		4.7516		3609.1198	100.8054
6		9.7002		5.2424		3763.7726	99.4646
7		9.9632		5.0000		3702.9573	99.9628
8		10.1327		5.1838		3886.9612	98.2492
9		10.0092		4.9576		3691.4931	100.0584
10		9.9421		4.9770		3680.2372	100.1845
11		9.9532		5.0000		3699.3241	100.0000
12		9.9532		5.0050		3702.6124	99.9689
 message: Optimization terminated successfully.
 success: True
  status: 1
     fun: 3699.324103752656
       x: [ 9.953e+00  5.000e+00]
    nfev: 12
   maxcv: 4.346499721918917e-06
#############################################################################
Constraints and sensitivity
Relative impact of increasing array size to 9x9: 2.85%
