Repository Footprint Minimization Code v.0.1 
Subpackage in the NWPY Python Package 
Written by Milos Atz 
Nuclear Waste Management Group 
University of California, Berkeley 
Output file generated: 2024-04-30 21:40:50
#############################################################################
Host rock, wasteform, and repository data 
Limit for effect of adjacent sources: 5% 
Repository type: clay repository array
Rock thermal conductivity [W/m/K]: 1.75
Rock thermal diffusivity [m^2/s]: 6.45e-07
Waste ID: snf
Package loading (units): 114.0
Waste package length [m]: 4.8875
Waste package diameter [m]: 2.2068
Surface storage time [y]: 50.0
Repository ambient temperature [C]: 27.5
Waste package temperature limit [C]: 100.0
Rock wall temperature limit [C]: 100.0
#############################################################################
Optimization run history and convergence: 9x9 array
iter		drift spacing	wp spacing	footprint	wp peak temp
0		10.0000		10.0000		7119.4128	126.8597
1		10.0000		10.0000		7119.4128	126.8597
2		11.0000		10.0000		7798.5128	122.1858
3		10.0000		11.0000		7790.3632	122.1858
4		10.7071		11.7071		8822.2478	116.2789
5		11.4142		12.4142		9918.1324	111.1680
6		12.0397		13.1945		11064.8857	106.7615
7		12.4134		14.1220		12160.7174	103.2222
8		13.2657		13.5989		12504.0584	102.2801
9		13.8476		13.8476		13261.2957	100.2640
10		14.5757		13.1621		13274.3623	100.2290
11		15.3411		12.5185		13297.2320	100.1380
12		16.1143		11.8845		13273.4435	100.1356
13		16.9063		11.2738		13227.1593	100.2101
14		15.7973		11.4978		12617.0416	101.8431
15		16.9118		11.2810		13239.3573	100.1806
16		16.5392		11.6209		13326.0752	99.9857
17		16.9368		11.3177		13299.3135	100.0360
18		17.1457		11.1804		13303.9328	100.0176
19		17.3546		11.0430		13304.5783	100.0087
20		17.5633		10.9054		13301.4581	100.0087
21		17.7734		10.7698		13297.8202	100.0101
22		17.9849		10.6367		13294.5104	100.0109
23		18.1980		10.5058		13291.4363	100.0113
24		18.4124		10.3772		13288.4757	100.0118
25		18.6281		10.2509		13285.6089	100.0125
26		18.8451		10.1267		13282.8597	100.0134
27		19.0633		10.0048		13280.2509	100.0146
28		19.2827		9.8850		13277.7874	100.0161
29		19.5033		9.7673		13275.4503	100.0181
30		19.7250		9.6517		13273.1889	100.0207
31		19.9477		9.5381		13270.9043	100.0242
32		19.8909		9.4268		13088.8142	100.4524
33		19.9508		9.5444		13281.2289	100.0002
34		20.1740		9.4319		13277.5025	100.0082
35		20.0630		9.4893		13281.5649	99.9990
36		20.0068		9.5168		13281.3292	99.9997
37		20.0628		9.4889		13280.9004	100.0005
38		19.9929		9.4888		13235.6411	100.1060
39		20.0628		9.4890		13281.1234	100.0000
40		20.1189		9.4613		13280.8335	100.0005
41		20.0909		9.4751		13281.0034	100.0002
42		20.1189		9.4614		13281.0028	100.0001
43		20.1470		9.4477		13280.9820	100.0001
44		20.1751		9.4340		13280.9674	100.0001
45		20.2032		9.4203		13280.9600	100.0001
46		20.2313		9.4067		13280.9598	100.0001
47		20.1964		9.4063		13257.9755	100.0534
48		20.2313		9.4067		13280.9611	100.0001
49		20.2173		9.4136		13281.0235	100.0000
50		20.2032		9.4204		13281.0034	100.0000
51		20.2083		9.4179		13281.0095	100.0000
52		20.2151		9.4091		13273.6640	100.0170
53		20.2263		9.4092		13281.0112	100.0000
54		20.2173		9.4136		13281.0165	100.0000
55		20.2083		9.4179		13281.0111	100.0000
 message: Optimization terminated successfully.
 success: True
  status: 1
     fun: 13281.011072730393
       x: [ 2.021e+01  9.418e+00]
    nfev: 55
   maxcv: 1.3332709116298247e-05
#############################################################################
Constraints and sensitivity
Relative impact of increasing array size to 9x9: 1.51%
#############################################################################
Optimization run history and convergence: 9x9 array
iter		drift spacing	wp spacing	footprint	wp peak temp
0		14.7315		14.7315		14940.0026	78.2324
1		14.7315		14.7315		14940.0026	78.2324
2		15.7315		14.7315		15921.9203	76.9532
3		14.7315		15.7315		15913.7707	76.9532
4		14.0244		14.0244		13589.1239	80.3896
5		13.3173		13.3173		12302.2452	82.8580
6		12.6102		12.6102		11079.3665	85.6927
7		11.9031		11.9031		9920.4878	88.9612
8		11.1960		11.1960		8825.6090	92.7465
9		10.4889		10.4889		7794.7303	97.1523
10		10.0318		10.0318		7162.4552	100.3902
11		9.6783		10.3854		7151.5739	100.4193
12		10.1202		10.1202		7282.6441	99.7377
13		10.1644		10.0760		7282.8793	99.7381
14		10.0847		10.0847		7234.2091	99.9984
15		10.0957		10.0736		7234.2914	99.9985
16		10.0792		10.0792		7226.6931	100.0392
 message: Optimization terminated successfully.
 success: True
  status: 1
     fun: 7234.209125499665
       x: [ 1.008e+01  1.008e+01]
    nfev: 16
   maxcv: 0.0
#############################################################################
Constraints and sensitivity
Relative impact of increasing array size to 9x9: 3.43%
#############################################################################
Optimization run history and convergence: 9x9 array
iter		drift spacing	wp spacing	footprint	wp peak temp
0		14.3487		14.3487		14200.7028	78.1678
1		14.3487		14.3487		14200.7028	78.1678
2		15.3487		14.3487		15158.1200	76.7818
3		14.3487		15.3487		15149.9704	76.7818
4		13.6416		13.6416		12884.4732	80.4347
5		12.9487		12.9205		11632.5881	83.0331
6		12.3561		12.1150		10457.4816	85.9893
7		12.3105		11.1161		9602.3568	88.5420
8		11.5798		10.4334		8526.8689	92.3946
9		10.9312		9.6723		7512.3749	96.8922
10		10.5846		8.7342		6619.8181	101.7630
11		9.8066		9.3625		6568.2265	102.1611
12		11.4998		8.3312		6858.0835	100.1726
13		12.2704		7.6938		6778.8161	100.3358
14		13.0882		7.1184		6713.6393	100.3369
15		13.9219		6.5662		6616.9664	100.4604
16		14.7619		6.0236		6473.3998	100.8652
17		14.4882		5.6052		5956.2401	104.0204
18		15.6830		5.6342		6461.5881	100.6540
19		16.6289		5.3098		6484.3709	100.3073
20		17.5730		4.9802		6461.2459	100.2814
21		17.7378		5.4523		7070.7202	97.1945
22		17.9716		4.8875		6494.3978	100.0625
23		17.9433		4.7657		6340.8504	100.9028
24		18.0325		4.8733		6499.0445	100.0326
25		18.0031		4.8875		6505.4555	100.0007
26		17.9895		4.8593		6467.3920	100.2061
27		18.0076		4.8853		6504.4780	100.0056
28		18.0009		4.8830		6499.3620	100.0335
 message: Did not converge to a solution satisfying the constraints. See `maxcv` for magnitude of violation.
 success: False
  status: 4
     fun: 6505.455456587332
       x: [ 1.800e+01  4.888e+00]
    nfev: 28
   maxcv: 0.000706288746769701
#############################################################################
Constraints and sensitivity
Relative impact of increasing array size to 9x9: 3.67%
#############################################################################
Optimization run history and convergence: 9x9 array
iter		drift spacing	wp spacing	footprint	wp peak temp
0		14.7315		14.7315		14940.0026	78.2324
1		14.7315		14.7315		14940.0026	78.2324
2		15.7315		14.7315		15921.9203	76.9532
3		14.7315		15.7315		15913.7707	76.9532
4		14.0244		14.0244		13589.1239	80.3896
5		13.3173		13.3173		12302.2452	82.8580
6		12.6102		12.6102		11079.3665	85.6927
7		11.9031		11.9031		9920.4878	88.9612
8		11.1960		11.1960		8825.6090	92.7465
9		10.4889		10.4889		7794.7303	97.1523
10		10.0318		10.0318		7162.4552	100.3902
11		9.6783		10.3854		7151.5739	100.4193
12		10.1202		10.1202		7282.6441	99.7377
13		10.1644		10.0760		7282.8793	99.7381
14		10.0847		10.0847		7234.2091	99.9984
15		10.0957		10.0736		7234.2914	99.9985
16		10.0792		10.0792		7226.6931	100.0392
 message: Optimization terminated successfully.
 success: True
  status: 1
     fun: 7234.209125499665
       x: [ 1.008e+01  1.008e+01]
    nfev: 16
   maxcv: 0.0
#############################################################################
Constraints and sensitivity
Relative impact of increasing array size to 9x9: 3.43%
