#############################################################################
Optimization run history and convergence: 9x9 array
iter		drift spacing	wp spacing	footprint	wp peak temp
0		7.8673		7.8673		4423.4970	88.6727
1		7.8673		7.8673		4423.4970	88.6727
2		8.8673		7.8673		4967.0042	85.8638
3		7.8673		8.8673		4944.3802	85.8638
4		7.1602		7.1602		3702.8593	93.5686
5		6.4690		6.4376		3046.7149	99.7323
6		6.6257		5.4499		2681.5807	104.3087
7		6.3455		6.4180		2982.6171	100.4431
8		6.4885		6.3141		3002.1565	100.2498
9		6.4263		6.4263		3022.6334	99.9976
10		6.4279		6.4108		3016.6947	100.0667
11		6.4108		6.4247		3014.9322	100.0826
 message: Optimization terminated successfully.
 success: True
  status: 1
     fun: 3022.6333914886677
       x: [ 6.426e+00  6.426e+00]
    nfev: 11
   maxcv: 0.0
#############################################################################
Constraints and sensitivity
Relative impact of increasing array size to 9x9: 3.47%
#############################################################################
Optimization run history and convergence: 9x9 array
iter		drift spacing	wp spacing	footprint	wp peak temp
0		5.0000		5.0000		1897.7400	49.1517
1		5.0000		5.0000		1897.7400	49.1517
2		6.0000		5.0000		2257.7400	47.3287
3		5.0000		6.0000		2235.1160	47.3287
4		4.8750		5.0000		1852.7400	49.4150
5		4.8750		4.8750		1811.5680	49.6836
6		5.0000		4.9688		1887.1970	49.2167
7		4.9844		5.0000		1892.1150	49.1842
8		4.9939		4.9969		1894.5153	49.1707
 message: Optimization terminated successfully.
 success: True
  status: 1
     fun: 1897.7399999999998
       x: [ 5.000e+00  5.000e+00]
    nfev: 8
   maxcv: -0.0
#############################################################################
Constraints and sensitivity
Relative impact of increasing array size to 9x9: 3.22%
#############################################################################
Optimization run history and convergence: 9x9 array
iter		drift spacing	wp spacing	footprint	wp peak temp
0		5.0000		5.0000		1899.5400	56.2190
1		5.0000		5.0000		1899.5400	56.2190
2		6.0000		5.0000		2259.5400	53.8725
3		5.0000		6.0000		2237.2360	53.8725
4		4.8750		5.0000		1854.5400	56.5552
5		4.8750		4.8750		1813.3280	56.8981
6		5.0000		4.9688		1888.9870	56.3021
7		4.9844		5.0000		1893.9150	56.2605
8		4.9939		4.9969		1896.3143	56.2433
 message: Optimization terminated successfully.
 success: True
  status: 1
     fun: 1899.5400000000002
       x: [ 5.000e+00  5.000e+00]
    nfev: 8
   maxcv: -0.0
#############################################################################
Constraints and sensitivity
Relative impact of increasing array size to 9x9: 4.80%
#############################################################################
Optimization run history and convergence: 9x9 array
iter		drift spacing	wp spacing	footprint	wp peak temp
0		7.8673		7.8673		4423.4970	88.6727
1		7.8673		7.8673		4423.4970	88.6727
2		8.8673		7.8673		4967.0042	85.8638
3		7.8673		8.8673		4944.3802	85.8638
4		7.1602		7.1602		3702.8593	93.5686
5		6.4690		6.4376		3046.7149	99.7323
6		6.6257		5.4499		2681.5807	104.3087
7		6.3455		6.4180		2982.6171	100.4431
8		6.4885		6.3141		3002.1565	100.2498
9		6.4263		6.4263		3022.6334	99.9976
10		6.4279		6.4108		3016.6947	100.0667
11		6.4108		6.4247		3014.9322	100.0826
 message: Optimization terminated successfully.
 success: True
  status: 1
     fun: 3022.6333914886677
       x: [ 6.426e+00  6.426e+00]
    nfev: 11
   maxcv: 0.0
#############################################################################
Constraints and sensitivity
Relative impact of increasing array size to 9x9: 3.47%
#############################################################################
Optimization run history and convergence: 9x9 array
iter		drift spacing	wp spacing	footprint	wp peak temp
0		7.8673		7.8673		4423.4970	88.6727
1		7.8673		7.8673		4423.4970	88.6727
2		8.8673		7.8673		4967.0042	85.8638
3		7.8673		8.8673		4944.3802	85.8638
4		7.1602		7.1602		3702.8593	93.5686
5		6.4690		6.4376		3046.7149	99.7323
6		6.6257		5.4499		2681.5807	104.3087
7		6.3455		6.4180		2982.6171	100.4431
8		6.4885		6.3141		3002.1565	100.2498
9		6.4263		6.4263		3022.6334	99.9976
10		6.4279		6.4108		3016.6947	100.0667
11		6.4108		6.4247		3014.9322	100.0826
 message: Optimization terminated successfully.
 success: True
  status: 1
     fun: 3022.6333914886677
       x: [ 6.426e+00  6.426e+00]
    nfev: 11
   maxcv: 0.0
#############################################################################
Constraints and sensitivity
Relative impact of increasing array size to 9x9: 3.47%
#############################################################################
Optimization run history and convergence: 9x9 array
iter		drift spacing	wp spacing	footprint	wp peak temp
0		5.0000		5.0000		1897.7400	49.1517
1		5.0000		5.0000		1897.7400	49.1517
2		6.0000		5.0000		2257.7400	47.3287
3		5.0000		6.0000		2235.1160	47.3287
4		4.8750		5.0000		1852.7400	49.4150
5		4.8750		4.8750		1811.5680	49.6836
6		5.0000		4.9688		1887.1970	49.2167
7		4.9844		5.0000		1892.1150	49.1842
8		4.9939		4.9969		1894.5153	49.1707
 message: Optimization terminated successfully.
 success: True
  status: 1
     fun: 1897.7399999999998
       x: [ 5.000e+00  5.000e+00]
    nfev: 8
   maxcv: -0.0
#############################################################################
Constraints and sensitivity
Relative impact of increasing array size to 9x9: 3.22%
#############################################################################
Optimization run history and convergence: 9x9 array
iter		drift spacing	wp spacing	footprint	wp peak temp
0		5.0000		5.0000		1899.5400	56.2190
1		5.0000		5.0000		1899.5400	56.2190
2		6.0000		5.0000		2259.5400	53.8725
3		5.0000		6.0000		2237.2360	53.8725
4		4.8750		5.0000		1854.5400	56.5552
5		4.8750		4.8750		1813.3280	56.8981
6		5.0000		4.9688		1888.9870	56.3021
7		4.9844		5.0000		1893.9150	56.2605
8		4.9939		4.9969		1896.3143	56.2433
 message: Optimization terminated successfully.
 success: True
  status: 1
     fun: 1899.5400000000002
       x: [ 5.000e+00  5.000e+00]
    nfev: 8
   maxcv: -0.0
#############################################################################
Constraints and sensitivity
Relative impact of increasing array size to 9x9: 4.80%
#############################################################################
Optimization run history and convergence: 9x9 array
iter		drift spacing	wp spacing	footprint	wp peak temp
0		7.8673		7.8673		4423.4970	88.6727
1		7.8673		7.8673		4423.4970	88.6727
2		8.8673		7.8673		4967.0042	85.8638
3		7.8673		8.8673		4944.3802	85.8638
4		7.1602		7.1602		3702.8593	93.5686
5		6.4690		6.4376		3046.7149	99.7323
6		6.6257		5.4499		2681.5807	104.3087
7		6.3455		6.4180		2982.6171	100.4431
8		6.4885		6.3141		3002.1565	100.2498
9		6.4263		6.4263		3022.6334	99.9976
10		6.4279		6.4108		3016.6947	100.0667
11		6.4108		6.4247		3014.9322	100.0826
 message: Optimization terminated successfully.
 success: True
  status: 1
     fun: 3022.6333914886677
       x: [ 6.426e+00  6.426e+00]
    nfev: 11
   maxcv: 0.0
#############################################################################
Constraints and sensitivity
Relative impact of increasing array size to 9x9: 3.47%
#############################################################################
Optimization run history and convergence: 9x9 array
iter		drift spacing	wp spacing	footprint	wp peak temp
0		5.0000		5.0000		1897.7400	49.1517
1		5.0000		5.0000		1897.7400	49.1517
2		6.0000		5.0000		2257.7400	47.3287
3		5.0000		6.0000		2235.1160	47.3287
4		4.8750		5.0000		1852.7400	49.4150
5		4.8750		4.8750		1811.5680	49.6836
6		5.0000		4.9688		1887.1970	49.2167
7		4.9844		5.0000		1892.1150	49.1842
8		4.9939		4.9969		1894.5153	49.1707
 message: Optimization terminated successfully.
 success: True
  status: 1
     fun: 1897.7399999999998
       x: [ 5.000e+00  5.000e+00]
    nfev: 8
   maxcv: -0.0
#############################################################################
Constraints and sensitivity
Relative impact of increasing array size to 9x9: 3.22%
#############################################################################
Optimization run history and convergence: 9x9 array
iter		drift spacing	wp spacing	footprint	wp peak temp
0		7.8673		7.8673		4423.4970	88.6727
1		7.8673		7.8673		4423.4970	88.6727
2		8.8673		7.8673		4967.0042	85.8638
3		7.8673		8.8673		4944.3802	85.8638
4		7.1602		7.1602		3702.8593	93.5686
5		6.4690		6.4376		3046.7149	99.7323
6		6.6257		5.4499		2681.5807	104.3087
7		6.3455		6.4180		2982.6171	100.4431
8		6.4885		6.3141		3002.1565	100.2498
9		6.4263		6.4263		3022.6334	99.9976
10		6.4279		6.4108		3016.6947	100.0667
11		6.4108		6.4247		3014.9322	100.0826
 message: Optimization terminated successfully.
 success: True
  status: 1
     fun: 3022.6333914886677
       x: [ 6.426e+00  6.426e+00]
    nfev: 11
   maxcv: 0.0
#############################################################################
Constraints and sensitivity
Relative impact of increasing array size to 9x9: 3.47%
#############################################################################
Optimization run history and convergence: 9x9 array
iter		drift spacing	wp spacing	footprint	wp peak temp
0		5.0000		5.0000		1897.7400	49.1517
1		5.0000		5.0000		1897.7400	49.1517
2		6.0000		5.0000		2257.7400	47.3287
3		5.0000		6.0000		2235.1160	47.3287
4		4.8750		5.0000		1852.7400	49.4150
5		4.8750		4.8750		1811.5680	49.6836
6		5.0000		4.9688		1887.1970	49.2167
7		4.9844		5.0000		1892.1150	49.1842
8		4.9939		4.9969		1894.5153	49.1707
 message: Optimization terminated successfully.
 success: True
  status: 1
     fun: 1897.7399999999998
       x: [ 5.000e+00  5.000e+00]
    nfev: 8
   maxcv: -0.0
#############################################################################
Constraints and sensitivity
Relative impact of increasing array size to 9x9: 3.22%
#############################################################################
Optimization run history and convergence: 9x9 array
iter		drift spacing	wp spacing	footprint	wp peak temp
0		5.0000		5.0000		1899.5400	56.2190
1		5.0000		5.0000		1899.5400	56.2190
2		6.0000		5.0000		2259.5400	53.8725
3		5.0000		6.0000		2237.2360	53.8725
4		4.8750		5.0000		1854.5400	56.5552
5		4.8750		4.8750		1813.3280	56.8981
6		5.0000		4.9688		1888.9870	56.3021
7		4.9844		5.0000		1893.9150	56.2605
8		4.9939		4.9969		1896.3143	56.2433
 message: Optimization terminated successfully.
 success: True
  status: 1
     fun: 1899.5400000000002
       x: [ 5.000e+00  5.000e+00]
    nfev: 8
   maxcv: -0.0
#############################################################################
Constraints and sensitivity
Relative impact of increasing array size to 9x9: 4.80%
#############################################################################
Optimization run history and convergence: 9x9 array
iter		drift spacing	wp spacing	footprint	wp peak temp
0		5.0000		5.0000		1899.5400	56.2190
1		5.0000		5.0000		1899.5400	56.2190
2		6.0000		5.0000		2259.5400	53.8725
3		5.0000		6.0000		2237.2360	53.8725
4		4.8750		5.0000		1854.5400	56.5552
5		4.8750		4.8750		1813.3280	56.8981
6		5.0000		4.9688		1888.9870	56.3021
7		4.9844		5.0000		1893.9150	56.2605
8		4.9939		4.9969		1896.3143	56.2433
 message: Optimization terminated successfully.
 success: True
  status: 1
     fun: 1899.5400000000002
       x: [ 5.000e+00  5.000e+00]
    nfev: 8
   maxcv: -0.0
#############################################################################
Constraints and sensitivity
Relative impact of increasing array size to 9x9: 4.80%
#############################################################################
Optimization run history and convergence: 9x9 array
iter		drift spacing	wp spacing	footprint	wp peak temp
0		7.8673		7.8673		4423.4970	88.6727
1		7.8673		7.8673		4423.4970	88.6727
2		8.8673		7.8673		4967.0042	85.8638
3		7.8673		8.8673		4944.3802	85.8638
4		7.1602		7.1602		3702.8593	93.5686
5		6.4690		6.4376		3046.7149	99.7323
6		6.6257		5.4499		2681.5807	104.3087
7		6.3455		6.4180		2982.6171	100.4431
8		6.4885		6.3141		3002.1565	100.2498
9		6.4263		6.4263		3022.6334	99.9976
10		6.4279		6.4108		3016.6947	100.0667
11		6.4108		6.4247		3014.9322	100.0826
 message: Optimization terminated successfully.
 success: True
  status: 1
     fun: 3022.6333914886677
       x: [ 6.426e+00  6.426e+00]
    nfev: 11
   maxcv: 0.0
#############################################################################
Constraints and sensitivity
Relative impact of increasing array size to 9x9: 3.47%
#############################################################################
Optimization run history and convergence: 9x9 array
iter		drift spacing	wp spacing	footprint	wp peak temp
0		5.0000		5.0000		1897.7400	49.1517
1		5.0000		5.0000		1897.7400	49.1517
2		6.0000		5.0000		2257.7400	47.3287
3		5.0000		6.0000		2235.1160	47.3287
4		4.8750		5.0000		1852.7400	49.4150
5		4.8750		4.8750		1811.5680	49.6836
6		5.0000		4.9688		1887.1970	49.2167
7		4.9844		5.0000		1892.1150	49.1842
8		4.9939		4.9969		1894.5153	49.1707
 message: Optimization terminated successfully.
 success: True
  status: 1
     fun: 1897.7399999999998
       x: [ 5.000e+00  5.000e+00]
    nfev: 8
   maxcv: -0.0
#############################################################################
Constraints and sensitivity
Relative impact of increasing array size to 9x9: 3.22%
#############################################################################
Optimization run history and convergence: 9x9 array
iter		drift spacing	wp spacing	footprint	wp peak temp
0		5.0000		5.0000		1899.5400	56.2190
1		5.0000		5.0000		1899.5400	56.2190
2		6.0000		5.0000		2259.5400	53.8725
3		5.0000		6.0000		2237.2360	53.8725
4		4.8750		5.0000		1854.5400	56.5552
5		4.8750		4.8750		1813.3280	56.8981
6		5.0000		4.9688		1888.9870	56.3021
7		4.9844		5.0000		1893.9150	56.2605
8		4.9939		4.9969		1896.3143	56.2433
 message: Optimization terminated successfully.
 success: True
  status: 1
     fun: 1899.5400000000002
       x: [ 5.000e+00  5.000e+00]
    nfev: 8
   maxcv: -0.0
#############################################################################
Constraints and sensitivity
Relative impact of increasing array size to 9x9: 4.80%
