#############################################################################
Optimization run history and convergence: 9x9 array
iter		drift spacing	wp spacing	footprint	wp peak temp
0		16.9771		16.9771		19483.1836	84.8080
1		16.9771		16.9771		19483.1836	84.8080
2		17.9771		16.9771		20609.7163	84.1258
3		16.9771		17.9771		20590.0523	84.1258
4		16.2700		16.2700		17935.9304	85.9209
5		15.5712		15.5546		16452.9346	87.2828
6		14.9535		14.7682		15044.7060	88.8255
7		14.6892		13.8038		13857.9992	90.4403
8		13.9269		13.1566		12564.0153	92.5073
9		13.2779		12.3958		11329.6093	94.8739
10		12.9922		11.4374		10275.2225	97.2895
11		12.2381		10.7806		9165.2996	100.3498
12		12.9028		10.0335		9018.3391	100.7569
13		11.5596		11.5152		9228.4480	100.1471
14		11.7433		11.6849		9502.0743	99.3445
15		11.6445		11.4234		9224.0435	100.1649
16		11.5697		11.5697		9277.6948	99.9983
17		11.5390		11.5754		9258.0171	100.0560
18		11.5683		11.5620		9270.7434	100.0192
19		11.5648		11.5706		9274.5479	100.0075
 message: Optimization terminated successfully.
 success: True
  status: 1
     fun: 9277.694823277618
       x: [ 1.157e+01  1.157e+01]
    nfev: 19
   maxcv: 0.0
#############################################################################
Constraints and sensitivity
Relative impact of increasing array size to 9x9: 2.69%
#############################################################################
Optimization run history and convergence: 9x9 array
iter		drift spacing	wp spacing	footprint	wp peak temp
0		16.9771		16.9771		19483.1836	84.8080
1		16.9771		16.9771		19483.1836	84.8080
2		17.9771		16.9771		20609.7163	84.1258
3		16.9771		17.9771		20590.0523	84.1258
4		16.2700		16.2700		17935.9304	85.9209
5		15.5712		15.5546		16452.9346	87.2828
6		14.9535		14.7682		15044.7060	88.8255
7		14.6892		13.8038		13857.9992	90.4403
8		13.9269		13.1566		12564.0153	92.5073
9		13.2779		12.3958		11329.6093	94.8739
10		12.9922		11.4374		10275.2225	97.2895
11		12.2381		10.7806		9165.2996	100.3498
12		12.9028		10.0335		9018.3391	100.7569
13		11.5596		11.5152		9228.4480	100.1471
14		11.7433		11.6849		9502.0743	99.3445
15		11.6445		11.4234		9224.0435	100.1649
16		11.5697		11.5697		9277.6948	99.9983
17		11.5390		11.5754		9258.0171	100.0560
18		11.5683		11.5620		9270.7434	100.0192
19		11.5648		11.5706		9274.5479	100.0075
 message: Optimization terminated successfully.
 success: True
  status: 1
     fun: 9277.694823277618
       x: [ 1.157e+01  1.157e+01]
    nfev: 19
   maxcv: 0.0
#############################################################################
Constraints and sensitivity
Relative impact of increasing array size to 9x9: 2.69%
#############################################################################
Optimization run history and convergence: 9x9 array
iter		drift spacing	wp spacing	footprint	wp peak temp
0		16.9771		16.9771		19483.1836	84.8080
1		16.9771		16.9771		19483.1836	84.8080
2		17.9771		16.9771		20609.7163	84.1258
3		16.9771		17.9771		20590.0523	84.1258
4		16.2700		16.2700		17935.9304	85.9209
5		15.5712		15.5546		16452.9346	87.2828
6		14.9535		14.7682		15044.7060	88.8255
7		14.6892		13.8038		13857.9992	90.4403
8		13.9269		13.1566		12564.0153	92.5073
9		13.2779		12.3958		11329.6093	94.8739
10		12.9922		11.4374		10275.2225	97.2895
11		12.2381		10.7806		9165.2996	100.3498
12		12.9028		10.0335		9018.3391	100.7569
13		11.5596		11.5152		9228.4480	100.1471
14		11.7433		11.6849		9502.0743	99.3445
15		11.6445		11.4234		9224.0435	100.1649
16		11.5697		11.5697		9277.6948	99.9983
17		11.5390		11.5754		9258.0171	100.0560
18		11.5683		11.5620		9270.7434	100.0192
19		11.5648		11.5706		9274.5479	100.0075
 message: Optimization terminated successfully.
 success: True
  status: 1
     fun: 9277.694823277618
       x: [ 1.157e+01  1.157e+01]
    nfev: 19
   maxcv: 0.0
#############################################################################
Constraints and sensitivity
Relative impact of increasing array size to 9x9: 2.69%
#############################################################################
Optimization run history and convergence: 9x9 array
iter		drift spacing	wp spacing	footprint	wp peak temp
0		16.9771		16.9771		19483.1836	84.8080
1		16.9771		16.9771		19483.1836	84.8080
2		17.9771		16.9771		20609.7163	84.1258
3		16.9771		17.9771		20590.0523	84.1258
4		16.2700		16.2700		17935.9304	85.9209
5		15.5712		15.5546		16452.9346	87.2828
6		14.9535		14.7682		15044.7060	88.8255
7		14.6892		13.8038		13857.9992	90.4403
8		13.9269		13.1566		12564.0153	92.5073
9		13.2779		12.3958		11329.6093	94.8739
10		12.9922		11.4374		10275.2225	97.2895
11		12.2381		10.7806		9165.2996	100.3498
12		12.9028		10.0335		9018.3391	100.7569
13		11.5596		11.5152		9228.4480	100.1471
14		11.7433		11.6849		9502.0743	99.3445
15		11.6445		11.4234		9224.0435	100.1649
16		11.5697		11.5697		9277.6948	99.9983
17		11.5390		11.5754		9258.0171	100.0560
18		11.5683		11.5620		9270.7434	100.0192
19		11.5648		11.5706		9274.5479	100.0075
 message: Optimization terminated successfully.
 success: True
  status: 1
     fun: 9277.694823277618
       x: [ 1.157e+01  1.157e+01]
    nfev: 19
   maxcv: 0.0
#############################################################################
Constraints and sensitivity
Relative impact of increasing array size to 9x9: 2.69%
#############################################################################
Optimization run history and convergence: 9x9 array
iter		drift spacing	wp spacing	footprint	wp peak temp
0		16.9771		16.9771		19483.1836	84.8080
1		16.9771		16.9771		19483.1836	84.8080
2		17.9771		16.9771		20609.7163	84.1258
3		16.9771		17.9771		20590.0523	84.1258
4		16.2700		16.2700		17935.9304	85.9209
5		15.5712		15.5546		16452.9346	87.2828
6		14.9535		14.7682		15044.7060	88.8255
7		14.6892		13.8038		13857.9992	90.4403
8		13.9269		13.1566		12564.0153	92.5073
9		13.2779		12.3958		11329.6093	94.8739
10		12.9922		11.4374		10275.2225	97.2895
11		12.2381		10.7806		9165.2996	100.3498
12		12.9028		10.0335		9018.3391	100.7569
13		11.5596		11.5152		9228.4480	100.1471
14		11.7433		11.6849		9502.0743	99.3445
15		11.6445		11.4234		9224.0435	100.1649
16		11.5697		11.5697		9277.6948	99.9983
17		11.5390		11.5754		9258.0171	100.0560
18		11.5683		11.5620		9270.7434	100.0192
19		11.5648		11.5706		9274.5479	100.0075
 message: Optimization terminated successfully.
 success: True
  status: 1
     fun: 9277.694823277618
       x: [ 1.157e+01  1.157e+01]
    nfev: 19
   maxcv: 0.0
#############################################################################
Constraints and sensitivity
Relative impact of increasing array size to 9x9: 2.69%
