Repository Footprint Minimization Code v.0.1 
Subpackage in the NWPY Python Package 
Written by Milos Atz 
Nuclear Waste Management Group 
University of California, Berkeley 
Output file generated: 2024-05-01 08:05:59
#############################################################################
Host rock, wasteform, and repository data 
Limit for effect of adjacent sources: 5% 
Repository type: clay repository array
Rock thermal conductivity [W/m/K]: 1.75
Rock thermal diffusivity [m^2/s]: 6.45e-07
Waste ID: snf
Package loading (units): 1.0
Waste package length [m]: 5.0
Waste package diameter [m]: 0.55
Surface storage time [y]: 3.0
Repository ambient temperature [C]: 27.5
Waste package temperature limit [C]: 100.0
Rock wall temperature limit [C]: 100.0
#############################################################################
Optimization run history and convergence: 9x9 array
iter		drift spacing	wp spacing	footprint	wp peak temp
0		10.0000		10.0000		6988.0200	46.8257
1		10.0000		10.0000		6988.0200	46.8257
2		11.0000		10.0000		7668.0200	46.2369
3		10.0000		11.0000		7645.7160	46.2369
4		9.2929		9.2929		6074.1261	47.8564
5		8.5985		8.5733		5224.6310	49.1052
6		8.0530		7.7352		4456.7221	50.5917
7		7.2051		7.2051		3749.2047	52.3982
8		6.6311		6.3862		3099.5537	54.6679
9		5.8122		5.8122		2508.4419	57.5252
10		5.2289		5.0000		1981.9310	61.3076
11		4.8773		5.3556		1972.6670	61.3089
12		5.0000		5.0000		1899.5400	62.0308
13		5.0000		4.9375		1878.4340	62.2359
14		4.9688		5.0000		1888.2900	62.1329
15		4.9813		4.9906		1889.6354	62.1226
16		5.0022		4.9955		1898.8341	62.0381
 message: Optimization terminated successfully.
 success: True
  status: 1
     fun: 1899.5400000000002
       x: [ 5.000e+00  5.000e+00]
    nfev: 16
   maxcv: -0.0
#############################################################################
Constraints and sensitivity
Relative impact of increasing array size to 9x9: 4.75%
