Repository Footprint Minimization Code v.0.1 
Subpackage in the NWPY Python Package 
Written by Milos Atz 
Nuclear Waste Management Group 
University of California, Berkeley 
Output file generated: 2024-04-30 21:31:22
#############################################################################
Host rock, wasteform, and repository data 
Limit for effect of adjacent sources: 5% 
Repository type: clay repository array
Rock thermal conductivity [W/m/K]: 1.75
Rock thermal diffusivity [m^2/s]: 6.45e-07
Waste ID: snf
Package loading (units): 78.0
Waste package length [m]: 4.8875
Waste package diameter [m]: 2.2068
Surface storage time [y]: 10.0
Repository ambient temperature [C]: 27.5
Waste package temperature limit [C]: 100.0
Rock wall temperature limit [C]: 100.0
#############################################################################
Optimization run history and convergence: 9x9 array
iter		drift spacing	wp spacing	footprint	wp peak temp
0		10.0000		10.0000		7119.4128	129.8976
1		10.0000		10.0000		7119.4128	129.8976
2		11.0000		10.0000		7798.5128	124.9530
3		10.0000		11.0000		7790.3632	124.9530
4		10.7071		11.7071		8822.2478	118.7612
5		11.4142		12.4142		9918.1324	113.4837
6		12.0301		13.2020		11062.5011	109.0130
7		12.3496		14.1496		12123.1977	105.5793
8		13.3480		14.2058		13116.0612	102.8743
9		14.3343		14.3343		14173.2764	100.3925
10		14.2697		14.8301		14579.6128	99.5257
11		15.0963		13.6867		14256.3965	100.2268
12		14.4346		14.4346		14364.9728	99.9795
13		14.0601		14.1033		13695.9989	101.4698
14		14.5174		14.3410		14354.8499	100.0026
15		14.4298		14.4298		14355.6821	99.9993
16		14.3853		14.3858		14271.0836	100.1804
17		14.4407		14.4186		14355.6324	99.9996
18		14.4296		14.4296		14355.3540	100.0000
19		14.4241		14.4240		14344.7666	100.0226
 message: Optimization terminated successfully.
 success: True
  status: 1
     fun: 14355.354039900669
       x: [ 1.443e+01  1.443e+01]
    nfev: 19
   maxcv: 0.0
#############################################################################
Constraints and sensitivity
Relative impact of increasing array size to 9x9: 0.37%
#############################################################################
Optimization run history and convergence: 9x9 array
iter		drift spacing	wp spacing	footprint	wp peak temp
0		12.3102		12.3102		10579.8523	93.9921
1		12.3102		12.3102		10579.8523	93.9921
2		13.3102		12.3102		11406.8044	91.6711
3		12.3102		13.3102		11398.6548	91.6711
4		11.6031		11.6031		9448.1279	97.8760
5		11.6639		10.6049		8719.6333	100.8669
6		11.2164		11.2164		8856.2939	100.2694
7		11.1280		11.3048		8855.0736	100.2711
8		11.2599		11.2599		8921.9626	99.9896
9		11.4349		11.0814		8918.7646	100.0075
10		11.2499		11.2303		8892.1018	100.1167
11		11.2303		11.2700		8907.0269	100.0522
12		11.2552		11.2615		8919.5755	99.9996
13		11.2583		11.2552		8917.1823	100.0099
 message: Did not converge to a solution satisfying the constraints. See `maxcv` for magnitude of violation.
 success: False
  status: 4
     fun: 8917.18232620305
       x: [ 1.126e+01  1.126e+01]
    nfev: 13
   maxcv: 0.009875214955769707
#############################################################################
Constraints and sensitivity
Relative impact of increasing array size to 9x9: 1.45%
#############################################################################
Optimization run history and convergence: 9x9 array
iter		drift spacing	wp spacing	footprint	wp peak temp
0		12.0807		12.0807		10205.5560	93.9197
1		12.0807		12.0807		10205.5560	93.9197
2		13.0807		12.0807		11017.8214	91.5098
3		12.0807		13.0807		11009.6718	91.5098
4		11.3736		11.3736		9094.6017	97.9287
5		11.4738		10.3786		8410.0084	100.8794
6		11.0083		11.0083		8545.6939	100.2598
7		10.9199		11.0967		8544.4736	100.2615
8		11.0490		11.0490		8606.0165	99.9904
9		11.2241		10.8706		8603.0589	100.0080
10		11.0382		11.0197		8576.3211	100.1229
11		11.0197		11.0598		8592.1110	100.0514
12		11.0443		11.0507		8603.7943	100.0002
13		11.0473		11.0443		8601.2625	100.0116
 message: Optimization terminated successfully.
 success: True
  status: 1
     fun: 8606.016461398589
       x: [ 1.105e+01  1.105e+01]
    nfev: 13
   maxcv: 1.7763568394002505e-15
#############################################################################
Constraints and sensitivity
Relative impact of increasing array size to 9x9: 1.57%
#############################################################################
Optimization run history and convergence: 9x9 array
iter		drift spacing	wp spacing	footprint	wp peak temp
0		12.3102		12.3102		10579.8523	93.9921
1		12.3102		12.3102		10579.8523	93.9921
2		13.3102		12.3102		11406.8044	91.6711
3		12.3102		13.3102		11398.6548	91.6711
4		11.6031		11.6031		9448.1279	97.8760
5		11.6639		10.6049		8719.6333	100.8669
6		11.2164		11.2164		8856.2939	100.2694
7		11.1280		11.3048		8855.0736	100.2711
8		11.2599		11.2599		8921.9626	99.9896
9		11.4349		11.0814		8918.7646	100.0075
10		11.2499		11.2303		8892.1018	100.1167
11		11.2303		11.2700		8907.0269	100.0522
12		11.2552		11.2615		8919.5755	99.9996
13		11.2583		11.2552		8917.1823	100.0099
 message: Did not converge to a solution satisfying the constraints. See `maxcv` for magnitude of violation.
 success: False
  status: 4
     fun: 8917.18232620305
       x: [ 1.126e+01  1.126e+01]
    nfev: 13
   maxcv: 0.009875214955769707
#############################################################################
Constraints and sensitivity
Relative impact of increasing array size to 9x9: 1.45%
