#############################################################################
Optimization run history and convergence: 9x9 array
iter		drift spacing	wp spacing	footprint	wp peak temp
0		4.8875		4.8875		1831.9474	41.2839
1		4.8875		4.8875		1831.9474	41.2839
2		5.8875		4.8875		2183.8474	40.0193
3		4.8875		5.8875		2165.1234	40.0193
4		4.7625		4.8875		1787.9599	41.4658
5		4.7625		4.7625		1747.3129	41.6514
6		4.8875		4.8563		1821.5357	41.3288
7		4.8719		4.8875		1826.4490	41.3063
8		4.8814		4.8844		1828.7849	41.2970
 message: Optimization terminated successfully.
 success: True
  status: 1
     fun: 1831.9474125000002
       x: [ 4.888e+00  4.888e+00]
    nfev: 8
   maxcv: -0.0
#############################################################################
Constraints and sensitivity
Relative impact of increasing array size to 9x9: 3.11%
#############################################################################
Optimization run history and convergence: 9x9 array
iter		drift spacing	wp spacing	footprint	wp peak temp
0		4.8875		4.8875		1831.9474	41.5533
1		4.8875		4.8875		1831.9474	41.5533
2		5.8875		4.8875		2183.8474	40.2639
3		4.8875		5.8875		2165.1234	40.2639
4		4.7625		4.8875		1787.9599	41.7387
5		4.7625		4.7625		1747.3129	41.9280
6		4.8875		4.8563		1821.5357	41.5990
7		4.8719		4.8875		1826.4490	41.5761
8		4.8814		4.8844		1828.7849	41.5666
 message: Optimization terminated successfully.
 success: True
  status: 1
     fun: 1831.9474125000002
       x: [ 4.888e+00  4.888e+00]
    nfev: 8
   maxcv: -0.0
#############################################################################
Constraints and sensitivity
Relative impact of increasing array size to 9x9: 3.16%
#############################################################################
Optimization run history and convergence: 9x9 array
iter		drift spacing	wp spacing	footprint	wp peak temp
0		4.8875		4.8875		1831.9474	45.2494
1		4.8875		4.8875		1831.9474	45.2494
2		5.8875		4.8875		2183.8474	43.6630
3		4.8875		5.8875		2165.1234	43.6630
4		4.7625		4.8875		1787.9599	45.4767
5		4.7625		4.7625		1747.3129	45.7087
6		4.8875		4.8563		1821.5357	45.3055
7		4.8719		4.8875		1826.4490	45.2774
8		4.8814		4.8844		1828.7849	45.2658
 message: Optimization terminated successfully.
 success: True
  status: 1
     fun: 1831.9474125000002
       x: [ 4.888e+00  4.888e+00]
    nfev: 8
   maxcv: -0.0
#############################################################################
Constraints and sensitivity
Relative impact of increasing array size to 9x9: 3.80%
#############################################################################
Optimization run history and convergence: 9x9 array
iter		drift spacing	wp spacing	footprint	wp peak temp
0		4.8875		4.8875		1831.9474	41.2839
1		4.8875		4.8875		1831.9474	41.2839
2		5.8875		4.8875		2183.8474	40.0193
3		4.8875		5.8875		2165.1234	40.0193
4		4.7625		4.8875		1787.9599	41.4658
5		4.7625		4.7625		1747.3129	41.6514
6		4.8875		4.8563		1821.5357	41.3288
7		4.8719		4.8875		1826.4490	41.3063
8		4.8814		4.8844		1828.7849	41.2970
 message: Optimization terminated successfully.
 success: True
  status: 1
     fun: 1831.9474125000002
       x: [ 4.888e+00  4.888e+00]
    nfev: 8
   maxcv: -0.0
#############################################################################
Constraints and sensitivity
Relative impact of increasing array size to 9x9: 3.11%
#############################################################################
Optimization run history and convergence: 9x9 array
iter		drift spacing	wp spacing	footprint	wp peak temp
0		4.8875		4.8875		1831.9474	45.2494
1		4.8875		4.8875		1831.9474	45.2494
2		5.8875		4.8875		2183.8474	43.6630
3		4.8875		5.8875		2165.1234	43.6630
4		4.7625		4.8875		1787.9599	45.4767
5		4.7625		4.7625		1747.3129	45.7087
6		4.8875		4.8563		1821.5357	45.3055
7		4.8719		4.8875		1826.4490	45.2774
8		4.8814		4.8844		1828.7849	45.2658
 message: Optimization terminated successfully.
 success: True
  status: 1
     fun: 1831.9474125000002
       x: [ 4.888e+00  4.888e+00]
    nfev: 8
   maxcv: -0.0
#############################################################################
Constraints and sensitivity
Relative impact of increasing array size to 9x9: 3.80%
#############################################################################
Optimization run history and convergence: 9x9 array
iter		drift spacing	wp spacing	footprint	wp peak temp
0		4.8875		4.8875		1831.9474	41.5533
1		4.8875		4.8875		1831.9474	41.5533
2		5.8875		4.8875		2183.8474	40.2639
3		4.8875		5.8875		2165.1234	40.2639
4		4.7625		4.8875		1787.9599	41.7387
5		4.7625		4.7625		1747.3129	41.9280
6		4.8875		4.8563		1821.5357	41.5990
7		4.8719		4.8875		1826.4490	41.5761
8		4.8814		4.8844		1828.7849	41.5666
 message: Optimization terminated successfully.
 success: True
  status: 1
     fun: 1831.9474125000002
       x: [ 4.888e+00  4.888e+00]
    nfev: 8
   maxcv: -0.0
#############################################################################
Constraints and sensitivity
Relative impact of increasing array size to 9x9: 3.16%
#############################################################################
Optimization run history and convergence: 9x9 array
iter		drift spacing	wp spacing	footprint	wp peak temp
0		4.8875		4.8875		1831.9474	41.2839
1		4.8875		4.8875		1831.9474	41.2839
2		5.8875		4.8875		2183.8474	40.0193
3		4.8875		5.8875		2165.1234	40.0193
4		4.7625		4.8875		1787.9599	41.4658
5		4.7625		4.7625		1747.3129	41.6514
6		4.8875		4.8563		1821.5357	41.3288
7		4.8719		4.8875		1826.4490	41.3063
8		4.8814		4.8844		1828.7849	41.2970
 message: Optimization terminated successfully.
 success: True
  status: 1
     fun: 1831.9474125000002
       x: [ 4.888e+00  4.888e+00]
    nfev: 8
   maxcv: -0.0
#############################################################################
Constraints and sensitivity
Relative impact of increasing array size to 9x9: 3.11%
#############################################################################
Optimization run history and convergence: 9x9 array
iter		drift spacing	wp spacing	footprint	wp peak temp
0		4.8875		4.8875		1831.9474	45.2494
1		4.8875		4.8875		1831.9474	45.2494
2		5.8875		4.8875		2183.8474	43.6630
3		4.8875		5.8875		2165.1234	43.6630
4		4.7625		4.8875		1787.9599	45.4767
5		4.7625		4.7625		1747.3129	45.7087
6		4.8875		4.8563		1821.5357	45.3055
7		4.8719		4.8875		1826.4490	45.2774
8		4.8814		4.8844		1828.7849	45.2658
 message: Optimization terminated successfully.
 success: True
  status: 1
     fun: 1831.9474125000002
       x: [ 4.888e+00  4.888e+00]
    nfev: 8
   maxcv: -0.0
#############################################################################
Constraints and sensitivity
Relative impact of increasing array size to 9x9: 3.80%
#############################################################################
Optimization run history and convergence: 9x9 array
iter		drift spacing	wp spacing	footprint	wp peak temp
0		4.8875		4.8875		1831.9474	41.5533
1		4.8875		4.8875		1831.9474	41.5533
2		5.8875		4.8875		2183.8474	40.2639
3		4.8875		5.8875		2165.1234	40.2639
4		4.7625		4.8875		1787.9599	41.7387
5		4.7625		4.7625		1747.3129	41.9280
6		4.8875		4.8563		1821.5357	41.5990
7		4.8719		4.8875		1826.4490	41.5761
8		4.8814		4.8844		1828.7849	41.5666
 message: Optimization terminated successfully.
 success: True
  status: 1
     fun: 1831.9474125000002
       x: [ 4.888e+00  4.888e+00]
    nfev: 8
   maxcv: -0.0
#############################################################################
Constraints and sensitivity
Relative impact of increasing array size to 9x9: 3.16%
#############################################################################
Optimization run history and convergence: 9x9 array
iter		drift spacing	wp spacing	footprint	wp peak temp
0		4.8875		4.8875		1831.9474	41.2839
1		4.8875		4.8875		1831.9474	41.2839
2		5.8875		4.8875		2183.8474	40.0193
3		4.8875		5.8875		2165.1234	40.0193
4		4.7625		4.8875		1787.9599	41.4658
5		4.7625		4.7625		1747.3129	41.6514
6		4.8875		4.8563		1821.5357	41.3288
7		4.8719		4.8875		1826.4490	41.3063
8		4.8814		4.8844		1828.7849	41.2970
 message: Optimization terminated successfully.
 success: True
  status: 1
     fun: 1831.9474125000002
       x: [ 4.888e+00  4.888e+00]
    nfev: 8
   maxcv: -0.0
#############################################################################
Constraints and sensitivity
Relative impact of increasing array size to 9x9: 3.11%
#############################################################################
Optimization run history and convergence: 9x9 array
iter		drift spacing	wp spacing	footprint	wp peak temp
0		4.8875		4.8875		1831.9474	45.2494
1		4.8875		4.8875		1831.9474	45.2494
2		5.8875		4.8875		2183.8474	43.6630
3		4.8875		5.8875		2165.1234	43.6630
4		4.7625		4.8875		1787.9599	45.4767
5		4.7625		4.7625		1747.3129	45.7087
6		4.8875		4.8563		1821.5357	45.3055
7		4.8719		4.8875		1826.4490	45.2774
8		4.8814		4.8844		1828.7849	45.2658
 message: Optimization terminated successfully.
 success: True
  status: 1
     fun: 1831.9474125000002
       x: [ 4.888e+00  4.888e+00]
    nfev: 8
   maxcv: -0.0
#############################################################################
Constraints and sensitivity
Relative impact of increasing array size to 9x9: 3.80%
#############################################################################
Optimization run history and convergence: 9x9 array
iter		drift spacing	wp spacing	footprint	wp peak temp
0		4.8875		4.8875		1831.9474	41.5533
1		4.8875		4.8875		1831.9474	41.5533
2		5.8875		4.8875		2183.8474	40.2639
3		4.8875		5.8875		2165.1234	40.2639
4		4.7625		4.8875		1787.9599	41.7387
5		4.7625		4.7625		1747.3129	41.9280
6		4.8875		4.8563		1821.5357	41.5990
7		4.8719		4.8875		1826.4490	41.5761
8		4.8814		4.8844		1828.7849	41.5666
 message: Optimization terminated successfully.
 success: True
  status: 1
     fun: 1831.9474125000002
       x: [ 4.888e+00  4.888e+00]
    nfev: 8
   maxcv: -0.0
#############################################################################
Constraints and sensitivity
Relative impact of increasing array size to 9x9: 3.16%
#############################################################################
Optimization run history and convergence: 9x9 array
iter		drift spacing	wp spacing	footprint	wp peak temp
0		4.8875		4.8875		1831.9474	41.2839
1		4.8875		4.8875		1831.9474	41.2839
2		5.8875		4.8875		2183.8474	40.0193
3		4.8875		5.8875		2165.1234	40.0193
4		4.7625		4.8875		1787.9599	41.4658
5		4.7625		4.7625		1747.3129	41.6514
6		4.8875		4.8563		1821.5357	41.3288
7		4.8719		4.8875		1826.4490	41.3063
8		4.8814		4.8844		1828.7849	41.2970
 message: Optimization terminated successfully.
 success: True
  status: 1
     fun: 1831.9474125000002
       x: [ 4.888e+00  4.888e+00]
    nfev: 8
   maxcv: -0.0
#############################################################################
Constraints and sensitivity
Relative impact of increasing array size to 9x9: 3.11%
#############################################################################
Optimization run history and convergence: 11x11 array
iter		drift spacing	wp spacing	footprint	wp peak temp
0		4.8875		4.8875		2764.5753	75.4891
1		4.8875		4.8875		2764.5753	75.4891
2		5.8875		4.8875		3302.2003	70.8287
3		4.8875		5.8875		3278.7953	70.8287
4		4.7625		4.8875		2697.3722	76.1798
5		4.7625		4.7625		2634.6572	76.8849
6		4.8875		4.8563		2748.5059	75.6596
7		4.8719		4.8875		2756.1749	75.5742
8		4.8814		4.8844		2759.7279	75.5389
 message: Optimization terminated successfully.
 success: True
  status: 1
     fun: 2764.575275
       x: [ 4.888e+00  4.888e+00]
    nfev: 8
   maxcv: -0.0
#############################################################################
Constraints and sensitivity
Relative impact of increasing array size to 11x11: 4.95%
#############################################################################
Optimization run history and convergence: 9x9 array
iter		drift spacing	wp spacing	footprint	wp peak temp
0		4.8875		4.8875		1831.9474	41.5533
1		4.8875		4.8875		1831.9474	41.5533
2		5.8875		4.8875		2183.8474	40.2639
3		4.8875		5.8875		2165.1234	40.2639
4		4.7625		4.8875		1787.9599	41.7387
5		4.7625		4.7625		1747.3129	41.9280
6		4.8875		4.8563		1821.5357	41.5990
7		4.8719		4.8875		1826.4490	41.5761
8		4.8814		4.8844		1828.7849	41.5666
 message: Optimization terminated successfully.
 success: True
  status: 1
     fun: 1831.9474125000002
       x: [ 4.888e+00  4.888e+00]
    nfev: 8
   maxcv: -0.0
#############################################################################
Constraints and sensitivity
Relative impact of increasing array size to 9x9: 3.16%
