Repository Footprint Minimization Code v.0.1 
Subpackage in the NWPY Python Package 
Written by Milos Atz 
Nuclear Waste Management Group 
University of California, Berkeley 
Output file generated: 2024-04-30 23:39:39
#############################################################################
Host rock, wasteform, and repository data 
Limit for effect of adjacent sources: 5% 
Repository type: clay repository array
Rock thermal conductivity [W/m/K]: 1.75
Rock thermal diffusivity [m^2/s]: 6.45e-07
Waste ID: snf
Package loading (units): 1.0
Waste package length [m]: 5.0
Waste package diameter [m]: 0.51
Surface storage time [y]: 10.0
Repository ambient temperature [C]: 27.5
Waste package temperature limit [C]: 100.0
Rock wall temperature limit [C]: 100.0
#############################################################################
Optimization run history and convergence: 9x9 array
iter		drift spacing	wp spacing	footprint	wp peak temp
0		10.0000		10.0000		6984.6200	88.7643
1		10.0000		10.0000		6984.6200	88.7643
2		11.0000		10.0000		7664.6200	87.3057
3		10.0000		11.0000		7641.9960	87.3057
4		9.2929		9.2929		6070.9524	91.6555
5		8.5983		8.5735		5221.6804	95.3362
6		8.0525		7.7356		4453.9883	99.8141
7		7.6614		8.0471		4402.8694	100.1068
8		8.3811		7.3527		4417.7723	100.0973
9		7.8754		7.8754		4432.1183	99.9397
10		7.6957		7.7016		4245.7342	101.2564
11		7.9623		7.7856		4432.0601	99.9531
12		7.8673		7.8673		4423.4970	99.9984
13		7.8469		7.8436		4400.1114	100.1588
14		7.8791		7.8571		4424.6188	99.9924
15		7.8640		7.8635		4419.7511	100.0240
 message: Optimization terminated successfully.
 success: True
  status: 1
     fun: 4423.497000316075
       x: [ 7.867e+00  7.867e+00]
    nfev: 15
   maxcv: 0.0
#############################################################################
Constraints and sensitivity
Relative impact of increasing array size to 9x9: 1.62%
#############################################################################
Optimization run history and convergence: 9x9 array
iter		drift spacing	wp spacing	footprint	wp peak temp
0		5.0000		5.0000		1897.7400	53.5041
1		5.0000		5.0000		1897.7400	53.5041
2		6.0000		5.0000		2257.7400	51.3135
3		5.0000		6.0000		2235.1160	51.3135
4		4.8750		5.0000		1852.7400	53.8202
5		4.8750		4.8750		1811.5680	54.1427
6		5.0000		4.9688		1887.1970	53.5821
7		4.9844		5.0000		1892.1150	53.5430
8		4.9939		4.9969		1894.5153	53.5268
 message: Optimization terminated successfully.
 success: True
  status: 1
     fun: 1897.7399999999998
       x: [ 5.000e+00  5.000e+00]
    nfev: 8
   maxcv: -0.0
#############################################################################
Constraints and sensitivity
Relative impact of increasing array size to 9x9: 3.39%
#############################################################################
Optimization run history and convergence: 9x9 array
iter		drift spacing	wp spacing	footprint	wp peak temp
0		5.0000		5.0000		1899.5400	59.2008
1		5.0000		5.0000		1899.5400	59.2008
2		6.0000		5.0000		2259.5400	56.6117
3		5.0000		6.0000		2237.2360	56.6117
4		4.8750		5.0000		1854.5400	59.5715
5		4.8750		4.8750		1813.3280	59.9496
6		5.0000		4.9688		1888.9870	59.2924
7		4.9844		5.0000		1893.9150	59.2465
8		4.9939		4.9969		1896.3143	59.2275
 message: Optimization terminated successfully.
 success: True
  status: 1
     fun: 1899.5400000000002
       x: [ 5.000e+00  5.000e+00]
    nfev: 8
   maxcv: -0.0
#############################################################################
Constraints and sensitivity
Relative impact of increasing array size to 9x9: 4.79%
