#############################################################################
Optimization run history and convergence: 11x11 array
iter		drift spacing	wp spacing	footprint	wp peak temp
0		4.8875		4.8875		2779.0804	70.9284
1		4.8875		4.8875		2779.0804	70.9284
2		5.8875		4.8875		3316.7054	66.4380
3		4.8875		5.8875		3295.9984	66.4380
4		4.7625		4.8875		2711.8773	71.5749
5		4.7625		4.7625		2648.8250	72.2349
6		4.8875		4.8563		2762.9267	71.0880
7		4.8719		4.8875		2770.6800	71.0080
8		4.8814		4.8844		2774.2247	70.9750
 message: Optimization terminated successfully.
 success: True
  status: 1
     fun: 2779.0803975000003
       x: [ 4.888e+00  4.888e+00]
    nfev: 8
   maxcv: -0.0
#############################################################################
Constraints and sensitivity
Relative impact of increasing array size to 11x11: 4.63%
#############################################################################
Optimization run history and convergence: 11x11 array
iter		drift spacing	wp spacing	footprint	wp peak temp
0		4.8875		4.8875		2779.0804	71.7898
1		4.8875		4.8875		2779.0804	71.7898
2		5.8875		4.8875		3316.7054	67.2101
3		4.8875		5.8875		3295.9984	67.2101
4		4.7625		4.8875		2711.8773	72.4491
5		4.7625		4.7625		2648.8250	73.1223
6		4.8875		4.8563		2762.9267	71.9526
7		4.8719		4.8875		2770.6800	71.8710
8		4.8814		4.8844		2774.2247	71.8373
 message: Optimization terminated successfully.
 success: True
  status: 1
     fun: 2779.0803975000003
       x: [ 4.888e+00  4.888e+00]
    nfev: 8
   maxcv: -0.0
#############################################################################
Constraints and sensitivity
Relative impact of increasing array size to 11x11: 4.69%
#############################################################################
Optimization run history and convergence: 13x13 array
iter		drift spacing	wp spacing	footprint	wp peak temp
0		4.8875		4.8875		3905.4468	88.2670
1		4.8875		4.8875		3905.4468	88.2670
2		5.8875		4.8875		4667.8968	81.6659
3		4.8875		5.8875		4643.0484	81.6659
4		4.7625		4.8875		3810.1406	89.2234
5		4.7625		4.7625		3720.1904	90.2001
6		4.8875		4.8563		3882.3968	88.5031
7		4.8719		4.8875		3893.5335	88.3848
8		4.8814		4.8844		3898.5469	88.3359
 message: Optimization terminated successfully.
 success: True
  status: 1
     fun: 3905.446805000001
       x: [ 4.888e+00  4.888e+00]
    nfev: 8
   maxcv: -0.0
#############################################################################
Constraints and sensitivity
Relative impact of increasing array size to 13x13: 4.47%
#############################################################################
Optimization run history and convergence: 11x11 array
iter		drift spacing	wp spacing	footprint	wp peak temp
0		4.8875		4.8875		2779.0804	70.9284
1		4.8875		4.8875		2779.0804	70.9284
2		5.8875		4.8875		3316.7054	66.4380
3		4.8875		5.8875		3295.9984	66.4380
4		4.7625		4.8875		2711.8773	71.5749
5		4.7625		4.7625		2648.8250	72.2349
6		4.8875		4.8563		2762.9267	71.0880
7		4.8719		4.8875		2770.6800	71.0080
8		4.8814		4.8844		2774.2247	70.9750
 message: Optimization terminated successfully.
 success: True
  status: 1
     fun: 2779.0803975000003
       x: [ 4.888e+00  4.888e+00]
    nfev: 8
   maxcv: -0.0
#############################################################################
Constraints and sensitivity
Relative impact of increasing array size to 11x11: 4.63%
#############################################################################
Optimization run history and convergence: 13x13 array
iter		drift spacing	wp spacing	footprint	wp peak temp
0		4.8875		4.8875		3905.4468	88.2670
1		4.8875		4.8875		3905.4468	88.2670
2		5.8875		4.8875		4667.8968	81.6659
3		4.8875		5.8875		4643.0484	81.6659
4		4.7625		4.8875		3810.1406	89.2234
5		4.7625		4.7625		3720.1904	90.2001
6		4.8875		4.8563		3882.3968	88.5031
7		4.8719		4.8875		3893.5335	88.3848
8		4.8814		4.8844		3898.5469	88.3359
 message: Optimization terminated successfully.
 success: True
  status: 1
     fun: 3905.446805000001
       x: [ 4.888e+00  4.888e+00]
    nfev: 8
   maxcv: -0.0
#############################################################################
Constraints and sensitivity
Relative impact of increasing array size to 13x13: 4.47%
#############################################################################
Optimization run history and convergence: 11x11 array
iter		drift spacing	wp spacing	footprint	wp peak temp
0		4.8875		4.8875		2779.0804	71.7898
1		4.8875		4.8875		2779.0804	71.7898
2		5.8875		4.8875		3316.7054	67.2101
3		4.8875		5.8875		3295.9984	67.2101
4		4.7625		4.8875		2711.8773	72.4491
5		4.7625		4.7625		2648.8250	73.1223
6		4.8875		4.8563		2762.9267	71.9526
7		4.8719		4.8875		2770.6800	71.8710
8		4.8814		4.8844		2774.2247	71.8373
 message: Optimization terminated successfully.
 success: True
  status: 1
     fun: 2779.0803975000003
       x: [ 4.888e+00  4.888e+00]
    nfev: 8
   maxcv: -0.0
#############################################################################
Constraints and sensitivity
Relative impact of increasing array size to 11x11: 4.69%
#############################################################################
Optimization run history and convergence: 11x11 array
iter		drift spacing	wp spacing	footprint	wp peak temp
0		4.8875		4.8875		2779.0804	70.9284
1		4.8875		4.8875		2779.0804	70.9284
2		5.8875		4.8875		3316.7054	66.4380
3		4.8875		5.8875		3295.9984	66.4380
4		4.7625		4.8875		2711.8773	71.5749
5		4.7625		4.7625		2648.8250	72.2349
6		4.8875		4.8563		2762.9267	71.0880
7		4.8719		4.8875		2770.6800	71.0080
8		4.8814		4.8844		2774.2247	70.9750
 message: Optimization terminated successfully.
 success: True
  status: 1
     fun: 2779.0803975000003
       x: [ 4.888e+00  4.888e+00]
    nfev: 8
   maxcv: -0.0
#############################################################################
Constraints and sensitivity
Relative impact of increasing array size to 11x11: 4.63%
#############################################################################
Optimization run history and convergence: 13x13 array
iter		drift spacing	wp spacing	footprint	wp peak temp
0		4.8875		4.8875		3905.4468	88.2670
1		4.8875		4.8875		3905.4468	88.2670
2		5.8875		4.8875		4667.8968	81.6659
3		4.8875		5.8875		4643.0484	81.6659
4		4.7625		4.8875		3810.1406	89.2234
5		4.7625		4.7625		3720.1904	90.2001
6		4.8875		4.8563		3882.3968	88.5031
7		4.8719		4.8875		3893.5335	88.3848
8		4.8814		4.8844		3898.5469	88.3359
 message: Optimization terminated successfully.
 success: True
  status: 1
     fun: 3905.446805000001
       x: [ 4.888e+00  4.888e+00]
    nfev: 8
   maxcv: -0.0
#############################################################################
Constraints and sensitivity
Relative impact of increasing array size to 13x13: 4.47%
#############################################################################
Optimization run history and convergence: 11x11 array
iter		drift spacing	wp spacing	footprint	wp peak temp
0		4.8875		4.8875		2779.0804	71.7898
1		4.8875		4.8875		2779.0804	71.7898
2		5.8875		4.8875		3316.7054	67.2101
3		4.8875		5.8875		3295.9984	67.2101
4		4.7625		4.8875		2711.8773	72.4491
5		4.7625		4.7625		2648.8250	73.1223
6		4.8875		4.8563		2762.9267	71.9526
7		4.8719		4.8875		2770.6800	71.8710
8		4.8814		4.8844		2774.2247	71.8373
 message: Optimization terminated successfully.
 success: True
  status: 1
     fun: 2779.0803975000003
       x: [ 4.888e+00  4.888e+00]
    nfev: 8
   maxcv: -0.0
#############################################################################
Constraints and sensitivity
Relative impact of increasing array size to 11x11: 4.69%
#############################################################################
Optimization run history and convergence: 11x11 array
iter		drift spacing	wp spacing	footprint	wp peak temp
0		4.8875		4.8875		2779.0804	70.9284
1		4.8875		4.8875		2779.0804	70.9284
2		5.8875		4.8875		3316.7054	66.4380
3		4.8875		5.8875		3295.9984	66.4380
4		4.7625		4.8875		2711.8773	71.5749
5		4.7625		4.7625		2648.8250	72.2349
6		4.8875		4.8563		2762.9267	71.0880
7		4.8719		4.8875		2770.6800	71.0080
8		4.8814		4.8844		2774.2247	70.9750
 message: Optimization terminated successfully.
 success: True
  status: 1
     fun: 2779.0803975000003
       x: [ 4.888e+00  4.888e+00]
    nfev: 8
   maxcv: -0.0
#############################################################################
Constraints and sensitivity
Relative impact of increasing array size to 11x11: 4.63%
#############################################################################
Optimization run history and convergence: 13x13 array
iter		drift spacing	wp spacing	footprint	wp peak temp
0		4.8875		4.8875		3905.4468	88.2670
1		4.8875		4.8875		3905.4468	88.2670
2		5.8875		4.8875		4667.8968	81.6659
3		4.8875		5.8875		4643.0484	81.6659
4		4.7625		4.8875		3810.1406	89.2234
5		4.7625		4.7625		3720.1904	90.2001
6		4.8875		4.8563		3882.3968	88.5031
7		4.8719		4.8875		3893.5335	88.3848
8		4.8814		4.8844		3898.5469	88.3359
 message: Optimization terminated successfully.
 success: True
  status: 1
     fun: 3905.446805000001
       x: [ 4.888e+00  4.888e+00]
    nfev: 8
   maxcv: -0.0
#############################################################################
Constraints and sensitivity
Relative impact of increasing array size to 13x13: 4.47%
#############################################################################
Optimization run history and convergence: 11x11 array
iter		drift spacing	wp spacing	footprint	wp peak temp
0		4.8875		4.8875		2779.0804	71.7898
1		4.8875		4.8875		2779.0804	71.7898
2		5.8875		4.8875		3316.7054	67.2101
3		4.8875		5.8875		3295.9984	67.2101
4		4.7625		4.8875		2711.8773	72.4491
5		4.7625		4.7625		2648.8250	73.1223
6		4.8875		4.8563		2762.9267	71.9526
7		4.8719		4.8875		2770.6800	71.8710
8		4.8814		4.8844		2774.2247	71.8373
 message: Optimization terminated successfully.
 success: True
  status: 1
     fun: 2779.0803975000003
       x: [ 4.888e+00  4.888e+00]
    nfev: 8
   maxcv: -0.0
#############################################################################
Constraints and sensitivity
Relative impact of increasing array size to 11x11: 4.69%
#############################################################################
Optimization run history and convergence: 11x11 array
iter		drift spacing	wp spacing	footprint	wp peak temp
0		4.8875		4.8875		2779.0804	70.9284
1		4.8875		4.8875		2779.0804	70.9284
2		5.8875		4.8875		3316.7054	66.4380
3		4.8875		5.8875		3295.9984	66.4380
4		4.7625		4.8875		2711.8773	71.5749
5		4.7625		4.7625		2648.8250	72.2349
6		4.8875		4.8563		2762.9267	71.0880
7		4.8719		4.8875		2770.6800	71.0080
8		4.8814		4.8844		2774.2247	70.9750
 message: Optimization terminated successfully.
 success: True
  status: 1
     fun: 2779.0803975000003
       x: [ 4.888e+00  4.888e+00]
    nfev: 8
   maxcv: -0.0
#############################################################################
Constraints and sensitivity
Relative impact of increasing array size to 11x11: 4.63%
#############################################################################
Optimization run history and convergence: 9x9 array
iter		drift spacing	wp spacing	footprint	wp peak temp
0		9.7264		9.7264		6667.7868	91.7528
1		9.7264		9.7264		6667.7868	91.7528
2		10.7264		9.7264		7329.3743	89.0780
3		9.7264		10.7264		7312.8087	89.0780
4		9.0193		9.0193		5775.8745	96.2212
5		8.6702		8.0822		5019.6208	101.0793
6		8.2495		8.3524		4934.3365	101.6755
7		9.4985		7.5220		5127.3146	100.2591
8		10.2564		6.8695		5078.7986	100.3979
9		10.5826		7.2484		5500.1518	97.6748
10		11.0747		6.2948		5050.3056	100.2878
11		11.9114		5.7471		4990.1762	100.3586
12		12.7935		5.2760		4952.7444	100.3478
13		13.7055		4.8875		4946.8824	100.1646
14		13.9015		5.3475		5435.4666	97.1840
15		13.8205		4.8385		4942.9236	100.1670
16		13.7765		4.8875		4971.8644	99.9886
17		13.7031		4.9887		5037.0112	99.5882
18		13.7260		4.8508		4920.9828	100.3292
19		13.7857		4.8749		4963.6542	100.0397
20		13.7702		4.8829		4965.4912	100.0310
 message: Optimization terminated successfully.
 success: True
  status: 1
     fun: 4971.8644405402165
       x: [ 1.378e+01  4.888e+00]
    nfev: 20
   maxcv: -0.0
#############################################################################
Constraints and sensitivity
Relative impact of increasing array size to 9x9: 3.34%
#############################################################################
Optimization run history and convergence: 11x11 array
iter		drift spacing	wp spacing	footprint	wp peak temp
0		4.8875		4.8875		2779.0804	71.7898
1		4.8875		4.8875		2779.0804	71.7898
2		5.8875		4.8875		3316.7054	67.2101
3		4.8875		5.8875		3295.9984	67.2101
4		4.7625		4.8875		2711.8773	72.4491
5		4.7625		4.7625		2648.8250	73.1223
6		4.8875		4.8563		2762.9267	71.9526
7		4.8719		4.8875		2770.6800	71.8710
8		4.8814		4.8844		2774.2247	71.8373
 message: Optimization terminated successfully.
 success: True
  status: 1
     fun: 2779.0803975000003
       x: [ 4.888e+00  4.888e+00]
    nfev: 8
   maxcv: -0.0
#############################################################################
Constraints and sensitivity
Relative impact of increasing array size to 11x11: 4.69%
