#############################################################################
Optimization run history and convergence: 13x13 array
iter		drift spacing	wp spacing	footprint	wp peak temp
0		4.9730		4.9730		4051.4482	77.0999
1		4.9730		4.9730		4051.4482	77.0999
2		5.9730		4.9730		4826.2058	72.1159
3		4.9730		5.9730		4804.4690	72.1159
4		4.8480		4.9730		3954.6035	77.8343
5		4.8480		4.8480		3862.7259	78.5836
6		4.8875		4.8875		3921.9221	78.1060
7		4.8985		4.8765		3922.1447	78.1061
8		4.8820		4.8820		3913.6226	78.1723
 message: Optimization terminated successfully.
 success: True
  status: 1
     fun: 3921.9220787500008
       x: [ 4.888e+00  4.888e+00]
    nfev: 8
   maxcv: -0.0
#############################################################################
Constraints and sensitivity
Relative impact of increasing array size to 13x13: 5.47%
#############################################################################
Optimization run history and convergence: 15x15 array
iter		drift spacing	wp spacing	footprint	wp peak temp
0		4.8875		4.8875		5241.9244	82.3819
1		4.8875		4.8875		5241.9244	82.3819
2		5.8875		4.8875		6268.2994	76.4989
3		4.8875		5.8875		6242.9398	76.4989
4		4.7625		4.8875		5113.6275	83.2336
5		4.7625		4.7625		4991.5631	84.1029
6		4.8875		4.8563		5210.6427	82.5923
7		4.8719		4.8875		5225.8873	82.4869
8		4.8814		4.8844		5232.6114	82.4433
 message: Optimization terminated successfully.
 success: True
  status: 1
     fun: 5241.92439375
       x: [ 4.888e+00  4.888e+00]
    nfev: 8
   maxcv: -0.0
#############################################################################
Constraints and sensitivity
Relative impact of increasing array size to 15x15: 4.79%
#############################################################################
Optimization run history and convergence: 13x13 array
iter		drift spacing	wp spacing	footprint	wp peak temp
0		5.0702		5.0702		4201.3395	77.3207
1		5.0702		5.0702		4201.3395	77.3207
2		6.0702		5.0702		4990.0967	72.4047
3		5.0702		6.0702		4968.3599	72.4047
4		4.8875		4.8875		3921.9221	79.4479
5		5.0643		4.7107		3921.2646	79.4656
6		4.8654		4.8654		3888.7769	79.7210
7		4.8875		4.8433		3889.1869	79.7212
8		4.8930		4.8820		3922.0378	79.4479
9		4.8840		4.8840		3916.6094	79.4914
 message: Optimization terminated successfully.
 success: True
  status: 1
     fun: 3921.9220787500008
       x: [ 4.888e+00  4.888e+00]
    nfev: 9
   maxcv: -0.0
#############################################################################
Constraints and sensitivity
Relative impact of increasing array size to 13x13: 5.54%
#############################################################################
Optimization run history and convergence: 15x15 array
iter		drift spacing	wp spacing	footprint	wp peak temp
0		4.8875		4.8875		5241.9244	83.8503
1		4.8875		4.8875		5241.9244	83.8503
2		5.8875		4.8875		6268.2994	77.8229
3		4.8875		5.8875		6242.9398	77.8229
4		4.7625		4.8875		5113.6275	84.7249
5		4.7625		4.7625		4991.5631	85.6176
6		4.8875		4.8563		5210.6427	84.0663
7		4.8719		4.8875		5225.8873	83.9581
8		4.8814		4.8844		5232.6114	83.9134
 message: Optimization terminated successfully.
 success: True
  status: 1
     fun: 5241.92439375
       x: [ 4.888e+00  4.888e+00]
    nfev: 8
   maxcv: -0.0
#############################################################################
Constraints and sensitivity
Relative impact of increasing array size to 15x15: 4.85%
#############################################################################
Optimization run history and convergence: 13x13 array
iter		drift spacing	wp spacing	footprint	wp peak temp
0		8.4883		4.8875		6667.3473	80.6886
1		8.4883		4.8875		6667.3473	80.6886
2		9.4883		4.8875		7429.7973	77.0939
3		8.4883		5.8875		7926.5748	76.0689
4		7.4883		4.8875		5904.8973	85.0010
5		6.4883		4.8875		5142.4473	90.3370
6		5.4883		4.8875		4379.9973	96.9194
7		5.4883		4.3875		3966.3836	101.0377
8		5.7517		5.7517		5328.5011	89.2198
9		5.0203		4.8875		4023.1625	100.5530
10		5.2383		4.8875		4189.3848	98.8100
11		5.0809		4.8875		4069.4158	100.0587
12		5.0809		5.0125		4165.4870	99.0462
13		4.9869		4.9869		4072.7533	100.0085
14		5.0329		5.1031		4196.9899	98.7093
15		5.0450		4.9639		4100.3576	99.7244
16		4.9926		5.0014		4088.1987	99.8437
17		4.9942		4.9840		4076.2249	99.9728
 message: Did not converge to a solution satisfying the constraints. See `maxcv` for magnitude of violation.
 success: False
  status: 4
     fun: 4072.753313769308
       x: [ 4.987e+00  4.987e+00]
    nfev: 17
   maxcv: 0.008504441047548994
#############################################################################
Constraints and sensitivity
Relative impact of increasing array size to 13x13: 6.05%
#############################################################################
Optimization run history and convergence: 15x15 array
iter		drift spacing	wp spacing	footprint	wp peak temp
0		4.9869		4.9869		5445.3755	106.0582
1		4.9869		4.9869		5445.3755	106.0582
2		5.9869		4.9869		6491.2321	97.9268
3		4.9869		5.9869		6465.8725	97.9268
4		5.9869		5.9869		7707.7292	90.9167
5		5.8176		4.8875		6196.5805	99.9804
6		5.8809		4.7797		6132.6563	100.3926
7		5.7907		4.8717		6150.2813	100.3171
8		5.8255		4.8740		6188.7363	100.0311
9		5.8133		4.8850		6189.1614	100.0341
 message: Optimization terminated successfully.
 success: True
  status: 1
     fun: 6196.580541575416
       x: [ 5.818e+00  4.888e+00]
    nfev: 9
   maxcv: -0.0
#############################################################################
Constraints and sensitivity
Relative impact of increasing array size to 15x15: 4.93%
#############################################################################
Optimization run history and convergence: 13x13 array
iter		drift spacing	wp spacing	footprint	wp peak temp
0		4.9730		4.9730		4051.4482	77.0999
1		4.9730		4.9730		4051.4482	77.0999
2		5.9730		4.9730		4826.2058	72.1159
3		4.9730		5.9730		4804.4690	72.1159
4		4.8480		4.9730		3954.6035	77.8343
5		4.8480		4.8480		3862.7259	78.5836
6		4.8875		4.8875		3921.9221	78.1060
7		4.8985		4.8765		3922.1447	78.1061
8		4.8820		4.8820		3913.6226	78.1723
 message: Optimization terminated successfully.
 success: True
  status: 1
     fun: 3921.9220787500008
       x: [ 4.888e+00  4.888e+00]
    nfev: 8
   maxcv: -0.0
#############################################################################
Constraints and sensitivity
Relative impact of increasing array size to 13x13: 5.47%
#############################################################################
Optimization run history and convergence: 15x15 array
iter		drift spacing	wp spacing	footprint	wp peak temp
0		4.8875		4.8875		5241.9244	82.3819
1		4.8875		4.8875		5241.9244	82.3819
2		5.8875		4.8875		6268.2994	76.4989
3		4.8875		5.8875		6242.9398	76.4989
4		4.7625		4.8875		5113.6275	83.2336
5		4.7625		4.7625		4991.5631	84.1029
6		4.8875		4.8563		5210.6427	82.5923
7		4.8719		4.8875		5225.8873	82.4869
8		4.8814		4.8844		5232.6114	82.4433
 message: Optimization terminated successfully.
 success: True
  status: 1
     fun: 5241.92439375
       x: [ 4.888e+00  4.888e+00]
    nfev: 8
   maxcv: -0.0
#############################################################################
Constraints and sensitivity
Relative impact of increasing array size to 15x15: 4.79%
#############################################################################
Optimization run history and convergence: 13x13 array
iter		drift spacing	wp spacing	footprint	wp peak temp
0		8.4883		4.8875		6667.3473	80.6886
1		8.4883		4.8875		6667.3473	80.6886
2		9.4883		4.8875		7429.7973	77.0939
3		8.4883		5.8875		7926.5748	76.0689
4		7.4883		4.8875		5904.8973	85.0010
5		6.4883		4.8875		5142.4473	90.3370
6		5.4883		4.8875		4379.9973	96.9194
7		5.4883		4.3875		3966.3836	101.0377
8		5.7517		5.7517		5328.5011	89.2198
9		5.0203		4.8875		4023.1625	100.5530
10		5.2383		4.8875		4189.3848	98.8100
11		5.0809		4.8875		4069.4158	100.0587
12		5.0809		5.0125		4165.4870	99.0462
13		4.9869		4.9869		4072.7533	100.0085
14		5.0329		5.1031		4196.9899	98.7093
15		5.0450		4.9639		4100.3576	99.7244
16		4.9926		5.0014		4088.1987	99.8437
17		4.9942		4.9840		4076.2249	99.9728
 message: Did not converge to a solution satisfying the constraints. See `maxcv` for magnitude of violation.
 success: False
  status: 4
     fun: 4072.753313769308
       x: [ 4.987e+00  4.987e+00]
    nfev: 17
   maxcv: 0.008504441047548994
#############################################################################
Constraints and sensitivity
Relative impact of increasing array size to 13x13: 6.05%
#############################################################################
Optimization run history and convergence: 15x15 array
iter		drift spacing	wp spacing	footprint	wp peak temp
0		4.9869		4.9869		5445.3755	106.0582
1		4.9869		4.9869		5445.3755	106.0582
2		5.9869		4.9869		6491.2321	97.9268
3		4.9869		5.9869		6465.8725	97.9268
4		5.9869		5.9869		7707.7292	90.9167
5		5.8176		4.8875		6196.5805	99.9804
6		5.8809		4.7797		6132.6563	100.3926
7		5.7907		4.8717		6150.2813	100.3171
8		5.8255		4.8740		6188.7363	100.0311
9		5.8133		4.8850		6189.1614	100.0341
 message: Optimization terminated successfully.
 success: True
  status: 1
     fun: 6196.580541575416
       x: [ 5.818e+00  4.888e+00]
    nfev: 9
   maxcv: -0.0
#############################################################################
Constraints and sensitivity
Relative impact of increasing array size to 15x15: 4.93%
#############################################################################
Optimization run history and convergence: 13x13 array
iter		drift spacing	wp spacing	footprint	wp peak temp
0		5.0702		5.0702		4201.3395	77.3207
1		5.0702		5.0702		4201.3395	77.3207
2		6.0702		5.0702		4990.0967	72.4047
3		5.0702		6.0702		4968.3599	72.4047
4		4.8875		4.8875		3921.9221	79.4479
5		5.0643		4.7107		3921.2646	79.4656
6		4.8654		4.8654		3888.7769	79.7210
7		4.8875		4.8433		3889.1869	79.7212
8		4.8930		4.8820		3922.0378	79.4479
9		4.8840		4.8840		3916.6094	79.4914
 message: Optimization terminated successfully.
 success: True
  status: 1
     fun: 3921.9220787500008
       x: [ 4.888e+00  4.888e+00]
    nfev: 9
   maxcv: -0.0
#############################################################################
Constraints and sensitivity
Relative impact of increasing array size to 13x13: 5.54%
#############################################################################
Optimization run history and convergence: 15x15 array
iter		drift spacing	wp spacing	footprint	wp peak temp
0		4.8875		4.8875		5241.9244	83.8503
1		4.8875		4.8875		5241.9244	83.8503
2		5.8875		4.8875		6268.2994	77.8229
3		4.8875		5.8875		6242.9398	77.8229
4		4.7625		4.8875		5113.6275	84.7249
5		4.7625		4.7625		4991.5631	85.6176
6		4.8875		4.8563		5210.6427	84.0663
7		4.8719		4.8875		5225.8873	83.9581
8		4.8814		4.8844		5232.6114	83.9134
 message: Optimization terminated successfully.
 success: True
  status: 1
     fun: 5241.92439375
       x: [ 4.888e+00  4.888e+00]
    nfev: 8
   maxcv: -0.0
#############################################################################
Constraints and sensitivity
Relative impact of increasing array size to 15x15: 4.85%
#############################################################################
Optimization run history and convergence: 13x13 array
iter		drift spacing	wp spacing	footprint	wp peak temp
0		4.9730		4.9730		4051.4482	77.0999
1		4.9730		4.9730		4051.4482	77.0999
2		5.9730		4.9730		4826.2058	72.1159
3		4.9730		5.9730		4804.4690	72.1159
4		4.8480		4.9730		3954.6035	77.8343
5		4.8480		4.8480		3862.7259	78.5836
6		4.8875		4.8875		3921.9221	78.1060
7		4.8985		4.8765		3922.1447	78.1061
8		4.8820		4.8820		3913.6226	78.1723
 message: Optimization terminated successfully.
 success: True
  status: 1
     fun: 3921.9220787500008
       x: [ 4.888e+00  4.888e+00]
    nfev: 8
   maxcv: -0.0
#############################################################################
Constraints and sensitivity
Relative impact of increasing array size to 13x13: 5.47%
#############################################################################
Optimization run history and convergence: 15x15 array
iter		drift spacing	wp spacing	footprint	wp peak temp
0		4.8875		4.8875		5241.9244	82.3819
1		4.8875		4.8875		5241.9244	82.3819
2		5.8875		4.8875		6268.2994	76.4989
3		4.8875		5.8875		6242.9398	76.4989
4		4.7625		4.8875		5113.6275	83.2336
5		4.7625		4.7625		4991.5631	84.1029
6		4.8875		4.8563		5210.6427	82.5923
7		4.8719		4.8875		5225.8873	82.4869
8		4.8814		4.8844		5232.6114	82.4433
 message: Optimization terminated successfully.
 success: True
  status: 1
     fun: 5241.92439375
       x: [ 4.888e+00  4.888e+00]
    nfev: 8
   maxcv: -0.0
#############################################################################
Constraints and sensitivity
Relative impact of increasing array size to 15x15: 4.79%
#############################################################################
Optimization run history and convergence: 13x13 array
iter		drift spacing	wp spacing	footprint	wp peak temp
0		8.4883		4.8875		6667.3473	80.6886
1		8.4883		4.8875		6667.3473	80.6886
2		9.4883		4.8875		7429.7973	77.0939
3		8.4883		5.8875		7926.5748	76.0689
4		7.4883		4.8875		5904.8973	85.0010
5		6.4883		4.8875		5142.4473	90.3370
6		5.4883		4.8875		4379.9973	96.9194
7		5.4883		4.3875		3966.3836	101.0377
8		5.7517		5.7517		5328.5011	89.2198
9		5.0203		4.8875		4023.1625	100.5530
10		5.2383		4.8875		4189.3848	98.8100
11		5.0809		4.8875		4069.4158	100.0587
12		5.0809		5.0125		4165.4870	99.0462
13		4.9869		4.9869		4072.7533	100.0085
14		5.0329		5.1031		4196.9899	98.7093
15		5.0450		4.9639		4100.3576	99.7244
16		4.9926		5.0014		4088.1987	99.8437
17		4.9942		4.9840		4076.2249	99.9728
 message: Did not converge to a solution satisfying the constraints. See `maxcv` for magnitude of violation.
 success: False
  status: 4
     fun: 4072.753313769308
       x: [ 4.987e+00  4.987e+00]
    nfev: 17
   maxcv: 0.008504441047548994
#############################################################################
Constraints and sensitivity
Relative impact of increasing array size to 13x13: 6.05%
#############################################################################
Optimization run history and convergence: 15x15 array
iter		drift spacing	wp spacing	footprint	wp peak temp
0		4.9869		4.9869		5445.3755	106.0582
1		4.9869		4.9869		5445.3755	106.0582
2		5.9869		4.9869		6491.2321	97.9268
3		4.9869		5.9869		6465.8725	97.9268
4		5.9869		5.9869		7707.7292	90.9167
5		5.8176		4.8875		6196.5805	99.9804
6		5.8809		4.7797		6132.6563	100.3926
7		5.7907		4.8717		6150.2813	100.3171
8		5.8255		4.8740		6188.7363	100.0311
9		5.8133		4.8850		6189.1614	100.0341
 message: Optimization terminated successfully.
 success: True
  status: 1
     fun: 6196.580541575416
       x: [ 5.818e+00  4.888e+00]
    nfev: 9
   maxcv: -0.0
#############################################################################
Constraints and sensitivity
Relative impact of increasing array size to 15x15: 4.93%
#############################################################################
Optimization run history and convergence: 13x13 array
iter		drift spacing	wp spacing	footprint	wp peak temp
0		5.0702		5.0702		4201.3395	77.3207
1		5.0702		5.0702		4201.3395	77.3207
2		6.0702		5.0702		4990.0967	72.4047
3		5.0702		6.0702		4968.3599	72.4047
4		4.8875		4.8875		3921.9221	79.4479
5		5.0643		4.7107		3921.2646	79.4656
6		4.8654		4.8654		3888.7769	79.7210
7		4.8875		4.8433		3889.1869	79.7212
8		4.8930		4.8820		3922.0378	79.4479
9		4.8840		4.8840		3916.6094	79.4914
 message: Optimization terminated successfully.
 success: True
  status: 1
     fun: 3921.9220787500008
       x: [ 4.888e+00  4.888e+00]
    nfev: 9
   maxcv: -0.0
#############################################################################
Constraints and sensitivity
Relative impact of increasing array size to 13x13: 5.54%
#############################################################################
Optimization run history and convergence: 15x15 array
iter		drift spacing	wp spacing	footprint	wp peak temp
0		4.8875		4.8875		5241.9244	83.8503
1		4.8875		4.8875		5241.9244	83.8503
2		5.8875		4.8875		6268.2994	77.8229
3		4.8875		5.8875		6242.9398	77.8229
4		4.7625		4.8875		5113.6275	84.7249
5		4.7625		4.7625		4991.5631	85.6176
6		4.8875		4.8563		5210.6427	84.0663
7		4.8719		4.8875		5225.8873	83.9581
8		4.8814		4.8844		5232.6114	83.9134
 message: Optimization terminated successfully.
 success: True
  status: 1
     fun: 5241.92439375
       x: [ 4.888e+00  4.888e+00]
    nfev: 8
   maxcv: -0.0
#############################################################################
Constraints and sensitivity
Relative impact of increasing array size to 15x15: 4.85%
#############################################################################
Optimization run history and convergence: 13x13 array
iter		drift spacing	wp spacing	footprint	wp peak temp
0		4.9730		4.9730		4051.4482	77.0999
1		4.9730		4.9730		4051.4482	77.0999
2		5.9730		4.9730		4826.2058	72.1159
3		4.9730		5.9730		4804.4690	72.1159
4		4.8480		4.9730		3954.6035	77.8343
5		4.8480		4.8480		3862.7259	78.5836
6		4.8875		4.8875		3921.9221	78.1060
7		4.8985		4.8765		3922.1447	78.1061
8		4.8820		4.8820		3913.6226	78.1723
 message: Optimization terminated successfully.
 success: True
  status: 1
     fun: 3921.9220787500008
       x: [ 4.888e+00  4.888e+00]
    nfev: 8
   maxcv: -0.0
#############################################################################
Constraints and sensitivity
Relative impact of increasing array size to 13x13: 5.47%
#############################################################################
Optimization run history and convergence: 15x15 array
iter		drift spacing	wp spacing	footprint	wp peak temp
0		4.8875		4.8875		5241.9244	82.3819
1		4.8875		4.8875		5241.9244	82.3819
2		5.8875		4.8875		6268.2994	76.4989
3		4.8875		5.8875		6242.9398	76.4989
4		4.7625		4.8875		5113.6275	83.2336
5		4.7625		4.7625		4991.5631	84.1029
6		4.8875		4.8563		5210.6427	82.5923
7		4.8719		4.8875		5225.8873	82.4869
8		4.8814		4.8844		5232.6114	82.4433
 message: Optimization terminated successfully.
 success: True
  status: 1
     fun: 5241.92439375
       x: [ 4.888e+00  4.888e+00]
    nfev: 8
   maxcv: -0.0
#############################################################################
Constraints and sensitivity
Relative impact of increasing array size to 15x15: 4.79%
#############################################################################
Optimization run history and convergence: 13x13 array
iter		drift spacing	wp spacing	footprint	wp peak temp
0		8.4883		4.8875		6667.3473	80.6886
1		8.4883		4.8875		6667.3473	80.6886
2		9.4883		4.8875		7429.7973	77.0939
3		8.4883		5.8875		7926.5748	76.0689
4		7.4883		4.8875		5904.8973	85.0010
5		6.4883		4.8875		5142.4473	90.3370
6		5.4883		4.8875		4379.9973	96.9194
7		5.4883		4.3875		3966.3836	101.0377
8		5.7517		5.7517		5328.5011	89.2198
9		5.0203		4.8875		4023.1625	100.5530
10		5.2383		4.8875		4189.3848	98.8100
11		5.0809		4.8875		4069.4158	100.0587
12		5.0809		5.0125		4165.4870	99.0462
13		4.9869		4.9869		4072.7533	100.0085
14		5.0329		5.1031		4196.9899	98.7093
15		5.0450		4.9639		4100.3576	99.7244
16		4.9926		5.0014		4088.1987	99.8437
17		4.9942		4.9840		4076.2249	99.9728
 message: Did not converge to a solution satisfying the constraints. See `maxcv` for magnitude of violation.
 success: False
  status: 4
     fun: 4072.753313769308
       x: [ 4.987e+00  4.987e+00]
    nfev: 17
   maxcv: 0.008504441047548994
#############################################################################
Constraints and sensitivity
Relative impact of increasing array size to 13x13: 6.05%
#############################################################################
Optimization run history and convergence: 15x15 array
iter		drift spacing	wp spacing	footprint	wp peak temp
0		4.9869		4.9869		5445.3755	106.0582
1		4.9869		4.9869		5445.3755	106.0582
2		5.9869		4.9869		6491.2321	97.9268
3		4.9869		5.9869		6465.8725	97.9268
4		5.9869		5.9869		7707.7292	90.9167
5		5.8176		4.8875		6196.5805	99.9804
6		5.8809		4.7797		6132.6563	100.3926
7		5.7907		4.8717		6150.2813	100.3171
8		5.8255		4.8740		6188.7363	100.0311
9		5.8133		4.8850		6189.1614	100.0341
 message: Optimization terminated successfully.
 success: True
  status: 1
     fun: 6196.580541575416
       x: [ 5.818e+00  4.888e+00]
    nfev: 9
   maxcv: -0.0
#############################################################################
Constraints and sensitivity
Relative impact of increasing array size to 15x15: 4.93%
#############################################################################
Optimization run history and convergence: 13x13 array
iter		drift spacing	wp spacing	footprint	wp peak temp
0		5.0702		5.0702		4201.3395	77.3207
1		5.0702		5.0702		4201.3395	77.3207
2		6.0702		5.0702		4990.0967	72.4047
3		5.0702		6.0702		4968.3599	72.4047
4		4.8875		4.8875		3921.9221	79.4479
5		5.0643		4.7107		3921.2646	79.4656
6		4.8654		4.8654		3888.7769	79.7210
7		4.8875		4.8433		3889.1869	79.7212
8		4.8930		4.8820		3922.0378	79.4479
9		4.8840		4.8840		3916.6094	79.4914
 message: Optimization terminated successfully.
 success: True
  status: 1
     fun: 3921.9220787500008
       x: [ 4.888e+00  4.888e+00]
    nfev: 9
   maxcv: -0.0
#############################################################################
Constraints and sensitivity
Relative impact of increasing array size to 13x13: 5.54%
#############################################################################
Optimization run history and convergence: 15x15 array
iter		drift spacing	wp spacing	footprint	wp peak temp
0		4.8875		4.8875		5241.9244	83.8503
1		4.8875		4.8875		5241.9244	83.8503
2		5.8875		4.8875		6268.2994	77.8229
3		4.8875		5.8875		6242.9398	77.8229
4		4.7625		4.8875		5113.6275	84.7249
5		4.7625		4.7625		4991.5631	85.6176
6		4.8875		4.8563		5210.6427	84.0663
7		4.8719		4.8875		5225.8873	83.9581
8		4.8814		4.8844		5232.6114	83.9134
 message: Optimization terminated successfully.
 success: True
  status: 1
     fun: 5241.92439375
       x: [ 4.888e+00  4.888e+00]
    nfev: 8
   maxcv: -0.0
#############################################################################
Constraints and sensitivity
Relative impact of increasing array size to 15x15: 4.85%
#############################################################################
Optimization run history and convergence: 13x13 array
iter		drift spacing	wp spacing	footprint	wp peak temp
0		4.9730		4.9730		4051.4482	77.0999
1		4.9730		4.9730		4051.4482	77.0999
2		5.9730		4.9730		4826.2058	72.1159
3		4.9730		5.9730		4804.4690	72.1159
4		4.8480		4.9730		3954.6035	77.8343
5		4.8480		4.8480		3862.7259	78.5836
6		4.8875		4.8875		3921.9221	78.1060
7		4.8985		4.8765		3922.1447	78.1061
8		4.8820		4.8820		3913.6226	78.1723
 message: Optimization terminated successfully.
 success: True
  status: 1
     fun: 3921.9220787500008
       x: [ 4.888e+00  4.888e+00]
    nfev: 8
   maxcv: -0.0
#############################################################################
Constraints and sensitivity
Relative impact of increasing array size to 13x13: 5.47%
#############################################################################
Optimization run history and convergence: 15x15 array
iter		drift spacing	wp spacing	footprint	wp peak temp
0		4.8875		4.8875		5241.9244	82.3819
1		4.8875		4.8875		5241.9244	82.3819
2		5.8875		4.8875		6268.2994	76.4989
3		4.8875		5.8875		6242.9398	76.4989
4		4.7625		4.8875		5113.6275	83.2336
5		4.7625		4.7625		4991.5631	84.1029
6		4.8875		4.8563		5210.6427	82.5923
7		4.8719		4.8875		5225.8873	82.4869
8		4.8814		4.8844		5232.6114	82.4433
 message: Optimization terminated successfully.
 success: True
  status: 1
     fun: 5241.92439375
       x: [ 4.888e+00  4.888e+00]
    nfev: 8
   maxcv: -0.0
#############################################################################
Constraints and sensitivity
Relative impact of increasing array size to 15x15: 4.79%
#############################################################################
Optimization run history and convergence: 9x9 array
iter		drift spacing	wp spacing	footprint	wp peak temp
0		15.5526		15.5526		16486.4462	79.6683
1		15.5526		15.5526		16486.4462	79.6683
2		16.5526		15.5526		17520.9138	78.6088
3		15.5526		16.5526		17506.4226	78.6088
4		14.8455		14.8455		15065.7349	81.3962
5		14.1493		14.1277		13709.3283	83.3641
6		13.5435		13.3320		12428.6911	85.5669
7		13.3781		12.3458		11412.3788	87.6174
8		12.6306		11.6816		10239.2216	90.4092
9		11.9820		10.9204		9126.5593	93.6064
10		11.5946		9.9985		8133.8495	97.0463
11		10.8090		9.3798		7157.1795	101.2081
12		11.5674		8.7281		7143.6470	101.1374
13		12.4661		8.2894		7319.9303	100.1103
14		13.2451		7.6624		7216.7716	100.2606
15		14.0910		7.1290		7170.5673	100.1041
16		14.9284		6.5824		7049.6414	100.3054
17		15.8670		6.2375		7123.0723	99.6649
18		16.6448		5.6090		6778.9026	100.8688
19		16.7325		5.7366		6953.6531	100.0908
20		17.6368		5.3096		6828.5738	100.3738
21		17.4046		4.8668		6236.4395	103.1735
22		18.5751		4.9640		6764.6860	100.4523
23		19.0323		4.8875		6832.7686	100.0838
24		19.0735		5.1341		7154.3450	98.7396
25		19.0939		4.8772		6841.6069	100.0371
26		19.0991		4.9080		6881.8509	99.8637
27		19.0830		4.8875		6850.6177	99.9998
28		19.0796		4.8839		6844.8809	100.0250
 message: Optimization terminated successfully.
 success: True
  status: 1
     fun: 6850.617697172205
       x: [ 1.908e+01  4.888e+00]
    nfev: 28
   maxcv: -0.0
#############################################################################
Constraints and sensitivity
Relative impact of increasing array size to 9x9: 3.93%
#############################################################################
Optimization run history and convergence: 13x13 array
iter		drift spacing	wp spacing	footprint	wp peak temp
0		5.0702		5.0702		4201.3395	77.3207
1		5.0702		5.0702		4201.3395	77.3207
2		6.0702		5.0702		4990.0967	72.4047
3		5.0702		6.0702		4968.3599	72.4047
4		4.8875		4.8875		3921.9221	79.4479
5		5.0643		4.7107		3921.2646	79.4656
6		4.8654		4.8654		3888.7769	79.7210
7		4.8875		4.8433		3889.1869	79.7212
8		4.8930		4.8820		3922.0378	79.4479
9		4.8840		4.8840		3916.6094	79.4914
 message: Optimization terminated successfully.
 success: True
  status: 1
     fun: 3921.9220787500008
       x: [ 4.888e+00  4.888e+00]
    nfev: 9
   maxcv: -0.0
#############################################################################
Constraints and sensitivity
Relative impact of increasing array size to 13x13: 5.54%
#############################################################################
Optimization run history and convergence: 15x15 array
iter		drift spacing	wp spacing	footprint	wp peak temp
0		4.8875		4.8875		5241.9244	83.8503
1		4.8875		4.8875		5241.9244	83.8503
2		5.8875		4.8875		6268.2994	77.8229
3		4.8875		5.8875		6242.9398	77.8229
4		4.7625		4.8875		5113.6275	84.7249
5		4.7625		4.7625		4991.5631	85.6176
6		4.8875		4.8563		5210.6427	84.0663
7		4.8719		4.8875		5225.8873	83.9581
8		4.8814		4.8844		5232.6114	83.9134
 message: Optimization terminated successfully.
 success: True
  status: 1
     fun: 5241.92439375
       x: [ 4.888e+00  4.888e+00]
    nfev: 8
   maxcv: -0.0
#############################################################################
Constraints and sensitivity
Relative impact of increasing array size to 15x15: 4.85%
