#############################################################################
Optimization run history and convergence: 11x11 array
iter		drift spacing	wp spacing	footprint	wp peak temp
0		4.8875		4.8875		2779.0804	47.7369
1		4.8875		4.8875		2779.0804	47.7369
2		5.8875		4.8875		3316.7054	45.8167
3		4.8875		5.8875		3295.9984	45.8167
4		4.7625		4.8875		2711.8773	48.0111
5		4.7625		4.7625		2648.8250	48.2908
6		4.8875		4.8563		2762.9267	47.8047
7		4.8719		4.8875		2770.6800	47.7707
8		4.8814		4.8844		2774.2247	47.7567
 message: Optimization terminated successfully.
 success: True
  status: 1
     fun: 2779.0803975000003
       x: [ 4.888e+00  4.888e+00]
    nfev: 8
   maxcv: -0.0
#############################################################################
Constraints and sensitivity
Relative impact of increasing array size to 11x11: 4.17%
#############################################################################
Optimization run history and convergence: 11x11 array
iter		drift spacing	wp spacing	footprint	wp peak temp
0		4.8875		4.8875		2779.0804	48.2744
1		4.8875		4.8875		2779.0804	48.2744
2		5.8875		4.8875		3316.7054	46.3030
3		4.8875		5.8875		3295.9984	46.3030
4		4.7625		4.8875		2711.8773	48.5559
5		4.7625		4.7625		2648.8250	48.8430
6		4.8875		4.8563		2762.9267	48.3440
7		4.8719		4.8875		2770.6800	48.3091
8		4.8814		4.8844		2774.2247	48.2947
 message: Optimization terminated successfully.
 success: True
  status: 1
     fun: 2779.0803975000003
       x: [ 4.888e+00  4.888e+00]
    nfev: 8
   maxcv: -0.0
#############################################################################
Constraints and sensitivity
Relative impact of increasing array size to 11x11: 4.23%
#############################################################################
Optimization run history and convergence: 13x13 array
iter		drift spacing	wp spacing	footprint	wp peak temp
0		4.8875		4.8875		3905.4468	60.0393
1		4.8875		4.8875		3905.4468	60.0393
2		5.8875		4.8875		4667.8968	56.7944
3		4.8875		5.8875		4643.0484	56.7944
4		4.7625		4.8875		3810.1406	60.5027
5		4.7625		4.7625		3720.1904	60.9905
6		4.8875		4.8563		3882.3968	60.1538
7		4.8719		4.8875		3893.5335	60.0964
8		4.8814		4.8844		3898.5469	60.0727
 message: Optimization terminated successfully.
 success: True
  status: 1
     fun: 3905.446805000001
       x: [ 4.888e+00  4.888e+00]
    nfev: 8
   maxcv: -0.0
#############################################################################
Constraints and sensitivity
Relative impact of increasing array size to 13x13: 4.51%
#############################################################################
Optimization run history and convergence: 11x11 array
iter		drift spacing	wp spacing	footprint	wp peak temp
0		4.8875		4.8875		2779.0804	47.7369
1		4.8875		4.8875		2779.0804	47.7369
2		5.8875		4.8875		3316.7054	45.8167
3		4.8875		5.8875		3295.9984	45.8167
4		4.7625		4.8875		2711.8773	48.0111
5		4.7625		4.7625		2648.8250	48.2908
6		4.8875		4.8563		2762.9267	47.8047
7		4.8719		4.8875		2770.6800	47.7707
8		4.8814		4.8844		2774.2247	47.7567
 message: Optimization terminated successfully.
 success: True
  status: 1
     fun: 2779.0803975000003
       x: [ 4.888e+00  4.888e+00]
    nfev: 8
   maxcv: -0.0
#############################################################################
Constraints and sensitivity
Relative impact of increasing array size to 11x11: 4.17%
#############################################################################
Optimization run history and convergence: 13x13 array
iter		drift spacing	wp spacing	footprint	wp peak temp
0		4.8875		4.8875		3905.4468	60.0393
1		4.8875		4.8875		3905.4468	60.0393
2		5.8875		4.8875		4667.8968	56.7944
3		4.8875		5.8875		4643.0484	56.7944
4		4.7625		4.8875		3810.1406	60.5027
5		4.7625		4.7625		3720.1904	60.9905
6		4.8875		4.8563		3882.3968	60.1538
7		4.8719		4.8875		3893.5335	60.0964
8		4.8814		4.8844		3898.5469	60.0727
 message: Optimization terminated successfully.
 success: True
  status: 1
     fun: 3905.446805000001
       x: [ 4.888e+00  4.888e+00]
    nfev: 8
   maxcv: -0.0
#############################################################################
Constraints and sensitivity
Relative impact of increasing array size to 13x13: 4.51%
#############################################################################
Optimization run history and convergence: 11x11 array
iter		drift spacing	wp spacing	footprint	wp peak temp
0		4.8875		4.8875		2779.0804	48.2744
1		4.8875		4.8875		2779.0804	48.2744
2		5.8875		4.8875		3316.7054	46.3030
3		4.8875		5.8875		3295.9984	46.3030
4		4.7625		4.8875		2711.8773	48.5559
5		4.7625		4.7625		2648.8250	48.8430
6		4.8875		4.8563		2762.9267	48.3440
7		4.8719		4.8875		2770.6800	48.3091
8		4.8814		4.8844		2774.2247	48.2947
 message: Optimization terminated successfully.
 success: True
  status: 1
     fun: 2779.0803975000003
       x: [ 4.888e+00  4.888e+00]
    nfev: 8
   maxcv: -0.0
#############################################################################
Constraints and sensitivity
Relative impact of increasing array size to 11x11: 4.23%
#############################################################################
Optimization run history and convergence: 11x11 array
iter		drift spacing	wp spacing	footprint	wp peak temp
0		4.8875		4.8875		2779.0804	47.7369
1		4.8875		4.8875		2779.0804	47.7369
2		5.8875		4.8875		3316.7054	45.8167
3		4.8875		5.8875		3295.9984	45.8167
4		4.7625		4.8875		2711.8773	48.0111
5		4.7625		4.7625		2648.8250	48.2908
6		4.8875		4.8563		2762.9267	47.8047
7		4.8719		4.8875		2770.6800	47.7707
8		4.8814		4.8844		2774.2247	47.7567
 message: Optimization terminated successfully.
 success: True
  status: 1
     fun: 2779.0803975000003
       x: [ 4.888e+00  4.888e+00]
    nfev: 8
   maxcv: -0.0
#############################################################################
Constraints and sensitivity
Relative impact of increasing array size to 11x11: 4.17%
#############################################################################
Optimization run history and convergence: 13x13 array
iter		drift spacing	wp spacing	footprint	wp peak temp
0		4.8875		4.8875		3905.4468	60.0393
1		4.8875		4.8875		3905.4468	60.0393
2		5.8875		4.8875		4667.8968	56.7944
3		4.8875		5.8875		4643.0484	56.7944
4		4.7625		4.8875		3810.1406	60.5027
5		4.7625		4.7625		3720.1904	60.9905
6		4.8875		4.8563		3882.3968	60.1538
7		4.8719		4.8875		3893.5335	60.0964
8		4.8814		4.8844		3898.5469	60.0727
 message: Optimization terminated successfully.
 success: True
  status: 1
     fun: 3905.446805000001
       x: [ 4.888e+00  4.888e+00]
    nfev: 8
   maxcv: -0.0
#############################################################################
Constraints and sensitivity
Relative impact of increasing array size to 13x13: 4.51%
#############################################################################
Optimization run history and convergence: 11x11 array
iter		drift spacing	wp spacing	footprint	wp peak temp
0		4.8875		4.8875		2779.0804	48.2744
1		4.8875		4.8875		2779.0804	48.2744
2		5.8875		4.8875		3316.7054	46.3030
3		4.8875		5.8875		3295.9984	46.3030
4		4.7625		4.8875		2711.8773	48.5559
5		4.7625		4.7625		2648.8250	48.8430
6		4.8875		4.8563		2762.9267	48.3440
7		4.8719		4.8875		2770.6800	48.3091
8		4.8814		4.8844		2774.2247	48.2947
 message: Optimization terminated successfully.
 success: True
  status: 1
     fun: 2779.0803975000003
       x: [ 4.888e+00  4.888e+00]
    nfev: 8
   maxcv: -0.0
#############################################################################
Constraints and sensitivity
Relative impact of increasing array size to 11x11: 4.23%
#############################################################################
Optimization run history and convergence: 11x11 array
iter		drift spacing	wp spacing	footprint	wp peak temp
0		4.8875		4.8875		2779.0804	47.7369
1		4.8875		4.8875		2779.0804	47.7369
2		5.8875		4.8875		3316.7054	45.8167
3		4.8875		5.8875		3295.9984	45.8167
4		4.7625		4.8875		2711.8773	48.0111
5		4.7625		4.7625		2648.8250	48.2908
6		4.8875		4.8563		2762.9267	47.8047
7		4.8719		4.8875		2770.6800	47.7707
8		4.8814		4.8844		2774.2247	47.7567
 message: Optimization terminated successfully.
 success: True
  status: 1
     fun: 2779.0803975000003
       x: [ 4.888e+00  4.888e+00]
    nfev: 8
   maxcv: -0.0
#############################################################################
Constraints and sensitivity
Relative impact of increasing array size to 11x11: 4.17%
#############################################################################
Optimization run history and convergence: 13x13 array
iter		drift spacing	wp spacing	footprint	wp peak temp
0		4.8875		4.8875		3905.4468	60.0393
1		4.8875		4.8875		3905.4468	60.0393
2		5.8875		4.8875		4667.8968	56.7944
3		4.8875		5.8875		4643.0484	56.7944
4		4.7625		4.8875		3810.1406	60.5027
5		4.7625		4.7625		3720.1904	60.9905
6		4.8875		4.8563		3882.3968	60.1538
7		4.8719		4.8875		3893.5335	60.0964
8		4.8814		4.8844		3898.5469	60.0727
 message: Optimization terminated successfully.
 success: True
  status: 1
     fun: 3905.446805000001
       x: [ 4.888e+00  4.888e+00]
    nfev: 8
   maxcv: -0.0
#############################################################################
Constraints and sensitivity
Relative impact of increasing array size to 13x13: 4.51%
#############################################################################
Optimization run history and convergence: 11x11 array
iter		drift spacing	wp spacing	footprint	wp peak temp
0		4.8875		4.8875		2779.0804	48.2744
1		4.8875		4.8875		2779.0804	48.2744
2		5.8875		4.8875		3316.7054	46.3030
3		4.8875		5.8875		3295.9984	46.3030
4		4.7625		4.8875		2711.8773	48.5559
5		4.7625		4.7625		2648.8250	48.8430
6		4.8875		4.8563		2762.9267	48.3440
7		4.8719		4.8875		2770.6800	48.3091
8		4.8814		4.8844		2774.2247	48.2947
 message: Optimization terminated successfully.
 success: True
  status: 1
     fun: 2779.0803975000003
       x: [ 4.888e+00  4.888e+00]
    nfev: 8
   maxcv: -0.0
#############################################################################
Constraints and sensitivity
Relative impact of increasing array size to 11x11: 4.23%
#############################################################################
Optimization run history and convergence: 11x11 array
iter		drift spacing	wp spacing	footprint	wp peak temp
0		4.8875		4.8875		2779.0804	47.7369
1		4.8875		4.8875		2779.0804	47.7369
2		5.8875		4.8875		3316.7054	45.8167
3		4.8875		5.8875		3295.9984	45.8167
4		4.7625		4.8875		2711.8773	48.0111
5		4.7625		4.7625		2648.8250	48.2908
6		4.8875		4.8563		2762.9267	47.8047
7		4.8719		4.8875		2770.6800	47.7707
8		4.8814		4.8844		2774.2247	47.7567
 message: Optimization terminated successfully.
 success: True
  status: 1
     fun: 2779.0803975000003
       x: [ 4.888e+00  4.888e+00]
    nfev: 8
   maxcv: -0.0
#############################################################################
Constraints and sensitivity
Relative impact of increasing array size to 11x11: 4.17%
#############################################################################
Optimization run history and convergence: 11x11 array
iter		drift spacing	wp spacing	footprint	wp peak temp
0		8.8639		4.8875		4916.9089	79.8764
1		8.8639		4.8875		4916.9089	79.8764
2		9.8639		4.8875		5454.5339	76.7619
3		8.8639		5.8875		5831.4700	75.7391
4		7.8639		4.8875		4379.2839	83.5950
5		6.8639		4.8875		3841.6589	88.1473
6		5.8639		4.8875		3304.0339	93.7255
7		4.8875		4.8875		2779.0804	100.5160
8		4.8875		4.3875		2520.6214	104.6764
9		5.0125		4.8875		2846.2835	99.5559
10		4.8875		4.9500		2811.3878	100.0323
11		4.9210		4.9210		2814.4799	99.9975
12		4.9158		4.9151		2808.6431	100.0824
13		4.9269		4.9158		2815.0050	99.9915
 message: Optimization terminated successfully.
 success: True
  status: 1
     fun: 2814.4799352037708
       x: [ 4.921e+00  4.921e+00]
    nfev: 13
   maxcv: 0.0
#############################################################################
Constraints and sensitivity
Relative impact of increasing array size to 11x11: 7.12%
#############################################################################
Optimization run history and convergence: 13x13 array
iter		drift spacing	wp spacing	footprint	wp peak temp
0		4.9210		4.9210		3955.8034	107.1151
1		4.9210		4.9210		3955.8034	107.1151
2		5.9210		4.9210		4723.0720	99.2200
3		4.9210		5.9210		4698.2236	99.2200
4		5.9210		5.9210		5609.4922	92.3971
5		5.7960		4.9210		4627.1634	100.1102
6		5.7960		4.7960		4518.6109	101.0981
7		5.8486		4.8875		4638.2178	99.9921
8		5.8402		4.8743		4620.2908	100.1553
9		5.8420		4.8917		4636.8605	100.0067
10		5.8475		4.8875		4637.3784	100.0000
 message: Optimization terminated successfully.
 success: True
  status: 1
     fun: 4637.37836684494
       x: [ 5.847e+00  4.888e+00]
    nfev: 10
   maxcv: -0.0
#############################################################################
Constraints and sensitivity
Relative impact of increasing array size to 13x13: 5.58%
#############################################################################
Optimization run history and convergence: 15x15 array
iter		drift spacing	wp spacing	footprint	wp peak temp
0		5.8475		4.8875		6208.2069	105.5818
1		5.8475		4.8875		6208.2069	105.5818
2		6.8475		4.8875		7234.5819	98.3782
3		5.8475		5.8875		7393.7469	97.8358
4		6.8475		4.6375		6889.1970	100.3393
5		6.6223		4.8875		7003.5013	99.8702
6		6.6223		4.9500		7087.0896	99.3847
7		6.5911		4.8875		6971.4271	100.0828
8		6.6033		4.8875		6983.9178	99.9998
9		6.6033		4.8953		6994.3372	99.9386
 message: Optimization terminated successfully.
 success: True
  status: 1
     fun: 6983.917844829438
       x: [ 6.603e+00  4.888e+00]
    nfev: 9
   maxcv: -0.0
#############################################################################
Constraints and sensitivity
Relative impact of increasing array size to 15x15: 4.45%
#############################################################################
Optimization run history and convergence: 11x11 array
iter		drift spacing	wp spacing	footprint	wp peak temp
0		4.8875		4.8875		2779.0804	48.2744
1		4.8875		4.8875		2779.0804	48.2744
2		5.8875		4.8875		3316.7054	46.3030
3		4.8875		5.8875		3295.9984	46.3030
4		4.7625		4.8875		2711.8773	48.5559
5		4.7625		4.7625		2648.8250	48.8430
6		4.8875		4.8563		2762.9267	48.3440
7		4.8719		4.8875		2770.6800	48.3091
8		4.8814		4.8844		2774.2247	48.2947
 message: Optimization terminated successfully.
 success: True
  status: 1
     fun: 2779.0803975000003
       x: [ 4.888e+00  4.888e+00]
    nfev: 8
   maxcv: -0.0
#############################################################################
Constraints and sensitivity
Relative impact of increasing array size to 11x11: 4.23%
