#############################################################################
Optimization run history and convergence: 9x9 array
iter		drift spacing	wp spacing	footprint	wp peak temp
0		6.4263		6.4263		3022.6334	76.0947
1		6.4263		6.4263		3022.6334	76.0947
2		7.4263		6.4263		3473.9187	73.1481
3		6.4263		7.4263		3451.2947	73.1481
4		5.7192		5.7192		2432.4172	81.3229
5		5.0244		5.0000		1906.5419	88.1361
6		5.3841		4.6526		1910.2633	88.1457
7		4.9376		4.9101		1845.3048	89.1524
8		5.0694		4.9566		1907.8815	88.1292
9		5.0000		5.0000		1897.7400	88.2743
10		5.0000		4.9844		1892.4685	88.3631
11		4.9950		5.0000		1895.9400	88.3027
 message: Optimization terminated successfully.
 success: True
  status: 1
     fun: 1897.7399999999998
       x: [ 5.000e+00  5.000e+00]
    nfev: 11
   maxcv: -0.0
#############################################################################
Constraints and sensitivity
Relative impact of increasing array size to 9x9: 5.88%
#############################################################################
Optimization run history and convergence: 11x11 array
iter		drift spacing	wp spacing	footprint	wp peak temp
0		5.0000		5.0000		2869.4600	93.4662
1		5.0000		5.0000		2869.4600	93.4662
2		6.0000		5.0000		3419.4600	87.5397
3		5.0000		6.0000		3391.1800	87.5397
4		4.8750		5.0000		2800.7100	94.3287
5		4.8750		4.8750		2737.0575	95.2090
6		5.0000		4.9688		2853.1562	93.6791
7		4.9844		5.0000		2860.8663	93.5724
8		4.9939		4.9969		2864.5142	93.5283
 message: Optimization terminated successfully.
 success: True
  status: 1
     fun: 2869.46
       x: [ 5.000e+00  5.000e+00]
    nfev: 8
   maxcv: -0.0
#############################################################################
Constraints and sensitivity
Relative impact of increasing array size to 11x11: 4.83%
#############################################################################
Optimization run history and convergence: 9x9 array
iter		drift spacing	wp spacing	footprint	wp peak temp
0		5.0000		5.0000		1897.7400	41.0667
1		5.0000		5.0000		1897.7400	41.0667
2		6.0000		5.0000		2257.7400	39.9469
3		5.0000		6.0000		2235.1160	39.9469
4		4.8750		5.0000		1852.7400	41.2276
5		4.8750		4.8750		1811.5680	41.3917
6		5.0000		4.9688		1887.1970	41.1064
7		4.9844		5.0000		1892.1150	41.0865
8		4.9939		4.9969		1894.5153	41.0783
 message: Optimization terminated successfully.
 success: True
  status: 1
     fun: 1897.7399999999998
       x: [ 5.000e+00  5.000e+00]
    nfev: 8
   maxcv: -0.0
#############################################################################
Constraints and sensitivity
Relative impact of increasing array size to 9x9: 2.59%
#############################################################################
Optimization run history and convergence: 9x9 array
iter		drift spacing	wp spacing	footprint	wp peak temp
0		5.0000		5.0000		1899.5400	50.4770
1		5.0000		5.0000		1899.5400	50.4770
2		6.0000		5.0000		2259.5400	48.6690
3		5.0000		6.0000		2237.2360	48.6690
4		4.8750		5.0000		1854.5400	50.7394
5		4.8750		4.8750		1813.3280	51.0071
6		5.0000		4.9688		1888.9870	50.5418
7		4.9844		5.0000		1893.9150	50.5094
8		4.9939		4.9969		1896.3143	50.4959
 message: Optimization terminated successfully.
 success: True
  status: 1
     fun: 1899.5400000000002
       x: [ 5.000e+00  5.000e+00]
    nfev: 8
   maxcv: -0.0
#############################################################################
Constraints and sensitivity
Relative impact of increasing array size to 9x9: 4.80%
#############################################################################
Optimization run history and convergence: 9x9 array
iter		drift spacing	wp spacing	footprint	wp peak temp
0		6.4263		6.4263		3022.6334	76.0947
1		6.4263		6.4263		3022.6334	76.0947
2		7.4263		6.4263		3473.9187	73.1481
3		6.4263		7.4263		3451.2947	73.1481
4		5.7192		5.7192		2432.4172	81.3229
5		5.0244		5.0000		1906.5419	88.1361
6		5.3841		4.6526		1910.2633	88.1457
7		4.9376		4.9101		1845.3048	89.1524
8		5.0694		4.9566		1907.8815	88.1292
9		5.0000		5.0000		1897.7400	88.2743
10		5.0000		4.9844		1892.4685	88.3631
11		4.9950		5.0000		1895.9400	88.3027
 message: Optimization terminated successfully.
 success: True
  status: 1
     fun: 1897.7399999999998
       x: [ 5.000e+00  5.000e+00]
    nfev: 11
   maxcv: -0.0
#############################################################################
Constraints and sensitivity
Relative impact of increasing array size to 9x9: 5.88%
#############################################################################
Optimization run history and convergence: 11x11 array
iter		drift spacing	wp spacing	footprint	wp peak temp
0		5.0000		5.0000		2869.4600	93.4662
1		5.0000		5.0000		2869.4600	93.4662
2		6.0000		5.0000		3419.4600	87.5397
3		5.0000		6.0000		3391.1800	87.5397
4		4.8750		5.0000		2800.7100	94.3287
5		4.8750		4.8750		2737.0575	95.2090
6		5.0000		4.9688		2853.1562	93.6791
7		4.9844		5.0000		2860.8663	93.5724
8		4.9939		4.9969		2864.5142	93.5283
 message: Optimization terminated successfully.
 success: True
  status: 1
     fun: 2869.46
       x: [ 5.000e+00  5.000e+00]
    nfev: 8
   maxcv: -0.0
#############################################################################
Constraints and sensitivity
Relative impact of increasing array size to 11x11: 4.83%
#############################################################################
Optimization run history and convergence: 9x9 array
iter		drift spacing	wp spacing	footprint	wp peak temp
0		6.4263		6.4263		3022.6334	76.0947
1		6.4263		6.4263		3022.6334	76.0947
2		7.4263		6.4263		3473.9187	73.1481
3		6.4263		7.4263		3451.2947	73.1481
4		5.7192		5.7192		2432.4172	81.3229
5		5.0244		5.0000		1906.5419	88.1361
6		5.3841		4.6526		1910.2633	88.1457
7		4.9376		4.9101		1845.3048	89.1524
8		5.0694		4.9566		1907.8815	88.1292
9		5.0000		5.0000		1897.7400	88.2743
10		5.0000		4.9844		1892.4685	88.3631
11		4.9950		5.0000		1895.9400	88.3027
 message: Optimization terminated successfully.
 success: True
  status: 1
     fun: 1897.7399999999998
       x: [ 5.000e+00  5.000e+00]
    nfev: 11
   maxcv: -0.0
#############################################################################
Constraints and sensitivity
Relative impact of increasing array size to 9x9: 5.88%
#############################################################################
Optimization run history and convergence: 11x11 array
iter		drift spacing	wp spacing	footprint	wp peak temp
0		5.0000		5.0000		2869.4600	93.4662
1		5.0000		5.0000		2869.4600	93.4662
2		6.0000		5.0000		3419.4600	87.5397
3		5.0000		6.0000		3391.1800	87.5397
4		4.8750		5.0000		2800.7100	94.3287
5		4.8750		4.8750		2737.0575	95.2090
6		5.0000		4.9688		2853.1562	93.6791
7		4.9844		5.0000		2860.8663	93.5724
8		4.9939		4.9969		2864.5142	93.5283
 message: Optimization terminated successfully.
 success: True
  status: 1
     fun: 2869.46
       x: [ 5.000e+00  5.000e+00]
    nfev: 8
   maxcv: -0.0
#############################################################################
Constraints and sensitivity
Relative impact of increasing array size to 11x11: 4.83%
#############################################################################
Optimization run history and convergence: 9x9 array
iter		drift spacing	wp spacing	footprint	wp peak temp
0		5.0000		5.0000		1897.7400	41.0667
1		5.0000		5.0000		1897.7400	41.0667
2		6.0000		5.0000		2257.7400	39.9469
3		5.0000		6.0000		2235.1160	39.9469
4		4.8750		5.0000		1852.7400	41.2276
5		4.8750		4.8750		1811.5680	41.3917
6		5.0000		4.9688		1887.1970	41.1064
7		4.9844		5.0000		1892.1150	41.0865
8		4.9939		4.9969		1894.5153	41.0783
 message: Optimization terminated successfully.
 success: True
  status: 1
     fun: 1897.7399999999998
       x: [ 5.000e+00  5.000e+00]
    nfev: 8
   maxcv: -0.0
#############################################################################
Constraints and sensitivity
Relative impact of increasing array size to 9x9: 2.59%
#############################################################################
Optimization run history and convergence: 9x9 array
iter		drift spacing	wp spacing	footprint	wp peak temp
0		5.0000		5.0000		1899.5400	50.4770
1		5.0000		5.0000		1899.5400	50.4770
2		6.0000		5.0000		2259.5400	48.6690
3		5.0000		6.0000		2237.2360	48.6690
4		4.8750		5.0000		1854.5400	50.7394
5		4.8750		4.8750		1813.3280	51.0071
6		5.0000		4.9688		1888.9870	50.5418
7		4.9844		5.0000		1893.9150	50.5094
8		4.9939		4.9969		1896.3143	50.4959
 message: Optimization terminated successfully.
 success: True
  status: 1
     fun: 1899.5400000000002
       x: [ 5.000e+00  5.000e+00]
    nfev: 8
   maxcv: -0.0
#############################################################################
Constraints and sensitivity
Relative impact of increasing array size to 9x9: 4.80%
#############################################################################
Optimization run history and convergence: 9x9 array
iter		drift spacing	wp spacing	footprint	wp peak temp
0		6.4263		6.4263		3022.6334	76.0947
1		6.4263		6.4263		3022.6334	76.0947
2		7.4263		6.4263		3473.9187	73.1481
3		6.4263		7.4263		3451.2947	73.1481
4		5.7192		5.7192		2432.4172	81.3229
5		5.0244		5.0000		1906.5419	88.1361
6		5.3841		4.6526		1910.2633	88.1457
7		4.9376		4.9101		1845.3048	89.1524
8		5.0694		4.9566		1907.8815	88.1292
9		5.0000		5.0000		1897.7400	88.2743
10		5.0000		4.9844		1892.4685	88.3631
11		4.9950		5.0000		1895.9400	88.3027
 message: Optimization terminated successfully.
 success: True
  status: 1
     fun: 1897.7399999999998
       x: [ 5.000e+00  5.000e+00]
    nfev: 11
   maxcv: -0.0
#############################################################################
Constraints and sensitivity
Relative impact of increasing array size to 9x9: 5.88%
#############################################################################
Optimization run history and convergence: 11x11 array
iter		drift spacing	wp spacing	footprint	wp peak temp
0		5.0000		5.0000		2869.4600	93.4662
1		5.0000		5.0000		2869.4600	93.4662
2		6.0000		5.0000		3419.4600	87.5397
3		5.0000		6.0000		3391.1800	87.5397
4		4.8750		5.0000		2800.7100	94.3287
5		4.8750		4.8750		2737.0575	95.2090
6		5.0000		4.9688		2853.1562	93.6791
7		4.9844		5.0000		2860.8663	93.5724
8		4.9939		4.9969		2864.5142	93.5283
 message: Optimization terminated successfully.
 success: True
  status: 1
     fun: 2869.46
       x: [ 5.000e+00  5.000e+00]
    nfev: 8
   maxcv: -0.0
#############################################################################
Constraints and sensitivity
Relative impact of increasing array size to 11x11: 4.83%
#############################################################################
Optimization run history and convergence: 9x9 array
iter		drift spacing	wp spacing	footprint	wp peak temp
0		5.0000		5.0000		1897.7400	41.0667
1		5.0000		5.0000		1897.7400	41.0667
2		6.0000		5.0000		2257.7400	39.9469
3		5.0000		6.0000		2235.1160	39.9469
4		4.8750		5.0000		1852.7400	41.2276
5		4.8750		4.8750		1811.5680	41.3917
6		5.0000		4.9688		1887.1970	41.1064
7		4.9844		5.0000		1892.1150	41.0865
8		4.9939		4.9969		1894.5153	41.0783
 message: Optimization terminated successfully.
 success: True
  status: 1
     fun: 1897.7399999999998
       x: [ 5.000e+00  5.000e+00]
    nfev: 8
   maxcv: -0.0
#############################################################################
Constraints and sensitivity
Relative impact of increasing array size to 9x9: 2.59%
#############################################################################
Optimization run history and convergence: 9x9 array
iter		drift spacing	wp spacing	footprint	wp peak temp
0		6.4263		6.4263		3022.6334	76.0947
1		6.4263		6.4263		3022.6334	76.0947
2		7.4263		6.4263		3473.9187	73.1481
3		6.4263		7.4263		3451.2947	73.1481
4		5.7192		5.7192		2432.4172	81.3229
5		5.0244		5.0000		1906.5419	88.1361
6		5.3841		4.6526		1910.2633	88.1457
7		4.9376		4.9101		1845.3048	89.1524
8		5.0694		4.9566		1907.8815	88.1292
9		5.0000		5.0000		1897.7400	88.2743
10		5.0000		4.9844		1892.4685	88.3631
11		4.9950		5.0000		1895.9400	88.3027
 message: Optimization terminated successfully.
 success: True
  status: 1
     fun: 1897.7399999999998
       x: [ 5.000e+00  5.000e+00]
    nfev: 11
   maxcv: -0.0
#############################################################################
Constraints and sensitivity
Relative impact of increasing array size to 9x9: 5.88%
#############################################################################
Optimization run history and convergence: 11x11 array
iter		drift spacing	wp spacing	footprint	wp peak temp
0		5.0000		5.0000		2869.4600	93.4662
1		5.0000		5.0000		2869.4600	93.4662
2		6.0000		5.0000		3419.4600	87.5397
3		5.0000		6.0000		3391.1800	87.5397
4		4.8750		5.0000		2800.7100	94.3287
5		4.8750		4.8750		2737.0575	95.2090
6		5.0000		4.9688		2853.1562	93.6791
7		4.9844		5.0000		2860.8663	93.5724
8		4.9939		4.9969		2864.5142	93.5283
 message: Optimization terminated successfully.
 success: True
  status: 1
     fun: 2869.46
       x: [ 5.000e+00  5.000e+00]
    nfev: 8
   maxcv: -0.0
#############################################################################
Constraints and sensitivity
Relative impact of increasing array size to 11x11: 4.83%
#############################################################################
Optimization run history and convergence: 9x9 array
iter		drift spacing	wp spacing	footprint	wp peak temp
0		5.0000		5.0000		1897.7400	41.0667
1		5.0000		5.0000		1897.7400	41.0667
2		6.0000		5.0000		2257.7400	39.9469
3		5.0000		6.0000		2235.1160	39.9469
4		4.8750		5.0000		1852.7400	41.2276
5		4.8750		4.8750		1811.5680	41.3917
6		5.0000		4.9688		1887.1970	41.1064
7		4.9844		5.0000		1892.1150	41.0865
8		4.9939		4.9969		1894.5153	41.0783
 message: Optimization terminated successfully.
 success: True
  status: 1
     fun: 1897.7399999999998
       x: [ 5.000e+00  5.000e+00]
    nfev: 8
   maxcv: -0.0
#############################################################################
Constraints and sensitivity
Relative impact of increasing array size to 9x9: 2.59%
#############################################################################
Optimization run history and convergence: 9x9 array
iter		drift spacing	wp spacing	footprint	wp peak temp
0		5.0000		5.0000		1899.5400	50.4770
1		5.0000		5.0000		1899.5400	50.4770
2		6.0000		5.0000		2259.5400	48.6690
3		5.0000		6.0000		2237.2360	48.6690
4		4.8750		5.0000		1854.5400	50.7394
5		4.8750		4.8750		1813.3280	51.0071
6		5.0000		4.9688		1888.9870	50.5418
7		4.9844		5.0000		1893.9150	50.5094
8		4.9939		4.9969		1896.3143	50.4959
 message: Optimization terminated successfully.
 success: True
  status: 1
     fun: 1899.5400000000002
       x: [ 5.000e+00  5.000e+00]
    nfev: 8
   maxcv: -0.0
#############################################################################
Constraints and sensitivity
Relative impact of increasing array size to 9x9: 4.80%
#############################################################################
Optimization run history and convergence: 9x9 array
iter		drift spacing	wp spacing	footprint	wp peak temp
0		5.0000		5.0000		1899.5400	50.4770
1		5.0000		5.0000		1899.5400	50.4770
2		6.0000		5.0000		2259.5400	48.6690
3		5.0000		6.0000		2237.2360	48.6690
4		4.8750		5.0000		1854.5400	50.7394
5		4.8750		4.8750		1813.3280	51.0071
6		5.0000		4.9688		1888.9870	50.5418
7		4.9844		5.0000		1893.9150	50.5094
8		4.9939		4.9969		1896.3143	50.4959
 message: Optimization terminated successfully.
 success: True
  status: 1
     fun: 1899.5400000000002
       x: [ 5.000e+00  5.000e+00]
    nfev: 8
   maxcv: -0.0
#############################################################################
Constraints and sensitivity
Relative impact of increasing array size to 9x9: 4.80%
#############################################################################
Optimization run history and convergence: 9x9 array
iter		drift spacing	wp spacing	footprint	wp peak temp
0		6.4263		6.4263		3022.6334	76.0947
1		6.4263		6.4263		3022.6334	76.0947
2		7.4263		6.4263		3473.9187	73.1481
3		6.4263		7.4263		3451.2947	73.1481
4		5.7192		5.7192		2432.4172	81.3229
5		5.0244		5.0000		1906.5419	88.1361
6		5.3841		4.6526		1910.2633	88.1457
7		4.9376		4.9101		1845.3048	89.1524
8		5.0694		4.9566		1907.8815	88.1292
9		5.0000		5.0000		1897.7400	88.2743
10		5.0000		4.9844		1892.4685	88.3631
11		4.9950		5.0000		1895.9400	88.3027
 message: Optimization terminated successfully.
 success: True
  status: 1
     fun: 1897.7399999999998
       x: [ 5.000e+00  5.000e+00]
    nfev: 11
   maxcv: -0.0
#############################################################################
Constraints and sensitivity
Relative impact of increasing array size to 9x9: 5.88%
#############################################################################
Optimization run history and convergence: 11x11 array
iter		drift spacing	wp spacing	footprint	wp peak temp
0		5.0000		5.0000		2869.4600	93.4662
1		5.0000		5.0000		2869.4600	93.4662
2		6.0000		5.0000		3419.4600	87.5397
3		5.0000		6.0000		3391.1800	87.5397
4		4.8750		5.0000		2800.7100	94.3287
5		4.8750		4.8750		2737.0575	95.2090
6		5.0000		4.9688		2853.1562	93.6791
7		4.9844		5.0000		2860.8663	93.5724
8		4.9939		4.9969		2864.5142	93.5283
 message: Optimization terminated successfully.
 success: True
  status: 1
     fun: 2869.46
       x: [ 5.000e+00  5.000e+00]
    nfev: 8
   maxcv: -0.0
#############################################################################
Constraints and sensitivity
Relative impact of increasing array size to 11x11: 4.83%
#############################################################################
Optimization run history and convergence: 9x9 array
iter		drift spacing	wp spacing	footprint	wp peak temp
0		5.0000		5.0000		1897.7400	41.0667
1		5.0000		5.0000		1897.7400	41.0667
2		6.0000		5.0000		2257.7400	39.9469
3		5.0000		6.0000		2235.1160	39.9469
4		4.8750		5.0000		1852.7400	41.2276
5		4.8750		4.8750		1811.5680	41.3917
6		5.0000		4.9688		1887.1970	41.1064
7		4.9844		5.0000		1892.1150	41.0865
8		4.9939		4.9969		1894.5153	41.0783
 message: Optimization terminated successfully.
 success: True
  status: 1
     fun: 1897.7399999999998
       x: [ 5.000e+00  5.000e+00]
    nfev: 8
   maxcv: -0.0
#############################################################################
Constraints and sensitivity
Relative impact of increasing array size to 9x9: 2.59%
#############################################################################
Optimization run history and convergence: 9x9 array
iter		drift spacing	wp spacing	footprint	wp peak temp
0		5.0000		5.0000		1899.5400	50.4770
1		5.0000		5.0000		1899.5400	50.4770
2		6.0000		5.0000		2259.5400	48.6690
3		5.0000		6.0000		2237.2360	48.6690
4		4.8750		5.0000		1854.5400	50.7394
5		4.8750		4.8750		1813.3280	51.0071
6		5.0000		4.9688		1888.9870	50.5418
7		4.9844		5.0000		1893.9150	50.5094
8		4.9939		4.9969		1896.3143	50.4959
 message: Optimization terminated successfully.
 success: True
  status: 1
     fun: 1899.5400000000002
       x: [ 5.000e+00  5.000e+00]
    nfev: 8
   maxcv: -0.0
#############################################################################
Constraints and sensitivity
Relative impact of increasing array size to 9x9: 4.80%
