Repository Footprint Minimization Code v.0.1 
Subpackage in the NWPY Python Package 
Written by Milos Atz 
Nuclear Waste Management Group 
University of California, Berkeley 
Output file generated: 2024-05-01 01:20:55
#############################################################################
Host rock, wasteform, and repository data 
Limit for effect of adjacent sources: 5% 
Repository type: clay repository array
Rock thermal conductivity [W/m/K]: 1.75
Rock thermal diffusivity [m^2/s]: 6.45e-07
Waste ID: snf
Package loading (units): 12.0
Waste package length [m]: 5.0
Waste package diameter [m]: 1.3900000000000001
Surface storage time [y]: 50.0
Repository ambient temperature [C]: 27.5
Waste package temperature limit [C]: 100.0
Rock wall temperature limit [C]: 100.0
#############################################################################
Optimization run history and convergence: 9x9 array
iter		drift spacing	wp spacing	footprint	wp peak temp
0		10.0000		10.0000		7059.4200	94.9612
1		10.0000		10.0000		7059.4200	94.9612
2		11.0000		10.0000		7739.4200	92.0760
3		10.0000		11.0000		7723.8360	92.0760
4		9.2929		9.2929		6140.7743	99.7640
5		9.8472		8.4606		5947.7144	100.9414
6		9.1889		9.2236		6032.2977	100.4127
7		9.3622		9.1889		6119.8712	99.8949
8		9.2614		9.2614		6101.3122	99.9983
9		9.2686		9.2475		6097.3188	100.0231
10		9.2475		9.2542		6088.0963	100.0770
 message: Optimization terminated successfully.
 success: True
  status: 1
     fun: 6101.312188360373
       x: [ 9.261e+00  9.261e+00]
    nfev: 10
   maxcv: 0.0
#############################################################################
Constraints and sensitivity
Relative impact of increasing array size to 9x9: 2.54%
