#############################################################################
Optimization run history and convergence: 9x9 array
iter		drift spacing	wp spacing	footprint	wp peak temp
0		7.8145		7.8145		4421.1859	96.3718
1		7.8145		7.8145		4421.1859	96.3718
2		8.8145		7.8145		4960.4168	92.2767
3		7.8145		8.8145		4945.9256	92.2767
4		7.3715		7.3715		3962.4015	100.6023
5		8.0402		6.6280		3903.0843	101.1873
6		7.2832		7.4599		3960.6207	100.6054
7		7.4346		7.4346		4026.1821	99.9658
8		7.4567		7.4125		4026.4711	99.9660
9		7.4236		7.4236		4014.9719	100.0764
10		7.4381		7.4311		4026.2325	99.9658
 message: Optimization terminated successfully.
 success: True
  status: 1
     fun: 4026.1820899187524
       x: [ 7.435e+00  7.435e+00]
    nfev: 10
   maxcv: 0.0
#############################################################################
Constraints and sensitivity
Relative impact of increasing array size to 9x9: 3.74%
#############################################################################
Optimization run history and convergence: 9x9 array
iter		drift spacing	wp spacing	footprint	wp peak temp
0		12.1737		4.8875		4419.2494	96.3925
1		12.1737		4.8875		4419.2494	96.3925
2		13.1737		4.8875		4771.1494	93.6595
3		12.1737		5.8875		5222.9776	91.0225
4		11.1737		4.8875		4067.3494	99.6251
5		11.1737		4.6375		3882.4174	101.3067
6		11.0487		4.8875		4023.3619	100.0699
7		11.0487		4.9500		4069.0949	99.6634
8		11.0684		4.8875		4030.2740	99.9994
9		11.0684		4.8797		4024.5475	100.0506
 message: Optimization terminated successfully.
 success: True
  status: 1
     fun: 4030.2739788972126
       x: [ 1.107e+01  4.888e+00]
    nfev: 9
   maxcv: -0.0
#############################################################################
Constraints and sensitivity
Relative impact of increasing array size to 9x9: 3.81%
#############################################################################
Optimization run history and convergence: 9x9 array
iter		drift spacing	wp spacing	footprint	wp peak temp
0		9.6873		9.6873		6638.2555	97.2471
1		9.6873		9.6873		6638.2555	97.2471
2		10.6873		9.6873		7297.3453	94.1605
3		9.6873		10.6873		7282.8541	94.1605
4		9.2414		9.2414		6069.6271	100.4123
5		9.9138		8.5012		6005.7292	100.8153
6		9.1530		9.3298		6067.8462	100.4146
7		9.2995		9.2995		6142.2577	99.9788
8		9.3216		9.2774		6142.5467	99.9790
9		9.2885		9.2885		6128.4102	100.0608
10		9.3030		9.2960		6142.3082	99.9788
 message: Optimization terminated successfully.
 success: True
  status: 1
     fun: 6142.257749576399
       x: [ 9.299e+00  9.299e+00]
    nfev: 10
   maxcv: 1.7763568394002505e-15
#############################################################################
Constraints and sensitivity
Relative impact of increasing array size to 9x9: 2.49%
#############################################################################
Optimization run history and convergence: 9x9 array
iter		drift spacing	wp spacing	footprint	wp peak temp
0		7.8145		7.8145		4421.1859	96.3718
1		7.8145		7.8145		4421.1859	96.3718
2		8.8145		7.8145		4960.4168	92.2767
3		7.8145		8.8145		4945.9256	92.2767
4		7.3715		7.3715		3962.4015	100.6023
5		8.0402		6.6280		3903.0843	101.1873
6		7.2832		7.4599		3960.6207	100.6054
7		7.4346		7.4346		4026.1821	99.9658
8		7.4567		7.4125		4026.4711	99.9660
9		7.4236		7.4236		4014.9719	100.0764
10		7.4381		7.4311		4026.2325	99.9658
 message: Optimization terminated successfully.
 success: True
  status: 1
     fun: 4026.1820899187524
       x: [ 7.435e+00  7.435e+00]
    nfev: 10
   maxcv: 0.0
#############################################################################
Constraints and sensitivity
Relative impact of increasing array size to 9x9: 3.74%
#############################################################################
Optimization run history and convergence: 9x9 array
iter		drift spacing	wp spacing	footprint	wp peak temp
0		9.6873		9.6873		6638.2555	97.2471
1		9.6873		9.6873		6638.2555	97.2471
2		10.6873		9.6873		7297.3453	94.1605
3		9.6873		10.6873		7282.8541	94.1605
4		9.2414		9.2414		6069.6271	100.4123
5		9.9138		8.5012		6005.7292	100.8153
6		9.1530		9.3298		6067.8462	100.4146
7		9.2995		9.2995		6142.2577	99.9788
8		9.3216		9.2774		6142.5467	99.9790
9		9.2885		9.2885		6128.4102	100.0608
10		9.3030		9.2960		6142.3082	99.9788
 message: Optimization terminated successfully.
 success: True
  status: 1
     fun: 6142.257749576399
       x: [ 9.299e+00  9.299e+00]
    nfev: 10
   maxcv: 1.7763568394002505e-15
#############################################################################
Constraints and sensitivity
Relative impact of increasing array size to 9x9: 2.49%
#############################################################################
Optimization run history and convergence: 9x9 array
iter		drift spacing	wp spacing	footprint	wp peak temp
0		12.1737		4.8875		4419.2494	96.3925
1		12.1737		4.8875		4419.2494	96.3925
2		13.1737		4.8875		4771.1494	93.6595
3		12.1737		5.8875		5222.9776	91.0225
4		11.1737		4.8875		4067.3494	99.6251
5		11.1737		4.6375		3882.4174	101.3067
6		11.0487		4.8875		4023.3619	100.0699
7		11.0487		4.9500		4069.0949	99.6634
8		11.0684		4.8875		4030.2740	99.9994
9		11.0684		4.8797		4024.5475	100.0506
 message: Optimization terminated successfully.
 success: True
  status: 1
     fun: 4030.2739788972126
       x: [ 1.107e+01  4.888e+00]
    nfev: 9
   maxcv: -0.0
#############################################################################
Constraints and sensitivity
Relative impact of increasing array size to 9x9: 3.81%
#############################################################################
Optimization run history and convergence: 9x9 array
iter		drift spacing	wp spacing	footprint	wp peak temp
0		7.8145		7.8145		4421.1859	96.3718
1		7.8145		7.8145		4421.1859	96.3718
2		8.8145		7.8145		4960.4168	92.2767
3		7.8145		8.8145		4945.9256	92.2767
4		7.3715		7.3715		3962.4015	100.6023
5		8.0402		6.6280		3903.0843	101.1873
6		7.2832		7.4599		3960.6207	100.6054
7		7.4346		7.4346		4026.1821	99.9658
8		7.4567		7.4125		4026.4711	99.9660
9		7.4236		7.4236		4014.9719	100.0764
10		7.4381		7.4311		4026.2325	99.9658
 message: Optimization terminated successfully.
 success: True
  status: 1
     fun: 4026.1820899187524
       x: [ 7.435e+00  7.435e+00]
    nfev: 10
   maxcv: 0.0
#############################################################################
Constraints and sensitivity
Relative impact of increasing array size to 9x9: 3.74%
#############################################################################
Optimization run history and convergence: 9x9 array
iter		drift spacing	wp spacing	footprint	wp peak temp
0		9.6873		9.6873		6638.2555	97.2471
1		9.6873		9.6873		6638.2555	97.2471
2		10.6873		9.6873		7297.3453	94.1605
3		9.6873		10.6873		7282.8541	94.1605
4		9.2414		9.2414		6069.6271	100.4123
5		9.9138		8.5012		6005.7292	100.8153
6		9.1530		9.3298		6067.8462	100.4146
7		9.2995		9.2995		6142.2577	99.9788
8		9.3216		9.2774		6142.5467	99.9790
9		9.2885		9.2885		6128.4102	100.0608
10		9.3030		9.2960		6142.3082	99.9788
 message: Optimization terminated successfully.
 success: True
  status: 1
     fun: 6142.257749576399
       x: [ 9.299e+00  9.299e+00]
    nfev: 10
   maxcv: 1.7763568394002505e-15
#############################################################################
Constraints and sensitivity
Relative impact of increasing array size to 9x9: 2.49%
#############################################################################
Optimization run history and convergence: 9x9 array
iter		drift spacing	wp spacing	footprint	wp peak temp
0		12.1737		4.8875		4419.2494	96.3925
1		12.1737		4.8875		4419.2494	96.3925
2		13.1737		4.8875		4771.1494	93.6595
3		12.1737		5.8875		5222.9776	91.0225
4		11.1737		4.8875		4067.3494	99.6251
5		11.1737		4.6375		3882.4174	101.3067
6		11.0487		4.8875		4023.3619	100.0699
7		11.0487		4.9500		4069.0949	99.6634
8		11.0684		4.8875		4030.2740	99.9994
9		11.0684		4.8797		4024.5475	100.0506
 message: Optimization terminated successfully.
 success: True
  status: 1
     fun: 4030.2739788972126
       x: [ 1.107e+01  4.888e+00]
    nfev: 9
   maxcv: -0.0
#############################################################################
Constraints and sensitivity
Relative impact of increasing array size to 9x9: 3.81%
#############################################################################
Optimization run history and convergence: 9x9 array
iter		drift spacing	wp spacing	footprint	wp peak temp
0		7.8145		7.8145		4421.1859	96.3718
1		7.8145		7.8145		4421.1859	96.3718
2		8.8145		7.8145		4960.4168	92.2767
3		7.8145		8.8145		4945.9256	92.2767
4		7.3715		7.3715		3962.4015	100.6023
5		8.0402		6.6280		3903.0843	101.1873
6		7.2832		7.4599		3960.6207	100.6054
7		7.4346		7.4346		4026.1821	99.9658
8		7.4567		7.4125		4026.4711	99.9660
9		7.4236		7.4236		4014.9719	100.0764
10		7.4381		7.4311		4026.2325	99.9658
 message: Optimization terminated successfully.
 success: True
  status: 1
     fun: 4026.1820899187524
       x: [ 7.435e+00  7.435e+00]
    nfev: 10
   maxcv: 0.0
#############################################################################
Constraints and sensitivity
Relative impact of increasing array size to 9x9: 3.74%
#############################################################################
Optimization run history and convergence: 9x9 array
iter		drift spacing	wp spacing	footprint	wp peak temp
0		9.6873		9.6873		6638.2555	97.2471
1		9.6873		9.6873		6638.2555	97.2471
2		10.6873		9.6873		7297.3453	94.1605
3		9.6873		10.6873		7282.8541	94.1605
4		9.2414		9.2414		6069.6271	100.4123
5		9.9138		8.5012		6005.7292	100.8153
6		9.1530		9.3298		6067.8462	100.4146
7		9.2995		9.2995		6142.2577	99.9788
8		9.3216		9.2774		6142.5467	99.9790
9		9.2885		9.2885		6128.4102	100.0608
10		9.3030		9.2960		6142.3082	99.9788
 message: Optimization terminated successfully.
 success: True
  status: 1
     fun: 6142.257749576399
       x: [ 9.299e+00  9.299e+00]
    nfev: 10
   maxcv: 1.7763568394002505e-15
#############################################################################
Constraints and sensitivity
Relative impact of increasing array size to 9x9: 2.49%
#############################################################################
Optimization run history and convergence: 9x9 array
iter		drift spacing	wp spacing	footprint	wp peak temp
0		12.1737		4.8875		4419.2494	96.3925
1		12.1737		4.8875		4419.2494	96.3925
2		13.1737		4.8875		4771.1494	93.6595
3		12.1737		5.8875		5222.9776	91.0225
4		11.1737		4.8875		4067.3494	99.6251
5		11.1737		4.6375		3882.4174	101.3067
6		11.0487		4.8875		4023.3619	100.0699
7		11.0487		4.9500		4069.0949	99.6634
8		11.0684		4.8875		4030.2740	99.9994
9		11.0684		4.8797		4024.5475	100.0506
 message: Optimization terminated successfully.
 success: True
  status: 1
     fun: 4030.2739788972126
       x: [ 1.107e+01  4.888e+00]
    nfev: 9
   maxcv: -0.0
#############################################################################
Constraints and sensitivity
Relative impact of increasing array size to 9x9: 3.81%
#############################################################################
Optimization run history and convergence: 9x9 array
iter		drift spacing	wp spacing	footprint	wp peak temp
0		7.8145		7.8145		4421.1859	96.3718
1		7.8145		7.8145		4421.1859	96.3718
2		8.8145		7.8145		4960.4168	92.2767
3		7.8145		8.8145		4945.9256	92.2767
4		7.3715		7.3715		3962.4015	100.6023
5		8.0402		6.6280		3903.0843	101.1873
6		7.2832		7.4599		3960.6207	100.6054
7		7.4346		7.4346		4026.1821	99.9658
8		7.4567		7.4125		4026.4711	99.9660
9		7.4236		7.4236		4014.9719	100.0764
10		7.4381		7.4311		4026.2325	99.9658
 message: Optimization terminated successfully.
 success: True
  status: 1
     fun: 4026.1820899187524
       x: [ 7.435e+00  7.435e+00]
    nfev: 10
   maxcv: 0.0
#############################################################################
Constraints and sensitivity
Relative impact of increasing array size to 9x9: 3.74%
#############################################################################
Optimization run history and convergence: 9x9 array
iter		drift spacing	wp spacing	footprint	wp peak temp
0		12.1737		4.8875		4419.2494	96.3925
1		12.1737		4.8875		4419.2494	96.3925
2		13.1737		4.8875		4771.1494	93.6595
3		12.1737		5.8875		5222.9776	91.0225
4		11.1737		4.8875		4067.3494	99.6251
5		11.1737		4.6375		3882.4174	101.3067
6		11.0487		4.8875		4023.3619	100.0699
7		11.0487		4.9500		4069.0949	99.6634
8		11.0684		4.8875		4030.2740	99.9994
9		11.0684		4.8797		4024.5475	100.0506
 message: Optimization terminated successfully.
 success: True
  status: 1
     fun: 4030.2739788972126
       x: [ 1.107e+01  4.888e+00]
    nfev: 9
   maxcv: -0.0
#############################################################################
Constraints and sensitivity
Relative impact of increasing array size to 9x9: 3.81%
