#############################################################################
Optimization run history and convergence: 9x9 array
iter		drift spacing	wp spacing	footprint	wp peak temp
0		5.0000		5.0000		1916.1900	79.9129
1		5.0000		5.0000		1916.1900	79.9129
2		6.0000		5.0000		2276.1900	75.0448
3		5.0000		6.0000		2256.8460	75.0448
4		4.8750		5.0000		1871.1900	80.6132
5		4.8750		4.8750		1829.6080	81.3277
6		5.0000		4.9688		1905.5445	80.0858
7		4.9844		5.0000		1910.5650	79.9992
8		4.9939		4.9969		1912.9553	79.9634
 message: Optimization terminated successfully.
 success: True
  status: 1
     fun: 1916.19
       x: [ 5.000e+00  5.000e+00]
    nfev: 8
   maxcv: -0.0
#############################################################################
Constraints and sensitivity
Relative impact of increasing array size to 9x9: 5.10%
#############################################################################
Optimization run history and convergence: 11x11 array
iter		drift spacing	wp spacing	footprint	wp peak temp
0		5.0000		5.0000		2892.0100	83.9859
1		5.0000		5.0000		2892.0100	83.9859
2		6.0000		5.0000		3442.0100	78.2737
3		5.0000		6.0000		3417.8300	78.2737
4		4.8750		5.0000		2823.2600	84.8099
5		4.8750		4.8750		2759.0950	85.6510
6		5.0000		4.9688		2875.5781	84.1893
7		4.9844		5.0000		2883.4163	84.0874
8		4.9939		4.9969		2887.0517	84.0453
 message: Optimization terminated successfully.
 success: True
  status: 1
     fun: 2892.01
       x: [ 5.000e+00  5.000e+00]
    nfev: 8
   maxcv: -0.0
#############################################################################
Constraints and sensitivity
Relative impact of increasing array size to 11x11: 3.90%
#############################################################################
Optimization run history and convergence: 9x9 array
iter		drift spacing	wp spacing	footprint	wp peak temp
0		5.0000		5.0000		1916.1900	79.9129
1		5.0000		5.0000		1916.1900	79.9129
2		6.0000		5.0000		2276.1900	75.0448
3		5.0000		6.0000		2256.8460	75.0448
4		4.8750		5.0000		1871.1900	80.6132
5		4.8750		4.8750		1829.6080	81.3277
6		5.0000		4.9688		1905.5445	80.0858
7		4.9844		5.0000		1910.5650	79.9992
8		4.9939		4.9969		1912.9553	79.9634
 message: Optimization terminated successfully.
 success: True
  status: 1
     fun: 1916.19
       x: [ 5.000e+00  5.000e+00]
    nfev: 8
   maxcv: -0.0
#############################################################################
Constraints and sensitivity
Relative impact of increasing array size to 9x9: 5.10%
#############################################################################
Optimization run history and convergence: 11x11 array
iter		drift spacing	wp spacing	footprint	wp peak temp
0		5.0000		5.0000		2892.0100	83.9859
1		5.0000		5.0000		2892.0100	83.9859
2		6.0000		5.0000		3442.0100	78.2737
3		5.0000		6.0000		3417.8300	78.2737
4		4.8750		5.0000		2823.2600	84.8099
5		4.8750		4.8750		2759.0950	85.6510
6		5.0000		4.9688		2875.5781	84.1893
7		4.9844		5.0000		2883.4163	84.0874
8		4.9939		4.9969		2887.0517	84.0453
 message: Optimization terminated successfully.
 success: True
  status: 1
     fun: 2892.01
       x: [ 5.000e+00  5.000e+00]
    nfev: 8
   maxcv: -0.0
#############################################################################
Constraints and sensitivity
Relative impact of increasing array size to 11x11: 3.90%
#############################################################################
Optimization run history and convergence: 9x9 array
iter		drift spacing	wp spacing	footprint	wp peak temp
0		5.0000		5.0000		1916.1900	79.9129
1		5.0000		5.0000		1916.1900	79.9129
2		6.0000		5.0000		2276.1900	75.0448
3		5.0000		6.0000		2256.8460	75.0448
4		4.8750		5.0000		1871.1900	80.6132
5		4.8750		4.8750		1829.6080	81.3277
6		5.0000		4.9688		1905.5445	80.0858
7		4.9844		5.0000		1910.5650	79.9992
8		4.9939		4.9969		1912.9553	79.9634
 message: Optimization terminated successfully.
 success: True
  status: 1
     fun: 1916.19
       x: [ 5.000e+00  5.000e+00]
    nfev: 8
   maxcv: -0.0
#############################################################################
Constraints and sensitivity
Relative impact of increasing array size to 9x9: 5.10%
#############################################################################
Optimization run history and convergence: 11x11 array
iter		drift spacing	wp spacing	footprint	wp peak temp
0		5.0000		5.0000		2892.0100	83.9859
1		5.0000		5.0000		2892.0100	83.9859
2		6.0000		5.0000		3442.0100	78.2737
3		5.0000		6.0000		3417.8300	78.2737
4		4.8750		5.0000		2823.2600	84.8099
5		4.8750		4.8750		2759.0950	85.6510
6		5.0000		4.9688		2875.5781	84.1893
7		4.9844		5.0000		2883.4163	84.0874
8		4.9939		4.9969		2887.0517	84.0453
 message: Optimization terminated successfully.
 success: True
  status: 1
     fun: 2892.01
       x: [ 5.000e+00  5.000e+00]
    nfev: 8
   maxcv: -0.0
#############################################################################
Constraints and sensitivity
Relative impact of increasing array size to 11x11: 3.90%
#############################################################################
Optimization run history and convergence: 9x9 array
iter		drift spacing	wp spacing	footprint	wp peak temp
0		5.0000		5.0000		1916.1900	79.9129
1		5.0000		5.0000		1916.1900	79.9129
2		6.0000		5.0000		2276.1900	75.0448
3		5.0000		6.0000		2256.8460	75.0448
4		4.8750		5.0000		1871.1900	80.6132
5		4.8750		4.8750		1829.6080	81.3277
6		5.0000		4.9688		1905.5445	80.0858
7		4.9844		5.0000		1910.5650	79.9992
8		4.9939		4.9969		1912.9553	79.9634
 message: Optimization terminated successfully.
 success: True
  status: 1
     fun: 1916.19
       x: [ 5.000e+00  5.000e+00]
    nfev: 8
   maxcv: -0.0
#############################################################################
Constraints and sensitivity
Relative impact of increasing array size to 9x9: 5.10%
#############################################################################
Optimization run history and convergence: 11x11 array
iter		drift spacing	wp spacing	footprint	wp peak temp
0		5.0000		5.0000		2892.0100	83.9859
1		5.0000		5.0000		2892.0100	83.9859
2		6.0000		5.0000		3442.0100	78.2737
3		5.0000		6.0000		3417.8300	78.2737
4		4.8750		5.0000		2823.2600	84.8099
5		4.8750		4.8750		2759.0950	85.6510
6		5.0000		4.9688		2875.5781	84.1893
7		4.9844		5.0000		2883.4163	84.0874
8		4.9939		4.9969		2887.0517	84.0453
 message: Optimization terminated successfully.
 success: True
  status: 1
     fun: 2892.01
       x: [ 5.000e+00  5.000e+00]
    nfev: 8
   maxcv: -0.0
#############################################################################
Constraints and sensitivity
Relative impact of increasing array size to 11x11: 3.90%
#############################################################################
Optimization run history and convergence: 9x9 array
iter		drift spacing	wp spacing	footprint	wp peak temp
0		5.0000		5.0000		1916.1900	79.9129
1		5.0000		5.0000		1916.1900	79.9129
2		6.0000		5.0000		2276.1900	75.0448
3		5.0000		6.0000		2256.8460	75.0448
4		4.8750		5.0000		1871.1900	80.6132
5		4.8750		4.8750		1829.6080	81.3277
6		5.0000		4.9688		1905.5445	80.0858
7		4.9844		5.0000		1910.5650	79.9992
8		4.9939		4.9969		1912.9553	79.9634
 message: Optimization terminated successfully.
 success: True
  status: 1
     fun: 1916.19
       x: [ 5.000e+00  5.000e+00]
    nfev: 8
   maxcv: -0.0
#############################################################################
Constraints and sensitivity
Relative impact of increasing array size to 9x9: 5.10%
#############################################################################
Optimization run history and convergence: 11x11 array
iter		drift spacing	wp spacing	footprint	wp peak temp
0		5.0000		5.0000		2892.0100	83.9859
1		5.0000		5.0000		2892.0100	83.9859
2		6.0000		5.0000		3442.0100	78.2737
3		5.0000		6.0000		3417.8300	78.2737
4		4.8750		5.0000		2823.2600	84.8099
5		4.8750		4.8750		2759.0950	85.6510
6		5.0000		4.9688		2875.5781	84.1893
7		4.9844		5.0000		2883.4163	84.0874
8		4.9939		4.9969		2887.0517	84.0453
 message: Optimization terminated successfully.
 success: True
  status: 1
     fun: 2892.01
       x: [ 5.000e+00  5.000e+00]
    nfev: 8
   maxcv: -0.0
#############################################################################
Constraints and sensitivity
Relative impact of increasing array size to 11x11: 3.90%
