#############################################################################
Optimization run history and convergence: 9x9 array
iter		drift spacing	wp spacing	footprint	wp peak temp
0		9.2614		9.2614		6101.3122	71.6576
1		9.2614		9.2614		6101.3122	71.6576
2		10.2614		9.2614		6734.0399	69.6218
3		9.2614		10.2614		6718.4559	69.6218
4		8.5543		8.5543		5249.5196	75.0265
5		7.8648		7.8300		4462.2081	79.0417
6		7.3415		6.9778		3757.8525	83.8692
7		6.4763		6.4763		3116.7804	89.7311
8		5.9002		5.6590		2526.3370	97.1917
9		5.4358		5.4358		2256.4574	101.5718
10		5.8561		5.0000		2245.5289	101.7816
11		5.5583		5.5583		2350.5459	99.9465
12		5.6467		5.4699		2351.4233	99.9507
13		5.5362		5.5362		2333.4325	100.2343
14		5.5693		5.5472		2350.7102	99.9465
15		5.5542		5.5542		2347.3595	99.9998
 message: Optimization terminated successfully.
 success: True
  status: 1
     fun: 2347.359487120496
       x: [ 5.554e+00  5.554e+00]
    nfev: 15
   maxcv: 0.0
#############################################################################
Constraints and sensitivity
Relative impact of increasing array size to 9x9: 8.12%
#############################################################################
Optimization run history and convergence: 11x11 array
iter		drift spacing	wp spacing	footprint	wp peak temp
0		5.5542		5.5542		3547.3600	108.1229
1		5.5542		5.5542		3547.3600	108.1229
2		6.5542		5.5542		4152.7769	101.1072
3		5.5542		6.5542		4133.2969	101.1072
4		6.1331		6.1331		4270.5643	99.9596
5		6.0596		6.0320		4157.4530	101.0888
6		6.0320		6.2066		4250.1087	100.1394
7		6.1204		6.1423		4268.0887	99.9816
8		6.1239		6.1204		4256.3441	100.0989
 message: Optimization terminated successfully.
 success: True
  status: 1
     fun: 4270.564319792646
       x: [ 6.133e+00  6.133e+00]
    nfev: 8
   maxcv: 8.881784197001252e-16
#############################################################################
Constraints and sensitivity
Relative impact of increasing array size to 11x11: 5.70%
#############################################################################
Optimization run history and convergence: 13x13 array
iter		drift spacing	wp spacing	footprint	wp peak temp
0		6.1331		6.1331		6024.3777	105.6553
1		6.1331		6.1331		6024.3777	105.6553
2		7.1331		6.1331		6967.5414	99.0398
3		6.1331		7.1331		6944.1654	99.0398
4		6.5605		6.5605		6846.9653	99.8306
5		6.6489		6.4721		6847.9065	99.8343
6		6.4721		6.4721		6672.5465	100.9620
7		6.5473		6.5473		6820.7075	99.9980
8		6.5583		6.5362		6820.9482	99.9980
 message: Optimization terminated successfully.
 success: True
  status: 1
     fun: 6820.707537069732
       x: [ 6.547e+00  6.547e+00]
    nfev: 8
   maxcv: 0.0
#############################################################################
Constraints and sensitivity
Relative impact of increasing array size to 13x13: 4.57%
#############################################################################
Optimization run history and convergence: 9x9 array
iter		drift spacing	wp spacing	footprint	wp peak temp
0		9.2614		9.2614		6101.3122	71.6576
1		9.2614		9.2614		6101.3122	71.6576
2		10.2614		9.2614		6734.0399	69.6218
3		9.2614		10.2614		6718.4559	69.6218
4		8.5543		8.5543		5249.5196	75.0265
5		7.8648		7.8300		4462.2081	79.0417
6		7.3415		6.9778		3757.8525	83.8692
7		6.4763		6.4763		3116.7804	89.7311
8		5.9002		5.6590		2526.3370	97.1917
9		5.4358		5.4358		2256.4574	101.5718
10		5.8561		5.0000		2245.5289	101.7816
11		5.5583		5.5583		2350.5459	99.9465
12		5.6467		5.4699		2351.4233	99.9507
13		5.5362		5.5362		2333.4325	100.2343
14		5.5693		5.5472		2350.7102	99.9465
15		5.5542		5.5542		2347.3595	99.9998
 message: Optimization terminated successfully.
 success: True
  status: 1
     fun: 2347.359487120496
       x: [ 5.554e+00  5.554e+00]
    nfev: 15
   maxcv: 0.0
#############################################################################
Constraints and sensitivity
Relative impact of increasing array size to 9x9: 8.12%
#############################################################################
Optimization run history and convergence: 11x11 array
iter		drift spacing	wp spacing	footprint	wp peak temp
0		5.5542		5.5542		3547.3600	108.1229
1		5.5542		5.5542		3547.3600	108.1229
2		6.5542		5.5542		4152.7769	101.1072
3		5.5542		6.5542		4133.2969	101.1072
4		6.1331		6.1331		4270.5643	99.9596
5		6.0596		6.0320		4157.4530	101.0888
6		6.0320		6.2066		4250.1087	100.1394
7		6.1204		6.1423		4268.0887	99.9816
8		6.1239		6.1204		4256.3441	100.0989
 message: Optimization terminated successfully.
 success: True
  status: 1
     fun: 4270.564319792646
       x: [ 6.133e+00  6.133e+00]
    nfev: 8
   maxcv: 8.881784197001252e-16
#############################################################################
Constraints and sensitivity
Relative impact of increasing array size to 11x11: 5.70%
#############################################################################
Optimization run history and convergence: 13x13 array
iter		drift spacing	wp spacing	footprint	wp peak temp
0		6.1331		6.1331		6024.3777	105.6553
1		6.1331		6.1331		6024.3777	105.6553
2		7.1331		6.1331		6967.5414	99.0398
3		6.1331		7.1331		6944.1654	99.0398
4		6.5605		6.5605		6846.9653	99.8306
5		6.6489		6.4721		6847.9065	99.8343
6		6.4721		6.4721		6672.5465	100.9620
7		6.5473		6.5473		6820.7075	99.9980
8		6.5583		6.5362		6820.9482	99.9980
 message: Optimization terminated successfully.
 success: True
  status: 1
     fun: 6820.707537069732
       x: [ 6.547e+00  6.547e+00]
    nfev: 8
   maxcv: 0.0
#############################################################################
Constraints and sensitivity
Relative impact of increasing array size to 13x13: 4.57%
#############################################################################
Optimization run history and convergence: 9x9 array
iter		drift spacing	wp spacing	footprint	wp peak temp
0		9.2614		9.2614		6101.3122	71.6576
1		9.2614		9.2614		6101.3122	71.6576
2		10.2614		9.2614		6734.0399	69.6218
3		9.2614		10.2614		6718.4559	69.6218
4		8.5543		8.5543		5249.5196	75.0265
5		7.8648		7.8300		4462.2081	79.0417
6		7.3415		6.9778		3757.8525	83.8692
7		6.4763		6.4763		3116.7804	89.7311
8		5.9002		5.6590		2526.3370	97.1917
9		5.4358		5.4358		2256.4574	101.5718
10		5.8561		5.0000		2245.5289	101.7816
11		5.5583		5.5583		2350.5459	99.9465
12		5.6467		5.4699		2351.4233	99.9507
13		5.5362		5.5362		2333.4325	100.2343
14		5.5693		5.5472		2350.7102	99.9465
15		5.5542		5.5542		2347.3595	99.9998
 message: Optimization terminated successfully.
 success: True
  status: 1
     fun: 2347.359487120496
       x: [ 5.554e+00  5.554e+00]
    nfev: 15
   maxcv: 0.0
#############################################################################
Constraints and sensitivity
Relative impact of increasing array size to 9x9: 8.12%
#############################################################################
Optimization run history and convergence: 11x11 array
iter		drift spacing	wp spacing	footprint	wp peak temp
0		5.5542		5.5542		3547.3600	108.1229
1		5.5542		5.5542		3547.3600	108.1229
2		6.5542		5.5542		4152.7769	101.1072
3		5.5542		6.5542		4133.2969	101.1072
4		6.1331		6.1331		4270.5643	99.9596
5		6.0596		6.0320		4157.4530	101.0888
6		6.0320		6.2066		4250.1087	100.1394
7		6.1204		6.1423		4268.0887	99.9816
8		6.1239		6.1204		4256.3441	100.0989
 message: Optimization terminated successfully.
 success: True
  status: 1
     fun: 4270.564319792646
       x: [ 6.133e+00  6.133e+00]
    nfev: 8
   maxcv: 8.881784197001252e-16
#############################################################################
Constraints and sensitivity
Relative impact of increasing array size to 11x11: 5.70%
#############################################################################
Optimization run history and convergence: 13x13 array
iter		drift spacing	wp spacing	footprint	wp peak temp
0		6.1331		6.1331		6024.3777	105.6553
1		6.1331		6.1331		6024.3777	105.6553
2		7.1331		6.1331		6967.5414	99.0398
3		6.1331		7.1331		6944.1654	99.0398
4		6.5605		6.5605		6846.9653	99.8306
5		6.6489		6.4721		6847.9065	99.8343
6		6.4721		6.4721		6672.5465	100.9620
7		6.5473		6.5473		6820.7075	99.9980
8		6.5583		6.5362		6820.9482	99.9980
 message: Optimization terminated successfully.
 success: True
  status: 1
     fun: 6820.707537069732
       x: [ 6.547e+00  6.547e+00]
    nfev: 8
   maxcv: 0.0
#############################################################################
Constraints and sensitivity
Relative impact of increasing array size to 13x13: 4.57%
#############################################################################
Optimization run history and convergence: 9x9 array
iter		drift spacing	wp spacing	footprint	wp peak temp
0		9.2614		9.2614		6101.3122	71.6576
1		9.2614		9.2614		6101.3122	71.6576
2		10.2614		9.2614		6734.0399	69.6218
3		9.2614		10.2614		6718.4559	69.6218
4		8.5543		8.5543		5249.5196	75.0265
5		7.8648		7.8300		4462.2081	79.0417
6		7.3415		6.9778		3757.8525	83.8692
7		6.4763		6.4763		3116.7804	89.7311
8		5.9002		5.6590		2526.3370	97.1917
9		5.4358		5.4358		2256.4574	101.5718
10		5.8561		5.0000		2245.5289	101.7816
11		5.5583		5.5583		2350.5459	99.9465
12		5.6467		5.4699		2351.4233	99.9507
13		5.5362		5.5362		2333.4325	100.2343
14		5.5693		5.5472		2350.7102	99.9465
15		5.5542		5.5542		2347.3595	99.9998
 message: Optimization terminated successfully.
 success: True
  status: 1
     fun: 2347.359487120496
       x: [ 5.554e+00  5.554e+00]
    nfev: 15
   maxcv: 0.0
#############################################################################
Constraints and sensitivity
Relative impact of increasing array size to 9x9: 8.12%
#############################################################################
Optimization run history and convergence: 11x11 array
iter		drift spacing	wp spacing	footprint	wp peak temp
0		5.5542		5.5542		3547.3600	108.1229
1		5.5542		5.5542		3547.3600	108.1229
2		6.5542		5.5542		4152.7769	101.1072
3		5.5542		6.5542		4133.2969	101.1072
4		6.1331		6.1331		4270.5643	99.9596
5		6.0596		6.0320		4157.4530	101.0888
6		6.0320		6.2066		4250.1087	100.1394
7		6.1204		6.1423		4268.0887	99.9816
8		6.1239		6.1204		4256.3441	100.0989
 message: Optimization terminated successfully.
 success: True
  status: 1
     fun: 4270.564319792646
       x: [ 6.133e+00  6.133e+00]
    nfev: 8
   maxcv: 8.881784197001252e-16
#############################################################################
Constraints and sensitivity
Relative impact of increasing array size to 11x11: 5.70%
#############################################################################
Optimization run history and convergence: 13x13 array
iter		drift spacing	wp spacing	footprint	wp peak temp
0		6.1331		6.1331		6024.3777	105.6553
1		6.1331		6.1331		6024.3777	105.6553
2		7.1331		6.1331		6967.5414	99.0398
3		6.1331		7.1331		6944.1654	99.0398
4		6.5605		6.5605		6846.9653	99.8306
5		6.6489		6.4721		6847.9065	99.8343
6		6.4721		6.4721		6672.5465	100.9620
7		6.5473		6.5473		6820.7075	99.9980
8		6.5583		6.5362		6820.9482	99.9980
 message: Optimization terminated successfully.
 success: True
  status: 1
     fun: 6820.707537069732
       x: [ 6.547e+00  6.547e+00]
    nfev: 8
   maxcv: 0.0
#############################################################################
Constraints and sensitivity
Relative impact of increasing array size to 13x13: 4.57%
#############################################################################
Optimization run history and convergence: 9x9 array
iter		drift spacing	wp spacing	footprint	wp peak temp
0		9.2614		9.2614		6101.3122	71.6576
1		9.2614		9.2614		6101.3122	71.6576
2		10.2614		9.2614		6734.0399	69.6218
3		9.2614		10.2614		6718.4559	69.6218
4		8.5543		8.5543		5249.5196	75.0265
5		7.8648		7.8300		4462.2081	79.0417
6		7.3415		6.9778		3757.8525	83.8692
7		6.4763		6.4763		3116.7804	89.7311
8		5.9002		5.6590		2526.3370	97.1917
9		5.4358		5.4358		2256.4574	101.5718
10		5.8561		5.0000		2245.5289	101.7816
11		5.5583		5.5583		2350.5459	99.9465
12		5.6467		5.4699		2351.4233	99.9507
13		5.5362		5.5362		2333.4325	100.2343
14		5.5693		5.5472		2350.7102	99.9465
15		5.5542		5.5542		2347.3595	99.9998
 message: Optimization terminated successfully.
 success: True
  status: 1
     fun: 2347.359487120496
       x: [ 5.554e+00  5.554e+00]
    nfev: 15
   maxcv: 0.0
#############################################################################
Constraints and sensitivity
Relative impact of increasing array size to 9x9: 8.12%
#############################################################################
Optimization run history and convergence: 11x11 array
iter		drift spacing	wp spacing	footprint	wp peak temp
0		5.5542		5.5542		3547.3600	108.1229
1		5.5542		5.5542		3547.3600	108.1229
2		6.5542		5.5542		4152.7769	101.1072
3		5.5542		6.5542		4133.2969	101.1072
4		6.1331		6.1331		4270.5643	99.9596
5		6.0596		6.0320		4157.4530	101.0888
6		6.0320		6.2066		4250.1087	100.1394
7		6.1204		6.1423		4268.0887	99.9816
8		6.1239		6.1204		4256.3441	100.0989
 message: Optimization terminated successfully.
 success: True
  status: 1
     fun: 4270.564319792646
       x: [ 6.133e+00  6.133e+00]
    nfev: 8
   maxcv: 8.881784197001252e-16
#############################################################################
Constraints and sensitivity
Relative impact of increasing array size to 11x11: 5.70%
#############################################################################
Optimization run history and convergence: 13x13 array
iter		drift spacing	wp spacing	footprint	wp peak temp
0		6.1331		6.1331		6024.3777	105.6553
1		6.1331		6.1331		6024.3777	105.6553
2		7.1331		6.1331		6967.5414	99.0398
3		6.1331		7.1331		6944.1654	99.0398
4		6.5605		6.5605		6846.9653	99.8306
5		6.6489		6.4721		6847.9065	99.8343
6		6.4721		6.4721		6672.5465	100.9620
7		6.5473		6.5473		6820.7075	99.9980
8		6.5583		6.5362		6820.9482	99.9980
 message: Optimization terminated successfully.
 success: True
  status: 1
     fun: 6820.707537069732
       x: [ 6.547e+00  6.547e+00]
    nfev: 8
   maxcv: 0.0
#############################################################################
Constraints and sensitivity
Relative impact of increasing array size to 13x13: 4.57%
