#############################################################################
Optimization run history and convergence: 9x9 array
iter		drift spacing	wp spacing	footprint	wp peak temp
0		6.8202		6.8201		3426.4940	90.1219
1		6.8202		6.8201		3426.4940	90.1219
2		7.8202		6.8201		3902.0828	85.7789
3		6.8202		7.8201		3887.5974	85.7789
4		6.1131		6.1131		2796.1519	97.7317
5		6.4065		5.1571		2506.9399	102.2074
6		5.9023		5.9023		2620.6464	100.3752
7		5.8139		5.9907		2618.8656	100.3796
8		5.9322		5.9322		2645.2109	99.9880
9		5.9184		5.9042		2628.1117	100.2585
10		5.9042		5.9461		2639.0522	100.0796
11		5.9277		5.9344		2644.2288	100.0026
12		5.9255		5.9300		2641.4906	100.0458
 message: Did not converge to a solution satisfying the constraints. See `maxcv` for magnitude of violation.
 success: False
  status: 4
     fun: 2644.228833150879
       x: [ 5.928e+00  5.934e+00]
    nfev: 12
   maxcv: 0.006697833569250022
#############################################################################
Constraints and sensitivity
Relative impact of increasing array size to 9x9: 5.99%
#############################################################################
Optimization run history and convergence: 11x11 array
iter		drift spacing	wp spacing	footprint	wp peak temp
0		5.9277		5.9344		4005.0838	105.9973
1		5.9277		5.9344		4005.0838	105.9973
2		6.9277		5.9344		4647.4027	99.1732
3		5.9277		6.9344		4628.6189	99.1768
4		6.3706		6.3706		4580.8499	99.8198
5		6.4583		6.2816		4580.7581	99.8328
6		6.3578		6.3578		4563.5077	99.9870
7		6.2823		6.2582		4446.1605	101.1489
8		6.3454		6.3672		4561.2648	100.0067
9		6.3484		6.3454		4548.7571	100.1303
 message: Optimization terminated successfully.
 success: True
  status: 1
     fun: 4563.507738329689
       x: [ 6.358e+00  6.358e+00]
    nfev: 9
   maxcv: 0.0
#############################################################################
Constraints and sensitivity
Relative impact of increasing array size to 11x11: 3.94%
#############################################################################
Optimization run history and convergence: 9x9 array
iter		drift spacing	wp spacing	footprint	wp peak temp
0		9.4327		4.8875		3454.6939	90.2240
1		9.4327		4.8875		3454.6939	90.2240
2		10.4327		4.8875		3806.5939	86.7526
3		9.4327		5.8875		4082.9985	85.1476
4		8.4327		4.8875		3102.7939	94.3829
5		7.4327		4.8875		2750.8939	99.4114
6		7.4327		4.3875		2500.7415	103.1097
7		6.7219		5.5909		2820.6660	98.7616
8		7.3448		4.7986		2676.0010	100.5325
9		7.2560		4.8866		2688.2328	100.4149
10		7.3284		4.8875		2714.1666	99.9957
11		7.3286		4.8719		2706.5247	100.1045
12		7.3440		4.8877		2719.7637	99.9060
 message: Optimization terminated successfully.
 success: True
  status: 1
     fun: 2714.1666079581855
       x: [ 7.328e+00  4.888e+00]
    nfev: 12
   maxcv: -0.0
#############################################################################
Constraints and sensitivity
Relative impact of increasing array size to 9x9: 5.89%
#############################################################################
Optimization run history and convergence: 11x11 array
iter		drift spacing	wp spacing	footprint	wp peak temp
0		7.3284		4.8875		4105.2987	105.8810
1		7.3284		4.8875		4105.2987	105.8810
2		8.3284		4.8875		4642.9237	99.8485
3		7.3284		5.8875		4868.8976	98.5229
4		8.3284		4.6375		4427.0240	101.7598
5		8.2034		4.8875		4575.7206	100.5389
6		8.3284		4.8563		4615.9363	100.0809
7		8.3009		4.8875		4628.1731	99.9986
8		8.3009		4.8953		4634.8986	99.9406
9		8.3059		4.8875		4630.8613	99.9712
 message: Optimization terminated successfully.
 success: True
  status: 1
     fun: 4628.1731345839735
       x: [ 8.301e+00  4.888e+00]
    nfev: 9
   maxcv: -0.0
#############################################################################
Constraints and sensitivity
Relative impact of increasing array size to 11x11: 3.98%
#############################################################################
Optimization run history and convergence: 9x9 array
iter		drift spacing	wp spacing	footprint	wp peak temp
0		8.6203		8.6203		5320.0157	91.7745
1		8.6203		8.6203		5320.0157	91.7745
2		9.6203		8.6203		5910.8138	88.4410
3		8.6203		9.6203		5896.3226	88.4410
4		7.9132		7.9132		4526.7478	97.4060
5		8.0646		6.9247		4074.8374	101.4164
6		7.5875		7.5875		4182.8776	100.3937
7		7.4991		7.6759		4181.0967	100.3964
8		7.6304		7.6304		4227.4099	99.9840
9		7.8048		7.4512		4225.5042	100.0175
10		7.6202		7.6009		4206.8882	100.1732
11		7.6009		7.6406		4217.0611	100.0759
12		7.6257		7.6320		4225.7567	99.9987
13		7.6240		7.6273		4222.4719	100.0289
 message: Did not converge to a solution satisfying the constraints. See `maxcv` for magnitude of violation.
 success: False
  status: 4
     fun: 4225.756688985269
       x: [ 7.626e+00  7.632e+00]
    nfev: 13
   maxcv: 0.0063609069184584754
#############################################################################
Constraints and sensitivity
Relative impact of increasing array size to 9x9: 4.45%
#############################################################################
Optimization run history and convergence: 9x9 array
iter		drift spacing	wp spacing	footprint	wp peak temp
0		6.8202		6.8201		3426.4940	90.1219
1		6.8202		6.8201		3426.4940	90.1219
2		7.8202		6.8201		3902.0828	85.7789
3		6.8202		7.8201		3887.5974	85.7789
4		6.1131		6.1131		2796.1519	97.7317
5		6.4065		5.1571		2506.9399	102.2074
6		5.9023		5.9023		2620.6464	100.3752
7		5.8139		5.9907		2618.8656	100.3796
8		5.9322		5.9322		2645.2109	99.9880
9		5.9184		5.9042		2628.1117	100.2585
10		5.9042		5.9461		2639.0522	100.0796
11		5.9277		5.9344		2644.2288	100.0026
12		5.9255		5.9300		2641.4906	100.0458
 message: Did not converge to a solution satisfying the constraints. See `maxcv` for magnitude of violation.
 success: False
  status: 4
     fun: 2644.228833150879
       x: [ 5.928e+00  5.934e+00]
    nfev: 12
   maxcv: 0.006697833569250022
#############################################################################
Constraints and sensitivity
Relative impact of increasing array size to 9x9: 5.99%
#############################################################################
Optimization run history and convergence: 11x11 array
iter		drift spacing	wp spacing	footprint	wp peak temp
0		5.9277		5.9344		4005.0838	105.9973
1		5.9277		5.9344		4005.0838	105.9973
2		6.9277		5.9344		4647.4027	99.1732
3		5.9277		6.9344		4628.6189	99.1768
4		6.3706		6.3706		4580.8499	99.8198
5		6.4583		6.2816		4580.7581	99.8328
6		6.3578		6.3578		4563.5077	99.9870
7		6.2823		6.2582		4446.1605	101.1489
8		6.3454		6.3672		4561.2648	100.0067
9		6.3484		6.3454		4548.7571	100.1303
 message: Optimization terminated successfully.
 success: True
  status: 1
     fun: 4563.507738329689
       x: [ 6.358e+00  6.358e+00]
    nfev: 9
   maxcv: 0.0
#############################################################################
Constraints and sensitivity
Relative impact of increasing array size to 11x11: 3.94%
#############################################################################
Optimization run history and convergence: 9x9 array
iter		drift spacing	wp spacing	footprint	wp peak temp
0		8.6203		8.6203		5320.0157	91.7745
1		8.6203		8.6203		5320.0157	91.7745
2		9.6203		8.6203		5910.8138	88.4410
3		8.6203		9.6203		5896.3226	88.4410
4		7.9132		7.9132		4526.7478	97.4060
5		8.0646		6.9247		4074.8374	101.4164
6		7.5875		7.5875		4182.8776	100.3937
7		7.4991		7.6759		4181.0967	100.3964
8		7.6304		7.6304		4227.4099	99.9840
9		7.8048		7.4512		4225.5042	100.0175
10		7.6202		7.6009		4206.8882	100.1732
11		7.6009		7.6406		4217.0611	100.0759
12		7.6257		7.6320		4225.7567	99.9987
13		7.6240		7.6273		4222.4719	100.0289
 message: Did not converge to a solution satisfying the constraints. See `maxcv` for magnitude of violation.
 success: False
  status: 4
     fun: 4225.756688985269
       x: [ 7.626e+00  7.632e+00]
    nfev: 13
   maxcv: 0.0063609069184584754
#############################################################################
Constraints and sensitivity
Relative impact of increasing array size to 9x9: 4.45%
#############################################################################
Optimization run history and convergence: 9x9 array
iter		drift spacing	wp spacing	footprint	wp peak temp
0		9.4327		4.8875		3454.6939	90.2240
1		9.4327		4.8875		3454.6939	90.2240
2		10.4327		4.8875		3806.5939	86.7526
3		9.4327		5.8875		4082.9985	85.1476
4		8.4327		4.8875		3102.7939	94.3829
5		7.4327		4.8875		2750.8939	99.4114
6		7.4327		4.3875		2500.7415	103.1097
7		6.7219		5.5909		2820.6660	98.7616
8		7.3448		4.7986		2676.0010	100.5325
9		7.2560		4.8866		2688.2328	100.4149
10		7.3284		4.8875		2714.1666	99.9957
11		7.3286		4.8719		2706.5247	100.1045
12		7.3440		4.8877		2719.7637	99.9060
 message: Optimization terminated successfully.
 success: True
  status: 1
     fun: 2714.1666079581855
       x: [ 7.328e+00  4.888e+00]
    nfev: 12
   maxcv: -0.0
#############################################################################
Constraints and sensitivity
Relative impact of increasing array size to 9x9: 5.89%
#############################################################################
Optimization run history and convergence: 11x11 array
iter		drift spacing	wp spacing	footprint	wp peak temp
0		7.3284		4.8875		4105.2987	105.8810
1		7.3284		4.8875		4105.2987	105.8810
2		8.3284		4.8875		4642.9237	99.8485
3		7.3284		5.8875		4868.8976	98.5229
4		8.3284		4.6375		4427.0240	101.7598
5		8.2034		4.8875		4575.7206	100.5389
6		8.3284		4.8563		4615.9363	100.0809
7		8.3009		4.8875		4628.1731	99.9986
8		8.3009		4.8953		4634.8986	99.9406
9		8.3059		4.8875		4630.8613	99.9712
 message: Optimization terminated successfully.
 success: True
  status: 1
     fun: 4628.1731345839735
       x: [ 8.301e+00  4.888e+00]
    nfev: 9
   maxcv: -0.0
#############################################################################
Constraints and sensitivity
Relative impact of increasing array size to 11x11: 3.98%
#############################################################################
Optimization run history and convergence: 9x9 array
iter		drift spacing	wp spacing	footprint	wp peak temp
0		6.8202		6.8201		3426.4940	90.1219
1		6.8202		6.8201		3426.4940	90.1219
2		7.8202		6.8201		3902.0828	85.7789
3		6.8202		7.8201		3887.5974	85.7789
4		6.1131		6.1131		2796.1519	97.7317
5		6.4065		5.1571		2506.9399	102.2074
6		5.9023		5.9023		2620.6464	100.3752
7		5.8139		5.9907		2618.8656	100.3796
8		5.9322		5.9322		2645.2109	99.9880
9		5.9184		5.9042		2628.1117	100.2585
10		5.9042		5.9461		2639.0522	100.0796
11		5.9277		5.9344		2644.2288	100.0026
12		5.9255		5.9300		2641.4906	100.0458
 message: Did not converge to a solution satisfying the constraints. See `maxcv` for magnitude of violation.
 success: False
  status: 4
     fun: 2644.228833150879
       x: [ 5.928e+00  5.934e+00]
    nfev: 12
   maxcv: 0.006697833569250022
#############################################################################
Constraints and sensitivity
Relative impact of increasing array size to 9x9: 5.99%
#############################################################################
Optimization run history and convergence: 11x11 array
iter		drift spacing	wp spacing	footprint	wp peak temp
0		5.9277		5.9344		4005.0838	105.9973
1		5.9277		5.9344		4005.0838	105.9973
2		6.9277		5.9344		4647.4027	99.1732
3		5.9277		6.9344		4628.6189	99.1768
4		6.3706		6.3706		4580.8499	99.8198
5		6.4583		6.2816		4580.7581	99.8328
6		6.3578		6.3578		4563.5077	99.9870
7		6.2823		6.2582		4446.1605	101.1489
8		6.3454		6.3672		4561.2648	100.0067
9		6.3484		6.3454		4548.7571	100.1303
 message: Optimization terminated successfully.
 success: True
  status: 1
     fun: 4563.507738329689
       x: [ 6.358e+00  6.358e+00]
    nfev: 9
   maxcv: 0.0
#############################################################################
Constraints and sensitivity
Relative impact of increasing array size to 11x11: 3.94%
#############################################################################
Optimization run history and convergence: 9x9 array
iter		drift spacing	wp spacing	footprint	wp peak temp
0		8.6203		8.6203		5320.0157	91.7745
1		8.6203		8.6203		5320.0157	91.7745
2		9.6203		8.6203		5910.8138	88.4410
3		8.6203		9.6203		5896.3226	88.4410
4		7.9132		7.9132		4526.7478	97.4060
5		8.0646		6.9247		4074.8374	101.4164
6		7.5875		7.5875		4182.8776	100.3937
7		7.4991		7.6759		4181.0967	100.3964
8		7.6304		7.6304		4227.4099	99.9840
9		7.8048		7.4512		4225.5042	100.0175
10		7.6202		7.6009		4206.8882	100.1732
11		7.6009		7.6406		4217.0611	100.0759
12		7.6257		7.6320		4225.7567	99.9987
13		7.6240		7.6273		4222.4719	100.0289
 message: Did not converge to a solution satisfying the constraints. See `maxcv` for magnitude of violation.
 success: False
  status: 4
     fun: 4225.756688985269
       x: [ 7.626e+00  7.632e+00]
    nfev: 13
   maxcv: 0.0063609069184584754
#############################################################################
Constraints and sensitivity
Relative impact of increasing array size to 9x9: 4.45%
#############################################################################
Optimization run history and convergence: 9x9 array
iter		drift spacing	wp spacing	footprint	wp peak temp
0		9.4327		4.8875		3454.6939	90.2240
1		9.4327		4.8875		3454.6939	90.2240
2		10.4327		4.8875		3806.5939	86.7526
3		9.4327		5.8875		4082.9985	85.1476
4		8.4327		4.8875		3102.7939	94.3829
5		7.4327		4.8875		2750.8939	99.4114
6		7.4327		4.3875		2500.7415	103.1097
7		6.7219		5.5909		2820.6660	98.7616
8		7.3448		4.7986		2676.0010	100.5325
9		7.2560		4.8866		2688.2328	100.4149
10		7.3284		4.8875		2714.1666	99.9957
11		7.3286		4.8719		2706.5247	100.1045
12		7.3440		4.8877		2719.7637	99.9060
 message: Optimization terminated successfully.
 success: True
  status: 1
     fun: 2714.1666079581855
       x: [ 7.328e+00  4.888e+00]
    nfev: 12
   maxcv: -0.0
#############################################################################
Constraints and sensitivity
Relative impact of increasing array size to 9x9: 5.89%
#############################################################################
Optimization run history and convergence: 11x11 array
iter		drift spacing	wp spacing	footprint	wp peak temp
0		7.3284		4.8875		4105.2987	105.8810
1		7.3284		4.8875		4105.2987	105.8810
2		8.3284		4.8875		4642.9237	99.8485
3		7.3284		5.8875		4868.8976	98.5229
4		8.3284		4.6375		4427.0240	101.7598
5		8.2034		4.8875		4575.7206	100.5389
6		8.3284		4.8563		4615.9363	100.0809
7		8.3009		4.8875		4628.1731	99.9986
8		8.3009		4.8953		4634.8986	99.9406
9		8.3059		4.8875		4630.8613	99.9712
 message: Optimization terminated successfully.
 success: True
  status: 1
     fun: 4628.1731345839735
       x: [ 8.301e+00  4.888e+00]
    nfev: 9
   maxcv: -0.0
#############################################################################
Constraints and sensitivity
Relative impact of increasing array size to 11x11: 3.98%
#############################################################################
Optimization run history and convergence: 9x9 array
iter		drift spacing	wp spacing	footprint	wp peak temp
0		6.8202		6.8201		3426.4940	90.1219
1		6.8202		6.8201		3426.4940	90.1219
2		7.8202		6.8201		3902.0828	85.7789
3		6.8202		7.8201		3887.5974	85.7789
4		6.1131		6.1131		2796.1519	97.7317
5		6.4065		5.1571		2506.9399	102.2074
6		5.9023		5.9023		2620.6464	100.3752
7		5.8139		5.9907		2618.8656	100.3796
8		5.9322		5.9322		2645.2109	99.9880
9		5.9184		5.9042		2628.1117	100.2585
10		5.9042		5.9461		2639.0522	100.0796
11		5.9277		5.9344		2644.2288	100.0026
12		5.9255		5.9300		2641.4906	100.0458
 message: Did not converge to a solution satisfying the constraints. See `maxcv` for magnitude of violation.
 success: False
  status: 4
     fun: 2644.228833150879
       x: [ 5.928e+00  5.934e+00]
    nfev: 12
   maxcv: 0.006697833569250022
#############################################################################
Constraints and sensitivity
Relative impact of increasing array size to 9x9: 5.99%
#############################################################################
Optimization run history and convergence: 11x11 array
iter		drift spacing	wp spacing	footprint	wp peak temp
0		5.9277		5.9344		4005.0838	105.9973
1		5.9277		5.9344		4005.0838	105.9973
2		6.9277		5.9344		4647.4027	99.1732
3		5.9277		6.9344		4628.6189	99.1768
4		6.3706		6.3706		4580.8499	99.8198
5		6.4583		6.2816		4580.7581	99.8328
6		6.3578		6.3578		4563.5077	99.9870
7		6.2823		6.2582		4446.1605	101.1489
8		6.3454		6.3672		4561.2648	100.0067
9		6.3484		6.3454		4548.7571	100.1303
 message: Optimization terminated successfully.
 success: True
  status: 1
     fun: 4563.507738329689
       x: [ 6.358e+00  6.358e+00]
    nfev: 9
   maxcv: 0.0
#############################################################################
Constraints and sensitivity
Relative impact of increasing array size to 11x11: 3.94%
#############################################################################
Optimization run history and convergence: 9x9 array
iter		drift spacing	wp spacing	footprint	wp peak temp
0		8.6203		8.6203		5320.0157	91.7745
1		8.6203		8.6203		5320.0157	91.7745
2		9.6203		8.6203		5910.8138	88.4410
3		8.6203		9.6203		5896.3226	88.4410
4		7.9132		7.9132		4526.7478	97.4060
5		8.0646		6.9247		4074.8374	101.4164
6		7.5875		7.5875		4182.8776	100.3937
7		7.4991		7.6759		4181.0967	100.3964
8		7.6304		7.6304		4227.4099	99.9840
9		7.8048		7.4512		4225.5042	100.0175
10		7.6202		7.6009		4206.8882	100.1732
11		7.6009		7.6406		4217.0611	100.0759
12		7.6257		7.6320		4225.7567	99.9987
13		7.6240		7.6273		4222.4719	100.0289
 message: Did not converge to a solution satisfying the constraints. See `maxcv` for magnitude of violation.
 success: False
  status: 4
     fun: 4225.756688985269
       x: [ 7.626e+00  7.632e+00]
    nfev: 13
   maxcv: 0.0063609069184584754
#############################################################################
Constraints and sensitivity
Relative impact of increasing array size to 9x9: 4.45%
#############################################################################
Optimization run history and convergence: 9x9 array
iter		drift spacing	wp spacing	footprint	wp peak temp
0		9.4327		4.8875		3454.6939	90.2240
1		9.4327		4.8875		3454.6939	90.2240
2		10.4327		4.8875		3806.5939	86.7526
3		9.4327		5.8875		4082.9985	85.1476
4		8.4327		4.8875		3102.7939	94.3829
5		7.4327		4.8875		2750.8939	99.4114
6		7.4327		4.3875		2500.7415	103.1097
7		6.7219		5.5909		2820.6660	98.7616
8		7.3448		4.7986		2676.0010	100.5325
9		7.2560		4.8866		2688.2328	100.4149
10		7.3284		4.8875		2714.1666	99.9957
11		7.3286		4.8719		2706.5247	100.1045
12		7.3440		4.8877		2719.7637	99.9060
 message: Optimization terminated successfully.
 success: True
  status: 1
     fun: 2714.1666079581855
       x: [ 7.328e+00  4.888e+00]
    nfev: 12
   maxcv: -0.0
#############################################################################
Constraints and sensitivity
Relative impact of increasing array size to 9x9: 5.89%
#############################################################################
Optimization run history and convergence: 11x11 array
iter		drift spacing	wp spacing	footprint	wp peak temp
0		7.3284		4.8875		4105.2987	105.8810
1		7.3284		4.8875		4105.2987	105.8810
2		8.3284		4.8875		4642.9237	99.8485
3		7.3284		5.8875		4868.8976	98.5229
4		8.3284		4.6375		4427.0240	101.7598
5		8.2034		4.8875		4575.7206	100.5389
6		8.3284		4.8563		4615.9363	100.0809
7		8.3009		4.8875		4628.1731	99.9986
8		8.3009		4.8953		4634.8986	99.9406
9		8.3059		4.8875		4630.8613	99.9712
 message: Optimization terminated successfully.
 success: True
  status: 1
     fun: 4628.1731345839735
       x: [ 8.301e+00  4.888e+00]
    nfev: 9
   maxcv: -0.0
#############################################################################
Constraints and sensitivity
Relative impact of increasing array size to 11x11: 3.98%
#############################################################################
Optimization run history and convergence: 9x9 array
iter		drift spacing	wp spacing	footprint	wp peak temp
0		6.8202		6.8201		3426.4940	90.1219
1		6.8202		6.8201		3426.4940	90.1219
2		7.8202		6.8201		3902.0828	85.7789
3		6.8202		7.8201		3887.5974	85.7789
4		6.1131		6.1131		2796.1519	97.7317
5		6.4065		5.1571		2506.9399	102.2074
6		5.9023		5.9023		2620.6464	100.3752
7		5.8139		5.9907		2618.8656	100.3796
8		5.9322		5.9322		2645.2109	99.9880
9		5.9184		5.9042		2628.1117	100.2585
10		5.9042		5.9461		2639.0522	100.0796
11		5.9277		5.9344		2644.2288	100.0026
12		5.9255		5.9300		2641.4906	100.0458
 message: Did not converge to a solution satisfying the constraints. See `maxcv` for magnitude of violation.
 success: False
  status: 4
     fun: 2644.228833150879
       x: [ 5.928e+00  5.934e+00]
    nfev: 12
   maxcv: 0.006697833569250022
#############################################################################
Constraints and sensitivity
Relative impact of increasing array size to 9x9: 5.99%
#############################################################################
Optimization run history and convergence: 11x11 array
iter		drift spacing	wp spacing	footprint	wp peak temp
0		5.9277		5.9344		4005.0838	105.9973
1		5.9277		5.9344		4005.0838	105.9973
2		6.9277		5.9344		4647.4027	99.1732
3		5.9277		6.9344		4628.6189	99.1768
4		6.3706		6.3706		4580.8499	99.8198
5		6.4583		6.2816		4580.7581	99.8328
6		6.3578		6.3578		4563.5077	99.9870
7		6.2823		6.2582		4446.1605	101.1489
8		6.3454		6.3672		4561.2648	100.0067
9		6.3484		6.3454		4548.7571	100.1303
 message: Optimization terminated successfully.
 success: True
  status: 1
     fun: 4563.507738329689
       x: [ 6.358e+00  6.358e+00]
    nfev: 9
   maxcv: 0.0
#############################################################################
Constraints and sensitivity
Relative impact of increasing array size to 11x11: 3.94%
#############################################################################
Optimization run history and convergence: 9x9 array
iter		drift spacing	wp spacing	footprint	wp peak temp
0		9.4327		4.8875		3454.6939	90.2240
1		9.4327		4.8875		3454.6939	90.2240
2		10.4327		4.8875		3806.5939	86.7526
3		9.4327		5.8875		4082.9985	85.1476
4		8.4327		4.8875		3102.7939	94.3829
5		7.4327		4.8875		2750.8939	99.4114
6		7.4327		4.3875		2500.7415	103.1097
7		6.7219		5.5909		2820.6660	98.7616
8		7.3448		4.7986		2676.0010	100.5325
9		7.2560		4.8866		2688.2328	100.4149
10		7.3284		4.8875		2714.1666	99.9957
11		7.3286		4.8719		2706.5247	100.1045
12		7.3440		4.8877		2719.7637	99.9060
 message: Optimization terminated successfully.
 success: True
  status: 1
     fun: 2714.1666079581855
       x: [ 7.328e+00  4.888e+00]
    nfev: 12
   maxcv: -0.0
#############################################################################
Constraints and sensitivity
Relative impact of increasing array size to 9x9: 5.89%
#############################################################################
Optimization run history and convergence: 11x11 array
iter		drift spacing	wp spacing	footprint	wp peak temp
0		7.3284		4.8875		4105.2987	105.8810
1		7.3284		4.8875		4105.2987	105.8810
2		8.3284		4.8875		4642.9237	99.8485
3		7.3284		5.8875		4868.8976	98.5229
4		8.3284		4.6375		4427.0240	101.7598
5		8.2034		4.8875		4575.7206	100.5389
6		8.3284		4.8563		4615.9363	100.0809
7		8.3009		4.8875		4628.1731	99.9986
8		8.3009		4.8953		4634.8986	99.9406
9		8.3059		4.8875		4630.8613	99.9712
 message: Optimization terminated successfully.
 success: True
  status: 1
     fun: 4628.1731345839735
       x: [ 8.301e+00  4.888e+00]
    nfev: 9
   maxcv: -0.0
#############################################################################
Constraints and sensitivity
Relative impact of increasing array size to 11x11: 3.98%
