Repository Footprint Minimization Code v.0.1 
Subpackage in the NWPY Python Package 
Written by Milos Atz 
Nuclear Waste Management Group 
University of California, Berkeley 
Output file generated: 2024-05-01 08:20:43
#############################################################################
Host rock, wasteform, and repository data 
Limit for effect of adjacent sources: 5% 
Repository type: clay repository array
Rock thermal conductivity [W/m/K]: 1.75
Rock thermal diffusivity [m^2/s]: 6.45e-07
Waste ID: snf
Package loading (units): 3.0
Waste package length [m]: 5.0
Waste package diameter [m]: 0.6699999999999999
Surface storage time [y]: 3.0
Repository ambient temperature [C]: 27.5
Waste package temperature limit [C]: 100.0
Rock wall temperature limit [C]: 100.0
#############################################################################
Optimization run history and convergence: 9x9 array
iter		drift spacing	wp spacing	footprint	wp peak temp
0		10.0000		10.0000		6998.2200	82.2040
1		10.0000		10.0000		6998.2200	82.2040
2		11.0000		10.0000		7678.2200	80.3602
3		10.0000		11.0000		7656.8760	80.3602
4		9.2929		9.2929		6083.6473	85.3069
5		8.5990		8.5728		5233.4824	89.0503
6		8.0544		7.7341		4464.9224	93.5045
7		7.2055		7.2055		3757.1613	98.9154
8		7.3717		6.2194		3356.8146	102.8687
9		7.0718		7.0718		3627.1152	100.1058
10		7.1602		6.9834		3628.5017	100.1088
11		7.0939		7.0939		3648.4446	99.9057
12		7.1049		7.0828		3648.6726	99.9057
13		7.0835		7.0835		3638.3844	99.9998
14		7.0870		7.0799		3638.4590	99.9998
 message: Optimization terminated successfully.
 success: True
  status: 1
     fun: 3638.3843596813203
       x: [ 7.083e+00  7.083e+00]
    nfev: 14
   maxcv: 8.881784197001252e-16
#############################################################################
Constraints and sensitivity
Relative impact of increasing array size to 9x9: 3.89%
