Repository Footprint Minimization Code v.0.1 
Subpackage in the NWPY Python Package 
Written by Milos Atz 
Nuclear Waste Management Group 
University of California, Berkeley 
Output file generated: 2024-05-01 05:53:33
#############################################################################
Host rock, wasteform, and repository data 
Limit for effect of adjacent sources: 5% 
Repository type: clay repository array
Rock thermal conductivity [W/m/K]: 1.75
Rock thermal diffusivity [m^2/s]: 6.45e-07
Waste ID: snf
Package loading (units): 18.0
Waste package length [m]: 4.8875
Waste package diameter [m]: 1.1548
Surface storage time [y]: 3.0
Repository ambient temperature [C]: 27.5
Waste package temperature limit [C]: 100.0
Rock wall temperature limit [C]: 100.0
#############################################################################
Optimization run history and convergence: 9x9 array
iter		drift spacing	wp spacing	footprint	wp peak temp
0		10.0000		10.0000		7030.1111	55.0527
1		10.0000		10.0000		7030.1111	55.0527
2		11.0000		10.0000		7709.2111	54.9605
3		10.0000		11.0000		7692.6455	54.9605
4		9.2929		9.2929		6113.4323	55.4949
5		8.6016		8.5703		5261.1979	57.8802
6		8.0616		7.7286		4490.6838	60.4338
7		7.2079		7.2079		3783.0775	63.5438
8		6.6318		6.3906		3129.4418	67.4749
9		5.8144		5.8144		2535.8107	72.5551
10		5.3225		4.9438		2017.3295	79.0311
11		4.9518		5.2793		1999.4133	79.2177
12		4.8875		4.8875		1843.8152	81.8821
13		4.8258		4.8976		1825.4645	82.2042
14		4.8774		4.8258		1819.6128	82.3308
15		4.8862		4.8798		1840.7856	81.9378
16		4.8952		4.8862		1846.1035	81.8422
 message: Optimization terminated successfully.
 success: True
  status: 1
     fun: 1843.8152400000004
       x: [ 4.888e+00  4.888e+00]
    nfev: 16
   maxcv: -0.0
#############################################################################
Constraints and sensitivity
Relative impact of increasing array size to 9x9: 5.65%
#############################################################################
Optimization run history and convergence: 11x11 array
iter		drift spacing	wp spacing	footprint	wp peak temp
0		4.8875		4.8875		2779.0804	86.5094
1		4.8875		4.8875		2779.0804	86.5094
2		5.8875		4.8875		3316.7054	80.2829
3		4.8875		5.8875		3295.9984	80.2829
4		4.7625		4.8875		2711.8773	87.4075
5		4.7625		4.7625		2648.8250	88.3245
6		4.8875		4.8563		2762.9267	86.7311
7		4.8719		4.8875		2770.6800	86.6200
8		4.8814		4.8844		2774.2247	86.5741
 message: Optimization terminated successfully.
 success: True
  status: 1
     fun: 2779.0803975000003
       x: [ 4.888e+00  4.888e+00]
    nfev: 8
   maxcv: -0.0
#############################################################################
Constraints and sensitivity
Relative impact of increasing array size to 11x11: 4.57%
