#############################################################################
Optimization run history and convergence: 9x9 array
iter		drift spacing	wp spacing	footprint	wp peak temp
0		11.2128		5.0000		4152.7979	75.1873
1		11.2128		5.0000		4152.7979	75.1873
2		12.2128		5.0000		4512.7979	73.2344
3		11.2128		6.0000		4891.0731	72.0316
4		10.2128		5.0000		3792.7979	77.4648
5		9.2128		5.0000		3432.7979	80.1405
6		8.2128		5.0000		3072.7979	83.3120
7		7.2128		5.0000		2712.7979	87.1122
8		6.2128		5.0000		2352.7979	91.7299
9		5.2128		5.0000		1992.7979	97.4456
10		5.2128		4.5000		1815.6603	100.9302
11		5.0000		5.0000		1916.1900	98.8415
12		5.0000		4.8750		1873.6080	99.6959
13		4.9688		5.0000		1904.9400	99.0527
14		5.0000		4.9844		1910.8673	98.9469
15		4.9950		5.0000		1914.3900	98.8752
 message: Optimization terminated successfully.
 success: True
  status: 1
     fun: 1916.19
       x: [ 5.000e+00  5.000e+00]
    nfev: 15
   maxcv: -0.0
#############################################################################
Constraints and sensitivity
Relative impact of increasing array size to 9x9: 8.34%
#############################################################################
Optimization run history and convergence: 11x11 array
iter		drift spacing	wp spacing	footprint	wp peak temp
0		5.0000		5.0000		2892.0100	107.0817
1		5.0000		5.0000		2892.0100	107.0817
2		6.0000		5.0000		3442.0100	99.7960
3		5.0000		6.0000		3417.8300	99.7960
4		6.0000		6.0000		4067.8300	93.5294
5		5.8750		5.0000		3373.2600	100.6118
6		6.0000		4.8750		3363.7825	100.6862
7		5.9687		5.0000		3424.8180	99.9979
8		5.9687		4.9844		3415.0884	100.1082
9		5.9637		5.0000		3422.0680	100.0303
 message: Optimization terminated successfully.
 success: True
  status: 1
     fun: 3424.817962133972
       x: [ 5.969e+00  5.000e+00]
    nfev: 9
   maxcv: -0.0
#############################################################################
Constraints and sensitivity
Relative impact of increasing array size to 11x11: 6.15%
#############################################################################
Optimization run history and convergence: 13x13 array
iter		drift spacing	wp spacing	footprint	wp peak temp
0		5.9687		5.0000		4823.4486	106.1519
1		5.9687		5.0000		4823.4486	106.1519
2		6.9687		5.0000		5603.4486	99.2544
3		5.9687		6.0000		5713.9314	98.7173
4		6.9687		4.7500		5344.8279	101.1503
5		6.8437		5.0000		5505.9486	100.0380
6		6.8437		4.9375		5442.4184	100.5082
7		6.8594		5.0000		5518.1361	99.9389
8		6.8437		5.0078		5513.8898	99.9798
9		6.8497		5.0000		5510.6252	100.0000
 message: Optimization terminated successfully.
 success: True
  status: 1
     fun: 5510.625244568674
       x: [ 6.850e+00  5.000e+00]
    nfev: 9
   maxcv: -0.0
#############################################################################
Constraints and sensitivity
Relative impact of increasing array size to 13x13: 4.74%
#############################################################################
Optimization run history and convergence: 11x11 array
iter		drift spacing	wp spacing	footprint	wp peak temp
0		5.0000		5.0000		2892.0100	43.4750
1		5.0000		5.0000		2892.0100	43.4750
2		6.0000		5.0000		3442.0100	41.9834
3		5.0000		6.0000		3417.8300	41.9834
4		4.8750		5.0000		2823.2600	43.6880
5		4.8750		4.8750		2759.0950	43.9054
6		5.0000		4.9688		2875.5781	43.5276
7		4.9844		5.0000		2883.4163	43.5013
8		4.9939		4.9969		2887.0517	43.4904
 message: Optimization terminated successfully.
 success: True
  status: 1
     fun: 2892.01
       x: [ 5.000e+00  5.000e+00]
    nfev: 8
   maxcv: -0.0
#############################################################################
Constraints and sensitivity
Relative impact of increasing array size to 11x11: 3.27%
#############################################################################
Optimization run history and convergence: 9x9 array
iter		drift spacing	wp spacing	footprint	wp peak temp
0		11.2128		5.0000		4152.7979	75.1873
1		11.2128		5.0000		4152.7979	75.1873
2		12.2128		5.0000		4512.7979	73.2344
3		11.2128		6.0000		4891.0731	72.0316
4		10.2128		5.0000		3792.7979	77.4648
5		9.2128		5.0000		3432.7979	80.1405
6		8.2128		5.0000		3072.7979	83.3120
7		7.2128		5.0000		2712.7979	87.1122
8		6.2128		5.0000		2352.7979	91.7299
9		5.2128		5.0000		1992.7979	97.4456
10		5.2128		4.5000		1815.6603	100.9302
11		5.0000		5.0000		1916.1900	98.8415
12		5.0000		4.8750		1873.6080	99.6959
13		4.9688		5.0000		1904.9400	99.0527
14		5.0000		4.9844		1910.8673	98.9469
15		4.9950		5.0000		1914.3900	98.8752
 message: Optimization terminated successfully.
 success: True
  status: 1
     fun: 1916.19
       x: [ 5.000e+00  5.000e+00]
    nfev: 15
   maxcv: -0.0
#############################################################################
Constraints and sensitivity
Relative impact of increasing array size to 9x9: 8.34%
#############################################################################
Optimization run history and convergence: 11x11 array
iter		drift spacing	wp spacing	footprint	wp peak temp
0		5.0000		5.0000		2892.0100	107.0817
1		5.0000		5.0000		2892.0100	107.0817
2		6.0000		5.0000		3442.0100	99.7960
3		5.0000		6.0000		3417.8300	99.7960
4		6.0000		6.0000		4067.8300	93.5294
5		5.8750		5.0000		3373.2600	100.6118
6		6.0000		4.8750		3363.7825	100.6862
7		5.9687		5.0000		3424.8180	99.9979
8		5.9687		4.9844		3415.0884	100.1082
9		5.9637		5.0000		3422.0680	100.0303
 message: Optimization terminated successfully.
 success: True
  status: 1
     fun: 3424.817962133972
       x: [ 5.969e+00  5.000e+00]
    nfev: 9
   maxcv: -0.0
#############################################################################
Constraints and sensitivity
Relative impact of increasing array size to 11x11: 6.15%
#############################################################################
Optimization run history and convergence: 13x13 array
iter		drift spacing	wp spacing	footprint	wp peak temp
0		5.9687		5.0000		4823.4486	106.1519
1		5.9687		5.0000		4823.4486	106.1519
2		6.9687		5.0000		5603.4486	99.2544
3		5.9687		6.0000		5713.9314	98.7173
4		6.9687		4.7500		5344.8279	101.1503
5		6.8437		5.0000		5505.9486	100.0380
6		6.8437		4.9375		5442.4184	100.5082
7		6.8594		5.0000		5518.1361	99.9389
8		6.8437		5.0078		5513.8898	99.9798
9		6.8497		5.0000		5510.6252	100.0000
 message: Optimization terminated successfully.
 success: True
  status: 1
     fun: 5510.625244568674
       x: [ 6.850e+00  5.000e+00]
    nfev: 9
   maxcv: -0.0
#############################################################################
Constraints and sensitivity
Relative impact of increasing array size to 13x13: 4.74%
#############################################################################
Optimization run history and convergence: 11x11 array
iter		drift spacing	wp spacing	footprint	wp peak temp
0		5.0000		5.0000		2892.0100	43.4750
1		5.0000		5.0000		2892.0100	43.4750
2		6.0000		5.0000		3442.0100	41.9834
3		5.0000		6.0000		3417.8300	41.9834
4		4.8750		5.0000		2823.2600	43.6880
5		4.8750		4.8750		2759.0950	43.9054
6		5.0000		4.9688		2875.5781	43.5276
7		4.9844		5.0000		2883.4163	43.5013
8		4.9939		4.9969		2887.0517	43.4904
 message: Optimization terminated successfully.
 success: True
  status: 1
     fun: 2892.01
       x: [ 5.000e+00  5.000e+00]
    nfev: 8
   maxcv: -0.0
#############################################################################
Constraints and sensitivity
Relative impact of increasing array size to 11x11: 3.27%
#############################################################################
Optimization run history and convergence: 9x9 array
iter		drift spacing	wp spacing	footprint	wp peak temp
0		11.2128		5.0000		4152.7979	75.1873
1		11.2128		5.0000		4152.7979	75.1873
2		12.2128		5.0000		4512.7979	73.2344
3		11.2128		6.0000		4891.0731	72.0316
4		10.2128		5.0000		3792.7979	77.4648
5		9.2128		5.0000		3432.7979	80.1405
6		8.2128		5.0000		3072.7979	83.3120
7		7.2128		5.0000		2712.7979	87.1122
8		6.2128		5.0000		2352.7979	91.7299
9		5.2128		5.0000		1992.7979	97.4456
10		5.2128		4.5000		1815.6603	100.9302
11		5.0000		5.0000		1916.1900	98.8415
12		5.0000		4.8750		1873.6080	99.6959
13		4.9688		5.0000		1904.9400	99.0527
14		5.0000		4.9844		1910.8673	98.9469
15		4.9950		5.0000		1914.3900	98.8752
 message: Optimization terminated successfully.
 success: True
  status: 1
     fun: 1916.19
       x: [ 5.000e+00  5.000e+00]
    nfev: 15
   maxcv: -0.0
#############################################################################
Constraints and sensitivity
Relative impact of increasing array size to 9x9: 8.34%
#############################################################################
Optimization run history and convergence: 11x11 array
iter		drift spacing	wp spacing	footprint	wp peak temp
0		5.0000		5.0000		2892.0100	107.0817
1		5.0000		5.0000		2892.0100	107.0817
2		6.0000		5.0000		3442.0100	99.7960
3		5.0000		6.0000		3417.8300	99.7960
4		6.0000		6.0000		4067.8300	93.5294
5		5.8750		5.0000		3373.2600	100.6118
6		6.0000		4.8750		3363.7825	100.6862
7		5.9687		5.0000		3424.8180	99.9979
8		5.9687		4.9844		3415.0884	100.1082
9		5.9637		5.0000		3422.0680	100.0303
 message: Optimization terminated successfully.
 success: True
  status: 1
     fun: 3424.817962133972
       x: [ 5.969e+00  5.000e+00]
    nfev: 9
   maxcv: -0.0
#############################################################################
Constraints and sensitivity
Relative impact of increasing array size to 11x11: 6.15%
#############################################################################
Optimization run history and convergence: 13x13 array
iter		drift spacing	wp spacing	footprint	wp peak temp
0		5.9687		5.0000		4823.4486	106.1519
1		5.9687		5.0000		4823.4486	106.1519
2		6.9687		5.0000		5603.4486	99.2544
3		5.9687		6.0000		5713.9314	98.7173
4		6.9687		4.7500		5344.8279	101.1503
5		6.8437		5.0000		5505.9486	100.0380
6		6.8437		4.9375		5442.4184	100.5082
7		6.8594		5.0000		5518.1361	99.9389
8		6.8437		5.0078		5513.8898	99.9798
9		6.8497		5.0000		5510.6252	100.0000
 message: Optimization terminated successfully.
 success: True
  status: 1
     fun: 5510.625244568674
       x: [ 6.850e+00  5.000e+00]
    nfev: 9
   maxcv: -0.0
#############################################################################
Constraints and sensitivity
Relative impact of increasing array size to 13x13: 4.74%
#############################################################################
Optimization run history and convergence: 11x11 array
iter		drift spacing	wp spacing	footprint	wp peak temp
0		5.0000		5.0000		2892.0100	43.4750
1		5.0000		5.0000		2892.0100	43.4750
2		6.0000		5.0000		3442.0100	41.9834
3		5.0000		6.0000		3417.8300	41.9834
4		4.8750		5.0000		2823.2600	43.6880
5		4.8750		4.8750		2759.0950	43.9054
6		5.0000		4.9688		2875.5781	43.5276
7		4.9844		5.0000		2883.4163	43.5013
8		4.9939		4.9969		2887.0517	43.4904
 message: Optimization terminated successfully.
 success: True
  status: 1
     fun: 2892.01
       x: [ 5.000e+00  5.000e+00]
    nfev: 8
   maxcv: -0.0
#############################################################################
Constraints and sensitivity
Relative impact of increasing array size to 11x11: 3.27%
#############################################################################
Optimization run history and convergence: 9x9 array
iter		drift spacing	wp spacing	footprint	wp peak temp
0		11.2128		5.0000		4152.7979	75.1873
1		11.2128		5.0000		4152.7979	75.1873
2		12.2128		5.0000		4512.7979	73.2344
3		11.2128		6.0000		4891.0731	72.0316
4		10.2128		5.0000		3792.7979	77.4648
5		9.2128		5.0000		3432.7979	80.1405
6		8.2128		5.0000		3072.7979	83.3120
7		7.2128		5.0000		2712.7979	87.1122
8		6.2128		5.0000		2352.7979	91.7299
9		5.2128		5.0000		1992.7979	97.4456
10		5.2128		4.5000		1815.6603	100.9302
11		5.0000		5.0000		1916.1900	98.8415
12		5.0000		4.8750		1873.6080	99.6959
13		4.9688		5.0000		1904.9400	99.0527
14		5.0000		4.9844		1910.8673	98.9469
15		4.9950		5.0000		1914.3900	98.8752
 message: Optimization terminated successfully.
 success: True
  status: 1
     fun: 1916.19
       x: [ 5.000e+00  5.000e+00]
    nfev: 15
   maxcv: -0.0
#############################################################################
Constraints and sensitivity
Relative impact of increasing array size to 9x9: 8.34%
#############################################################################
Optimization run history and convergence: 11x11 array
iter		drift spacing	wp spacing	footprint	wp peak temp
0		5.0000		5.0000		2892.0100	107.0817
1		5.0000		5.0000		2892.0100	107.0817
2		6.0000		5.0000		3442.0100	99.7960
3		5.0000		6.0000		3417.8300	99.7960
4		6.0000		6.0000		4067.8300	93.5294
5		5.8750		5.0000		3373.2600	100.6118
6		6.0000		4.8750		3363.7825	100.6862
7		5.9687		5.0000		3424.8180	99.9979
8		5.9687		4.9844		3415.0884	100.1082
9		5.9637		5.0000		3422.0680	100.0303
 message: Optimization terminated successfully.
 success: True
  status: 1
     fun: 3424.817962133972
       x: [ 5.969e+00  5.000e+00]
    nfev: 9
   maxcv: -0.0
#############################################################################
Constraints and sensitivity
Relative impact of increasing array size to 11x11: 6.15%
#############################################################################
Optimization run history and convergence: 13x13 array
iter		drift spacing	wp spacing	footprint	wp peak temp
0		5.9687		5.0000		4823.4486	106.1519
1		5.9687		5.0000		4823.4486	106.1519
2		6.9687		5.0000		5603.4486	99.2544
3		5.9687		6.0000		5713.9314	98.7173
4		6.9687		4.7500		5344.8279	101.1503
5		6.8437		5.0000		5505.9486	100.0380
6		6.8437		4.9375		5442.4184	100.5082
7		6.8594		5.0000		5518.1361	99.9389
8		6.8437		5.0078		5513.8898	99.9798
9		6.8497		5.0000		5510.6252	100.0000
 message: Optimization terminated successfully.
 success: True
  status: 1
     fun: 5510.625244568674
       x: [ 6.850e+00  5.000e+00]
    nfev: 9
   maxcv: -0.0
#############################################################################
Constraints and sensitivity
Relative impact of increasing array size to 13x13: 4.74%
#############################################################################
Optimization run history and convergence: 11x11 array
iter		drift spacing	wp spacing	footprint	wp peak temp
0		5.0000		5.0000		2892.0100	43.4750
1		5.0000		5.0000		2892.0100	43.4750
2		6.0000		5.0000		3442.0100	41.9834
3		5.0000		6.0000		3417.8300	41.9834
4		4.8750		5.0000		2823.2600	43.6880
5		4.8750		4.8750		2759.0950	43.9054
6		5.0000		4.9688		2875.5781	43.5276
7		4.9844		5.0000		2883.4163	43.5013
8		4.9939		4.9969		2887.0517	43.4904
 message: Optimization terminated successfully.
 success: True
  status: 1
     fun: 2892.01
       x: [ 5.000e+00  5.000e+00]
    nfev: 8
   maxcv: -0.0
#############################################################################
Constraints and sensitivity
Relative impact of increasing array size to 11x11: 3.27%
#############################################################################
Optimization run history and convergence: 9x9 array
iter		drift spacing	wp spacing	footprint	wp peak temp
0		11.2128		5.0000		4152.7979	75.1873
1		11.2128		5.0000		4152.7979	75.1873
2		12.2128		5.0000		4512.7979	73.2344
3		11.2128		6.0000		4891.0731	72.0316
4		10.2128		5.0000		3792.7979	77.4648
5		9.2128		5.0000		3432.7979	80.1405
6		8.2128		5.0000		3072.7979	83.3120
7		7.2128		5.0000		2712.7979	87.1122
8		6.2128		5.0000		2352.7979	91.7299
9		5.2128		5.0000		1992.7979	97.4456
10		5.2128		4.5000		1815.6603	100.9302
11		5.0000		5.0000		1916.1900	98.8415
12		5.0000		4.8750		1873.6080	99.6959
13		4.9688		5.0000		1904.9400	99.0527
14		5.0000		4.9844		1910.8673	98.9469
15		4.9950		5.0000		1914.3900	98.8752
 message: Optimization terminated successfully.
 success: True
  status: 1
     fun: 1916.19
       x: [ 5.000e+00  5.000e+00]
    nfev: 15
   maxcv: -0.0
#############################################################################
Constraints and sensitivity
Relative impact of increasing array size to 9x9: 8.34%
#############################################################################
Optimization run history and convergence: 11x11 array
iter		drift spacing	wp spacing	footprint	wp peak temp
0		5.0000		5.0000		2892.0100	107.0817
1		5.0000		5.0000		2892.0100	107.0817
2		6.0000		5.0000		3442.0100	99.7960
3		5.0000		6.0000		3417.8300	99.7960
4		6.0000		6.0000		4067.8300	93.5294
5		5.8750		5.0000		3373.2600	100.6118
6		6.0000		4.8750		3363.7825	100.6862
7		5.9687		5.0000		3424.8180	99.9979
8		5.9687		4.9844		3415.0884	100.1082
9		5.9637		5.0000		3422.0680	100.0303
 message: Optimization terminated successfully.
 success: True
  status: 1
     fun: 3424.817962133972
       x: [ 5.969e+00  5.000e+00]
    nfev: 9
   maxcv: -0.0
#############################################################################
Constraints and sensitivity
Relative impact of increasing array size to 11x11: 6.15%
#############################################################################
Optimization run history and convergence: 13x13 array
iter		drift spacing	wp spacing	footprint	wp peak temp
0		5.9687		5.0000		4823.4486	106.1519
1		5.9687		5.0000		4823.4486	106.1519
2		6.9687		5.0000		5603.4486	99.2544
3		5.9687		6.0000		5713.9314	98.7173
4		6.9687		4.7500		5344.8279	101.1503
5		6.8437		5.0000		5505.9486	100.0380
6		6.8437		4.9375		5442.4184	100.5082
7		6.8594		5.0000		5518.1361	99.9389
8		6.8437		5.0078		5513.8898	99.9798
9		6.8497		5.0000		5510.6252	100.0000
 message: Optimization terminated successfully.
 success: True
  status: 1
     fun: 5510.625244568674
       x: [ 6.850e+00  5.000e+00]
    nfev: 9
   maxcv: -0.0
#############################################################################
Constraints and sensitivity
Relative impact of increasing array size to 13x13: 4.74%
#############################################################################
Optimization run history and convergence: 11x11 array
iter		drift spacing	wp spacing	footprint	wp peak temp
0		5.0000		5.0000		2892.0100	43.4750
1		5.0000		5.0000		2892.0100	43.4750
2		6.0000		5.0000		3442.0100	41.9834
3		5.0000		6.0000		3417.8300	41.9834
4		4.8750		5.0000		2823.2600	43.6880
5		4.8750		4.8750		2759.0950	43.9054
6		5.0000		4.9688		2875.5781	43.5276
7		4.9844		5.0000		2883.4163	43.5013
8		4.9939		4.9969		2887.0517	43.4904
 message: Optimization terminated successfully.
 success: True
  status: 1
     fun: 2892.01
       x: [ 5.000e+00  5.000e+00]
    nfev: 8
   maxcv: -0.0
#############################################################################
Constraints and sensitivity
Relative impact of increasing array size to 11x11: 3.27%
