#############################################################################
Optimization run history and convergence: 9x9 array
iter		drift spacing	wp spacing	footprint	wp peak temp
0		7.4346		7.4346		4026.1821	93.8090
1		7.4346		7.4346		4026.1821	93.8090
2		8.4346		7.4346		4541.0970	89.6317
3		7.4346		8.4346		4526.6058	89.6317
4		6.7275		6.7275		3340.2292	101.0397
5		7.4064		5.9933		3293.0188	101.5919
6		6.8292		6.8292		3434.9227	99.8991
7		7.0023		6.6488		3432.1171	99.9528
8		6.8202		6.8201		3426.4940	99.9985
9		6.8423		6.7980		3426.7725	99.9989
10		6.8313		6.8312		3436.8510	99.8764
11		6.8238		6.8166		3426.5428	99.9985
 message: Optimization terminated successfully.
 success: True
  status: 1
     fun: 3426.4939962045178
       x: [ 6.820e+00  6.820e+00]
    nfev: 11
   maxcv: 0.0
#############################################################################
Constraints and sensitivity
Relative impact of increasing array size to 9x9: 4.66%
#############################################################################
Optimization run history and convergence: 9x9 array
iter		drift spacing	wp spacing	footprint	wp peak temp
0		11.0684		4.8875		4030.2740	93.7605
1		11.0684		4.8875		4030.2740	93.7605
2		12.0684		4.8875		4382.1740	90.7152
3		11.0684		5.8875		4763.2593	88.6118
4		10.0684		4.8875		3678.3740	97.3619
5		9.3359		4.8875		3420.6090	100.4276
6		9.3359		4.6375		3265.0825	102.1415
7		9.4609		4.8875		3464.5965	99.8758
8		9.4609		4.8250		3425.2149	100.2896
9		9.4327		4.8875		3454.6939	99.9989
10		9.4327		4.8719		3444.8766	100.1020
11		9.4377		4.8875		3456.4534	99.9770
 message: Optimization terminated successfully.
 success: True
  status: 1
     fun: 3454.693863674788
       x: [ 9.433e+00  4.888e+00]
    nfev: 11
   maxcv: -0.0
#############################################################################
Constraints and sensitivity
Relative impact of increasing array size to 9x9: 4.56%
#############################################################################
Optimization run history and convergence: 9x9 array
iter		drift spacing	wp spacing	footprint	wp peak temp
0		9.2995		9.2995		6142.2577	94.9152
1		9.2995		9.2995		6142.2577	94.9152
2		10.2995		9.2995		6776.5257	91.7416
3		9.2995		10.2995		6762.0345	91.7416
4		8.5924		8.5924		5287.5143	100.2322
5		8.4156		8.7692		5282.9526	100.2413
6		8.5040		8.5040		5185.1713	100.9681
7		8.6203		8.6203		5320.0157	100.0035
8		8.6424		8.5982		5320.3046	100.0037
9		8.6148		8.6148		5313.5702	100.0487
10		8.6238		8.6167		5320.0661	100.0035
 message: Did not converge to a solution satisfying the constraints. See `maxcv` for magnitude of violation.
 success: False
  status: 4
     fun: 5320.015683338733
       x: [ 8.620e+00  8.620e+00]
    nfev: 10
   maxcv: 0.003535249024281484
#############################################################################
Constraints and sensitivity
Relative impact of increasing array size to 9x9: 3.16%
#############################################################################
Optimization run history and convergence: 9x9 array
iter		drift spacing	wp spacing	footprint	wp peak temp
0		7.4346		7.4346		4026.1821	93.8090
1		7.4346		7.4346		4026.1821	93.8090
2		8.4346		7.4346		4541.0970	89.6317
3		7.4346		8.4346		4526.6058	89.6317
4		6.7275		6.7275		3340.2292	101.0397
5		7.4064		5.9933		3293.0188	101.5919
6		6.8292		6.8292		3434.9227	99.8991
7		7.0023		6.6488		3432.1171	99.9528
8		6.8202		6.8201		3426.4940	99.9985
9		6.8423		6.7980		3426.7725	99.9989
10		6.8313		6.8312		3436.8510	99.8764
11		6.8238		6.8166		3426.5428	99.9985
 message: Optimization terminated successfully.
 success: True
  status: 1
     fun: 3426.4939962045178
       x: [ 6.820e+00  6.820e+00]
    nfev: 11
   maxcv: 0.0
#############################################################################
Constraints and sensitivity
Relative impact of increasing array size to 9x9: 4.66%
#############################################################################
Optimization run history and convergence: 9x9 array
iter		drift spacing	wp spacing	footprint	wp peak temp
0		9.2995		9.2995		6142.2577	94.9152
1		9.2995		9.2995		6142.2577	94.9152
2		10.2995		9.2995		6776.5257	91.7416
3		9.2995		10.2995		6762.0345	91.7416
4		8.5924		8.5924		5287.5143	100.2322
5		8.4156		8.7692		5282.9526	100.2413
6		8.5040		8.5040		5185.1713	100.9681
7		8.6203		8.6203		5320.0157	100.0035
8		8.6424		8.5982		5320.3046	100.0037
9		8.6148		8.6148		5313.5702	100.0487
10		8.6238		8.6167		5320.0661	100.0035
 message: Did not converge to a solution satisfying the constraints. See `maxcv` for magnitude of violation.
 success: False
  status: 4
     fun: 5320.015683338733
       x: [ 8.620e+00  8.620e+00]
    nfev: 10
   maxcv: 0.003535249024281484
#############################################################################
Constraints and sensitivity
Relative impact of increasing array size to 9x9: 3.16%
#############################################################################
Optimization run history and convergence: 9x9 array
iter		drift spacing	wp spacing	footprint	wp peak temp
0		11.0684		4.8875		4030.2740	93.7605
1		11.0684		4.8875		4030.2740	93.7605
2		12.0684		4.8875		4382.1740	90.7152
3		11.0684		5.8875		4763.2593	88.6118
4		10.0684		4.8875		3678.3740	97.3619
5		9.3359		4.8875		3420.6090	100.4276
6		9.3359		4.6375		3265.0825	102.1415
7		9.4609		4.8875		3464.5965	99.8758
8		9.4609		4.8250		3425.2149	100.2896
9		9.4327		4.8875		3454.6939	99.9989
10		9.4327		4.8719		3444.8766	100.1020
11		9.4377		4.8875		3456.4534	99.9770
 message: Optimization terminated successfully.
 success: True
  status: 1
     fun: 3454.693863674788
       x: [ 9.433e+00  4.888e+00]
    nfev: 11
   maxcv: -0.0
#############################################################################
Constraints and sensitivity
Relative impact of increasing array size to 9x9: 4.56%
#############################################################################
Optimization run history and convergence: 9x9 array
iter		drift spacing	wp spacing	footprint	wp peak temp
0		7.4346		7.4346		4026.1821	93.8090
1		7.4346		7.4346		4026.1821	93.8090
2		8.4346		7.4346		4541.0970	89.6317
3		7.4346		8.4346		4526.6058	89.6317
4		6.7275		6.7275		3340.2292	101.0397
5		7.4064		5.9933		3293.0188	101.5919
6		6.8292		6.8292		3434.9227	99.8991
7		7.0023		6.6488		3432.1171	99.9528
8		6.8202		6.8201		3426.4940	99.9985
9		6.8423		6.7980		3426.7725	99.9989
10		6.8313		6.8312		3436.8510	99.8764
11		6.8238		6.8166		3426.5428	99.9985
 message: Optimization terminated successfully.
 success: True
  status: 1
     fun: 3426.4939962045178
       x: [ 6.820e+00  6.820e+00]
    nfev: 11
   maxcv: 0.0
#############################################################################
Constraints and sensitivity
Relative impact of increasing array size to 9x9: 4.66%
#############################################################################
Optimization run history and convergence: 9x9 array
iter		drift spacing	wp spacing	footprint	wp peak temp
0		9.2995		9.2995		6142.2577	94.9152
1		9.2995		9.2995		6142.2577	94.9152
2		10.2995		9.2995		6776.5257	91.7416
3		9.2995		10.2995		6762.0345	91.7416
4		8.5924		8.5924		5287.5143	100.2322
5		8.4156		8.7692		5282.9526	100.2413
6		8.5040		8.5040		5185.1713	100.9681
7		8.6203		8.6203		5320.0157	100.0035
8		8.6424		8.5982		5320.3046	100.0037
9		8.6148		8.6148		5313.5702	100.0487
10		8.6238		8.6167		5320.0661	100.0035
 message: Did not converge to a solution satisfying the constraints. See `maxcv` for magnitude of violation.
 success: False
  status: 4
     fun: 5320.015683338733
       x: [ 8.620e+00  8.620e+00]
    nfev: 10
   maxcv: 0.003535249024281484
#############################################################################
Constraints and sensitivity
Relative impact of increasing array size to 9x9: 3.16%
#############################################################################
Optimization run history and convergence: 9x9 array
iter		drift spacing	wp spacing	footprint	wp peak temp
0		11.0684		4.8875		4030.2740	93.7605
1		11.0684		4.8875		4030.2740	93.7605
2		12.0684		4.8875		4382.1740	90.7152
3		11.0684		5.8875		4763.2593	88.6118
4		10.0684		4.8875		3678.3740	97.3619
5		9.3359		4.8875		3420.6090	100.4276
6		9.3359		4.6375		3265.0825	102.1415
7		9.4609		4.8875		3464.5965	99.8758
8		9.4609		4.8250		3425.2149	100.2896
9		9.4327		4.8875		3454.6939	99.9989
10		9.4327		4.8719		3444.8766	100.1020
11		9.4377		4.8875		3456.4534	99.9770
 message: Optimization terminated successfully.
 success: True
  status: 1
     fun: 3454.693863674788
       x: [ 9.433e+00  4.888e+00]
    nfev: 11
   maxcv: -0.0
#############################################################################
Constraints and sensitivity
Relative impact of increasing array size to 9x9: 4.56%
#############################################################################
Optimization run history and convergence: 9x9 array
iter		drift spacing	wp spacing	footprint	wp peak temp
0		7.4346		7.4346		4026.1821	93.8090
1		7.4346		7.4346		4026.1821	93.8090
2		8.4346		7.4346		4541.0970	89.6317
3		7.4346		8.4346		4526.6058	89.6317
4		6.7275		6.7275		3340.2292	101.0397
5		7.4064		5.9933		3293.0188	101.5919
6		6.8292		6.8292		3434.9227	99.8991
7		7.0023		6.6488		3432.1171	99.9528
8		6.8202		6.8201		3426.4940	99.9985
9		6.8423		6.7980		3426.7725	99.9989
10		6.8313		6.8312		3436.8510	99.8764
11		6.8238		6.8166		3426.5428	99.9985
 message: Optimization terminated successfully.
 success: True
  status: 1
     fun: 3426.4939962045178
       x: [ 6.820e+00  6.820e+00]
    nfev: 11
   maxcv: 0.0
#############################################################################
Constraints and sensitivity
Relative impact of increasing array size to 9x9: 4.66%
#############################################################################
Optimization run history and convergence: 9x9 array
iter		drift spacing	wp spacing	footprint	wp peak temp
0		9.2995		9.2995		6142.2577	94.9152
1		9.2995		9.2995		6142.2577	94.9152
2		10.2995		9.2995		6776.5257	91.7416
3		9.2995		10.2995		6762.0345	91.7416
4		8.5924		8.5924		5287.5143	100.2322
5		8.4156		8.7692		5282.9526	100.2413
6		8.5040		8.5040		5185.1713	100.9681
7		8.6203		8.6203		5320.0157	100.0035
8		8.6424		8.5982		5320.3046	100.0037
9		8.6148		8.6148		5313.5702	100.0487
10		8.6238		8.6167		5320.0661	100.0035
 message: Did not converge to a solution satisfying the constraints. See `maxcv` for magnitude of violation.
 success: False
  status: 4
     fun: 5320.015683338733
       x: [ 8.620e+00  8.620e+00]
    nfev: 10
   maxcv: 0.003535249024281484
#############################################################################
Constraints and sensitivity
Relative impact of increasing array size to 9x9: 3.16%
#############################################################################
Optimization run history and convergence: 9x9 array
iter		drift spacing	wp spacing	footprint	wp peak temp
0		11.0684		4.8875		4030.2740	93.7605
1		11.0684		4.8875		4030.2740	93.7605
2		12.0684		4.8875		4382.1740	90.7152
3		11.0684		5.8875		4763.2593	88.6118
4		10.0684		4.8875		3678.3740	97.3619
5		9.3359		4.8875		3420.6090	100.4276
6		9.3359		4.6375		3265.0825	102.1415
7		9.4609		4.8875		3464.5965	99.8758
8		9.4609		4.8250		3425.2149	100.2896
9		9.4327		4.8875		3454.6939	99.9989
10		9.4327		4.8719		3444.8766	100.1020
11		9.4377		4.8875		3456.4534	99.9770
 message: Optimization terminated successfully.
 success: True
  status: 1
     fun: 3454.693863674788
       x: [ 9.433e+00  4.888e+00]
    nfev: 11
   maxcv: -0.0
#############################################################################
Constraints and sensitivity
Relative impact of increasing array size to 9x9: 4.56%
#############################################################################
Optimization run history and convergence: 9x9 array
iter		drift spacing	wp spacing	footprint	wp peak temp
0		7.4346		7.4346		4026.1821	93.8090
1		7.4346		7.4346		4026.1821	93.8090
2		8.4346		7.4346		4541.0970	89.6317
3		7.4346		8.4346		4526.6058	89.6317
4		6.7275		6.7275		3340.2292	101.0397
5		7.4064		5.9933		3293.0188	101.5919
6		6.8292		6.8292		3434.9227	99.8991
7		7.0023		6.6488		3432.1171	99.9528
8		6.8202		6.8201		3426.4940	99.9985
9		6.8423		6.7980		3426.7725	99.9989
10		6.8313		6.8312		3436.8510	99.8764
11		6.8238		6.8166		3426.5428	99.9985
 message: Optimization terminated successfully.
 success: True
  status: 1
     fun: 3426.4939962045178
       x: [ 6.820e+00  6.820e+00]
    nfev: 11
   maxcv: 0.0
#############################################################################
Constraints and sensitivity
Relative impact of increasing array size to 9x9: 4.66%
#############################################################################
Optimization run history and convergence: 9x9 array
iter		drift spacing	wp spacing	footprint	wp peak temp
0		11.0684		4.8875		4030.2740	93.7605
1		11.0684		4.8875		4030.2740	93.7605
2		12.0684		4.8875		4382.1740	90.7152
3		11.0684		5.8875		4763.2593	88.6118
4		10.0684		4.8875		3678.3740	97.3619
5		9.3359		4.8875		3420.6090	100.4276
6		9.3359		4.6375		3265.0825	102.1415
7		9.4609		4.8875		3464.5965	99.8758
8		9.4609		4.8250		3425.2149	100.2896
9		9.4327		4.8875		3454.6939	99.9989
10		9.4327		4.8719		3444.8766	100.1020
11		9.4377		4.8875		3456.4534	99.9770
 message: Optimization terminated successfully.
 success: True
  status: 1
     fun: 3454.693863674788
       x: [ 9.433e+00  4.888e+00]
    nfev: 11
   maxcv: -0.0
#############################################################################
Constraints and sensitivity
Relative impact of increasing array size to 9x9: 4.56%
