#############################################################################
Optimization run history and convergence: 9x9 array
iter		drift spacing	wp spacing	footprint	wp peak temp
0		8.0592		5.0000		3017.4968	88.0831
1		8.0592		5.0000		3017.4968	88.0831
2		9.0592		5.0000		3377.4968	84.4383
3		8.0592		6.0000		3553.9407	83.2888
4		7.0592		5.0000		2657.4968	92.5500
5		6.0592		5.0000		2297.4968	98.0916
6		6.0592		4.5000		2093.2749	101.7496
7		5.4312		5.2782		2173.8905	100.2663
8		5.4819		5.3925		2235.4774	99.1378
9		5.5455		5.2276		2198.0504	99.8403
10		5.3737		5.3737		2186.9501	100.0004
11		5.3790		5.3429		2177.7743	100.1761
12		5.3583		5.3710		2180.0656	100.1251
13		5.3745		5.3688		2185.4834	100.0284
 message: Did not converge to a solution satisfying the constraints. See `maxcv` for magnitude of violation.
 success: False
  status: 4
     fun: 2186.9501445972887
       x: [ 5.374e+00  5.374e+00]
    nfev: 13
   maxcv: 0.00038419267411882174
#############################################################################
Constraints and sensitivity
Relative impact of increasing array size to 9x9: 5.55%
#############################################################################
Optimization run history and convergence: 11x11 array
iter		drift spacing	wp spacing	footprint	wp peak temp
0		5.3737		5.3737		3307.9896	105.5465
1		5.3737		5.3737		3307.9896	105.5465
2		6.3737		5.3737		3895.3579	98.3397
3		5.3737		6.3737		3871.1779	98.3397
4		5.7585		5.7585		3765.5443	99.7552
5		5.8469		5.6701		3766.9003	99.7604
6		5.6701		5.6701		3657.8272	101.0103
7		5.7413		5.7413		3744.4146	99.9967
8		5.7523		5.7302		3744.6696	99.9968
9		5.7377		5.7377		3740.0881	100.0464
 message: Optimization terminated successfully.
 success: True
  status: 1
     fun: 3744.414610961436
       x: [ 5.741e+00  5.741e+00]
    nfev: 9
   maxcv: 0.0
#############################################################################
Constraints and sensitivity
Relative impact of increasing array size to 11x11: 3.70%
#############################################################################
Optimization run history and convergence: 9x9 array
iter		drift spacing	wp spacing	footprint	wp peak temp
0		8.0592		5.0000		3017.4968	88.0831
1		8.0592		5.0000		3017.4968	88.0831
2		9.0592		5.0000		3377.4968	84.4383
3		8.0592		6.0000		3553.9407	83.2888
4		7.0592		5.0000		2657.4968	92.5500
5		6.0592		5.0000		2297.4968	98.0916
6		6.0592		4.5000		2093.2749	101.7496
7		5.4312		5.2782		2173.8905	100.2663
8		5.4819		5.3925		2235.4774	99.1378
9		5.5455		5.2276		2198.0504	99.8403
10		5.3737		5.3737		2186.9501	100.0004
11		5.3790		5.3429		2177.7743	100.1761
12		5.3583		5.3710		2180.0656	100.1251
13		5.3745		5.3688		2185.4834	100.0284
 message: Did not converge to a solution satisfying the constraints. See `maxcv` for magnitude of violation.
 success: False
  status: 4
     fun: 2186.9501445972887
       x: [ 5.374e+00  5.374e+00]
    nfev: 13
   maxcv: 0.00038419267411882174
#############################################################################
Constraints and sensitivity
Relative impact of increasing array size to 9x9: 5.55%
#############################################################################
Optimization run history and convergence: 11x11 array
iter		drift spacing	wp spacing	footprint	wp peak temp
0		5.3737		5.3737		3307.9896	105.5465
1		5.3737		5.3737		3307.9896	105.5465
2		6.3737		5.3737		3895.3579	98.3397
3		5.3737		6.3737		3871.1779	98.3397
4		5.7585		5.7585		3765.5443	99.7552
5		5.8469		5.6701		3766.9003	99.7604
6		5.6701		5.6701		3657.8272	101.0103
7		5.7413		5.7413		3744.4146	99.9967
8		5.7523		5.7302		3744.6696	99.9968
9		5.7377		5.7377		3740.0881	100.0464
 message: Optimization terminated successfully.
 success: True
  status: 1
     fun: 3744.414610961436
       x: [ 5.741e+00  5.741e+00]
    nfev: 9
   maxcv: 0.0
#############################################################################
Constraints and sensitivity
Relative impact of increasing array size to 11x11: 3.70%
#############################################################################
Optimization run history and convergence: 9x9 array
iter		drift spacing	wp spacing	footprint	wp peak temp
0		8.0592		5.0000		3017.4968	88.0831
1		8.0592		5.0000		3017.4968	88.0831
2		9.0592		5.0000		3377.4968	84.4383
3		8.0592		6.0000		3553.9407	83.2888
4		7.0592		5.0000		2657.4968	92.5500
5		6.0592		5.0000		2297.4968	98.0916
6		6.0592		4.5000		2093.2749	101.7496
7		5.4312		5.2782		2173.8905	100.2663
8		5.4819		5.3925		2235.4774	99.1378
9		5.5455		5.2276		2198.0504	99.8403
10		5.3737		5.3737		2186.9501	100.0004
11		5.3790		5.3429		2177.7743	100.1761
12		5.3583		5.3710		2180.0656	100.1251
13		5.3745		5.3688		2185.4834	100.0284
 message: Did not converge to a solution satisfying the constraints. See `maxcv` for magnitude of violation.
 success: False
  status: 4
     fun: 2186.9501445972887
       x: [ 5.374e+00  5.374e+00]
    nfev: 13
   maxcv: 0.00038419267411882174
#############################################################################
Constraints and sensitivity
Relative impact of increasing array size to 9x9: 5.55%
#############################################################################
Optimization run history and convergence: 11x11 array
iter		drift spacing	wp spacing	footprint	wp peak temp
0		5.3737		5.3737		3307.9896	105.5465
1		5.3737		5.3737		3307.9896	105.5465
2		6.3737		5.3737		3895.3579	98.3397
3		5.3737		6.3737		3871.1779	98.3397
4		5.7585		5.7585		3765.5443	99.7552
5		5.8469		5.6701		3766.9003	99.7604
6		5.6701		5.6701		3657.8272	101.0103
7		5.7413		5.7413		3744.4146	99.9967
8		5.7523		5.7302		3744.6696	99.9968
9		5.7377		5.7377		3740.0881	100.0464
 message: Optimization terminated successfully.
 success: True
  status: 1
     fun: 3744.414610961436
       x: [ 5.741e+00  5.741e+00]
    nfev: 9
   maxcv: 0.0
#############################################################################
Constraints and sensitivity
Relative impact of increasing array size to 11x11: 3.70%
#############################################################################
Optimization run history and convergence: 9x9 array
iter		drift spacing	wp spacing	footprint	wp peak temp
0		8.0592		5.0000		3017.4968	88.0831
1		8.0592		5.0000		3017.4968	88.0831
2		9.0592		5.0000		3377.4968	84.4383
3		8.0592		6.0000		3553.9407	83.2888
4		7.0592		5.0000		2657.4968	92.5500
5		6.0592		5.0000		2297.4968	98.0916
6		6.0592		4.5000		2093.2749	101.7496
7		5.4312		5.2782		2173.8905	100.2663
8		5.4819		5.3925		2235.4774	99.1378
9		5.5455		5.2276		2198.0504	99.8403
10		5.3737		5.3737		2186.9501	100.0004
11		5.3790		5.3429		2177.7743	100.1761
12		5.3583		5.3710		2180.0656	100.1251
13		5.3745		5.3688		2185.4834	100.0284
 message: Did not converge to a solution satisfying the constraints. See `maxcv` for magnitude of violation.
 success: False
  status: 4
     fun: 2186.9501445972887
       x: [ 5.374e+00  5.374e+00]
    nfev: 13
   maxcv: 0.00038419267411882174
#############################################################################
Constraints and sensitivity
Relative impact of increasing array size to 9x9: 5.55%
#############################################################################
Optimization run history and convergence: 11x11 array
iter		drift spacing	wp spacing	footprint	wp peak temp
0		5.3737		5.3737		3307.9896	105.5465
1		5.3737		5.3737		3307.9896	105.5465
2		6.3737		5.3737		3895.3579	98.3397
3		5.3737		6.3737		3871.1779	98.3397
4		5.7585		5.7585		3765.5443	99.7552
5		5.8469		5.6701		3766.9003	99.7604
6		5.6701		5.6701		3657.8272	101.0103
7		5.7413		5.7413		3744.4146	99.9967
8		5.7523		5.7302		3744.6696	99.9968
9		5.7377		5.7377		3740.0881	100.0464
 message: Optimization terminated successfully.
 success: True
  status: 1
     fun: 3744.414610961436
       x: [ 5.741e+00  5.741e+00]
    nfev: 9
   maxcv: 0.0
#############################################################################
Constraints and sensitivity
Relative impact of increasing array size to 11x11: 3.70%
#############################################################################
Optimization run history and convergence: 9x9 array
iter		drift spacing	wp spacing	footprint	wp peak temp
0		8.0592		5.0000		3017.4968	88.0831
1		8.0592		5.0000		3017.4968	88.0831
2		9.0592		5.0000		3377.4968	84.4383
3		8.0592		6.0000		3553.9407	83.2888
4		7.0592		5.0000		2657.4968	92.5500
5		6.0592		5.0000		2297.4968	98.0916
6		6.0592		4.5000		2093.2749	101.7496
7		5.4312		5.2782		2173.8905	100.2663
8		5.4819		5.3925		2235.4774	99.1378
9		5.5455		5.2276		2198.0504	99.8403
10		5.3737		5.3737		2186.9501	100.0004
11		5.3790		5.3429		2177.7743	100.1761
12		5.3583		5.3710		2180.0656	100.1251
13		5.3745		5.3688		2185.4834	100.0284
 message: Did not converge to a solution satisfying the constraints. See `maxcv` for magnitude of violation.
 success: False
  status: 4
     fun: 2186.9501445972887
       x: [ 5.374e+00  5.374e+00]
    nfev: 13
   maxcv: 0.00038419267411882174
#############################################################################
Constraints and sensitivity
Relative impact of increasing array size to 9x9: 5.55%
#############################################################################
Optimization run history and convergence: 11x11 array
iter		drift spacing	wp spacing	footprint	wp peak temp
0		5.3737		5.3737		3307.9896	105.5465
1		5.3737		5.3737		3307.9896	105.5465
2		6.3737		5.3737		3895.3579	98.3397
3		5.3737		6.3737		3871.1779	98.3397
4		5.7585		5.7585		3765.5443	99.7552
5		5.8469		5.6701		3766.9003	99.7604
6		5.6701		5.6701		3657.8272	101.0103
7		5.7413		5.7413		3744.4146	99.9967
8		5.7523		5.7302		3744.6696	99.9968
9		5.7377		5.7377		3740.0881	100.0464
 message: Optimization terminated successfully.
 success: True
  status: 1
     fun: 3744.414610961436
       x: [ 5.741e+00  5.741e+00]
    nfev: 9
   maxcv: 0.0
#############################################################################
Constraints and sensitivity
Relative impact of increasing array size to 11x11: 3.70%
