#############################################################################
Optimization run history and convergence: 9x9 array
iter		drift spacing	wp spacing	footprint	wp peak temp
0		19.1621		19.1621		24798.5837	68.7171
1		19.1621		19.1621		24798.5837	68.7171
2		20.1621		19.1621		26064.9581	68.3463
3		19.1621		20.1621		26051.8541	68.3463
4		18.4550		18.4550		23048.9259	69.3897
5		17.7571		17.7388		21363.5227	70.1612
6		17.1307		16.9593		19751.7383	71.3591
7		16.7805		16.0226		18326.4677	72.5026
8		16.0085		15.3869		16835.6164	73.9324
9		15.3616		14.6244		15402.4646	75.5527
10		14.5148		14.0924		14067.5767	77.3339
11		13.9251		13.2848		12770.6480	79.3910
12		13.1448		12.6595		11533.0710	81.7367
13		12.5894		11.8279		10368.4830	84.3937
14		11.7840		11.2351		9263.6169	87.4446
15		11.2081		10.4176		8218.0666	90.9701
16		10.3988		9.8302		7239.3880	95.0381
17		9.8491		8.9949		6322.5291	99.7765
18		9.1965		9.1965		6044.8426	101.4388
19		10.4955		8.2319		6187.5557	100.4581
20		10.9263		7.9781		6247.4428	100.0003
21		11.3007		7.6467		6204.8884	100.1095
22		11.6985		7.3437		6180.5280	100.0839
23		12.1057		7.0537		6155.7374	100.0358
24		12.5103		6.7599		6111.3839	100.0785
25		12.8685		6.4110		5983.9855	100.5849
26		12.3359		6.5808		5882.7319	101.4415
27		12.9339		6.4942		6084.5186	100.0048
28		13.3507		6.2181		6031.0982	100.0690
29		13.7797		5.9613		5985.5896	100.0806
30		14.2157		5.7164		5940.0191	100.0894
31		14.6573		5.4820		5892.9910	100.1080
32		15.1037		5.2568		5843.7496	100.1450
33		15.5535		5.0385		5789.9294	100.2539
34		15.6627		5.2634		6060.9993	98.7487
35		15.7452		5.0000		5819.5506	100.0219
36		15.7329		4.9387		5751.7719	100.4070
37		15.7758		4.9938		5824.1991	99.9857
38		15.7545		5.0000		5822.9040	100.0001
39		15.7545		4.9922		5814.8166	100.0451
 message: Optimization terminated successfully.
 success: True
  status: 1
     fun: 5822.903996487584
       x: [ 1.575e+01  5.000e+00]
    nfev: 39
   maxcv: 6.756890599035614e-05
#############################################################################
Constraints and sensitivity
Relative impact of increasing array size to 9x9: 4.73%
#############################################################################
Optimization run history and convergence: 9x9 array
iter		drift spacing	wp spacing	footprint	wp peak temp
0		19.1621		19.1621		24798.5837	68.7171
1		19.1621		19.1621		24798.5837	68.7171
2		20.1621		19.1621		26064.9581	68.3463
3		19.1621		20.1621		26051.8541	68.3463
4		18.4550		18.4550		23048.9259	69.3897
5		17.7571		17.7388		21363.5227	70.1612
6		17.1307		16.9593		19751.7383	71.3591
7		16.7805		16.0226		18326.4677	72.5026
8		16.0085		15.3869		16835.6164	73.9324
9		15.3616		14.6244		15402.4646	75.5527
10		14.5148		14.0924		14067.5767	77.3339
11		13.9251		13.2848		12770.6480	79.3910
12		13.1448		12.6595		11533.0710	81.7367
13		12.5894		11.8279		10368.4830	84.3937
14		11.7840		11.2351		9263.6169	87.4446
15		11.2081		10.4176		8218.0666	90.9701
16		10.3988		9.8302		7239.3880	95.0381
17		9.8491		8.9949		6322.5291	99.7765
18		9.1965		9.1965		6044.8426	101.4388
19		10.4955		8.2319		6187.5557	100.4581
20		10.9263		7.9781		6247.4428	100.0003
21		11.3007		7.6467		6204.8884	100.1095
22		11.6985		7.3437		6180.5280	100.0839
23		12.1057		7.0537		6155.7374	100.0358
24		12.5103		6.7599		6111.3839	100.0785
25		12.8685		6.4110		5983.9855	100.5849
26		12.3359		6.5808		5882.7319	101.4415
27		12.9339		6.4942		6084.5186	100.0048
28		13.3507		6.2181		6031.0982	100.0690
29		13.7797		5.9613		5985.5896	100.0806
30		14.2157		5.7164		5940.0191	100.0894
31		14.6573		5.4820		5892.9910	100.1080
32		15.1037		5.2568		5843.7496	100.1450
33		15.5535		5.0385		5789.9294	100.2539
34		15.6627		5.2634		6060.9993	98.7487
35		15.7452		5.0000		5819.5506	100.0219
36		15.7329		4.9387		5751.7719	100.4070
37		15.7758		4.9938		5824.1991	99.9857
38		15.7545		5.0000		5822.9040	100.0001
39		15.7545		4.9922		5814.8166	100.0451
 message: Optimization terminated successfully.
 success: True
  status: 1
     fun: 5822.903996487584
       x: [ 1.575e+01  5.000e+00]
    nfev: 39
   maxcv: 6.756890599035614e-05
#############################################################################
Constraints and sensitivity
Relative impact of increasing array size to 9x9: 4.73%
#############################################################################
Optimization run history and convergence: 9x9 array
iter		drift spacing	wp spacing	footprint	wp peak temp
0		19.1621		19.1621		24798.5837	68.7171
1		19.1621		19.1621		24798.5837	68.7171
2		20.1621		19.1621		26064.9581	68.3463
3		19.1621		20.1621		26051.8541	68.3463
4		18.4550		18.4550		23048.9259	69.3897
5		17.7571		17.7388		21363.5227	70.1612
6		17.1307		16.9593		19751.7383	71.3591
7		16.7805		16.0226		18326.4677	72.5026
8		16.0085		15.3869		16835.6164	73.9324
9		15.3616		14.6244		15402.4646	75.5527
10		14.5148		14.0924		14067.5767	77.3339
11		13.9251		13.2848		12770.6480	79.3910
12		13.1448		12.6595		11533.0710	81.7367
13		12.5894		11.8279		10368.4830	84.3937
14		11.7840		11.2351		9263.6169	87.4446
15		11.2081		10.4176		8218.0666	90.9701
16		10.3988		9.8302		7239.3880	95.0381
17		9.8491		8.9949		6322.5291	99.7765
18		9.1965		9.1965		6044.8426	101.4388
19		10.4955		8.2319		6187.5557	100.4581
20		10.9263		7.9781		6247.4428	100.0003
21		11.3007		7.6467		6204.8884	100.1095
22		11.6985		7.3437		6180.5280	100.0839
23		12.1057		7.0537		6155.7374	100.0358
24		12.5103		6.7599		6111.3839	100.0785
25		12.8685		6.4110		5983.9855	100.5849
26		12.3359		6.5808		5882.7319	101.4415
27		12.9339		6.4942		6084.5186	100.0048
28		13.3507		6.2181		6031.0982	100.0690
29		13.7797		5.9613		5985.5896	100.0806
30		14.2157		5.7164		5940.0191	100.0894
31		14.6573		5.4820		5892.9910	100.1080
32		15.1037		5.2568		5843.7496	100.1450
33		15.5535		5.0385		5789.9294	100.2539
34		15.6627		5.2634		6060.9993	98.7487
35		15.7452		5.0000		5819.5506	100.0219
36		15.7329		4.9387		5751.7719	100.4070
37		15.7758		4.9938		5824.1991	99.9857
38		15.7545		5.0000		5822.9040	100.0001
39		15.7545		4.9922		5814.8166	100.0451
 message: Optimization terminated successfully.
 success: True
  status: 1
     fun: 5822.903996487584
       x: [ 1.575e+01  5.000e+00]
    nfev: 39
   maxcv: 6.756890599035614e-05
#############################################################################
Constraints and sensitivity
Relative impact of increasing array size to 9x9: 4.73%
#############################################################################
Optimization run history and convergence: 9x9 array
iter		drift spacing	wp spacing	footprint	wp peak temp
0		19.1621		19.1621		24798.5837	68.7171
1		19.1621		19.1621		24798.5837	68.7171
2		20.1621		19.1621		26064.9581	68.3463
3		19.1621		20.1621		26051.8541	68.3463
4		18.4550		18.4550		23048.9259	69.3897
5		17.7571		17.7388		21363.5227	70.1612
6		17.1307		16.9593		19751.7383	71.3591
7		16.7805		16.0226		18326.4677	72.5026
8		16.0085		15.3869		16835.6164	73.9324
9		15.3616		14.6244		15402.4646	75.5527
10		14.5148		14.0924		14067.5767	77.3339
11		13.9251		13.2848		12770.6480	79.3910
12		13.1448		12.6595		11533.0710	81.7367
13		12.5894		11.8279		10368.4830	84.3937
14		11.7840		11.2351		9263.6169	87.4446
15		11.2081		10.4176		8218.0666	90.9701
16		10.3988		9.8302		7239.3880	95.0381
17		9.8491		8.9949		6322.5291	99.7765
18		9.1965		9.1965		6044.8426	101.4388
19		10.4955		8.2319		6187.5557	100.4581
20		10.9263		7.9781		6247.4428	100.0003
21		11.3007		7.6467		6204.8884	100.1095
22		11.6985		7.3437		6180.5280	100.0839
23		12.1057		7.0537		6155.7374	100.0358
24		12.5103		6.7599		6111.3839	100.0785
25		12.8685		6.4110		5983.9855	100.5849
26		12.3359		6.5808		5882.7319	101.4415
27		12.9339		6.4942		6084.5186	100.0048
28		13.3507		6.2181		6031.0982	100.0690
29		13.7797		5.9613		5985.5896	100.0806
30		14.2157		5.7164		5940.0191	100.0894
31		14.6573		5.4820		5892.9910	100.1080
32		15.1037		5.2568		5843.7496	100.1450
33		15.5535		5.0385		5789.9294	100.2539
34		15.6627		5.2634		6060.9993	98.7487
35		15.7452		5.0000		5819.5506	100.0219
36		15.7329		4.9387		5751.7719	100.4070
37		15.7758		4.9938		5824.1991	99.9857
38		15.7545		5.0000		5822.9040	100.0001
39		15.7545		4.9922		5814.8166	100.0451
 message: Optimization terminated successfully.
 success: True
  status: 1
     fun: 5822.903996487584
       x: [ 1.575e+01  5.000e+00]
    nfev: 39
   maxcv: 6.756890599035614e-05
#############################################################################
Constraints and sensitivity
Relative impact of increasing array size to 9x9: 4.73%
#############################################################################
Optimization run history and convergence: 9x9 array
iter		drift spacing	wp spacing	footprint	wp peak temp
0		19.1621		19.1621		24798.5837	68.7171
1		19.1621		19.1621		24798.5837	68.7171
2		20.1621		19.1621		26064.9581	68.3463
3		19.1621		20.1621		26051.8541	68.3463
4		18.4550		18.4550		23048.9259	69.3897
5		17.7571		17.7388		21363.5227	70.1612
6		17.1307		16.9593		19751.7383	71.3591
7		16.7805		16.0226		18326.4677	72.5026
8		16.0085		15.3869		16835.6164	73.9324
9		15.3616		14.6244		15402.4646	75.5527
10		14.5148		14.0924		14067.5767	77.3339
11		13.9251		13.2848		12770.6480	79.3910
12		13.1448		12.6595		11533.0710	81.7367
13		12.5894		11.8279		10368.4830	84.3937
14		11.7840		11.2351		9263.6169	87.4446
15		11.2081		10.4176		8218.0666	90.9701
16		10.3988		9.8302		7239.3880	95.0381
17		9.8491		8.9949		6322.5291	99.7765
18		9.1965		9.1965		6044.8426	101.4388
19		10.4955		8.2319		6187.5557	100.4581
20		10.9263		7.9781		6247.4428	100.0003
21		11.3007		7.6467		6204.8884	100.1095
22		11.6985		7.3437		6180.5280	100.0839
23		12.1057		7.0537		6155.7374	100.0358
24		12.5103		6.7599		6111.3839	100.0785
25		12.8685		6.4110		5983.9855	100.5849
26		12.3359		6.5808		5882.7319	101.4415
27		12.9339		6.4942		6084.5186	100.0048
28		13.3507		6.2181		6031.0982	100.0690
29		13.7797		5.9613		5985.5896	100.0806
30		14.2157		5.7164		5940.0191	100.0894
31		14.6573		5.4820		5892.9910	100.1080
32		15.1037		5.2568		5843.7496	100.1450
33		15.5535		5.0385		5789.9294	100.2539
34		15.6627		5.2634		6060.9993	98.7487
35		15.7452		5.0000		5819.5506	100.0219
36		15.7329		4.9387		5751.7719	100.4070
37		15.7758		4.9938		5824.1991	99.9857
38		15.7545		5.0000		5822.9040	100.0001
39		15.7545		4.9922		5814.8166	100.0451
 message: Optimization terminated successfully.
 success: True
  status: 1
     fun: 5822.903996487584
       x: [ 1.575e+01  5.000e+00]
    nfev: 39
   maxcv: 6.756890599035614e-05
#############################################################################
Constraints and sensitivity
Relative impact of increasing array size to 9x9: 4.73%
