#############################################################################
Optimization run history and convergence: 11x11 array
iter		drift spacing	wp spacing	footprint	wp peak temp
0		4.8875		4.8875		2779.0804	57.5841
1		4.8875		4.8875		2779.0804	57.5841
2		5.8875		4.8875		3316.7054	54.5646
3		4.8875		5.8875		3295.9984	54.5646
4		4.7625		4.8875		2711.8773	58.0171
5		4.7625		4.7625		2648.8250	58.4590
6		4.8875		4.8563		2762.9267	57.6910
7		4.8719		4.8875		2770.6800	57.6375
8		4.8814		4.8844		2774.2247	57.6153
 message: Optimization terminated successfully.
 success: True
  status: 1
     fun: 2779.0803975000003
       x: [ 4.888e+00  4.888e+00]
    nfev: 8
   maxcv: -0.0
#############################################################################
Constraints and sensitivity
Relative impact of increasing array size to 11x11: 4.24%
#############################################################################
Optimization run history and convergence: 11x11 array
iter		drift spacing	wp spacing	footprint	wp peak temp
0		4.8875		4.8875		2779.0804	58.2803
1		4.8875		4.8875		2779.0804	58.2803
2		5.8875		4.8875		3316.7054	55.1907
3		4.8875		5.8875		3295.9984	55.1907
4		4.7625		4.8875		2711.8773	58.7234
5		4.7625		4.7625		2648.8250	59.1756
6		4.8875		4.8563		2762.9267	58.3897
7		4.8719		4.8875		2770.6800	58.3349
8		4.8814		4.8844		2774.2247	58.3122
 message: Optimization terminated successfully.
 success: True
  status: 1
     fun: 2779.0803975000003
       x: [ 4.888e+00  4.888e+00]
    nfev: 8
   maxcv: -0.0
#############################################################################
Constraints and sensitivity
Relative impact of increasing array size to 11x11: 4.31%
#############################################################################
Optimization run history and convergence: 13x13 array
iter		drift spacing	wp spacing	footprint	wp peak temp
0		4.8875		4.8875		3905.4468	72.6400
1		4.8875		4.8875		3905.4468	72.6400
2		5.8875		4.8875		4667.8968	67.8625
3		4.8875		5.8875		4643.0484	67.8625
4		4.7625		4.8875		3810.1406	73.3262
5		4.7625		4.7625		3720.1904	74.0266
6		4.8875		4.8563		3882.3968	72.8095
7		4.8719		4.8875		3893.5335	72.7246
8		4.8814		4.8844		3898.5469	72.6895
 message: Optimization terminated successfully.
 success: True
  status: 1
     fun: 3905.446805000001
       x: [ 4.888e+00  4.888e+00]
    nfev: 8
   maxcv: -0.0
#############################################################################
Constraints and sensitivity
Relative impact of increasing array size to 13x13: 4.36%
#############################################################################
Optimization run history and convergence: 11x11 array
iter		drift spacing	wp spacing	footprint	wp peak temp
0		4.8875		4.8875		2779.0804	57.5841
1		4.8875		4.8875		2779.0804	57.5841
2		5.8875		4.8875		3316.7054	54.5646
3		4.8875		5.8875		3295.9984	54.5646
4		4.7625		4.8875		2711.8773	58.0171
5		4.7625		4.7625		2648.8250	58.4590
6		4.8875		4.8563		2762.9267	57.6910
7		4.8719		4.8875		2770.6800	57.6375
8		4.8814		4.8844		2774.2247	57.6153
 message: Optimization terminated successfully.
 success: True
  status: 1
     fun: 2779.0803975000003
       x: [ 4.888e+00  4.888e+00]
    nfev: 8
   maxcv: -0.0
#############################################################################
Constraints and sensitivity
Relative impact of increasing array size to 11x11: 4.24%
#############################################################################
Optimization run history and convergence: 13x13 array
iter		drift spacing	wp spacing	footprint	wp peak temp
0		4.8875		4.8875		3905.4468	72.6400
1		4.8875		4.8875		3905.4468	72.6400
2		5.8875		4.8875		4667.8968	67.8625
3		4.8875		5.8875		4643.0484	67.8625
4		4.7625		4.8875		3810.1406	73.3262
5		4.7625		4.7625		3720.1904	74.0266
6		4.8875		4.8563		3882.3968	72.8095
7		4.8719		4.8875		3893.5335	72.7246
8		4.8814		4.8844		3898.5469	72.6895
 message: Optimization terminated successfully.
 success: True
  status: 1
     fun: 3905.446805000001
       x: [ 4.888e+00  4.888e+00]
    nfev: 8
   maxcv: -0.0
#############################################################################
Constraints and sensitivity
Relative impact of increasing array size to 13x13: 4.36%
#############################################################################
Optimization run history and convergence: 11x11 array
iter		drift spacing	wp spacing	footprint	wp peak temp
0		4.8875		4.8875		2779.0804	58.2803
1		4.8875		4.8875		2779.0804	58.2803
2		5.8875		4.8875		3316.7054	55.1907
3		4.8875		5.8875		3295.9984	55.1907
4		4.7625		4.8875		2711.8773	58.7234
5		4.7625		4.7625		2648.8250	59.1756
6		4.8875		4.8563		2762.9267	58.3897
7		4.8719		4.8875		2770.6800	58.3349
8		4.8814		4.8844		2774.2247	58.3122
 message: Optimization terminated successfully.
 success: True
  status: 1
     fun: 2779.0803975000003
       x: [ 4.888e+00  4.888e+00]
    nfev: 8
   maxcv: -0.0
#############################################################################
Constraints and sensitivity
Relative impact of increasing array size to 11x11: 4.31%
#############################################################################
Optimization run history and convergence: 11x11 array
iter		drift spacing	wp spacing	footprint	wp peak temp
0		4.8875		4.8875		2779.0804	57.5841
1		4.8875		4.8875		2779.0804	57.5841
2		5.8875		4.8875		3316.7054	54.5646
3		4.8875		5.8875		3295.9984	54.5646
4		4.7625		4.8875		2711.8773	58.0171
5		4.7625		4.7625		2648.8250	58.4590
6		4.8875		4.8563		2762.9267	57.6910
7		4.8719		4.8875		2770.6800	57.6375
8		4.8814		4.8844		2774.2247	57.6153
 message: Optimization terminated successfully.
 success: True
  status: 1
     fun: 2779.0803975000003
       x: [ 4.888e+00  4.888e+00]
    nfev: 8
   maxcv: -0.0
#############################################################################
Constraints and sensitivity
Relative impact of increasing array size to 11x11: 4.24%
#############################################################################
Optimization run history and convergence: 13x13 array
iter		drift spacing	wp spacing	footprint	wp peak temp
0		4.8875		4.8875		3905.4468	72.6400
1		4.8875		4.8875		3905.4468	72.6400
2		5.8875		4.8875		4667.8968	67.8625
3		4.8875		5.8875		4643.0484	67.8625
4		4.7625		4.8875		3810.1406	73.3262
5		4.7625		4.7625		3720.1904	74.0266
6		4.8875		4.8563		3882.3968	72.8095
7		4.8719		4.8875		3893.5335	72.7246
8		4.8814		4.8844		3898.5469	72.6895
 message: Optimization terminated successfully.
 success: True
  status: 1
     fun: 3905.446805000001
       x: [ 4.888e+00  4.888e+00]
    nfev: 8
   maxcv: -0.0
#############################################################################
Constraints and sensitivity
Relative impact of increasing array size to 13x13: 4.36%
#############################################################################
Optimization run history and convergence: 11x11 array
iter		drift spacing	wp spacing	footprint	wp peak temp
0		4.8875		4.8875		2779.0804	58.2803
1		4.8875		4.8875		2779.0804	58.2803
2		5.8875		4.8875		3316.7054	55.1907
3		4.8875		5.8875		3295.9984	55.1907
4		4.7625		4.8875		2711.8773	58.7234
5		4.7625		4.7625		2648.8250	59.1756
6		4.8875		4.8563		2762.9267	58.3897
7		4.8719		4.8875		2770.6800	58.3349
8		4.8814		4.8844		2774.2247	58.3122
 message: Optimization terminated successfully.
 success: True
  status: 1
     fun: 2779.0803975000003
       x: [ 4.888e+00  4.888e+00]
    nfev: 8
   maxcv: -0.0
#############################################################################
Constraints and sensitivity
Relative impact of increasing array size to 11x11: 4.31%
#############################################################################
Optimization run history and convergence: 11x11 array
iter		drift spacing	wp spacing	footprint	wp peak temp
0		4.8875		4.8875		2779.0804	57.5841
1		4.8875		4.8875		2779.0804	57.5841
2		5.8875		4.8875		3316.7054	54.5646
3		4.8875		5.8875		3295.9984	54.5646
4		4.7625		4.8875		2711.8773	58.0171
5		4.7625		4.7625		2648.8250	58.4590
6		4.8875		4.8563		2762.9267	57.6910
7		4.8719		4.8875		2770.6800	57.6375
8		4.8814		4.8844		2774.2247	57.6153
 message: Optimization terminated successfully.
 success: True
  status: 1
     fun: 2779.0803975000003
       x: [ 4.888e+00  4.888e+00]
    nfev: 8
   maxcv: -0.0
#############################################################################
Constraints and sensitivity
Relative impact of increasing array size to 11x11: 4.24%
#############################################################################
Optimization run history and convergence: 13x13 array
iter		drift spacing	wp spacing	footprint	wp peak temp
0		4.8875		4.8875		3905.4468	72.6400
1		4.8875		4.8875		3905.4468	72.6400
2		5.8875		4.8875		4667.8968	67.8625
3		4.8875		5.8875		4643.0484	67.8625
4		4.7625		4.8875		3810.1406	73.3262
5		4.7625		4.7625		3720.1904	74.0266
6		4.8875		4.8563		3882.3968	72.8095
7		4.8719		4.8875		3893.5335	72.7246
8		4.8814		4.8844		3898.5469	72.6895
 message: Optimization terminated successfully.
 success: True
  status: 1
     fun: 3905.446805000001
       x: [ 4.888e+00  4.888e+00]
    nfev: 8
   maxcv: -0.0
#############################################################################
Constraints and sensitivity
Relative impact of increasing array size to 13x13: 4.36%
#############################################################################
Optimization run history and convergence: 11x11 array
iter		drift spacing	wp spacing	footprint	wp peak temp
0		4.8875		4.8875		2779.0804	58.2803
1		4.8875		4.8875		2779.0804	58.2803
2		5.8875		4.8875		3316.7054	55.1907
3		4.8875		5.8875		3295.9984	55.1907
4		4.7625		4.8875		2711.8773	58.7234
5		4.7625		4.7625		2648.8250	59.1756
6		4.8875		4.8563		2762.9267	58.3897
7		4.8719		4.8875		2770.6800	58.3349
8		4.8814		4.8844		2774.2247	58.3122
 message: Optimization terminated successfully.
 success: True
  status: 1
     fun: 2779.0803975000003
       x: [ 4.888e+00  4.888e+00]
    nfev: 8
   maxcv: -0.0
#############################################################################
Constraints and sensitivity
Relative impact of increasing array size to 11x11: 4.31%
#############################################################################
Optimization run history and convergence: 11x11 array
iter		drift spacing	wp spacing	footprint	wp peak temp
0		4.8875		4.8875		2779.0804	57.5841
1		4.8875		4.8875		2779.0804	57.5841
2		5.8875		4.8875		3316.7054	54.5646
3		4.8875		5.8875		3295.9984	54.5646
4		4.7625		4.8875		2711.8773	58.0171
5		4.7625		4.7625		2648.8250	58.4590
6		4.8875		4.8563		2762.9267	57.6910
7		4.8719		4.8875		2770.6800	57.6375
8		4.8814		4.8844		2774.2247	57.6153
 message: Optimization terminated successfully.
 success: True
  status: 1
     fun: 2779.0803975000003
       x: [ 4.888e+00  4.888e+00]
    nfev: 8
   maxcv: -0.0
#############################################################################
Constraints and sensitivity
Relative impact of increasing array size to 11x11: 4.24%
#############################################################################
Optimization run history and convergence: 9x9 array
iter		drift spacing	wp spacing	footprint	wp peak temp
0		13.7765		4.8875		4971.8644	80.9006
1		13.7765		4.8875		4971.8644	80.9006
2		14.7765		4.8875		5323.7644	79.1663
3		13.7765		5.8875		5876.0967	77.2352
4		12.7765		4.8875		4619.9644	82.9068
5		11.7765		4.8875		4268.0644	85.2401
6		10.7765		4.8875		3916.1644	87.9699
7		9.7765		4.8875		3564.2644	91.1847
8		8.7765		4.8875		3212.3644	94.9999
9		7.7765		4.8875		2860.4644	99.5691
10		7.7765		4.3875		2600.3483	102.9990
11		7.0114		5.5314		2894.6336	99.5181
12		7.6960		4.7919		2782.8787	100.6038
13		7.6809		4.9680		2868.1841	99.5345
14		7.6923		4.8875		2830.8377	99.9944
15		7.6923		4.8719		2822.7932	100.0961
16		7.7080		4.8875		2836.3361	99.9150
 message: Optimization terminated successfully.
 success: True
  status: 1
     fun: 2830.8376628357623
       x: [ 7.692e+00  4.888e+00]
    nfev: 16
   maxcv: -0.0
#############################################################################
Constraints and sensitivity
Relative impact of increasing array size to 9x9: 6.37%
#############################################################################
Optimization run history and convergence: 11x11 array
iter		drift spacing	wp spacing	footprint	wp peak temp
0		7.6923		4.8875		4287.0313	106.3656
1		7.6923		4.8875		4287.0313	106.3656
2		8.6923		4.8875		4824.6563	100.8476
3		7.6923		5.8875		5084.4331	99.4899
4		8.6923		5.1375		5049.0068	99.1603
5		8.8460		4.8875		4907.2442	100.0875
6		8.8460		4.8250		4850.1965	100.5193
7		8.8772		4.8875		4924.0450	99.9354
8		8.8772		4.8719		4909.7342	100.0424
9		8.8639		4.8875		4916.9089	99.9999
 message: Optimization terminated successfully.
 success: True
  status: 1
     fun: 4916.908913909078
       x: [ 8.864e+00  4.888e+00]
    nfev: 9
   maxcv: -0.0
#############################################################################
Constraints and sensitivity
Relative impact of increasing array size to 11x11: 4.48%
#############################################################################
Optimization run history and convergence: 11x11 array
iter		drift spacing	wp spacing	footprint	wp peak temp
0		4.8875		4.8875		2779.0804	58.2803
1		4.8875		4.8875		2779.0804	58.2803
2		5.8875		4.8875		3316.7054	55.1907
3		4.8875		5.8875		3295.9984	55.1907
4		4.7625		4.8875		2711.8773	58.7234
5		4.7625		4.7625		2648.8250	59.1756
6		4.8875		4.8563		2762.9267	58.3897
7		4.8719		4.8875		2770.6800	58.3349
8		4.8814		4.8844		2774.2247	58.3122
 message: Optimization terminated successfully.
 success: True
  status: 1
     fun: 2779.0803975000003
       x: [ 4.888e+00  4.888e+00]
    nfev: 8
   maxcv: -0.0
#############################################################################
Constraints and sensitivity
Relative impact of increasing array size to 11x11: 4.31%
