#############################################################################
Optimization run history and convergence: 9x9 array
iter		drift spacing	wp spacing	footprint	wp peak temp
0		18.0031		4.8875		6505.4555	76.8328
1		18.0031		4.8875		6505.4555	76.8328
2		19.0031		4.8875		6857.3555	75.5056
3		18.0031		5.8875		7688.6017	73.2932
4		17.0031		4.8875		6153.5555	78.3233
5		16.0031		4.8875		5801.6555	80.0031
6		15.0031		4.8875		5449.7555	81.9031
7		14.0031		4.8875		5097.8555	84.0609
8		13.0031		4.8875		4745.9555	86.5222
9		12.0031		4.8875		4394.0555	89.3435
10		11.0031		4.8875		4042.1555	92.5956
11		10.0031		4.8875		3690.2555	96.3686
12		9.0406		4.8875		3351.5707	100.6010
13		9.0406		4.3875		3046.7958	104.0514
14		9.1773		4.8875		3399.6623	99.9592
15		9.1773		4.8250		3361.0188	100.3637
16		9.1460		4.8875		3388.6654	100.1047
17		9.1685		4.8875		3396.5806	99.9999
18		9.1685		4.8797		3391.7546	100.0502
 message: Optimization terminated successfully.
 success: True
  status: 1
     fun: 3396.5806211222575
       x: [ 9.169e+00  4.888e+00]
    nfev: 18
   maxcv: -0.0
#############################################################################
Constraints and sensitivity
Relative impact of increasing array size to 9x9: 7.92%
#############################################################################
Optimization run history and convergence: 11x11 array
iter		drift spacing	wp spacing	footprint	wp peak temp
0		9.1685		4.8875		5137.2213	107.9191
1		9.1685		4.8875		5137.2213	107.9191
2		10.1685		4.8875		5674.8463	102.7695
3		9.1685		5.8875		6092.7612	101.0269
4		10.7063		4.8875		5963.9890	100.3175
5		10.7063		4.6375		5686.6587	102.0567
6		10.8313		4.8875		6031.1921	99.7759
7		10.8313		4.8250		5961.0783	100.1971
8		10.7796		4.8875		6003.3878	99.9988
9		10.7796		4.9031		6020.8355	99.8940
10		10.7874		4.8875		6007.5880	99.9650
 message: Optimization terminated successfully.
 success: True
  status: 1
     fun: 6003.387815731916
       x: [ 1.078e+01  4.888e+00]
    nfev: 10
   maxcv: -0.0
#############################################################################
Constraints and sensitivity
Relative impact of increasing array size to 11x11: 6.00%
#############################################################################
Optimization run history and convergence: 13x13 array
iter		drift spacing	wp spacing	footprint	wp peak temp
0		10.7796		4.8875		8464.7327	105.9961
1		10.7796		4.8875		8464.7327	105.9961
2		11.7796		4.8875		9227.1827	101.3938
3		10.7796		5.8875		10063.4231	99.1326
4		12.0825		4.8875		9458.0954	100.1282
5		12.0825		4.6375		9011.5200	101.9218
6		12.1450		4.8875		9505.7485	99.8738
7		12.1140		4.8875		9482.1151	99.9997
8		12.1140		4.8563		9426.1514	100.2176
9		12.1090		4.8875		9478.3029	100.0201
10		12.1140		4.8825		9473.1610	100.0345
 message: Optimization terminated successfully.
 success: True
  status: 1
     fun: 9482.115141998873
       x: [ 1.211e+01  4.888e+00]
    nfev: 10
   maxcv: -0.0
#############################################################################
Constraints and sensitivity
Relative impact of increasing array size to 13x13: 4.55%
#############################################################################
Optimization run history and convergence: 9x9 array
iter		drift spacing	wp spacing	footprint	wp peak temp
0		10.0847		10.0847		7234.2091	77.9792
1		10.0847		10.0847		7234.2091	77.9792
2		11.0847		10.0847		7918.7294	75.6824
3		10.0847		11.0847		7910.5798	75.6824
4		9.3776		9.3776		6303.9140	81.7249
5		8.6907		8.6508		5438.0874	86.1144
6		8.1566		7.8054		4654.0107	91.1838
7		7.2961		7.2961		3936.8757	97.3645
8		7.2430		6.2975		3416.2007	103.0753
9		7.0166		7.0166		3661.3205	100.2457
10		6.9282		7.1050		3660.1002	100.2485
11		7.0404		7.0404		3684.4301	99.9909
12		7.2155		6.8620		3682.2288	100.0202
13		7.0249		7.0133		3663.7827	100.2190
14		7.0269		7.0482		3681.5429	100.0216
15		7.0379		7.0361		3681.1228	100.0273
 message: Optimization terminated successfully.
 success: True
  status: 1
     fun: 3684.4300573617634
       x: [ 7.040e+00  7.040e+00]
    nfev: 15
   maxcv: 8.881784197001252e-16
#############################################################################
Constraints and sensitivity
Relative impact of increasing array size to 9x9: 7.79%
#############################################################################
Optimization run history and convergence: 11x11 array
iter		drift spacing	wp spacing	footprint	wp peak temp
0		7.0404		7.0404		5592.1653	107.7823
1		7.0404		7.0404		5592.1653	107.7823
2		8.0404		7.0404		6345.0840	101.9716
3		7.0404		8.0404		6334.8970	101.9716
4		7.7101		7.7101		6638.5786	100.1162
5		7.7654		7.8222		6775.3072	99.2710
6		7.8222		7.6548		6685.0925	99.8294
7		7.7216		7.7216		6657.3420	99.9989
8		7.7326		7.7105		6657.4424	99.9989
 message: Optimization terminated successfully.
 success: True
  status: 1
     fun: 6657.342016133454
       x: [ 7.722e+00  7.722e+00]
    nfev: 8
   maxcv: 0.0
#############################################################################
Constraints and sensitivity
Relative impact of increasing array size to 11x11: 5.80%
#############################################################################
Optimization run history and convergence: 13x13 array
iter		drift spacing	wp spacing	footprint	wp peak temp
0		7.7216		7.7216		9415.9823	105.7975
1		7.7216		7.7216		9415.9823	105.7975
2		8.7216		7.7216		10586.5424	100.3489
3		7.7216		8.7216		10574.3180	100.3489
4		8.2536		8.2536		10695.7467	99.9493
5		8.9622		7.5480		10636.1582	100.0830
6		9.6902		6.8625		10481.6782	100.3228
7		10.4634		6.2282		10305.9461	100.3937
8		11.2662		5.6320		10078.2135	100.5363
9		12.0982		5.0772		9809.4580	100.6986
10		11.8208		4.6612		8862.9625	104.9022
11		12.5492		4.8875		9813.9807	100.1943
12		12.5977		5.0027		10065.3031	99.2188
13		12.6068		4.8633		9812.7834	100.1368
14		12.6190		4.8921		9875.6598	99.8902
15		12.5990		4.8875		9851.8902	99.9997
16		12.5978		4.8924		9860.1105	99.9703
 message: Optimization terminated successfully.
 success: True
  status: 1
     fun: 9851.890245618008
       x: [ 1.260e+01  4.888e+00]
    nfev: 16
   maxcv: -0.0
#############################################################################
Constraints and sensitivity
Relative impact of increasing array size to 13x13: 4.48%
#############################################################################
Optimization run history and convergence: 9x9 array
iter		drift spacing	wp spacing	footprint	wp peak temp
0		20.2083		9.4179		13281.0111	80.4038
1		20.2083		9.4179		13281.0111	80.4038
2		21.2083		9.4179		13922.8578	79.2792
3		20.2083		10.4179		14605.2910	78.4278
4		19.7721		8.5180		11834.5032	83.0511
5		19.3284		7.6219		10438.9468	86.1331
6		18.8323		6.7536		9104.1839	89.7486
7		18.2058		5.9742		7876.6290	93.9151
8		17.2274		6.1809		7698.5308	94.9459
9		16.8884		5.2401		6505.2015	100.1874
10		17.7995		4.8875		6433.8294	100.1403
11		17.7093		4.6543		6130.6106	101.7625
12		17.9161		4.8424		6421.7301	100.1651
13		17.8646		4.8875		6456.7158	100.0041
14		17.9057		4.9345		6526.5512	99.6425
15		17.8763		4.8772		6448.7609	100.0406
16		17.8697		4.8934		6465.4317	99.9587
 message: Did not converge to a solution satisfying the constraints. See `maxcv` for magnitude of violation.
 success: False
  status: 4
     fun: 6456.715820431416
       x: [ 1.786e+01  4.888e+00]
    nfev: 16
   maxcv: 0.004146756806164831
#############################################################################
Constraints and sensitivity
Relative impact of increasing array size to 9x9: 5.31%
#############################################################################
Optimization run history and convergence: 11x11 array
iter		drift spacing	wp spacing	footprint	wp peak temp
0		17.8646		4.8875		9812.4279	105.3137
1		17.8646		4.8875		9812.4279	105.3137
2		18.8646		4.8875		10350.0529	102.9161
3		17.8646		5.8875		11637.5714	99.5076
4		18.7561		5.4345		11338.9157	99.9196
5		19.6702		5.0290		11066.9815	100.3069
6		20.1819		4.8875		11058.3058	100.1788
7		20.3152		5.3694		12127.6127	97.1216
8		20.3024		4.8542		11054.1572	100.1612
9		20.3191		4.9144		11187.7885	99.7483
10		20.2762		4.8875		11108.9973	99.9990
11		20.2701		4.8827		11095.7208	100.0413
12		20.2810		4.8814		11098.9000	100.0288
 message: Optimization terminated successfully.
 success: True
  status: 1
     fun: 11108.99731548991
       x: [ 2.028e+01  4.888e+00]
    nfev: 12
   maxcv: -0.0
#############################################################################
Constraints and sensitivity
Relative impact of increasing array size to 11x11: 3.98%
#############################################################################
Optimization run history and convergence: 9x9 array
iter		drift spacing	wp spacing	footprint	wp peak temp
0		18.0031		4.8875		6505.4555	76.8328
1		18.0031		4.8875		6505.4555	76.8328
2		19.0031		4.8875		6857.3555	75.5056
3		18.0031		5.8875		7688.6017	73.2932
4		17.0031		4.8875		6153.5555	78.3233
5		16.0031		4.8875		5801.6555	80.0031
6		15.0031		4.8875		5449.7555	81.9031
7		14.0031		4.8875		5097.8555	84.0609
8		13.0031		4.8875		4745.9555	86.5222
9		12.0031		4.8875		4394.0555	89.3435
10		11.0031		4.8875		4042.1555	92.5956
11		10.0031		4.8875		3690.2555	96.3686
12		9.0406		4.8875		3351.5707	100.6010
13		9.0406		4.3875		3046.7958	104.0514
14		9.1773		4.8875		3399.6623	99.9592
15		9.1773		4.8250		3361.0188	100.3637
16		9.1460		4.8875		3388.6654	100.1047
17		9.1685		4.8875		3396.5806	99.9999
18		9.1685		4.8797		3391.7546	100.0502
 message: Optimization terminated successfully.
 success: True
  status: 1
     fun: 3396.5806211222575
       x: [ 9.169e+00  4.888e+00]
    nfev: 18
   maxcv: -0.0
#############################################################################
Constraints and sensitivity
Relative impact of increasing array size to 9x9: 7.92%
#############################################################################
Optimization run history and convergence: 11x11 array
iter		drift spacing	wp spacing	footprint	wp peak temp
0		9.1685		4.8875		5137.2213	107.9191
1		9.1685		4.8875		5137.2213	107.9191
2		10.1685		4.8875		5674.8463	102.7695
3		9.1685		5.8875		6092.7612	101.0269
4		10.7063		4.8875		5963.9890	100.3175
5		10.7063		4.6375		5686.6587	102.0567
6		10.8313		4.8875		6031.1921	99.7759
7		10.8313		4.8250		5961.0783	100.1971
8		10.7796		4.8875		6003.3878	99.9988
9		10.7796		4.9031		6020.8355	99.8940
10		10.7874		4.8875		6007.5880	99.9650
 message: Optimization terminated successfully.
 success: True
  status: 1
     fun: 6003.387815731916
       x: [ 1.078e+01  4.888e+00]
    nfev: 10
   maxcv: -0.0
#############################################################################
Constraints and sensitivity
Relative impact of increasing array size to 11x11: 6.00%
#############################################################################
Optimization run history and convergence: 13x13 array
iter		drift spacing	wp spacing	footprint	wp peak temp
0		10.7796		4.8875		8464.7327	105.9961
1		10.7796		4.8875		8464.7327	105.9961
2		11.7796		4.8875		9227.1827	101.3938
3		10.7796		5.8875		10063.4231	99.1326
4		12.0825		4.8875		9458.0954	100.1282
5		12.0825		4.6375		9011.5200	101.9218
6		12.1450		4.8875		9505.7485	99.8738
7		12.1140		4.8875		9482.1151	99.9997
8		12.1140		4.8563		9426.1514	100.2176
9		12.1090		4.8875		9478.3029	100.0201
10		12.1140		4.8825		9473.1610	100.0345
 message: Optimization terminated successfully.
 success: True
  status: 1
     fun: 9482.115141998873
       x: [ 1.211e+01  4.888e+00]
    nfev: 10
   maxcv: -0.0
#############################################################################
Constraints and sensitivity
Relative impact of increasing array size to 13x13: 4.55%
#############################################################################
Optimization run history and convergence: 9x9 array
iter		drift spacing	wp spacing	footprint	wp peak temp
0		20.2083		9.4179		13281.0111	80.4038
1		20.2083		9.4179		13281.0111	80.4038
2		21.2083		9.4179		13922.8578	79.2792
3		20.2083		10.4179		14605.2910	78.4278
4		19.7721		8.5180		11834.5032	83.0511
5		19.3284		7.6219		10438.9468	86.1331
6		18.8323		6.7536		9104.1839	89.7486
7		18.2058		5.9742		7876.6290	93.9151
8		17.2274		6.1809		7698.5308	94.9459
9		16.8884		5.2401		6505.2015	100.1874
10		17.7995		4.8875		6433.8294	100.1403
11		17.7093		4.6543		6130.6106	101.7625
12		17.9161		4.8424		6421.7301	100.1651
13		17.8646		4.8875		6456.7158	100.0041
14		17.9057		4.9345		6526.5512	99.6425
15		17.8763		4.8772		6448.7609	100.0406
16		17.8697		4.8934		6465.4317	99.9587
 message: Did not converge to a solution satisfying the constraints. See `maxcv` for magnitude of violation.
 success: False
  status: 4
     fun: 6456.715820431416
       x: [ 1.786e+01  4.888e+00]
    nfev: 16
   maxcv: 0.004146756806164831
#############################################################################
Constraints and sensitivity
Relative impact of increasing array size to 9x9: 5.31%
#############################################################################
Optimization run history and convergence: 11x11 array
iter		drift spacing	wp spacing	footprint	wp peak temp
0		17.8646		4.8875		9812.4279	105.3137
1		17.8646		4.8875		9812.4279	105.3137
2		18.8646		4.8875		10350.0529	102.9161
3		17.8646		5.8875		11637.5714	99.5076
4		18.7561		5.4345		11338.9157	99.9196
5		19.6702		5.0290		11066.9815	100.3069
6		20.1819		4.8875		11058.3058	100.1788
7		20.3152		5.3694		12127.6127	97.1216
8		20.3024		4.8542		11054.1572	100.1612
9		20.3191		4.9144		11187.7885	99.7483
10		20.2762		4.8875		11108.9973	99.9990
11		20.2701		4.8827		11095.7208	100.0413
12		20.2810		4.8814		11098.9000	100.0288
 message: Optimization terminated successfully.
 success: True
  status: 1
     fun: 11108.99731548991
       x: [ 2.028e+01  4.888e+00]
    nfev: 12
   maxcv: -0.0
#############################################################################
Constraints and sensitivity
Relative impact of increasing array size to 11x11: 3.98%
#############################################################################
Optimization run history and convergence: 9x9 array
iter		drift spacing	wp spacing	footprint	wp peak temp
0		10.0847		10.0847		7234.2091	77.9792
1		10.0847		10.0847		7234.2091	77.9792
2		11.0847		10.0847		7918.7294	75.6824
3		10.0847		11.0847		7910.5798	75.6824
4		9.3776		9.3776		6303.9140	81.7249
5		8.6907		8.6508		5438.0874	86.1144
6		8.1566		7.8054		4654.0107	91.1838
7		7.2961		7.2961		3936.8757	97.3645
8		7.2430		6.2975		3416.2007	103.0753
9		7.0166		7.0166		3661.3205	100.2457
10		6.9282		7.1050		3660.1002	100.2485
11		7.0404		7.0404		3684.4301	99.9909
12		7.2155		6.8620		3682.2288	100.0202
13		7.0249		7.0133		3663.7827	100.2190
14		7.0269		7.0482		3681.5429	100.0216
15		7.0379		7.0361		3681.1228	100.0273
 message: Optimization terminated successfully.
 success: True
  status: 1
     fun: 3684.4300573617634
       x: [ 7.040e+00  7.040e+00]
    nfev: 15
   maxcv: 8.881784197001252e-16
#############################################################################
Constraints and sensitivity
Relative impact of increasing array size to 9x9: 7.79%
#############################################################################
Optimization run history and convergence: 11x11 array
iter		drift spacing	wp spacing	footprint	wp peak temp
0		7.0404		7.0404		5592.1653	107.7823
1		7.0404		7.0404		5592.1653	107.7823
2		8.0404		7.0404		6345.0840	101.9716
3		7.0404		8.0404		6334.8970	101.9716
4		7.7101		7.7101		6638.5786	100.1162
5		7.7654		7.8222		6775.3072	99.2710
6		7.8222		7.6548		6685.0925	99.8294
7		7.7216		7.7216		6657.3420	99.9989
8		7.7326		7.7105		6657.4424	99.9989
 message: Optimization terminated successfully.
 success: True
  status: 1
     fun: 6657.342016133454
       x: [ 7.722e+00  7.722e+00]
    nfev: 8
   maxcv: 0.0
#############################################################################
Constraints and sensitivity
Relative impact of increasing array size to 11x11: 5.80%
#############################################################################
Optimization run history and convergence: 13x13 array
iter		drift spacing	wp spacing	footprint	wp peak temp
0		7.7216		7.7216		9415.9823	105.7975
1		7.7216		7.7216		9415.9823	105.7975
2		8.7216		7.7216		10586.5424	100.3489
3		7.7216		8.7216		10574.3180	100.3489
4		8.2536		8.2536		10695.7467	99.9493
5		8.9622		7.5480		10636.1582	100.0830
6		9.6902		6.8625		10481.6782	100.3228
7		10.4634		6.2282		10305.9461	100.3937
8		11.2662		5.6320		10078.2135	100.5363
9		12.0982		5.0772		9809.4580	100.6986
10		11.8208		4.6612		8862.9625	104.9022
11		12.5492		4.8875		9813.9807	100.1943
12		12.5977		5.0027		10065.3031	99.2188
13		12.6068		4.8633		9812.7834	100.1368
14		12.6190		4.8921		9875.6598	99.8902
15		12.5990		4.8875		9851.8902	99.9997
16		12.5978		4.8924		9860.1105	99.9703
 message: Optimization terminated successfully.
 success: True
  status: 1
     fun: 9851.890245618008
       x: [ 1.260e+01  4.888e+00]
    nfev: 16
   maxcv: -0.0
#############################################################################
Constraints and sensitivity
Relative impact of increasing array size to 13x13: 4.48%
#############################################################################
Optimization run history and convergence: 9x9 array
iter		drift spacing	wp spacing	footprint	wp peak temp
0		18.0031		4.8875		6505.4555	76.8328
1		18.0031		4.8875		6505.4555	76.8328
2		19.0031		4.8875		6857.3555	75.5056
3		18.0031		5.8875		7688.6017	73.2932
4		17.0031		4.8875		6153.5555	78.3233
5		16.0031		4.8875		5801.6555	80.0031
6		15.0031		4.8875		5449.7555	81.9031
7		14.0031		4.8875		5097.8555	84.0609
8		13.0031		4.8875		4745.9555	86.5222
9		12.0031		4.8875		4394.0555	89.3435
10		11.0031		4.8875		4042.1555	92.5956
11		10.0031		4.8875		3690.2555	96.3686
12		9.0406		4.8875		3351.5707	100.6010
13		9.0406		4.3875		3046.7958	104.0514
14		9.1773		4.8875		3399.6623	99.9592
15		9.1773		4.8250		3361.0188	100.3637
16		9.1460		4.8875		3388.6654	100.1047
17		9.1685		4.8875		3396.5806	99.9999
18		9.1685		4.8797		3391.7546	100.0502
 message: Optimization terminated successfully.
 success: True
  status: 1
     fun: 3396.5806211222575
       x: [ 9.169e+00  4.888e+00]
    nfev: 18
   maxcv: -0.0
#############################################################################
Constraints and sensitivity
Relative impact of increasing array size to 9x9: 7.92%
#############################################################################
Optimization run history and convergence: 11x11 array
iter		drift spacing	wp spacing	footprint	wp peak temp
0		9.1685		4.8875		5137.2213	107.9191
1		9.1685		4.8875		5137.2213	107.9191
2		10.1685		4.8875		5674.8463	102.7695
3		9.1685		5.8875		6092.7612	101.0269
4		10.7063		4.8875		5963.9890	100.3175
5		10.7063		4.6375		5686.6587	102.0567
6		10.8313		4.8875		6031.1921	99.7759
7		10.8313		4.8250		5961.0783	100.1971
8		10.7796		4.8875		6003.3878	99.9988
9		10.7796		4.9031		6020.8355	99.8940
10		10.7874		4.8875		6007.5880	99.9650
 message: Optimization terminated successfully.
 success: True
  status: 1
     fun: 6003.387815731916
       x: [ 1.078e+01  4.888e+00]
    nfev: 10
   maxcv: -0.0
#############################################################################
Constraints and sensitivity
Relative impact of increasing array size to 11x11: 6.00%
#############################################################################
Optimization run history and convergence: 13x13 array
iter		drift spacing	wp spacing	footprint	wp peak temp
0		10.7796		4.8875		8464.7327	105.9961
1		10.7796		4.8875		8464.7327	105.9961
2		11.7796		4.8875		9227.1827	101.3938
3		10.7796		5.8875		10063.4231	99.1326
4		12.0825		4.8875		9458.0954	100.1282
5		12.0825		4.6375		9011.5200	101.9218
6		12.1450		4.8875		9505.7485	99.8738
7		12.1140		4.8875		9482.1151	99.9997
8		12.1140		4.8563		9426.1514	100.2176
9		12.1090		4.8875		9478.3029	100.0201
10		12.1140		4.8825		9473.1610	100.0345
 message: Optimization terminated successfully.
 success: True
  status: 1
     fun: 9482.115141998873
       x: [ 1.211e+01  4.888e+00]
    nfev: 10
   maxcv: -0.0
#############################################################################
Constraints and sensitivity
Relative impact of increasing array size to 13x13: 4.55%
#############################################################################
Optimization run history and convergence: 9x9 array
iter		drift spacing	wp spacing	footprint	wp peak temp
0		20.2083		9.4179		13281.0111	80.4038
1		20.2083		9.4179		13281.0111	80.4038
2		21.2083		9.4179		13922.8578	79.2792
3		20.2083		10.4179		14605.2910	78.4278
4		19.7721		8.5180		11834.5032	83.0511
5		19.3284		7.6219		10438.9468	86.1331
6		18.8323		6.7536		9104.1839	89.7486
7		18.2058		5.9742		7876.6290	93.9151
8		17.2274		6.1809		7698.5308	94.9459
9		16.8884		5.2401		6505.2015	100.1874
10		17.7995		4.8875		6433.8294	100.1403
11		17.7093		4.6543		6130.6106	101.7625
12		17.9161		4.8424		6421.7301	100.1651
13		17.8646		4.8875		6456.7158	100.0041
14		17.9057		4.9345		6526.5512	99.6425
15		17.8763		4.8772		6448.7609	100.0406
16		17.8697		4.8934		6465.4317	99.9587
 message: Did not converge to a solution satisfying the constraints. See `maxcv` for magnitude of violation.
 success: False
  status: 4
     fun: 6456.715820431416
       x: [ 1.786e+01  4.888e+00]
    nfev: 16
   maxcv: 0.004146756806164831
#############################################################################
Constraints and sensitivity
Relative impact of increasing array size to 9x9: 5.31%
#############################################################################
Optimization run history and convergence: 11x11 array
iter		drift spacing	wp spacing	footprint	wp peak temp
0		17.8646		4.8875		9812.4279	105.3137
1		17.8646		4.8875		9812.4279	105.3137
2		18.8646		4.8875		10350.0529	102.9161
3		17.8646		5.8875		11637.5714	99.5076
4		18.7561		5.4345		11338.9157	99.9196
5		19.6702		5.0290		11066.9815	100.3069
6		20.1819		4.8875		11058.3058	100.1788
7		20.3152		5.3694		12127.6127	97.1216
8		20.3024		4.8542		11054.1572	100.1612
9		20.3191		4.9144		11187.7885	99.7483
10		20.2762		4.8875		11108.9973	99.9990
11		20.2701		4.8827		11095.7208	100.0413
12		20.2810		4.8814		11098.9000	100.0288
 message: Optimization terminated successfully.
 success: True
  status: 1
     fun: 11108.99731548991
       x: [ 2.028e+01  4.888e+00]
    nfev: 12
   maxcv: -0.0
#############################################################################
Constraints and sensitivity
Relative impact of increasing array size to 11x11: 3.98%
#############################################################################
Optimization run history and convergence: 9x9 array
iter		drift spacing	wp spacing	footprint	wp peak temp
0		10.0847		10.0847		7234.2091	77.9792
1		10.0847		10.0847		7234.2091	77.9792
2		11.0847		10.0847		7918.7294	75.6824
3		10.0847		11.0847		7910.5798	75.6824
4		9.3776		9.3776		6303.9140	81.7249
5		8.6907		8.6508		5438.0874	86.1144
6		8.1566		7.8054		4654.0107	91.1838
7		7.2961		7.2961		3936.8757	97.3645
8		7.2430		6.2975		3416.2007	103.0753
9		7.0166		7.0166		3661.3205	100.2457
10		6.9282		7.1050		3660.1002	100.2485
11		7.0404		7.0404		3684.4301	99.9909
12		7.2155		6.8620		3682.2288	100.0202
13		7.0249		7.0133		3663.7827	100.2190
14		7.0269		7.0482		3681.5429	100.0216
15		7.0379		7.0361		3681.1228	100.0273
 message: Optimization terminated successfully.
 success: True
  status: 1
     fun: 3684.4300573617634
       x: [ 7.040e+00  7.040e+00]
    nfev: 15
   maxcv: 8.881784197001252e-16
#############################################################################
Constraints and sensitivity
Relative impact of increasing array size to 9x9: 7.79%
#############################################################################
Optimization run history and convergence: 11x11 array
iter		drift spacing	wp spacing	footprint	wp peak temp
0		7.0404		7.0404		5592.1653	107.7823
1		7.0404		7.0404		5592.1653	107.7823
2		8.0404		7.0404		6345.0840	101.9716
3		7.0404		8.0404		6334.8970	101.9716
4		7.7101		7.7101		6638.5786	100.1162
5		7.7654		7.8222		6775.3072	99.2710
6		7.8222		7.6548		6685.0925	99.8294
7		7.7216		7.7216		6657.3420	99.9989
8		7.7326		7.7105		6657.4424	99.9989
 message: Optimization terminated successfully.
 success: True
  status: 1
     fun: 6657.342016133454
       x: [ 7.722e+00  7.722e+00]
    nfev: 8
   maxcv: 0.0
#############################################################################
Constraints and sensitivity
Relative impact of increasing array size to 11x11: 5.80%
#############################################################################
Optimization run history and convergence: 13x13 array
iter		drift spacing	wp spacing	footprint	wp peak temp
0		7.7216		7.7216		9415.9823	105.7975
1		7.7216		7.7216		9415.9823	105.7975
2		8.7216		7.7216		10586.5424	100.3489
3		7.7216		8.7216		10574.3180	100.3489
4		8.2536		8.2536		10695.7467	99.9493
5		8.9622		7.5480		10636.1582	100.0830
6		9.6902		6.8625		10481.6782	100.3228
7		10.4634		6.2282		10305.9461	100.3937
8		11.2662		5.6320		10078.2135	100.5363
9		12.0982		5.0772		9809.4580	100.6986
10		11.8208		4.6612		8862.9625	104.9022
11		12.5492		4.8875		9813.9807	100.1943
12		12.5977		5.0027		10065.3031	99.2188
13		12.6068		4.8633		9812.7834	100.1368
14		12.6190		4.8921		9875.6598	99.8902
15		12.5990		4.8875		9851.8902	99.9997
16		12.5978		4.8924		9860.1105	99.9703
 message: Optimization terminated successfully.
 success: True
  status: 1
     fun: 9851.890245618008
       x: [ 1.260e+01  4.888e+00]
    nfev: 16
   maxcv: -0.0
#############################################################################
Constraints and sensitivity
Relative impact of increasing array size to 13x13: 4.48%
#############################################################################
Optimization run history and convergence: 9x9 array
iter		drift spacing	wp spacing	footprint	wp peak temp
0		18.0031		4.8875		6505.4555	76.8328
1		18.0031		4.8875		6505.4555	76.8328
2		19.0031		4.8875		6857.3555	75.5056
3		18.0031		5.8875		7688.6017	73.2932
4		17.0031		4.8875		6153.5555	78.3233
5		16.0031		4.8875		5801.6555	80.0031
6		15.0031		4.8875		5449.7555	81.9031
7		14.0031		4.8875		5097.8555	84.0609
8		13.0031		4.8875		4745.9555	86.5222
9		12.0031		4.8875		4394.0555	89.3435
10		11.0031		4.8875		4042.1555	92.5956
11		10.0031		4.8875		3690.2555	96.3686
12		9.0406		4.8875		3351.5707	100.6010
13		9.0406		4.3875		3046.7958	104.0514
14		9.1773		4.8875		3399.6623	99.9592
15		9.1773		4.8250		3361.0188	100.3637
16		9.1460		4.8875		3388.6654	100.1047
17		9.1685		4.8875		3396.5806	99.9999
18		9.1685		4.8797		3391.7546	100.0502
 message: Optimization terminated successfully.
 success: True
  status: 1
     fun: 3396.5806211222575
       x: [ 9.169e+00  4.888e+00]
    nfev: 18
   maxcv: -0.0
#############################################################################
Constraints and sensitivity
Relative impact of increasing array size to 9x9: 7.92%
#############################################################################
Optimization run history and convergence: 11x11 array
iter		drift spacing	wp spacing	footprint	wp peak temp
0		9.1685		4.8875		5137.2213	107.9191
1		9.1685		4.8875		5137.2213	107.9191
2		10.1685		4.8875		5674.8463	102.7695
3		9.1685		5.8875		6092.7612	101.0269
4		10.7063		4.8875		5963.9890	100.3175
5		10.7063		4.6375		5686.6587	102.0567
6		10.8313		4.8875		6031.1921	99.7759
7		10.8313		4.8250		5961.0783	100.1971
8		10.7796		4.8875		6003.3878	99.9988
9		10.7796		4.9031		6020.8355	99.8940
10		10.7874		4.8875		6007.5880	99.9650
 message: Optimization terminated successfully.
 success: True
  status: 1
     fun: 6003.387815731916
       x: [ 1.078e+01  4.888e+00]
    nfev: 10
   maxcv: -0.0
#############################################################################
Constraints and sensitivity
Relative impact of increasing array size to 11x11: 6.00%
#############################################################################
Optimization run history and convergence: 13x13 array
iter		drift spacing	wp spacing	footprint	wp peak temp
0		10.7796		4.8875		8464.7327	105.9961
1		10.7796		4.8875		8464.7327	105.9961
2		11.7796		4.8875		9227.1827	101.3938
3		10.7796		5.8875		10063.4231	99.1326
4		12.0825		4.8875		9458.0954	100.1282
5		12.0825		4.6375		9011.5200	101.9218
6		12.1450		4.8875		9505.7485	99.8738
7		12.1140		4.8875		9482.1151	99.9997
8		12.1140		4.8563		9426.1514	100.2176
9		12.1090		4.8875		9478.3029	100.0201
10		12.1140		4.8825		9473.1610	100.0345
 message: Optimization terminated successfully.
 success: True
  status: 1
     fun: 9482.115141998873
       x: [ 1.211e+01  4.888e+00]
    nfev: 10
   maxcv: -0.0
#############################################################################
Constraints and sensitivity
Relative impact of increasing array size to 13x13: 4.55%
#############################################################################
Optimization run history and convergence: 9x9 array
iter		drift spacing	wp spacing	footprint	wp peak temp
0		20.2083		9.4179		13281.0111	80.4038
1		20.2083		9.4179		13281.0111	80.4038
2		21.2083		9.4179		13922.8578	79.2792
3		20.2083		10.4179		14605.2910	78.4278
4		19.7721		8.5180		11834.5032	83.0511
5		19.3284		7.6219		10438.9468	86.1331
6		18.8323		6.7536		9104.1839	89.7486
7		18.2058		5.9742		7876.6290	93.9151
8		17.2274		6.1809		7698.5308	94.9459
9		16.8884		5.2401		6505.2015	100.1874
10		17.7995		4.8875		6433.8294	100.1403
11		17.7093		4.6543		6130.6106	101.7625
12		17.9161		4.8424		6421.7301	100.1651
13		17.8646		4.8875		6456.7158	100.0041
14		17.9057		4.9345		6526.5512	99.6425
15		17.8763		4.8772		6448.7609	100.0406
16		17.8697		4.8934		6465.4317	99.9587
 message: Did not converge to a solution satisfying the constraints. See `maxcv` for magnitude of violation.
 success: False
  status: 4
     fun: 6456.715820431416
       x: [ 1.786e+01  4.888e+00]
    nfev: 16
   maxcv: 0.004146756806164831
#############################################################################
Constraints and sensitivity
Relative impact of increasing array size to 9x9: 5.31%
#############################################################################
Optimization run history and convergence: 11x11 array
iter		drift spacing	wp spacing	footprint	wp peak temp
0		17.8646		4.8875		9812.4279	105.3137
1		17.8646		4.8875		9812.4279	105.3137
2		18.8646		4.8875		10350.0529	102.9161
3		17.8646		5.8875		11637.5714	99.5076
4		18.7561		5.4345		11338.9157	99.9196
5		19.6702		5.0290		11066.9815	100.3069
6		20.1819		4.8875		11058.3058	100.1788
7		20.3152		5.3694		12127.6127	97.1216
8		20.3024		4.8542		11054.1572	100.1612
9		20.3191		4.9144		11187.7885	99.7483
10		20.2762		4.8875		11108.9973	99.9990
11		20.2701		4.8827		11095.7208	100.0413
12		20.2810		4.8814		11098.9000	100.0288
 message: Optimization terminated successfully.
 success: True
  status: 1
     fun: 11108.99731548991
       x: [ 2.028e+01  4.888e+00]
    nfev: 12
   maxcv: -0.0
#############################################################################
Constraints and sensitivity
Relative impact of increasing array size to 11x11: 3.98%
#############################################################################
Optimization run history and convergence: 9x9 array
iter		drift spacing	wp spacing	footprint	wp peak temp
0		10.0847		10.0847		7234.2091	77.9792
1		10.0847		10.0847		7234.2091	77.9792
2		11.0847		10.0847		7918.7294	75.6824
3		10.0847		11.0847		7910.5798	75.6824
4		9.3776		9.3776		6303.9140	81.7249
5		8.6907		8.6508		5438.0874	86.1144
6		8.1566		7.8054		4654.0107	91.1838
7		7.2961		7.2961		3936.8757	97.3645
8		7.2430		6.2975		3416.2007	103.0753
9		7.0166		7.0166		3661.3205	100.2457
10		6.9282		7.1050		3660.1002	100.2485
11		7.0404		7.0404		3684.4301	99.9909
12		7.2155		6.8620		3682.2288	100.0202
13		7.0249		7.0133		3663.7827	100.2190
14		7.0269		7.0482		3681.5429	100.0216
15		7.0379		7.0361		3681.1228	100.0273
 message: Optimization terminated successfully.
 success: True
  status: 1
     fun: 3684.4300573617634
       x: [ 7.040e+00  7.040e+00]
    nfev: 15
   maxcv: 8.881784197001252e-16
#############################################################################
Constraints and sensitivity
Relative impact of increasing array size to 9x9: 7.79%
#############################################################################
Optimization run history and convergence: 11x11 array
iter		drift spacing	wp spacing	footprint	wp peak temp
0		7.0404		7.0404		5592.1653	107.7823
1		7.0404		7.0404		5592.1653	107.7823
2		8.0404		7.0404		6345.0840	101.9716
3		7.0404		8.0404		6334.8970	101.9716
4		7.7101		7.7101		6638.5786	100.1162
5		7.7654		7.8222		6775.3072	99.2710
6		7.8222		7.6548		6685.0925	99.8294
7		7.7216		7.7216		6657.3420	99.9989
8		7.7326		7.7105		6657.4424	99.9989
 message: Optimization terminated successfully.
 success: True
  status: 1
     fun: 6657.342016133454
       x: [ 7.722e+00  7.722e+00]
    nfev: 8
   maxcv: 0.0
#############################################################################
Constraints and sensitivity
Relative impact of increasing array size to 11x11: 5.80%
#############################################################################
Optimization run history and convergence: 13x13 array
iter		drift spacing	wp spacing	footprint	wp peak temp
0		7.7216		7.7216		9415.9823	105.7975
1		7.7216		7.7216		9415.9823	105.7975
2		8.7216		7.7216		10586.5424	100.3489
3		7.7216		8.7216		10574.3180	100.3489
4		8.2536		8.2536		10695.7467	99.9493
5		8.9622		7.5480		10636.1582	100.0830
6		9.6902		6.8625		10481.6782	100.3228
7		10.4634		6.2282		10305.9461	100.3937
8		11.2662		5.6320		10078.2135	100.5363
9		12.0982		5.0772		9809.4580	100.6986
10		11.8208		4.6612		8862.9625	104.9022
11		12.5492		4.8875		9813.9807	100.1943
12		12.5977		5.0027		10065.3031	99.2188
13		12.6068		4.8633		9812.7834	100.1368
14		12.6190		4.8921		9875.6598	99.8902
15		12.5990		4.8875		9851.8902	99.9997
16		12.5978		4.8924		9860.1105	99.9703
 message: Optimization terminated successfully.
 success: True
  status: 1
     fun: 9851.890245618008
       x: [ 1.260e+01  4.888e+00]
    nfev: 16
   maxcv: -0.0
#############################################################################
Constraints and sensitivity
Relative impact of increasing array size to 13x13: 4.48%
#############################################################################
Optimization run history and convergence: 9x9 array
iter		drift spacing	wp spacing	footprint	wp peak temp
0		18.0031		4.8875		6505.4555	76.8328
1		18.0031		4.8875		6505.4555	76.8328
2		19.0031		4.8875		6857.3555	75.5056
3		18.0031		5.8875		7688.6017	73.2932
4		17.0031		4.8875		6153.5555	78.3233
5		16.0031		4.8875		5801.6555	80.0031
6		15.0031		4.8875		5449.7555	81.9031
7		14.0031		4.8875		5097.8555	84.0609
8		13.0031		4.8875		4745.9555	86.5222
9		12.0031		4.8875		4394.0555	89.3435
10		11.0031		4.8875		4042.1555	92.5956
11		10.0031		4.8875		3690.2555	96.3686
12		9.0406		4.8875		3351.5707	100.6010
13		9.0406		4.3875		3046.7958	104.0514
14		9.1773		4.8875		3399.6623	99.9592
15		9.1773		4.8250		3361.0188	100.3637
16		9.1460		4.8875		3388.6654	100.1047
17		9.1685		4.8875		3396.5806	99.9999
18		9.1685		4.8797		3391.7546	100.0502
 message: Optimization terminated successfully.
 success: True
  status: 1
     fun: 3396.5806211222575
       x: [ 9.169e+00  4.888e+00]
    nfev: 18
   maxcv: -0.0
#############################################################################
Constraints and sensitivity
Relative impact of increasing array size to 9x9: 7.92%
#############################################################################
Optimization run history and convergence: 11x11 array
iter		drift spacing	wp spacing	footprint	wp peak temp
0		9.1685		4.8875		5137.2213	107.9191
1		9.1685		4.8875		5137.2213	107.9191
2		10.1685		4.8875		5674.8463	102.7695
3		9.1685		5.8875		6092.7612	101.0269
4		10.7063		4.8875		5963.9890	100.3175
5		10.7063		4.6375		5686.6587	102.0567
6		10.8313		4.8875		6031.1921	99.7759
7		10.8313		4.8250		5961.0783	100.1971
8		10.7796		4.8875		6003.3878	99.9988
9		10.7796		4.9031		6020.8355	99.8940
10		10.7874		4.8875		6007.5880	99.9650
 message: Optimization terminated successfully.
 success: True
  status: 1
     fun: 6003.387815731916
       x: [ 1.078e+01  4.888e+00]
    nfev: 10
   maxcv: -0.0
#############################################################################
Constraints and sensitivity
Relative impact of increasing array size to 11x11: 6.00%
#############################################################################
Optimization run history and convergence: 13x13 array
iter		drift spacing	wp spacing	footprint	wp peak temp
0		10.7796		4.8875		8464.7327	105.9961
1		10.7796		4.8875		8464.7327	105.9961
2		11.7796		4.8875		9227.1827	101.3938
3		10.7796		5.8875		10063.4231	99.1326
4		12.0825		4.8875		9458.0954	100.1282
5		12.0825		4.6375		9011.5200	101.9218
6		12.1450		4.8875		9505.7485	99.8738
7		12.1140		4.8875		9482.1151	99.9997
8		12.1140		4.8563		9426.1514	100.2176
9		12.1090		4.8875		9478.3029	100.0201
10		12.1140		4.8825		9473.1610	100.0345
 message: Optimization terminated successfully.
 success: True
  status: 1
     fun: 9482.115141998873
       x: [ 1.211e+01  4.888e+00]
    nfev: 10
   maxcv: -0.0
#############################################################################
Constraints and sensitivity
Relative impact of increasing array size to 13x13: 4.55%
#############################################################################
Optimization run history and convergence: 9x9 array
iter		drift spacing	wp spacing	footprint	wp peak temp
0		10.0847		10.0847		7234.2091	77.9792
1		10.0847		10.0847		7234.2091	77.9792
2		11.0847		10.0847		7918.7294	75.6824
3		10.0847		11.0847		7910.5798	75.6824
4		9.3776		9.3776		6303.9140	81.7249
5		8.6907		8.6508		5438.0874	86.1144
6		8.1566		7.8054		4654.0107	91.1838
7		7.2961		7.2961		3936.8757	97.3645
8		7.2430		6.2975		3416.2007	103.0753
9		7.0166		7.0166		3661.3205	100.2457
10		6.9282		7.1050		3660.1002	100.2485
11		7.0404		7.0404		3684.4301	99.9909
12		7.2155		6.8620		3682.2288	100.0202
13		7.0249		7.0133		3663.7827	100.2190
14		7.0269		7.0482		3681.5429	100.0216
15		7.0379		7.0361		3681.1228	100.0273
 message: Optimization terminated successfully.
 success: True
  status: 1
     fun: 3684.4300573617634
       x: [ 7.040e+00  7.040e+00]
    nfev: 15
   maxcv: 8.881784197001252e-16
#############################################################################
Constraints and sensitivity
Relative impact of increasing array size to 9x9: 7.79%
#############################################################################
Optimization run history and convergence: 11x11 array
iter		drift spacing	wp spacing	footprint	wp peak temp
0		7.0404		7.0404		5592.1653	107.7823
1		7.0404		7.0404		5592.1653	107.7823
2		8.0404		7.0404		6345.0840	101.9716
3		7.0404		8.0404		6334.8970	101.9716
4		7.7101		7.7101		6638.5786	100.1162
5		7.7654		7.8222		6775.3072	99.2710
6		7.8222		7.6548		6685.0925	99.8294
7		7.7216		7.7216		6657.3420	99.9989
8		7.7326		7.7105		6657.4424	99.9989
 message: Optimization terminated successfully.
 success: True
  status: 1
     fun: 6657.342016133454
       x: [ 7.722e+00  7.722e+00]
    nfev: 8
   maxcv: 0.0
#############################################################################
Constraints and sensitivity
Relative impact of increasing array size to 11x11: 5.80%
#############################################################################
Optimization run history and convergence: 13x13 array
iter		drift spacing	wp spacing	footprint	wp peak temp
0		7.7216		7.7216		9415.9823	105.7975
1		7.7216		7.7216		9415.9823	105.7975
2		8.7216		7.7216		10586.5424	100.3489
3		7.7216		8.7216		10574.3180	100.3489
4		8.2536		8.2536		10695.7467	99.9493
5		8.9622		7.5480		10636.1582	100.0830
6		9.6902		6.8625		10481.6782	100.3228
7		10.4634		6.2282		10305.9461	100.3937
8		11.2662		5.6320		10078.2135	100.5363
9		12.0982		5.0772		9809.4580	100.6986
10		11.8208		4.6612		8862.9625	104.9022
11		12.5492		4.8875		9813.9807	100.1943
12		12.5977		5.0027		10065.3031	99.2188
13		12.6068		4.8633		9812.7834	100.1368
14		12.6190		4.8921		9875.6598	99.8902
15		12.5990		4.8875		9851.8902	99.9997
16		12.5978		4.8924		9860.1105	99.9703
 message: Optimization terminated successfully.
 success: True
  status: 1
     fun: 9851.890245618008
       x: [ 1.260e+01  4.888e+00]
    nfev: 16
   maxcv: -0.0
#############################################################################
Constraints and sensitivity
Relative impact of increasing array size to 13x13: 4.48%
