#############################################################################
Optimization run history and convergence: 11x11 array
iter		drift spacing	wp spacing	footprint	wp peak temp
0		5.7291		5.7291		3729.5538	92.5138
1		5.7291		5.7291		3729.5538	92.5138
2		6.7291		5.7291		4352.4642	86.8755
3		5.7291		6.7291		4328.2842	86.8755
4		5.0652		5.0652		2962.6177	102.3778
5		5.3630		5.0000		3091.6741	100.4754
6		5.3363		4.8779		3008.6511	101.7184
7		5.2153		5.2017		3120.8463	100.0123
8		5.2364		5.1786		3120.1288	100.0298
9		5.1922		5.1807		3096.2048	100.3674
10		5.2093		5.2093		3121.5301	100.0002
11		5.2032		5.2044		3115.3816	100.0882
 message: Did not converge to a solution satisfying the constraints. See `maxcv` for magnitude of violation.
 success: False
  status: 4
     fun: 3121.530071918506
       x: [ 5.209e+00  5.209e+00]
    nfev: 11
   maxcv: 0.00020173149259505863
#############################################################################
Constraints and sensitivity
Relative impact of increasing array size to 11x11: 4.34%
#############################################################################
Optimization run history and convergence: 9x9 array
iter		drift spacing	wp spacing	footprint	wp peak temp
0		6.8778		6.8778		3442.5422	95.9911
1		6.8778		6.8778		3442.5422	95.9911
2		7.8778		6.8778		3922.7210	92.0128
3		6.8778		7.8778		3901.3770	92.0128
4		6.3739		6.3739		2985.6679	100.8517
5		7.0447		5.6323		2937.8910	101.4616
6		6.2856		6.4623		2983.2813	100.8553
7		6.4622		6.4622		3063.3780	99.9387
8		6.4843		6.4401		3063.8184	99.9389
9		6.4512		6.4512		3053.5988	100.0515
10		6.4457		6.4567		3053.4789	100.0515
11		6.4562		6.4562		3058.0598	99.9999
 message: Optimization terminated successfully.
 success: True
  status: 1
     fun: 3058.059832210952
       x: [ 6.456e+00  6.456e+00]
    nfev: 11
   maxcv: 8.881784197001252e-16
#############################################################################
Constraints and sensitivity
Relative impact of increasing array size to 9x9: 4.92%
#############################################################################
Optimization run history and convergence: 11x11 array
iter		drift spacing	wp spacing	footprint	wp peak temp
0		5.7291		5.7291		3729.5538	92.5138
1		5.7291		5.7291		3729.5538	92.5138
2		6.7291		5.7291		4352.4642	86.8755
3		5.7291		6.7291		4328.2842	86.8755
4		5.0652		5.0652		2962.6177	102.3778
5		5.3630		5.0000		3091.6741	100.4754
6		5.3363		4.8779		3008.6511	101.7184
7		5.2153		5.2017		3120.8463	100.0123
8		5.2364		5.1786		3120.1288	100.0298
9		5.1922		5.1807		3096.2048	100.3674
10		5.2093		5.2093		3121.5301	100.0002
11		5.2032		5.2044		3115.3816	100.0882
 message: Did not converge to a solution satisfying the constraints. See `maxcv` for magnitude of violation.
 success: False
  status: 4
     fun: 3121.530071918506
       x: [ 5.209e+00  5.209e+00]
    nfev: 11
   maxcv: 0.00020173149259505863
#############################################################################
Constraints and sensitivity
Relative impact of increasing array size to 11x11: 4.34%
#############################################################################
Optimization run history and convergence: 9x9 array
iter		drift spacing	wp spacing	footprint	wp peak temp
0		6.8778		6.8778		3442.5422	95.9911
1		6.8778		6.8778		3442.5422	95.9911
2		7.8778		6.8778		3922.7210	92.0128
3		6.8778		7.8778		3901.3770	92.0128
4		6.3739		6.3739		2985.6679	100.8517
5		7.0447		5.6323		2937.8910	101.4616
6		6.2856		6.4623		2983.2813	100.8553
7		6.4622		6.4622		3063.3780	99.9387
8		6.4843		6.4401		3063.8184	99.9389
9		6.4512		6.4512		3053.5988	100.0515
10		6.4457		6.4567		3053.4789	100.0515
11		6.4562		6.4562		3058.0598	99.9999
 message: Optimization terminated successfully.
 success: True
  status: 1
     fun: 3058.059832210952
       x: [ 6.456e+00  6.456e+00]
    nfev: 11
   maxcv: 8.881784197001252e-16
#############################################################################
Constraints and sensitivity
Relative impact of increasing array size to 9x9: 4.92%
#############################################################################
Optimization run history and convergence: 11x11 array
iter		drift spacing	wp spacing	footprint	wp peak temp
0		5.7291		5.7291		3729.5538	92.5138
1		5.7291		5.7291		3729.5538	92.5138
2		6.7291		5.7291		4352.4642	86.8755
3		5.7291		6.7291		4328.2842	86.8755
4		5.0652		5.0652		2962.6177	102.3778
5		5.3630		5.0000		3091.6741	100.4754
6		5.3363		4.8779		3008.6511	101.7184
7		5.2153		5.2017		3120.8463	100.0123
8		5.2364		5.1786		3120.1288	100.0298
9		5.1922		5.1807		3096.2048	100.3674
10		5.2093		5.2093		3121.5301	100.0002
11		5.2032		5.2044		3115.3816	100.0882
 message: Did not converge to a solution satisfying the constraints. See `maxcv` for magnitude of violation.
 success: False
  status: 4
     fun: 3121.530071918506
       x: [ 5.209e+00  5.209e+00]
    nfev: 11
   maxcv: 0.00020173149259505863
#############################################################################
Constraints and sensitivity
Relative impact of increasing array size to 11x11: 4.34%
#############################################################################
Optimization run history and convergence: 11x11 array
iter		drift spacing	wp spacing	footprint	wp peak temp
0		5.7291		5.7291		3729.5538	92.5138
1		5.7291		5.7291		3729.5538	92.5138
2		6.7291		5.7291		4352.4642	86.8755
3		5.7291		6.7291		4328.2842	86.8755
4		5.0652		5.0652		2962.6177	102.3778
5		5.3630		5.0000		3091.6741	100.4754
6		5.3363		4.8779		3008.6511	101.7184
7		5.2153		5.2017		3120.8463	100.0123
8		5.2364		5.1786		3120.1288	100.0298
9		5.1922		5.1807		3096.2048	100.3674
10		5.2093		5.2093		3121.5301	100.0002
11		5.2032		5.2044		3115.3816	100.0882
 message: Did not converge to a solution satisfying the constraints. See `maxcv` for magnitude of violation.
 success: False
  status: 4
     fun: 3121.530071918506
       x: [ 5.209e+00  5.209e+00]
    nfev: 11
   maxcv: 0.00020173149259505863
#############################################################################
Constraints and sensitivity
Relative impact of increasing array size to 11x11: 4.34%
#############################################################################
Optimization run history and convergence: 9x9 array
iter		drift spacing	wp spacing	footprint	wp peak temp
0		6.8778		6.8778		3442.5422	95.9911
1		6.8778		6.8778		3442.5422	95.9911
2		7.8778		6.8778		3922.7210	92.0128
3		6.8778		7.8778		3901.3770	92.0128
4		6.3739		6.3739		2985.6679	100.8517
5		7.0447		5.6323		2937.8910	101.4616
6		6.2856		6.4623		2983.2813	100.8553
7		6.4622		6.4622		3063.3780	99.9387
8		6.4843		6.4401		3063.8184	99.9389
9		6.4512		6.4512		3053.5988	100.0515
10		6.4457		6.4567		3053.4789	100.0515
11		6.4562		6.4562		3058.0598	99.9999
 message: Optimization terminated successfully.
 success: True
  status: 1
     fun: 3058.059832210952
       x: [ 6.456e+00  6.456e+00]
    nfev: 11
   maxcv: 8.881784197001252e-16
#############################################################################
Constraints and sensitivity
Relative impact of increasing array size to 9x9: 4.92%
#############################################################################
Optimization run history and convergence: 9x9 array
iter		drift spacing	wp spacing	footprint	wp peak temp
0		6.8778		6.8778		3442.5422	95.9911
1		6.8778		6.8778		3442.5422	95.9911
2		7.8778		6.8778		3922.7210	92.0128
3		6.8778		7.8778		3901.3770	92.0128
4		6.3739		6.3739		2985.6679	100.8517
5		7.0447		5.6323		2937.8910	101.4616
6		6.2856		6.4623		2983.2813	100.8553
7		6.4622		6.4622		3063.3780	99.9387
8		6.4843		6.4401		3063.8184	99.9389
9		6.4512		6.4512		3053.5988	100.0515
10		6.4457		6.4567		3053.4789	100.0515
11		6.4562		6.4562		3058.0598	99.9999
 message: Optimization terminated successfully.
 success: True
  status: 1
     fun: 3058.059832210952
       x: [ 6.456e+00  6.456e+00]
    nfev: 11
   maxcv: 8.881784197001252e-16
#############################################################################
Constraints and sensitivity
Relative impact of increasing array size to 9x9: 4.92%
#############################################################################
Optimization run history and convergence: 11x11 array
iter		drift spacing	wp spacing	footprint	wp peak temp
0		5.7291		5.7291		3729.5538	92.5138
1		5.7291		5.7291		3729.5538	92.5138
2		6.7291		5.7291		4352.4642	86.8755
3		5.7291		6.7291		4328.2842	86.8755
4		5.0652		5.0652		2962.6177	102.3778
5		5.3630		5.0000		3091.6741	100.4754
6		5.3363		4.8779		3008.6511	101.7184
7		5.2153		5.2017		3120.8463	100.0123
8		5.2364		5.1786		3120.1288	100.0298
9		5.1922		5.1807		3096.2048	100.3674
10		5.2093		5.2093		3121.5301	100.0002
11		5.2032		5.2044		3115.3816	100.0882
 message: Did not converge to a solution satisfying the constraints. See `maxcv` for magnitude of violation.
 success: False
  status: 4
     fun: 3121.530071918506
       x: [ 5.209e+00  5.209e+00]
    nfev: 11
   maxcv: 0.00020173149259505863
#############################################################################
Constraints and sensitivity
Relative impact of increasing array size to 11x11: 4.34%
#############################################################################
Optimization run history and convergence: 9x9 array
iter		drift spacing	wp spacing	footprint	wp peak temp
0		6.8778		6.8778		3442.5422	95.9911
1		6.8778		6.8778		3442.5422	95.9911
2		7.8778		6.8778		3922.7210	92.0128
3		6.8778		7.8778		3901.3770	92.0128
4		6.3739		6.3739		2985.6679	100.8517
5		7.0447		5.6323		2937.8910	101.4616
6		6.2856		6.4623		2983.2813	100.8553
7		6.4622		6.4622		3063.3780	99.9387
8		6.4843		6.4401		3063.8184	99.9389
9		6.4512		6.4512		3053.5988	100.0515
10		6.4457		6.4567		3053.4789	100.0515
11		6.4562		6.4562		3058.0598	99.9999
 message: Optimization terminated successfully.
 success: True
  status: 1
     fun: 3058.059832210952
       x: [ 6.456e+00  6.456e+00]
    nfev: 11
   maxcv: 8.881784197001252e-16
#############################################################################
Constraints and sensitivity
Relative impact of increasing array size to 9x9: 4.92%
