#############################################################################
Optimization run history and convergence: 9x9 array
iter		drift spacing	wp spacing	footprint	wp peak temp
0		4.8875		4.8875		1831.9474	45.1417
1		4.8875		4.8875		1831.9474	45.1417
2		5.8875		4.8875		2183.8474	43.4889
3		4.8875		5.8875		2165.1234	43.4889
4		4.7625		4.8875		1787.9599	45.3800
5		4.7625		4.7625		1747.3129	45.6233
6		4.8875		4.8563		1821.5357	45.2005
7		4.8719		4.8875		1826.4490	45.1710
8		4.8814		4.8844		1828.7849	45.1589
 message: Optimization terminated successfully.
 success: True
  status: 1
     fun: 1831.9474125000002
       x: [ 4.888e+00  4.888e+00]
    nfev: 8
   maxcv: -0.0
#############################################################################
Constraints and sensitivity
Relative impact of increasing array size to 9x9: 3.30%
#############################################################################
Optimization run history and convergence: 9x9 array
iter		drift spacing	wp spacing	footprint	wp peak temp
0		4.8875		4.8875		1831.9474	45.4287
1		4.8875		4.8875		1831.9474	45.4287
2		5.8875		4.8875		2183.8474	43.7489
3		4.8875		5.8875		2165.1234	43.7489
4		4.7625		4.8875		1787.9599	45.6710
5		4.7625		4.7625		1747.3129	45.9183
6		4.8875		4.8563		1821.5357	45.4885
7		4.8719		4.8875		1826.4490	45.4585
8		4.8814		4.8844		1828.7849	45.4462
 message: Optimization terminated successfully.
 success: True
  status: 1
     fun: 1831.9474125000002
       x: [ 4.888e+00  4.888e+00]
    nfev: 8
   maxcv: -0.0
#############################################################################
Constraints and sensitivity
Relative impact of increasing array size to 9x9: 3.35%
#############################################################################
Optimization run history and convergence: 9x9 array
iter		drift spacing	wp spacing	footprint	wp peak temp
0		4.8875		4.8875		1831.9474	49.2979
1		4.8875		4.8875		1831.9474	49.2979
2		5.8875		4.8875		2183.8474	47.3062
3		4.8875		5.8875		2165.1234	47.3062
4		4.7625		4.8875		1787.9599	49.5840
5		4.7625		4.7625		1747.3129	49.8759
6		4.8875		4.8563		1821.5357	49.3686
7		4.8719		4.8875		1826.4490	49.3332
8		4.8814		4.8844		1828.7849	49.3186
 message: Optimization terminated successfully.
 success: True
  status: 1
     fun: 1831.9474125000002
       x: [ 4.888e+00  4.888e+00]
    nfev: 8
   maxcv: -0.0
#############################################################################
Constraints and sensitivity
Relative impact of increasing array size to 9x9: 4.04%
#############################################################################
Optimization run history and convergence: 9x9 array
iter		drift spacing	wp spacing	footprint	wp peak temp
0		4.8875		4.8875		1831.9474	45.1417
1		4.8875		4.8875		1831.9474	45.1417
2		5.8875		4.8875		2183.8474	43.4889
3		4.8875		5.8875		2165.1234	43.4889
4		4.7625		4.8875		1787.9599	45.3800
5		4.7625		4.7625		1747.3129	45.6233
6		4.8875		4.8563		1821.5357	45.2005
7		4.8719		4.8875		1826.4490	45.1710
8		4.8814		4.8844		1828.7849	45.1589
 message: Optimization terminated successfully.
 success: True
  status: 1
     fun: 1831.9474125000002
       x: [ 4.888e+00  4.888e+00]
    nfev: 8
   maxcv: -0.0
#############################################################################
Constraints and sensitivity
Relative impact of increasing array size to 9x9: 3.30%
#############################################################################
Optimization run history and convergence: 9x9 array
iter		drift spacing	wp spacing	footprint	wp peak temp
0		4.8875		4.8875		1831.9474	49.2979
1		4.8875		4.8875		1831.9474	49.2979
2		5.8875		4.8875		2183.8474	47.3062
3		4.8875		5.8875		2165.1234	47.3062
4		4.7625		4.8875		1787.9599	49.5840
5		4.7625		4.7625		1747.3129	49.8759
6		4.8875		4.8563		1821.5357	49.3686
7		4.8719		4.8875		1826.4490	49.3332
8		4.8814		4.8844		1828.7849	49.3186
 message: Optimization terminated successfully.
 success: True
  status: 1
     fun: 1831.9474125000002
       x: [ 4.888e+00  4.888e+00]
    nfev: 8
   maxcv: -0.0
#############################################################################
Constraints and sensitivity
Relative impact of increasing array size to 9x9: 4.04%
#############################################################################
Optimization run history and convergence: 9x9 array
iter		drift spacing	wp spacing	footprint	wp peak temp
0		4.8875		4.8875		1831.9474	45.4287
1		4.8875		4.8875		1831.9474	45.4287
2		5.8875		4.8875		2183.8474	43.7489
3		4.8875		5.8875		2165.1234	43.7489
4		4.7625		4.8875		1787.9599	45.6710
5		4.7625		4.7625		1747.3129	45.9183
6		4.8875		4.8563		1821.5357	45.4885
7		4.8719		4.8875		1826.4490	45.4585
8		4.8814		4.8844		1828.7849	45.4462
 message: Optimization terminated successfully.
 success: True
  status: 1
     fun: 1831.9474125000002
       x: [ 4.888e+00  4.888e+00]
    nfev: 8
   maxcv: -0.0
#############################################################################
Constraints and sensitivity
Relative impact of increasing array size to 9x9: 3.35%
#############################################################################
Optimization run history and convergence: 9x9 array
iter		drift spacing	wp spacing	footprint	wp peak temp
0		4.8875		4.8875		1831.9474	45.1417
1		4.8875		4.8875		1831.9474	45.1417
2		5.8875		4.8875		2183.8474	43.4889
3		4.8875		5.8875		2165.1234	43.4889
4		4.7625		4.8875		1787.9599	45.3800
5		4.7625		4.7625		1747.3129	45.6233
6		4.8875		4.8563		1821.5357	45.2005
7		4.8719		4.8875		1826.4490	45.1710
8		4.8814		4.8844		1828.7849	45.1589
 message: Optimization terminated successfully.
 success: True
  status: 1
     fun: 1831.9474125000002
       x: [ 4.888e+00  4.888e+00]
    nfev: 8
   maxcv: -0.0
#############################################################################
Constraints and sensitivity
Relative impact of increasing array size to 9x9: 3.30%
#############################################################################
Optimization run history and convergence: 9x9 array
iter		drift spacing	wp spacing	footprint	wp peak temp
0		4.8875		4.8875		1831.9474	49.2979
1		4.8875		4.8875		1831.9474	49.2979
2		5.8875		4.8875		2183.8474	47.3062
3		4.8875		5.8875		2165.1234	47.3062
4		4.7625		4.8875		1787.9599	49.5840
5		4.7625		4.7625		1747.3129	49.8759
6		4.8875		4.8563		1821.5357	49.3686
7		4.8719		4.8875		1826.4490	49.3332
8		4.8814		4.8844		1828.7849	49.3186
 message: Optimization terminated successfully.
 success: True
  status: 1
     fun: 1831.9474125000002
       x: [ 4.888e+00  4.888e+00]
    nfev: 8
   maxcv: -0.0
#############################################################################
Constraints and sensitivity
Relative impact of increasing array size to 9x9: 4.04%
#############################################################################
Optimization run history and convergence: 9x9 array
iter		drift spacing	wp spacing	footprint	wp peak temp
0		4.8875		4.8875		1831.9474	45.4287
1		4.8875		4.8875		1831.9474	45.4287
2		5.8875		4.8875		2183.8474	43.7489
3		4.8875		5.8875		2165.1234	43.7489
4		4.7625		4.8875		1787.9599	45.6710
5		4.7625		4.7625		1747.3129	45.9183
6		4.8875		4.8563		1821.5357	45.4885
7		4.8719		4.8875		1826.4490	45.4585
8		4.8814		4.8844		1828.7849	45.4462
 message: Optimization terminated successfully.
 success: True
  status: 1
     fun: 1831.9474125000002
       x: [ 4.888e+00  4.888e+00]
    nfev: 8
   maxcv: -0.0
#############################################################################
Constraints and sensitivity
Relative impact of increasing array size to 9x9: 3.35%
#############################################################################
Optimization run history and convergence: 9x9 array
iter		drift spacing	wp spacing	footprint	wp peak temp
0		4.8875		4.8875		1831.9474	45.1417
1		4.8875		4.8875		1831.9474	45.1417
2		5.8875		4.8875		2183.8474	43.4889
3		4.8875		5.8875		2165.1234	43.4889
4		4.7625		4.8875		1787.9599	45.3800
5		4.7625		4.7625		1747.3129	45.6233
6		4.8875		4.8563		1821.5357	45.2005
7		4.8719		4.8875		1826.4490	45.1710
8		4.8814		4.8844		1828.7849	45.1589
 message: Optimization terminated successfully.
 success: True
  status: 1
     fun: 1831.9474125000002
       x: [ 4.888e+00  4.888e+00]
    nfev: 8
   maxcv: -0.0
#############################################################################
Constraints and sensitivity
Relative impact of increasing array size to 9x9: 3.30%
#############################################################################
Optimization run history and convergence: 9x9 array
iter		drift spacing	wp spacing	footprint	wp peak temp
0		4.8875		4.8875		1831.9474	49.2979
1		4.8875		4.8875		1831.9474	49.2979
2		5.8875		4.8875		2183.8474	47.3062
3		4.8875		5.8875		2165.1234	47.3062
4		4.7625		4.8875		1787.9599	49.5840
5		4.7625		4.7625		1747.3129	49.8759
6		4.8875		4.8563		1821.5357	49.3686
7		4.8719		4.8875		1826.4490	49.3332
8		4.8814		4.8844		1828.7849	49.3186
 message: Optimization terminated successfully.
 success: True
  status: 1
     fun: 1831.9474125000002
       x: [ 4.888e+00  4.888e+00]
    nfev: 8
   maxcv: -0.0
#############################################################################
Constraints and sensitivity
Relative impact of increasing array size to 9x9: 4.04%
#############################################################################
Optimization run history and convergence: 9x9 array
iter		drift spacing	wp spacing	footprint	wp peak temp
0		4.8875		4.8875		1831.9474	45.4287
1		4.8875		4.8875		1831.9474	45.4287
2		5.8875		4.8875		2183.8474	43.7489
3		4.8875		5.8875		2165.1234	43.7489
4		4.7625		4.8875		1787.9599	45.6710
5		4.7625		4.7625		1747.3129	45.9183
6		4.8875		4.8563		1821.5357	45.4885
7		4.8719		4.8875		1826.4490	45.4585
8		4.8814		4.8844		1828.7849	45.4462
 message: Optimization terminated successfully.
 success: True
  status: 1
     fun: 1831.9474125000002
       x: [ 4.888e+00  4.888e+00]
    nfev: 8
   maxcv: -0.0
#############################################################################
Constraints and sensitivity
Relative impact of increasing array size to 9x9: 3.35%
#############################################################################
Optimization run history and convergence: 9x9 array
iter		drift spacing	wp spacing	footprint	wp peak temp
0		4.8875		4.8875		1831.9474	45.1417
1		4.8875		4.8875		1831.9474	45.1417
2		5.8875		4.8875		2183.8474	43.4889
3		4.8875		5.8875		2165.1234	43.4889
4		4.7625		4.8875		1787.9599	45.3800
5		4.7625		4.7625		1747.3129	45.6233
6		4.8875		4.8563		1821.5357	45.2005
7		4.8719		4.8875		1826.4490	45.1710
8		4.8814		4.8844		1828.7849	45.1589
 message: Optimization terminated successfully.
 success: True
  status: 1
     fun: 1831.9474125000002
       x: [ 4.888e+00  4.888e+00]
    nfev: 8
   maxcv: -0.0
#############################################################################
Constraints and sensitivity
Relative impact of increasing array size to 9x9: 3.30%
#############################################################################
Optimization run history and convergence: 11x11 array
iter		drift spacing	wp spacing	footprint	wp peak temp
0		4.8875		4.8875		2764.5753	86.1484
1		4.8875		4.8875		2764.5753	86.1484
2		5.8875		4.8875		3302.2003	80.3203
3		4.8875		5.8875		3278.7953	80.3203
4		4.7625		4.8875		2697.3722	86.9872
5		4.7625		4.7625		2634.6572	87.8434
6		4.8875		4.8563		2748.5059	86.3555
7		4.8719		4.8875		2756.1749	86.2517
8		4.8814		4.8844		2759.7279	86.2089
 message: Optimization terminated successfully.
 success: True
  status: 1
     fun: 2764.575275
       x: [ 4.888e+00  4.888e+00]
    nfev: 8
   maxcv: -0.0
#############################################################################
Constraints and sensitivity
Relative impact of increasing array size to 11x11: 4.77%
#############################################################################
Optimization run history and convergence: 9x9 array
iter		drift spacing	wp spacing	footprint	wp peak temp
0		4.8875		4.8875		1831.9474	45.4287
1		4.8875		4.8875		1831.9474	45.4287
2		5.8875		4.8875		2183.8474	43.7489
3		4.8875		5.8875		2165.1234	43.7489
4		4.7625		4.8875		1787.9599	45.6710
5		4.7625		4.7625		1747.3129	45.9183
6		4.8875		4.8563		1821.5357	45.4885
7		4.8719		4.8875		1826.4490	45.4585
8		4.8814		4.8844		1828.7849	45.4462
 message: Optimization terminated successfully.
 success: True
  status: 1
     fun: 1831.9474125000002
       x: [ 4.888e+00  4.888e+00]
    nfev: 8
   maxcv: -0.0
#############################################################################
Constraints and sensitivity
Relative impact of increasing array size to 9x9: 3.35%
