#############################################################################
Optimization run history and convergence: 11x11 array
iter		drift spacing	wp spacing	footprint	wp peak temp
0		5.7413		5.7413		3744.4146	73.3590
1		5.7413		5.7413		3744.4146	73.3590
2		6.7413		5.7413		4368.5403	69.4586
3		5.7413		6.7413		4344.3603	69.4586
4		5.0341		5.0341		2928.8655	80.6051
5		5.2109		4.8574		2930.0150	80.6236
6		4.9458		4.9458		2833.9531	81.6670
7		5.0000		5.0000		2892.0100	81.0107
8		5.0221		4.9779		2892.4955	81.0110
9		4.9945		4.9945		2886.0699	81.0768
10		5.0035		4.9965		2892.0942	81.0107
 message: Optimization terminated successfully.
 success: True
  status: 1
     fun: 2892.01
       x: [ 5.000e+00  5.000e+00]
    nfev: 10
   maxcv: -0.0
#############################################################################
Constraints and sensitivity
Relative impact of increasing array size to 11x11: 4.72%
#############################################################################
Optimization run history and convergence: 11x11 array
iter		drift spacing	wp spacing	footprint	wp peak temp
0		5.7413		5.7413		3744.4146	73.3590
1		5.7413		5.7413		3744.4146	73.3590
2		6.7413		5.7413		4368.5403	69.4586
3		5.7413		6.7413		4344.3603	69.4586
4		5.0341		5.0341		2928.8655	80.6051
5		5.2109		4.8574		2930.0150	80.6236
6		4.9458		4.9458		2833.9531	81.6670
7		5.0000		5.0000		2892.0100	81.0107
8		5.0221		4.9779		2892.4955	81.0110
9		4.9945		4.9945		2886.0699	81.0768
10		5.0035		4.9965		2892.0942	81.0107
 message: Optimization terminated successfully.
 success: True
  status: 1
     fun: 2892.01
       x: [ 5.000e+00  5.000e+00]
    nfev: 10
   maxcv: -0.0
#############################################################################
Constraints and sensitivity
Relative impact of increasing array size to 11x11: 4.72%
#############################################################################
Optimization run history and convergence: 11x11 array
iter		drift spacing	wp spacing	footprint	wp peak temp
0		5.7413		5.7413		3744.4146	73.3590
1		5.7413		5.7413		3744.4146	73.3590
2		6.7413		5.7413		4368.5403	69.4586
3		5.7413		6.7413		4344.3603	69.4586
4		5.0341		5.0341		2928.8655	80.6051
5		5.2109		4.8574		2930.0150	80.6236
6		4.9458		4.9458		2833.9531	81.6670
7		5.0000		5.0000		2892.0100	81.0107
8		5.0221		4.9779		2892.4955	81.0110
9		4.9945		4.9945		2886.0699	81.0768
10		5.0035		4.9965		2892.0942	81.0107
 message: Optimization terminated successfully.
 success: True
  status: 1
     fun: 2892.01
       x: [ 5.000e+00  5.000e+00]
    nfev: 10
   maxcv: -0.0
#############################################################################
Constraints and sensitivity
Relative impact of increasing array size to 11x11: 4.72%
#############################################################################
Optimization run history and convergence: 11x11 array
iter		drift spacing	wp spacing	footprint	wp peak temp
0		5.7413		5.7413		3744.4146	73.3590
1		5.7413		5.7413		3744.4146	73.3590
2		6.7413		5.7413		4368.5403	69.4586
3		5.7413		6.7413		4344.3603	69.4586
4		5.0341		5.0341		2928.8655	80.6051
5		5.2109		4.8574		2930.0150	80.6236
6		4.9458		4.9458		2833.9531	81.6670
7		5.0000		5.0000		2892.0100	81.0107
8		5.0221		4.9779		2892.4955	81.0110
9		4.9945		4.9945		2886.0699	81.0768
10		5.0035		4.9965		2892.0942	81.0107
 message: Optimization terminated successfully.
 success: True
  status: 1
     fun: 2892.01
       x: [ 5.000e+00  5.000e+00]
    nfev: 10
   maxcv: -0.0
#############################################################################
Constraints and sensitivity
Relative impact of increasing array size to 11x11: 4.72%
#############################################################################
Optimization run history and convergence: 11x11 array
iter		drift spacing	wp spacing	footprint	wp peak temp
0		5.7413		5.7413		3744.4146	73.3590
1		5.7413		5.7413		3744.4146	73.3590
2		6.7413		5.7413		4368.5403	69.4586
3		5.7413		6.7413		4344.3603	69.4586
4		5.0341		5.0341		2928.8655	80.6051
5		5.2109		4.8574		2930.0150	80.6236
6		4.9458		4.9458		2833.9531	81.6670
7		5.0000		5.0000		2892.0100	81.0107
8		5.0221		4.9779		2892.4955	81.0110
9		4.9945		4.9945		2886.0699	81.0768
10		5.0035		4.9965		2892.0942	81.0107
 message: Optimization terminated successfully.
 success: True
  status: 1
     fun: 2892.01
       x: [ 5.000e+00  5.000e+00]
    nfev: 10
   maxcv: -0.0
#############################################################################
Constraints and sensitivity
Relative impact of increasing array size to 11x11: 4.72%
