#############################################################################
Optimization run history and convergence: 11x11 array
iter		drift spacing	wp spacing	footprint	wp peak temp
0		5.2093		5.2093		3121.5301	88.1011
1		5.2093		5.2093		3121.5301	88.1011
2		6.2093		5.2093		3692.4574	82.3389
3		5.2093		6.2093		3668.2774	82.3389
4		5.0000		5.0000		2892.0100	90.9429
5		4.8232		5.1768		2884.6105	90.9675
6		4.9558		4.9558		2844.6603	91.5956
7		5.0221		4.9779		2892.4955	90.9433
8		4.9945		4.9945		2886.0699	91.0238
9		5.0035		4.9965		2892.0942	90.9429
 message: Optimization terminated successfully.
 success: True
  status: 1
     fun: 2892.01
       x: [ 5.000e+00  5.000e+00]
    nfev: 9
   maxcv: -0.0
#############################################################################
Constraints and sensitivity
Relative impact of increasing array size to 11x11: 4.66%
#############################################################################
Optimization run history and convergence: 9x9 array
iter		drift spacing	wp spacing	footprint	wp peak temp
0		6.4562		6.4562		3058.0598	93.4281
1		6.4562		6.4562		3058.0598	93.4281
2		7.4562		6.4562		3511.2584	89.3061
3		6.4562		7.4562		3489.9144	89.3061
4		5.7491		5.7491		2464.2328	100.6859
5		6.3635		5.0000		2395.8161	101.7205
6		5.8458		5.8284		2534.7968	99.6835
7		5.9250		5.7317		2529.0845	99.7857
8		5.8093		5.8093		2512.2719	99.9968
9		5.8314		5.7872		2512.7123	99.9970
10		5.8203		5.8203		2521.1433	99.8719
11		5.8128		5.8058		2512.3466	99.9968
 message: Optimization terminated successfully.
 success: True
  status: 1
     fun: 2512.271889446951
       x: [ 5.809e+00  5.809e+00]
    nfev: 11
   maxcv: 0.0
#############################################################################
Constraints and sensitivity
Relative impact of increasing array size to 9x9: 6.01%
#############################################################################
Optimization run history and convergence: 11x11 array
iter		drift spacing	wp spacing	footprint	wp peak temp
0		5.8093		5.8093		3812.3818	106.0077
1		5.8093		5.8093		3812.3818	106.0077
2		6.8093		5.8093		4443.3108	99.9350
3		5.8093		6.8093		4416.6308	99.9350
4		6.3039		6.3039		4447.8232	99.8779
5		6.4437		6.1503		4440.3401	99.9669
6		6.8042		5.8039		4436.3547	99.9944
7		7.1665		5.4593		4409.7291	100.1226
8		7.5472		5.1352		4384.4522	100.1517
9		7.3852		4.9449		4148.1043	102.2616
10		7.7363		5.0000		4383.2161	100.0487
11		7.6999		4.9492		4322.8901	100.5637
12		7.7617		4.9818		4382.6600	100.0370
13		7.7458		5.0000		4388.4704	100.0003
14		7.7576		5.0103		4403.1545	99.8751
15		7.7425		5.0038		4389.6672	99.9928
 message: Did not converge to a solution satisfying the constraints. See `maxcv` for magnitude of violation.
 success: False
  status: 4
     fun: 4388.470354605722
       x: [ 7.746e+00  5.000e+00]
    nfev: 15
   maxcv: 0.0003370232182788868
#############################################################################
Constraints and sensitivity
Relative impact of increasing array size to 11x11: 4.24%
#############################################################################
Optimization run history and convergence: 11x11 array
iter		drift spacing	wp spacing	footprint	wp peak temp
0		5.2093		5.2093		3121.5301	88.1011
1		5.2093		5.2093		3121.5301	88.1011
2		6.2093		5.2093		3692.4574	82.3389
3		5.2093		6.2093		3668.2774	82.3389
4		5.0000		5.0000		2892.0100	90.9429
5		4.8232		5.1768		2884.6105	90.9675
6		4.9558		4.9558		2844.6603	91.5956
7		5.0221		4.9779		2892.4955	90.9433
8		4.9945		4.9945		2886.0699	91.0238
9		5.0035		4.9965		2892.0942	90.9429
 message: Optimization terminated successfully.
 success: True
  status: 1
     fun: 2892.01
       x: [ 5.000e+00  5.000e+00]
    nfev: 9
   maxcv: -0.0
#############################################################################
Constraints and sensitivity
Relative impact of increasing array size to 11x11: 4.66%
#############################################################################
Optimization run history and convergence: 9x9 array
iter		drift spacing	wp spacing	footprint	wp peak temp
0		6.4562		6.4562		3058.0598	93.4281
1		6.4562		6.4562		3058.0598	93.4281
2		7.4562		6.4562		3511.2584	89.3061
3		6.4562		7.4562		3489.9144	89.3061
4		5.7491		5.7491		2464.2328	100.6859
5		6.3635		5.0000		2395.8161	101.7205
6		5.8458		5.8284		2534.7968	99.6835
7		5.9250		5.7317		2529.0845	99.7857
8		5.8093		5.8093		2512.2719	99.9968
9		5.8314		5.7872		2512.7123	99.9970
10		5.8203		5.8203		2521.1433	99.8719
11		5.8128		5.8058		2512.3466	99.9968
 message: Optimization terminated successfully.
 success: True
  status: 1
     fun: 2512.271889446951
       x: [ 5.809e+00  5.809e+00]
    nfev: 11
   maxcv: 0.0
#############################################################################
Constraints and sensitivity
Relative impact of increasing array size to 9x9: 6.01%
#############################################################################
Optimization run history and convergence: 11x11 array
iter		drift spacing	wp spacing	footprint	wp peak temp
0		5.8093		5.8093		3812.3818	106.0077
1		5.8093		5.8093		3812.3818	106.0077
2		6.8093		5.8093		4443.3108	99.9350
3		5.8093		6.8093		4416.6308	99.9350
4		6.3039		6.3039		4447.8232	99.8779
5		6.4437		6.1503		4440.3401	99.9669
6		6.8042		5.8039		4436.3547	99.9944
7		7.1665		5.4593		4409.7291	100.1226
8		7.5472		5.1352		4384.4522	100.1517
9		7.3852		4.9449		4148.1043	102.2616
10		7.7363		5.0000		4383.2161	100.0487
11		7.6999		4.9492		4322.8901	100.5637
12		7.7617		4.9818		4382.6600	100.0370
13		7.7458		5.0000		4388.4704	100.0003
14		7.7576		5.0103		4403.1545	99.8751
15		7.7425		5.0038		4389.6672	99.9928
 message: Did not converge to a solution satisfying the constraints. See `maxcv` for magnitude of violation.
 success: False
  status: 4
     fun: 4388.470354605722
       x: [ 7.746e+00  5.000e+00]
    nfev: 15
   maxcv: 0.0003370232182788868
#############################################################################
Constraints and sensitivity
Relative impact of increasing array size to 11x11: 4.24%
#############################################################################
Optimization run history and convergence: 11x11 array
iter		drift spacing	wp spacing	footprint	wp peak temp
0		5.2093		5.2093		3121.5301	88.1011
1		5.2093		5.2093		3121.5301	88.1011
2		6.2093		5.2093		3692.4574	82.3389
3		5.2093		6.2093		3668.2774	82.3389
4		5.0000		5.0000		2892.0100	90.9429
5		4.8232		5.1768		2884.6105	90.9675
6		4.9558		4.9558		2844.6603	91.5956
7		5.0221		4.9779		2892.4955	90.9433
8		4.9945		4.9945		2886.0699	91.0238
9		5.0035		4.9965		2892.0942	90.9429
 message: Optimization terminated successfully.
 success: True
  status: 1
     fun: 2892.01
       x: [ 5.000e+00  5.000e+00]
    nfev: 9
   maxcv: -0.0
#############################################################################
Constraints and sensitivity
Relative impact of increasing array size to 11x11: 4.66%
#############################################################################
Optimization run history and convergence: 11x11 array
iter		drift spacing	wp spacing	footprint	wp peak temp
0		5.2093		5.2093		3121.5301	88.1011
1		5.2093		5.2093		3121.5301	88.1011
2		6.2093		5.2093		3692.4574	82.3389
3		5.2093		6.2093		3668.2774	82.3389
4		5.0000		5.0000		2892.0100	90.9429
5		4.8232		5.1768		2884.6105	90.9675
6		4.9558		4.9558		2844.6603	91.5956
7		5.0221		4.9779		2892.4955	90.9433
8		4.9945		4.9945		2886.0699	91.0238
9		5.0035		4.9965		2892.0942	90.9429
 message: Optimization terminated successfully.
 success: True
  status: 1
     fun: 2892.01
       x: [ 5.000e+00  5.000e+00]
    nfev: 9
   maxcv: -0.0
#############################################################################
Constraints and sensitivity
Relative impact of increasing array size to 11x11: 4.66%
#############################################################################
Optimization run history and convergence: 9x9 array
iter		drift spacing	wp spacing	footprint	wp peak temp
0		6.4562		6.4562		3058.0598	93.4281
1		6.4562		6.4562		3058.0598	93.4281
2		7.4562		6.4562		3511.2584	89.3061
3		6.4562		7.4562		3489.9144	89.3061
4		5.7491		5.7491		2464.2328	100.6859
5		6.3635		5.0000		2395.8161	101.7205
6		5.8458		5.8284		2534.7968	99.6835
7		5.9250		5.7317		2529.0845	99.7857
8		5.8093		5.8093		2512.2719	99.9968
9		5.8314		5.7872		2512.7123	99.9970
10		5.8203		5.8203		2521.1433	99.8719
11		5.8128		5.8058		2512.3466	99.9968
 message: Optimization terminated successfully.
 success: True
  status: 1
     fun: 2512.271889446951
       x: [ 5.809e+00  5.809e+00]
    nfev: 11
   maxcv: 0.0
#############################################################################
Constraints and sensitivity
Relative impact of increasing array size to 9x9: 6.01%
#############################################################################
Optimization run history and convergence: 11x11 array
iter		drift spacing	wp spacing	footprint	wp peak temp
0		5.8093		5.8093		3812.3818	106.0077
1		5.8093		5.8093		3812.3818	106.0077
2		6.8093		5.8093		4443.3108	99.9350
3		5.8093		6.8093		4416.6308	99.9350
4		6.3039		6.3039		4447.8232	99.8779
5		6.4437		6.1503		4440.3401	99.9669
6		6.8042		5.8039		4436.3547	99.9944
7		7.1665		5.4593		4409.7291	100.1226
8		7.5472		5.1352		4384.4522	100.1517
9		7.3852		4.9449		4148.1043	102.2616
10		7.7363		5.0000		4383.2161	100.0487
11		7.6999		4.9492		4322.8901	100.5637
12		7.7617		4.9818		4382.6600	100.0370
13		7.7458		5.0000		4388.4704	100.0003
14		7.7576		5.0103		4403.1545	99.8751
15		7.7425		5.0038		4389.6672	99.9928
 message: Did not converge to a solution satisfying the constraints. See `maxcv` for magnitude of violation.
 success: False
  status: 4
     fun: 4388.470354605722
       x: [ 7.746e+00  5.000e+00]
    nfev: 15
   maxcv: 0.0003370232182788868
#############################################################################
Constraints and sensitivity
Relative impact of increasing array size to 11x11: 4.24%
#############################################################################
Optimization run history and convergence: 9x9 array
iter		drift spacing	wp spacing	footprint	wp peak temp
0		6.4562		6.4562		3058.0598	93.4281
1		6.4562		6.4562		3058.0598	93.4281
2		7.4562		6.4562		3511.2584	89.3061
3		6.4562		7.4562		3489.9144	89.3061
4		5.7491		5.7491		2464.2328	100.6859
5		6.3635		5.0000		2395.8161	101.7205
6		5.8458		5.8284		2534.7968	99.6835
7		5.9250		5.7317		2529.0845	99.7857
8		5.8093		5.8093		2512.2719	99.9968
9		5.8314		5.7872		2512.7123	99.9970
10		5.8203		5.8203		2521.1433	99.8719
11		5.8128		5.8058		2512.3466	99.9968
 message: Optimization terminated successfully.
 success: True
  status: 1
     fun: 2512.271889446951
       x: [ 5.809e+00  5.809e+00]
    nfev: 11
   maxcv: 0.0
#############################################################################
Constraints and sensitivity
Relative impact of increasing array size to 9x9: 6.01%
#############################################################################
Optimization run history and convergence: 11x11 array
iter		drift spacing	wp spacing	footprint	wp peak temp
0		5.8093		5.8093		3812.3818	106.0077
1		5.8093		5.8093		3812.3818	106.0077
2		6.8093		5.8093		4443.3108	99.9350
3		5.8093		6.8093		4416.6308	99.9350
4		6.3039		6.3039		4447.8232	99.8779
5		6.4437		6.1503		4440.3401	99.9669
6		6.8042		5.8039		4436.3547	99.9944
7		7.1665		5.4593		4409.7291	100.1226
8		7.5472		5.1352		4384.4522	100.1517
9		7.3852		4.9449		4148.1043	102.2616
10		7.7363		5.0000		4383.2161	100.0487
11		7.6999		4.9492		4322.8901	100.5637
12		7.7617		4.9818		4382.6600	100.0370
13		7.7458		5.0000		4388.4704	100.0003
14		7.7576		5.0103		4403.1545	99.8751
15		7.7425		5.0038		4389.6672	99.9928
 message: Did not converge to a solution satisfying the constraints. See `maxcv` for magnitude of violation.
 success: False
  status: 4
     fun: 4388.470354605722
       x: [ 7.746e+00  5.000e+00]
    nfev: 15
   maxcv: 0.0003370232182788868
#############################################################################
Constraints and sensitivity
Relative impact of increasing array size to 11x11: 4.24%
#############################################################################
Optimization run history and convergence: 11x11 array
iter		drift spacing	wp spacing	footprint	wp peak temp
0		5.2093		5.2093		3121.5301	88.1011
1		5.2093		5.2093		3121.5301	88.1011
2		6.2093		5.2093		3692.4574	82.3389
3		5.2093		6.2093		3668.2774	82.3389
4		5.0000		5.0000		2892.0100	90.9429
5		4.8232		5.1768		2884.6105	90.9675
6		4.9558		4.9558		2844.6603	91.5956
7		5.0221		4.9779		2892.4955	90.9433
8		4.9945		4.9945		2886.0699	91.0238
9		5.0035		4.9965		2892.0942	90.9429
 message: Optimization terminated successfully.
 success: True
  status: 1
     fun: 2892.01
       x: [ 5.000e+00  5.000e+00]
    nfev: 9
   maxcv: -0.0
#############################################################################
Constraints and sensitivity
Relative impact of increasing array size to 11x11: 4.66%
#############################################################################
Optimization run history and convergence: 9x9 array
iter		drift spacing	wp spacing	footprint	wp peak temp
0		6.4562		6.4562		3058.0598	93.4281
1		6.4562		6.4562		3058.0598	93.4281
2		7.4562		6.4562		3511.2584	89.3061
3		6.4562		7.4562		3489.9144	89.3061
4		5.7491		5.7491		2464.2328	100.6859
5		6.3635		5.0000		2395.8161	101.7205
6		5.8458		5.8284		2534.7968	99.6835
7		5.9250		5.7317		2529.0845	99.7857
8		5.8093		5.8093		2512.2719	99.9968
9		5.8314		5.7872		2512.7123	99.9970
10		5.8203		5.8203		2521.1433	99.8719
11		5.8128		5.8058		2512.3466	99.9968
 message: Optimization terminated successfully.
 success: True
  status: 1
     fun: 2512.271889446951
       x: [ 5.809e+00  5.809e+00]
    nfev: 11
   maxcv: 0.0
#############################################################################
Constraints and sensitivity
Relative impact of increasing array size to 9x9: 6.01%
#############################################################################
Optimization run history and convergence: 11x11 array
iter		drift spacing	wp spacing	footprint	wp peak temp
0		5.8093		5.8093		3812.3818	106.0077
1		5.8093		5.8093		3812.3818	106.0077
2		6.8093		5.8093		4443.3108	99.9350
3		5.8093		6.8093		4416.6308	99.9350
4		6.3039		6.3039		4447.8232	99.8779
5		6.4437		6.1503		4440.3401	99.9669
6		6.8042		5.8039		4436.3547	99.9944
7		7.1665		5.4593		4409.7291	100.1226
8		7.5472		5.1352		4384.4522	100.1517
9		7.3852		4.9449		4148.1043	102.2616
10		7.7363		5.0000		4383.2161	100.0487
11		7.6999		4.9492		4322.8901	100.5637
12		7.7617		4.9818		4382.6600	100.0370
13		7.7458		5.0000		4388.4704	100.0003
14		7.7576		5.0103		4403.1545	99.8751
15		7.7425		5.0038		4389.6672	99.9928
 message: Did not converge to a solution satisfying the constraints. See `maxcv` for magnitude of violation.
 success: False
  status: 4
     fun: 4388.470354605722
       x: [ 7.746e+00  5.000e+00]
    nfev: 15
   maxcv: 0.0003370232182788868
#############################################################################
Constraints and sensitivity
Relative impact of increasing array size to 11x11: 4.24%
