#############################################################################
Optimization run history and convergence: 9x9 array
iter		drift spacing	wp spacing	footprint	wp peak temp
0		5.7417		5.7417		2471.1015	95.5348
1		5.7417		5.7417		2471.1015	95.5348
2		6.7417		5.7417		2878.5725	90.0612
3		5.7417		6.7417		2859.2285	90.0612
4		5.3339		5.3339		2157.2428	100.9643
5		5.6900		5.0000		2164.6051	100.8901
6		5.2484		5.2427		2092.1244	102.2606
7		5.5807		5.2248		2210.1836	100.0071
8		5.4013		5.3990		2206.8196	100.0215
9		5.4230		5.3765		2206.9161	100.0274
10		5.4126		5.4098		2215.1369	99.8668
11		5.3978		5.4026		2206.7983	100.0206
 message: Did not converge to a solution satisfying the constraints. See `maxcv` for magnitude of violation.
 success: False
  status: 4
     fun: 2206.798316036709
       x: [ 5.398e+00  5.403e+00]
    nfev: 11
   maxcv: 0.020640572683433334
#############################################################################
Constraints and sensitivity
Relative impact of increasing array size to 9x9: 5.05%
#############################################################################
Optimization run history and convergence: 11x11 array
iter		drift spacing	wp spacing	footprint	wp peak temp
0		5.3978		5.4026		3338.5139	105.0672
1		5.3978		5.4026		3338.5139	105.0672
2		6.3978		5.4026		3928.7694	97.7810
3		5.3978		6.4026		3904.1188	97.7842
4		5.9265		5.5694		3753.7587	99.7509
5		5.7159		5.7159		3713.4422	100.1898
6		5.7516		5.7672		3766.4610	99.5645
7		5.7416		5.6981		3718.6832	100.1336
8		5.7291		5.7291		3729.5538	99.9989
9		5.7219		5.7262		3723.2979	100.0722
10		5.7320		5.7219		3727.0218	100.0302
 message: Optimization terminated successfully.
 success: True
  status: 1
     fun: 3729.5537664450226
       x: [ 5.729e+00  5.729e+00]
    nfev: 10
   maxcv: 8.881784197001252e-16
#############################################################################
Constraints and sensitivity
Relative impact of increasing array size to 11x11: 3.43%
#############################################################################
Optimization run history and convergence: 9x9 array
iter		drift spacing	wp spacing	footprint	wp peak temp
0		7.0835		7.0835		3638.3844	98.1253
1		7.0835		7.0835		3638.3844	98.1253
2		8.0835		7.0835		4131.7265	94.1186
3		7.0835		8.0835		4110.3825	94.1186
4		6.8495		6.8495		3416.0570	100.2665
5		6.6728		7.0263		3410.2838	100.2791
6		6.8937		6.8937		3457.5210	99.8497
7		6.9158		6.8716		3457.9614	99.8499
8		6.8778		6.8778		3442.5422	99.9993
9		6.8833		6.8723		3442.6582	99.9993
10		6.8743		6.8743		3439.2231	100.0326
 message: Optimization terminated successfully.
 success: True
  status: 1
     fun: 3442.542199526172
       x: [ 6.878e+00  6.878e+00]
    nfev: 10
   maxcv: 0.0
#############################################################################
Constraints and sensitivity
Relative impact of increasing array size to 9x9: 4.22%
#############################################################################
Optimization run history and convergence: 9x9 array
iter		drift spacing	wp spacing	footprint	wp peak temp
0		5.7417		5.7417		2471.1015	95.5348
1		5.7417		5.7417		2471.1015	95.5348
2		6.7417		5.7417		2878.5725	90.0612
3		5.7417		6.7417		2859.2285	90.0612
4		5.3339		5.3339		2157.2428	100.9643
5		5.6900		5.0000		2164.6051	100.8901
6		5.2484		5.2427		2092.1244	102.2606
7		5.5807		5.2248		2210.1836	100.0071
8		5.4013		5.3990		2206.8196	100.0215
9		5.4230		5.3765		2206.9161	100.0274
10		5.4126		5.4098		2215.1369	99.8668
11		5.3978		5.4026		2206.7983	100.0206
 message: Did not converge to a solution satisfying the constraints. See `maxcv` for magnitude of violation.
 success: False
  status: 4
     fun: 2206.798316036709
       x: [ 5.398e+00  5.403e+00]
    nfev: 11
   maxcv: 0.020640572683433334
#############################################################################
Constraints and sensitivity
Relative impact of increasing array size to 9x9: 5.05%
#############################################################################
Optimization run history and convergence: 11x11 array
iter		drift spacing	wp spacing	footprint	wp peak temp
0		5.3978		5.4026		3338.5139	105.0672
1		5.3978		5.4026		3338.5139	105.0672
2		6.3978		5.4026		3928.7694	97.7810
3		5.3978		6.4026		3904.1188	97.7842
4		5.9265		5.5694		3753.7587	99.7509
5		5.7159		5.7159		3713.4422	100.1898
6		5.7516		5.7672		3766.4610	99.5645
7		5.7416		5.6981		3718.6832	100.1336
8		5.7291		5.7291		3729.5538	99.9989
9		5.7219		5.7262		3723.2979	100.0722
10		5.7320		5.7219		3727.0218	100.0302
 message: Optimization terminated successfully.
 success: True
  status: 1
     fun: 3729.5537664450226
       x: [ 5.729e+00  5.729e+00]
    nfev: 10
   maxcv: 8.881784197001252e-16
#############################################################################
Constraints and sensitivity
Relative impact of increasing array size to 11x11: 3.43%
#############################################################################
Optimization run history and convergence: 9x9 array
iter		drift spacing	wp spacing	footprint	wp peak temp
0		7.0835		7.0835		3638.3844	98.1253
1		7.0835		7.0835		3638.3844	98.1253
2		8.0835		7.0835		4131.7265	94.1186
3		7.0835		8.0835		4110.3825	94.1186
4		6.8495		6.8495		3416.0570	100.2665
5		6.6728		7.0263		3410.2838	100.2791
6		6.8937		6.8937		3457.5210	99.8497
7		6.9158		6.8716		3457.9614	99.8499
8		6.8778		6.8778		3442.5422	99.9993
9		6.8833		6.8723		3442.6582	99.9993
10		6.8743		6.8743		3439.2231	100.0326
 message: Optimization terminated successfully.
 success: True
  status: 1
     fun: 3442.542199526172
       x: [ 6.878e+00  6.878e+00]
    nfev: 10
   maxcv: 0.0
#############################################################################
Constraints and sensitivity
Relative impact of increasing array size to 9x9: 4.22%
#############################################################################
Optimization run history and convergence: 9x9 array
iter		drift spacing	wp spacing	footprint	wp peak temp
0		5.7417		5.7417		2471.1015	95.5348
1		5.7417		5.7417		2471.1015	95.5348
2		6.7417		5.7417		2878.5725	90.0612
3		5.7417		6.7417		2859.2285	90.0612
4		5.3339		5.3339		2157.2428	100.9643
5		5.6900		5.0000		2164.6051	100.8901
6		5.2484		5.2427		2092.1244	102.2606
7		5.5807		5.2248		2210.1836	100.0071
8		5.4013		5.3990		2206.8196	100.0215
9		5.4230		5.3765		2206.9161	100.0274
10		5.4126		5.4098		2215.1369	99.8668
11		5.3978		5.4026		2206.7983	100.0206
 message: Did not converge to a solution satisfying the constraints. See `maxcv` for magnitude of violation.
 success: False
  status: 4
     fun: 2206.798316036709
       x: [ 5.398e+00  5.403e+00]
    nfev: 11
   maxcv: 0.020640572683433334
#############################################################################
Constraints and sensitivity
Relative impact of increasing array size to 9x9: 5.05%
#############################################################################
Optimization run history and convergence: 11x11 array
iter		drift spacing	wp spacing	footprint	wp peak temp
0		5.3978		5.4026		3338.5139	105.0672
1		5.3978		5.4026		3338.5139	105.0672
2		6.3978		5.4026		3928.7694	97.7810
3		5.3978		6.4026		3904.1188	97.7842
4		5.9265		5.5694		3753.7587	99.7509
5		5.7159		5.7159		3713.4422	100.1898
6		5.7516		5.7672		3766.4610	99.5645
7		5.7416		5.6981		3718.6832	100.1336
8		5.7291		5.7291		3729.5538	99.9989
9		5.7219		5.7262		3723.2979	100.0722
10		5.7320		5.7219		3727.0218	100.0302
 message: Optimization terminated successfully.
 success: True
  status: 1
     fun: 3729.5537664450226
       x: [ 5.729e+00  5.729e+00]
    nfev: 10
   maxcv: 8.881784197001252e-16
#############################################################################
Constraints and sensitivity
Relative impact of increasing array size to 11x11: 3.43%
#############################################################################
Optimization run history and convergence: 9x9 array
iter		drift spacing	wp spacing	footprint	wp peak temp
0		5.7417		5.7417		2471.1015	95.5348
1		5.7417		5.7417		2471.1015	95.5348
2		6.7417		5.7417		2878.5725	90.0612
3		5.7417		6.7417		2859.2285	90.0612
4		5.3339		5.3339		2157.2428	100.9643
5		5.6900		5.0000		2164.6051	100.8901
6		5.2484		5.2427		2092.1244	102.2606
7		5.5807		5.2248		2210.1836	100.0071
8		5.4013		5.3990		2206.8196	100.0215
9		5.4230		5.3765		2206.9161	100.0274
10		5.4126		5.4098		2215.1369	99.8668
11		5.3978		5.4026		2206.7983	100.0206
 message: Did not converge to a solution satisfying the constraints. See `maxcv` for magnitude of violation.
 success: False
  status: 4
     fun: 2206.798316036709
       x: [ 5.398e+00  5.403e+00]
    nfev: 11
   maxcv: 0.020640572683433334
#############################################################################
Constraints and sensitivity
Relative impact of increasing array size to 9x9: 5.05%
#############################################################################
Optimization run history and convergence: 11x11 array
iter		drift spacing	wp spacing	footprint	wp peak temp
0		5.3978		5.4026		3338.5139	105.0672
1		5.3978		5.4026		3338.5139	105.0672
2		6.3978		5.4026		3928.7694	97.7810
3		5.3978		6.4026		3904.1188	97.7842
4		5.9265		5.5694		3753.7587	99.7509
5		5.7159		5.7159		3713.4422	100.1898
6		5.7516		5.7672		3766.4610	99.5645
7		5.7416		5.6981		3718.6832	100.1336
8		5.7291		5.7291		3729.5538	99.9989
9		5.7219		5.7262		3723.2979	100.0722
10		5.7320		5.7219		3727.0218	100.0302
 message: Optimization terminated successfully.
 success: True
  status: 1
     fun: 3729.5537664450226
       x: [ 5.729e+00  5.729e+00]
    nfev: 10
   maxcv: 8.881784197001252e-16
#############################################################################
Constraints and sensitivity
Relative impact of increasing array size to 11x11: 3.43%
#############################################################################
Optimization run history and convergence: 9x9 array
iter		drift spacing	wp spacing	footprint	wp peak temp
0		7.0835		7.0835		3638.3844	98.1253
1		7.0835		7.0835		3638.3844	98.1253
2		8.0835		7.0835		4131.7265	94.1186
3		7.0835		8.0835		4110.3825	94.1186
4		6.8495		6.8495		3416.0570	100.2665
5		6.6728		7.0263		3410.2838	100.2791
6		6.8937		6.8937		3457.5210	99.8497
7		6.9158		6.8716		3457.9614	99.8499
8		6.8778		6.8778		3442.5422	99.9993
9		6.8833		6.8723		3442.6582	99.9993
10		6.8743		6.8743		3439.2231	100.0326
 message: Optimization terminated successfully.
 success: True
  status: 1
     fun: 3442.542199526172
       x: [ 6.878e+00  6.878e+00]
    nfev: 10
   maxcv: 0.0
#############################################################################
Constraints and sensitivity
Relative impact of increasing array size to 9x9: 4.22%
#############################################################################
Optimization run history and convergence: 9x9 array
iter		drift spacing	wp spacing	footprint	wp peak temp
0		7.0835		7.0835		3638.3844	98.1253
1		7.0835		7.0835		3638.3844	98.1253
2		8.0835		7.0835		4131.7265	94.1186
3		7.0835		8.0835		4110.3825	94.1186
4		6.8495		6.8495		3416.0570	100.2665
5		6.6728		7.0263		3410.2838	100.2791
6		6.8937		6.8937		3457.5210	99.8497
7		6.9158		6.8716		3457.9614	99.8499
8		6.8778		6.8778		3442.5422	99.9993
9		6.8833		6.8723		3442.6582	99.9993
10		6.8743		6.8743		3439.2231	100.0326
 message: Optimization terminated successfully.
 success: True
  status: 1
     fun: 3442.542199526172
       x: [ 6.878e+00  6.878e+00]
    nfev: 10
   maxcv: 0.0
#############################################################################
Constraints and sensitivity
Relative impact of increasing array size to 9x9: 4.22%
#############################################################################
Optimization run history and convergence: 9x9 array
iter		drift spacing	wp spacing	footprint	wp peak temp
0		5.7417		5.7417		2471.1015	95.5348
1		5.7417		5.7417		2471.1015	95.5348
2		6.7417		5.7417		2878.5725	90.0612
3		5.7417		6.7417		2859.2285	90.0612
4		5.3339		5.3339		2157.2428	100.9643
5		5.6900		5.0000		2164.6051	100.8901
6		5.2484		5.2427		2092.1244	102.2606
7		5.5807		5.2248		2210.1836	100.0071
8		5.4013		5.3990		2206.8196	100.0215
9		5.4230		5.3765		2206.9161	100.0274
10		5.4126		5.4098		2215.1369	99.8668
11		5.3978		5.4026		2206.7983	100.0206
 message: Did not converge to a solution satisfying the constraints. See `maxcv` for magnitude of violation.
 success: False
  status: 4
     fun: 2206.798316036709
       x: [ 5.398e+00  5.403e+00]
    nfev: 11
   maxcv: 0.020640572683433334
#############################################################################
Constraints and sensitivity
Relative impact of increasing array size to 9x9: 5.05%
#############################################################################
Optimization run history and convergence: 11x11 array
iter		drift spacing	wp spacing	footprint	wp peak temp
0		5.3978		5.4026		3338.5139	105.0672
1		5.3978		5.4026		3338.5139	105.0672
2		6.3978		5.4026		3928.7694	97.7810
3		5.3978		6.4026		3904.1188	97.7842
4		5.9265		5.5694		3753.7587	99.7509
5		5.7159		5.7159		3713.4422	100.1898
6		5.7516		5.7672		3766.4610	99.5645
7		5.7416		5.6981		3718.6832	100.1336
8		5.7291		5.7291		3729.5538	99.9989
9		5.7219		5.7262		3723.2979	100.0722
10		5.7320		5.7219		3727.0218	100.0302
 message: Optimization terminated successfully.
 success: True
  status: 1
     fun: 3729.5537664450226
       x: [ 5.729e+00  5.729e+00]
    nfev: 10
   maxcv: 8.881784197001252e-16
#############################################################################
Constraints and sensitivity
Relative impact of increasing array size to 11x11: 3.43%
#############################################################################
Optimization run history and convergence: 9x9 array
iter		drift spacing	wp spacing	footprint	wp peak temp
0		7.0835		7.0835		3638.3844	98.1253
1		7.0835		7.0835		3638.3844	98.1253
2		8.0835		7.0835		4131.7265	94.1186
3		7.0835		8.0835		4110.3825	94.1186
4		6.8495		6.8495		3416.0570	100.2665
5		6.6728		7.0263		3410.2838	100.2791
6		6.8937		6.8937		3457.5210	99.8497
7		6.9158		6.8716		3457.9614	99.8499
8		6.8778		6.8778		3442.5422	99.9993
9		6.8833		6.8723		3442.6582	99.9993
10		6.8743		6.8743		3439.2231	100.0326
 message: Optimization terminated successfully.
 success: True
  status: 1
     fun: 3442.542199526172
       x: [ 6.878e+00  6.878e+00]
    nfev: 10
   maxcv: 0.0
#############################################################################
Constraints and sensitivity
Relative impact of increasing array size to 9x9: 4.22%
