Repository Footprint Minimization Code v.0.1 
Subpackage in the NWPY Python Package 
Written by Milos Atz 
Nuclear Waste Management Group 
University of California, Berkeley 
Output file generated: 2024-05-01 06:33:19
#############################################################################
Host rock, wasteform, and repository data 
Limit for effect of adjacent sources: 5% 
Repository type: clay repository array
Rock thermal conductivity [W/m/K]: 1.75
Rock thermal diffusivity [m^2/s]: 6.45e-07
Waste ID: snf
Package loading (units): 42.0
Waste package length [m]: 4.8875
Waste package diameter [m]: 1.4141000000000001
Surface storage time [y]: 3.0
Repository ambient temperature [C]: 27.5
Waste package temperature limit [C]: 100.0
Rock wall temperature limit [C]: 100.0
#############################################################################
Optimization run history and convergence: 9x9 array
iter		drift spacing	wp spacing	footprint	wp peak temp
0		10.0000		10.0000		7052.1224	84.6226
1		10.0000		10.0000		7052.1224	84.6226
2		11.0000		10.0000		7731.2224	84.2990
3		10.0000		11.0000		7716.7312	84.2990
4		9.2929		9.2929		6133.9768	89.4551
5		8.6027		8.5692		5280.2866	94.4298
6		8.0647		7.7263		4508.3572	100.3697
7		7.6712		8.0348		4457.4545	100.7771
8		8.7992		7.0478		4501.5151	100.3967
9		9.2130		6.7671		4531.9246	100.0583
10		9.5956		6.4453		4507.0085	100.1674
11		9.0727		6.5602		4340.4322	101.7680
12		9.6025		6.4536		4515.4669	100.0946
13		10.0037		6.1552		4498.4528	100.1068
14		10.4144		5.8700		4479.2059	100.1154
15		10.8333		5.5970		4456.9420	100.1332
16		11.2595		5.3356		4431.4194	100.1686
17		11.6915		5.0839		4401.3583	100.2386
18		12.0415		4.8875		4372.7017	100.4079
19		11.8174		5.2999		4615.9184	98.5220
20		12.1167		4.8875		4399.1759	100.1740
21		12.1429		4.9442		4453.8897	99.7213
22		12.1734		4.8613		4398.0762	100.1731
23		12.1737		4.8875		4419.2494	99.9987
24		12.1816		4.8874		4421.9254	99.9754
25		12.1737		4.8825		4415.2106	100.0319
 message: Optimization terminated successfully.
 success: True
  status: 1
     fun: 4419.249421946771
       x: [ 1.217e+01  4.888e+00]
    nfev: 25
   maxcv: -0.0
#############################################################################
Constraints and sensitivity
Relative impact of increasing array size to 9x9: 3.12%
