#############################################################################
Optimization run history and convergence: 9x9 array
iter		drift spacing	wp spacing	footprint	wp peak temp
0		11.5697		11.5697		9277.6948	89.5515
1		11.5697		11.5697		9277.6948	89.5515
2		12.5697		11.5697		10058.1559	87.7509
3		11.5697		12.5697		10038.4919	87.7509
4		10.8626		10.8626		8219.8608	92.4506
5		10.1677		10.1435		7226.3959	95.7775
6		9.5989		9.3210		6312.3914	99.5623
7		9.8859		8.3631		5869.5669	101.6989
8		9.3635		9.3635		6188.9303	100.1294
9		9.5545		9.2022		6209.1187	100.0458
10		9.3854		9.3854		6216.4829	99.9990
11		9.3764		9.3555		6192.1396	100.1151
12		9.3555		9.3944		6202.9009	100.0613
13		9.3840		9.3806		6212.5856	100.0176
14		9.3806		9.3869		6214.3121	100.0090
 message: Optimization terminated successfully.
 success: True
  status: 1
     fun: 6216.482875728054
       x: [ 9.385e+00  9.385e+00]
    nfev: 14
   maxcv: 1.7763568394002505e-15
#############################################################################
Constraints and sensitivity
Relative impact of increasing array size to 9x9: 6.00%
#############################################################################
Optimization run history and convergence: 11x11 array
iter		drift spacing	wp spacing	footprint	wp peak temp
0		9.3854		9.3854		9529.1433	105.9962
1		9.3854		9.3854		9529.1433	105.9962
2		10.3854		9.3854		10517.6839	102.6922
3		9.3854		10.3854		10493.1039	102.6922
4		10.2928		10.2928		11383.1785	100.1842
5		10.1685		10.2801		11235.7386	100.5856
6		10.3055		10.1685		11265.5608	100.5111
7		10.3243		10.3243		11450.4036	100.0020
8		10.3464		10.3022		11450.8979	100.0021
9		10.3298		10.3298		11462.2301	99.9702
10		10.3278		10.3207		11450.4892	100.0020
 message: Did not converge to a solution satisfying the constraints. See `maxcv` for magnitude of violation.
 success: False
  status: 4
     fun: 11450.403576430206
       x: [ 1.032e+01  1.032e+01]
    nfev: 10
   maxcv: 0.0020312786843845743
#############################################################################
Constraints and sensitivity
Relative impact of increasing array size to 11x11: 4.79%
#############################################################################
Optimization run history and convergence: 9x9 array
iter		drift spacing	wp spacing	footprint	wp peak temp
0		11.5697		11.5697		9277.6948	89.5515
1		11.5697		11.5697		9277.6948	89.5515
2		12.5697		11.5697		10058.1559	87.7509
3		11.5697		12.5697		10038.4919	87.7509
4		10.8626		10.8626		8219.8608	92.4506
5		10.1677		10.1435		7226.3959	95.7775
6		9.5989		9.3210		6312.3914	99.5623
7		9.8859		8.3631		5869.5669	101.6989
8		9.3635		9.3635		6188.9303	100.1294
9		9.5545		9.2022		6209.1187	100.0458
10		9.3854		9.3854		6216.4829	99.9990
11		9.3764		9.3555		6192.1396	100.1151
12		9.3555		9.3944		6202.9009	100.0613
13		9.3840		9.3806		6212.5856	100.0176
14		9.3806		9.3869		6214.3121	100.0090
 message: Optimization terminated successfully.
 success: True
  status: 1
     fun: 6216.482875728054
       x: [ 9.385e+00  9.385e+00]
    nfev: 14
   maxcv: 1.7763568394002505e-15
#############################################################################
Constraints and sensitivity
Relative impact of increasing array size to 9x9: 6.00%
#############################################################################
Optimization run history and convergence: 11x11 array
iter		drift spacing	wp spacing	footprint	wp peak temp
0		9.3854		9.3854		9529.1433	105.9962
1		9.3854		9.3854		9529.1433	105.9962
2		10.3854		9.3854		10517.6839	102.6922
3		9.3854		10.3854		10493.1039	102.6922
4		10.2928		10.2928		11383.1785	100.1842
5		10.1685		10.2801		11235.7386	100.5856
6		10.3055		10.1685		11265.5608	100.5111
7		10.3243		10.3243		11450.4036	100.0020
8		10.3464		10.3022		11450.8979	100.0021
9		10.3298		10.3298		11462.2301	99.9702
10		10.3278		10.3207		11450.4892	100.0020
 message: Did not converge to a solution satisfying the constraints. See `maxcv` for magnitude of violation.
 success: False
  status: 4
     fun: 11450.403576430206
       x: [ 1.032e+01  1.032e+01]
    nfev: 10
   maxcv: 0.0020312786843845743
#############################################################################
Constraints and sensitivity
Relative impact of increasing array size to 11x11: 4.79%
#############################################################################
Optimization run history and convergence: 9x9 array
iter		drift spacing	wp spacing	footprint	wp peak temp
0		11.5697		11.5697		9277.6948	89.5515
1		11.5697		11.5697		9277.6948	89.5515
2		12.5697		11.5697		10058.1559	87.7509
3		11.5697		12.5697		10038.4919	87.7509
4		10.8626		10.8626		8219.8608	92.4506
5		10.1677		10.1435		7226.3959	95.7775
6		9.5989		9.3210		6312.3914	99.5623
7		9.8859		8.3631		5869.5669	101.6989
8		9.3635		9.3635		6188.9303	100.1294
9		9.5545		9.2022		6209.1187	100.0458
10		9.3854		9.3854		6216.4829	99.9990
11		9.3764		9.3555		6192.1396	100.1151
12		9.3555		9.3944		6202.9009	100.0613
13		9.3840		9.3806		6212.5856	100.0176
14		9.3806		9.3869		6214.3121	100.0090
 message: Optimization terminated successfully.
 success: True
  status: 1
     fun: 6216.482875728054
       x: [ 9.385e+00  9.385e+00]
    nfev: 14
   maxcv: 1.7763568394002505e-15
#############################################################################
Constraints and sensitivity
Relative impact of increasing array size to 9x9: 6.00%
#############################################################################
Optimization run history and convergence: 11x11 array
iter		drift spacing	wp spacing	footprint	wp peak temp
0		9.3854		9.3854		9529.1433	105.9962
1		9.3854		9.3854		9529.1433	105.9962
2		10.3854		9.3854		10517.6839	102.6922
3		9.3854		10.3854		10493.1039	102.6922
4		10.2928		10.2928		11383.1785	100.1842
5		10.1685		10.2801		11235.7386	100.5856
6		10.3055		10.1685		11265.5608	100.5111
7		10.3243		10.3243		11450.4036	100.0020
8		10.3464		10.3022		11450.8979	100.0021
9		10.3298		10.3298		11462.2301	99.9702
10		10.3278		10.3207		11450.4892	100.0020
 message: Did not converge to a solution satisfying the constraints. See `maxcv` for magnitude of violation.
 success: False
  status: 4
     fun: 11450.403576430206
       x: [ 1.032e+01  1.032e+01]
    nfev: 10
   maxcv: 0.0020312786843845743
#############################################################################
Constraints and sensitivity
Relative impact of increasing array size to 11x11: 4.79%
#############################################################################
Optimization run history and convergence: 9x9 array
iter		drift spacing	wp spacing	footprint	wp peak temp
0		11.5697		11.5697		9277.6948	89.5515
1		11.5697		11.5697		9277.6948	89.5515
2		12.5697		11.5697		10058.1559	87.7509
3		11.5697		12.5697		10038.4919	87.7509
4		10.8626		10.8626		8219.8608	92.4506
5		10.1677		10.1435		7226.3959	95.7775
6		9.5989		9.3210		6312.3914	99.5623
7		9.8859		8.3631		5869.5669	101.6989
8		9.3635		9.3635		6188.9303	100.1294
9		9.5545		9.2022		6209.1187	100.0458
10		9.3854		9.3854		6216.4829	99.9990
11		9.3764		9.3555		6192.1396	100.1151
12		9.3555		9.3944		6202.9009	100.0613
13		9.3840		9.3806		6212.5856	100.0176
14		9.3806		9.3869		6214.3121	100.0090
 message: Optimization terminated successfully.
 success: True
  status: 1
     fun: 6216.482875728054
       x: [ 9.385e+00  9.385e+00]
    nfev: 14
   maxcv: 1.7763568394002505e-15
#############################################################################
Constraints and sensitivity
Relative impact of increasing array size to 9x9: 6.00%
#############################################################################
Optimization run history and convergence: 11x11 array
iter		drift spacing	wp spacing	footprint	wp peak temp
0		9.3854		9.3854		9529.1433	105.9962
1		9.3854		9.3854		9529.1433	105.9962
2		10.3854		9.3854		10517.6839	102.6922
3		9.3854		10.3854		10493.1039	102.6922
4		10.2928		10.2928		11383.1785	100.1842
5		10.1685		10.2801		11235.7386	100.5856
6		10.3055		10.1685		11265.5608	100.5111
7		10.3243		10.3243		11450.4036	100.0020
8		10.3464		10.3022		11450.8979	100.0021
9		10.3298		10.3298		11462.2301	99.9702
10		10.3278		10.3207		11450.4892	100.0020
 message: Did not converge to a solution satisfying the constraints. See `maxcv` for magnitude of violation.
 success: False
  status: 4
     fun: 11450.403576430206
       x: [ 1.032e+01  1.032e+01]
    nfev: 10
   maxcv: 0.0020312786843845743
#############################################################################
Constraints and sensitivity
Relative impact of increasing array size to 11x11: 4.79%
#############################################################################
Optimization run history and convergence: 9x9 array
iter		drift spacing	wp spacing	footprint	wp peak temp
0		11.5697		11.5697		9277.6948	89.5515
1		11.5697		11.5697		9277.6948	89.5515
2		12.5697		11.5697		10058.1559	87.7509
3		11.5697		12.5697		10038.4919	87.7509
4		10.8626		10.8626		8219.8608	92.4506
5		10.1677		10.1435		7226.3959	95.7775
6		9.5989		9.3210		6312.3914	99.5623
7		9.8859		8.3631		5869.5669	101.6989
8		9.3635		9.3635		6188.9303	100.1294
9		9.5545		9.2022		6209.1187	100.0458
10		9.3854		9.3854		6216.4829	99.9990
11		9.3764		9.3555		6192.1396	100.1151
12		9.3555		9.3944		6202.9009	100.0613
13		9.3840		9.3806		6212.5856	100.0176
14		9.3806		9.3869		6214.3121	100.0090
 message: Optimization terminated successfully.
 success: True
  status: 1
     fun: 6216.482875728054
       x: [ 9.385e+00  9.385e+00]
    nfev: 14
   maxcv: 1.7763568394002505e-15
#############################################################################
Constraints and sensitivity
Relative impact of increasing array size to 9x9: 6.00%
#############################################################################
Optimization run history and convergence: 11x11 array
iter		drift spacing	wp spacing	footprint	wp peak temp
0		9.3854		9.3854		9529.1433	105.9962
1		9.3854		9.3854		9529.1433	105.9962
2		10.3854		9.3854		10517.6839	102.6922
3		9.3854		10.3854		10493.1039	102.6922
4		10.2928		10.2928		11383.1785	100.1842
5		10.1685		10.2801		11235.7386	100.5856
6		10.3055		10.1685		11265.5608	100.5111
7		10.3243		10.3243		11450.4036	100.0020
8		10.3464		10.3022		11450.8979	100.0021
9		10.3298		10.3298		11462.2301	99.9702
10		10.3278		10.3207		11450.4892	100.0020
 message: Did not converge to a solution satisfying the constraints. See `maxcv` for magnitude of violation.
 success: False
  status: 4
     fun: 11450.403576430206
       x: [ 1.032e+01  1.032e+01]
    nfev: 10
   maxcv: 0.0020312786843845743
#############################################################################
Constraints and sensitivity
Relative impact of increasing array size to 11x11: 4.79%
