#############################################################################
Optimization run history and convergence: 9x9 array
iter		drift spacing	wp spacing	footprint	wp peak temp
0		12.8112		12.8112		11294.1852	75.3360
1		12.8112		12.8112		11294.1852	75.3360
2		13.8112		12.8112		12154.1050	74.1156
3		12.8112		13.8112		12134.7610	74.1156
4		12.1041		12.1041		10123.7531	77.3020
5		11.4082		11.3861		9017.6590	79.5637
6		10.8242		10.5743		7989.6367	82.1448
7		10.9225		9.5791		7343.8174	84.0740
8		10.2005		8.8871		6406.3196	87.4375
9		9.5439		8.1329		5530.3195	91.4064
10		9.0452		7.2661		4731.1285	96.0182
11		8.1734		6.7763		4024.4964	101.4003
12		8.8698		6.0586		3932.1258	101.9973
13		9.0735		6.3406		4188.8400	99.8250
14		9.7966		5.6499		4063.9027	100.4825
15		10.2467		5.4320		4097.2237	99.9847
16		10.6463		5.1316		4041.2567	100.1835
17		10.8889		5.0000		4036.1893	100.0795
18		11.0284		5.2074		4237.1191	98.5321
19		10.9926		4.9302		4023.0017	100.1181
20		10.9063		5.0259		4061.1029	99.8812
21		10.9131		5.0000		4044.9001	99.9993
22		10.9131		5.0050		4048.4956	99.9722
23		10.9181		5.0000		4046.7001	99.9828
 message: Optimization terminated successfully.
 success: True
  status: 1
     fun: 4044.900122801093
       x: [ 1.091e+01  5.000e+00]
    nfev: 23
   maxcv: -0.0
#############################################################################
Constraints and sensitivity
Relative impact of increasing array size to 9x9: 5.34%
#############################################################################
Optimization run history and convergence: 11x11 array
iter		drift spacing	wp spacing	footprint	wp peak temp
0		10.9131		5.0000		6144.2060	105.3350
1		10.9131		5.0000		6144.2060	105.3350
2		11.9131		5.0000		6694.2060	101.6799
3		10.9131		6.0000		7261.3344	99.6105
4		12.3727		5.0000		6946.9811	100.1777
5		12.3727		4.7500		6631.2092	101.6808
6		12.4352		5.0000		6981.3561	99.9812
7		12.4352		4.9688		6941.6893	100.1631
8		12.4274		5.0000		6977.0592	100.0057
9		12.4274		4.9950		6970.7164	100.0347
 message: Did not converge to a solution satisfying the constraints. See `maxcv` for magnitude of violation.
 success: False
  status: 4
     fun: 6977.059200350985
       x: [ 1.243e+01  5.000e+00]
    nfev: 9
   maxcv: 0.005653221302878819
#############################################################################
Constraints and sensitivity
Relative impact of increasing array size to 11x11: 3.66%
#############################################################################
Optimization run history and convergence: 11x11 array
iter		drift spacing	wp spacing	footprint	wp peak temp
0		5.0000		5.0000		2892.0100	51.4625
1		5.0000		5.0000		2892.0100	51.4625
2		6.0000		5.0000		3442.0100	49.2252
3		5.0000		6.0000		3417.8300	49.2252
4		4.8750		5.0000		2823.2600	51.7821
5		4.8750		4.8750		2759.0950	52.1080
6		5.0000		4.9688		2875.5781	51.5414
7		4.9844		5.0000		2883.4163	51.5019
8		4.9939		4.9969		2887.0517	51.4856
 message: Optimization terminated successfully.
 success: True
  status: 1
     fun: 2892.01
       x: [ 5.000e+00  5.000e+00]
    nfev: 8
   maxcv: -0.0
#############################################################################
Constraints and sensitivity
Relative impact of increasing array size to 11x11: 4.14%
#############################################################################
Optimization run history and convergence: 15x15 array
iter		drift spacing	wp spacing	footprint	wp peak temp
0		5.8975		5.8975		7434.1218	90.7226
1		5.8975		5.8975		7434.1218	90.7226
2		6.8975		5.8975		8660.0412	85.8535
3		5.8975		6.8975		8622.6892	85.8535
4		5.1904		5.1904		5824.8218	99.5699
5		5.3672		5.0137		5825.2997	99.5889
6		5.1021		5.1021		5637.4405	100.8562
7		5.1609		5.1609		5761.8231	99.9951
8		5.1830		5.1388		5762.5528	99.9954
9		5.1554		5.1554		5750.0860	100.0751
10		5.1644		5.1573		5761.9527	99.9951
 message: Optimization terminated successfully.
 success: True
  status: 1
     fun: 5761.823094866624
       x: [ 5.161e+00  5.161e+00]
    nfev: 10
   maxcv: 0.0
#############################################################################
Constraints and sensitivity
Relative impact of increasing array size to 15x15: 5.66%
#############################################################################
Optimization run history and convergence: 17x17 array
iter		drift spacing	wp spacing	footprint	wp peak temp
0		5.1609		5.1609		7435.5866	105.6572
1		5.1609		5.1609		7435.5866	105.6572
2		6.1609		5.1609		8836.7732	98.4844
3		5.1609		6.1609		8794.0852	98.4844
4		5.5552		5.5552		8563.6875	99.7851
5		5.6436		5.4668		8565.4607	99.7894
6		5.4668		5.4668		8303.9171	101.0269
7		5.5399		5.5399		8518.4375	99.9971
8		5.5510		5.5289		8518.8779	99.9972
9		5.5364		5.5364		8507.9975	100.0463
 message: Optimization terminated successfully.
 success: True
  status: 1
     fun: 8518.43746381296
       x: [ 5.540e+00  5.540e+00]
    nfev: 9
   maxcv: 0.0
#############################################################################
Constraints and sensitivity
Relative impact of increasing array size to 17x17: 4.87%
#############################################################################
Optimization run history and convergence: 9x9 array
iter		drift spacing	wp spacing	footprint	wp peak temp
0		12.8112		12.8112		11294.1852	75.3360
1		12.8112		12.8112		11294.1852	75.3360
2		13.8112		12.8112		12154.1050	74.1156
3		12.8112		13.8112		12134.7610	74.1156
4		12.1041		12.1041		10123.7531	77.3020
5		11.4082		11.3861		9017.6590	79.5637
6		10.8242		10.5743		7989.6367	82.1448
7		10.9225		9.5791		7343.8174	84.0740
8		10.2005		8.8871		6406.3196	87.4375
9		9.5439		8.1329		5530.3195	91.4064
10		9.0452		7.2661		4731.1285	96.0182
11		8.1734		6.7763		4024.4964	101.4003
12		8.8698		6.0586		3932.1258	101.9973
13		9.0735		6.3406		4188.8400	99.8250
14		9.7966		5.6499		4063.9027	100.4825
15		10.2467		5.4320		4097.2237	99.9847
16		10.6463		5.1316		4041.2567	100.1835
17		10.8889		5.0000		4036.1893	100.0795
18		11.0284		5.2074		4237.1191	98.5321
19		10.9926		4.9302		4023.0017	100.1181
20		10.9063		5.0259		4061.1029	99.8812
21		10.9131		5.0000		4044.9001	99.9993
22		10.9131		5.0050		4048.4956	99.9722
23		10.9181		5.0000		4046.7001	99.9828
 message: Optimization terminated successfully.
 success: True
  status: 1
     fun: 4044.900122801093
       x: [ 1.091e+01  5.000e+00]
    nfev: 23
   maxcv: -0.0
#############################################################################
Constraints and sensitivity
Relative impact of increasing array size to 9x9: 5.34%
#############################################################################
Optimization run history and convergence: 11x11 array
iter		drift spacing	wp spacing	footprint	wp peak temp
0		10.9131		5.0000		6144.2060	105.3350
1		10.9131		5.0000		6144.2060	105.3350
2		11.9131		5.0000		6694.2060	101.6799
3		10.9131		6.0000		7261.3344	99.6105
4		12.3727		5.0000		6946.9811	100.1777
5		12.3727		4.7500		6631.2092	101.6808
6		12.4352		5.0000		6981.3561	99.9812
7		12.4352		4.9688		6941.6893	100.1631
8		12.4274		5.0000		6977.0592	100.0057
9		12.4274		4.9950		6970.7164	100.0347
 message: Did not converge to a solution satisfying the constraints. See `maxcv` for magnitude of violation.
 success: False
  status: 4
     fun: 6977.059200350985
       x: [ 1.243e+01  5.000e+00]
    nfev: 9
   maxcv: 0.005653221302878819
#############################################################################
Constraints and sensitivity
Relative impact of increasing array size to 11x11: 3.66%
#############################################################################
Optimization run history and convergence: 11x11 array
iter		drift spacing	wp spacing	footprint	wp peak temp
0		5.0000		5.0000		2892.0100	51.4625
1		5.0000		5.0000		2892.0100	51.4625
2		6.0000		5.0000		3442.0100	49.2252
3		5.0000		6.0000		3417.8300	49.2252
4		4.8750		5.0000		2823.2600	51.7821
5		4.8750		4.8750		2759.0950	52.1080
6		5.0000		4.9688		2875.5781	51.5414
7		4.9844		5.0000		2883.4163	51.5019
8		4.9939		4.9969		2887.0517	51.4856
 message: Optimization terminated successfully.
 success: True
  status: 1
     fun: 2892.01
       x: [ 5.000e+00  5.000e+00]
    nfev: 8
   maxcv: -0.0
#############################################################################
Constraints and sensitivity
Relative impact of increasing array size to 11x11: 4.14%
#############################################################################
Optimization run history and convergence: 15x15 array
iter		drift spacing	wp spacing	footprint	wp peak temp
0		5.8975		5.8975		7434.1218	90.7226
1		5.8975		5.8975		7434.1218	90.7226
2		6.8975		5.8975		8660.0412	85.8535
3		5.8975		6.8975		8622.6892	85.8535
4		5.1904		5.1904		5824.8218	99.5699
5		5.3672		5.0137		5825.2997	99.5889
6		5.1021		5.1021		5637.4405	100.8562
7		5.1609		5.1609		5761.8231	99.9951
8		5.1830		5.1388		5762.5528	99.9954
9		5.1554		5.1554		5750.0860	100.0751
10		5.1644		5.1573		5761.9527	99.9951
 message: Optimization terminated successfully.
 success: True
  status: 1
     fun: 5761.823094866624
       x: [ 5.161e+00  5.161e+00]
    nfev: 10
   maxcv: 0.0
#############################################################################
Constraints and sensitivity
Relative impact of increasing array size to 15x15: 5.66%
#############################################################################
Optimization run history and convergence: 17x17 array
iter		drift spacing	wp spacing	footprint	wp peak temp
0		5.1609		5.1609		7435.5866	105.6572
1		5.1609		5.1609		7435.5866	105.6572
2		6.1609		5.1609		8836.7732	98.4844
3		5.1609		6.1609		8794.0852	98.4844
4		5.5552		5.5552		8563.6875	99.7851
5		5.6436		5.4668		8565.4607	99.7894
6		5.4668		5.4668		8303.9171	101.0269
7		5.5399		5.5399		8518.4375	99.9971
8		5.5510		5.5289		8518.8779	99.9972
9		5.5364		5.5364		8507.9975	100.0463
 message: Optimization terminated successfully.
 success: True
  status: 1
     fun: 8518.43746381296
       x: [ 5.540e+00  5.540e+00]
    nfev: 9
   maxcv: 0.0
#############################################################################
Constraints and sensitivity
Relative impact of increasing array size to 17x17: 4.87%
#############################################################################
Optimization run history and convergence: 9x9 array
iter		drift spacing	wp spacing	footprint	wp peak temp
0		12.8112		12.8112		11294.1852	75.3360
1		12.8112		12.8112		11294.1852	75.3360
2		13.8112		12.8112		12154.1050	74.1156
3		12.8112		13.8112		12134.7610	74.1156
4		12.1041		12.1041		10123.7531	77.3020
5		11.4082		11.3861		9017.6590	79.5637
6		10.8242		10.5743		7989.6367	82.1448
7		10.9225		9.5791		7343.8174	84.0740
8		10.2005		8.8871		6406.3196	87.4375
9		9.5439		8.1329		5530.3195	91.4064
10		9.0452		7.2661		4731.1285	96.0182
11		8.1734		6.7763		4024.4964	101.4003
12		8.8698		6.0586		3932.1258	101.9973
13		9.0735		6.3406		4188.8400	99.8250
14		9.7966		5.6499		4063.9027	100.4825
15		10.2467		5.4320		4097.2237	99.9847
16		10.6463		5.1316		4041.2567	100.1835
17		10.8889		5.0000		4036.1893	100.0795
18		11.0284		5.2074		4237.1191	98.5321
19		10.9926		4.9302		4023.0017	100.1181
20		10.9063		5.0259		4061.1029	99.8812
21		10.9131		5.0000		4044.9001	99.9993
22		10.9131		5.0050		4048.4956	99.9722
23		10.9181		5.0000		4046.7001	99.9828
 message: Optimization terminated successfully.
 success: True
  status: 1
     fun: 4044.900122801093
       x: [ 1.091e+01  5.000e+00]
    nfev: 23
   maxcv: -0.0
#############################################################################
Constraints and sensitivity
Relative impact of increasing array size to 9x9: 5.34%
#############################################################################
Optimization run history and convergence: 11x11 array
iter		drift spacing	wp spacing	footprint	wp peak temp
0		10.9131		5.0000		6144.2060	105.3350
1		10.9131		5.0000		6144.2060	105.3350
2		11.9131		5.0000		6694.2060	101.6799
3		10.9131		6.0000		7261.3344	99.6105
4		12.3727		5.0000		6946.9811	100.1777
5		12.3727		4.7500		6631.2092	101.6808
6		12.4352		5.0000		6981.3561	99.9812
7		12.4352		4.9688		6941.6893	100.1631
8		12.4274		5.0000		6977.0592	100.0057
9		12.4274		4.9950		6970.7164	100.0347
 message: Did not converge to a solution satisfying the constraints. See `maxcv` for magnitude of violation.
 success: False
  status: 4
     fun: 6977.059200350985
       x: [ 1.243e+01  5.000e+00]
    nfev: 9
   maxcv: 0.005653221302878819
#############################################################################
Constraints and sensitivity
Relative impact of increasing array size to 11x11: 3.66%
#############################################################################
Optimization run history and convergence: 11x11 array
iter		drift spacing	wp spacing	footprint	wp peak temp
0		5.0000		5.0000		2892.0100	51.4625
1		5.0000		5.0000		2892.0100	51.4625
2		6.0000		5.0000		3442.0100	49.2252
3		5.0000		6.0000		3417.8300	49.2252
4		4.8750		5.0000		2823.2600	51.7821
5		4.8750		4.8750		2759.0950	52.1080
6		5.0000		4.9688		2875.5781	51.5414
7		4.9844		5.0000		2883.4163	51.5019
8		4.9939		4.9969		2887.0517	51.4856
 message: Optimization terminated successfully.
 success: True
  status: 1
     fun: 2892.01
       x: [ 5.000e+00  5.000e+00]
    nfev: 8
   maxcv: -0.0
#############################################################################
Constraints and sensitivity
Relative impact of increasing array size to 11x11: 4.14%
#############################################################################
Optimization run history and convergence: 9x9 array
iter		drift spacing	wp spacing	footprint	wp peak temp
0		12.8112		12.8112		11294.1852	75.3360
1		12.8112		12.8112		11294.1852	75.3360
2		13.8112		12.8112		12154.1050	74.1156
3		12.8112		13.8112		12134.7610	74.1156
4		12.1041		12.1041		10123.7531	77.3020
5		11.4082		11.3861		9017.6590	79.5637
6		10.8242		10.5743		7989.6367	82.1448
7		10.9225		9.5791		7343.8174	84.0740
8		10.2005		8.8871		6406.3196	87.4375
9		9.5439		8.1329		5530.3195	91.4064
10		9.0452		7.2661		4731.1285	96.0182
11		8.1734		6.7763		4024.4964	101.4003
12		8.8698		6.0586		3932.1258	101.9973
13		9.0735		6.3406		4188.8400	99.8250
14		9.7966		5.6499		4063.9027	100.4825
15		10.2467		5.4320		4097.2237	99.9847
16		10.6463		5.1316		4041.2567	100.1835
17		10.8889		5.0000		4036.1893	100.0795
18		11.0284		5.2074		4237.1191	98.5321
19		10.9926		4.9302		4023.0017	100.1181
20		10.9063		5.0259		4061.1029	99.8812
21		10.9131		5.0000		4044.9001	99.9993
22		10.9131		5.0050		4048.4956	99.9722
23		10.9181		5.0000		4046.7001	99.9828
 message: Optimization terminated successfully.
 success: True
  status: 1
     fun: 4044.900122801093
       x: [ 1.091e+01  5.000e+00]
    nfev: 23
   maxcv: -0.0
#############################################################################
Constraints and sensitivity
Relative impact of increasing array size to 9x9: 5.34%
#############################################################################
Optimization run history and convergence: 11x11 array
iter		drift spacing	wp spacing	footprint	wp peak temp
0		10.9131		5.0000		6144.2060	105.3350
1		10.9131		5.0000		6144.2060	105.3350
2		11.9131		5.0000		6694.2060	101.6799
3		10.9131		6.0000		7261.3344	99.6105
4		12.3727		5.0000		6946.9811	100.1777
5		12.3727		4.7500		6631.2092	101.6808
6		12.4352		5.0000		6981.3561	99.9812
7		12.4352		4.9688		6941.6893	100.1631
8		12.4274		5.0000		6977.0592	100.0057
9		12.4274		4.9950		6970.7164	100.0347
 message: Did not converge to a solution satisfying the constraints. See `maxcv` for magnitude of violation.
 success: False
  status: 4
     fun: 6977.059200350985
       x: [ 1.243e+01  5.000e+00]
    nfev: 9
   maxcv: 0.005653221302878819
#############################################################################
Constraints and sensitivity
Relative impact of increasing array size to 11x11: 3.66%
#############################################################################
Optimization run history and convergence: 11x11 array
iter		drift spacing	wp spacing	footprint	wp peak temp
0		5.0000		5.0000		2892.0100	51.4625
1		5.0000		5.0000		2892.0100	51.4625
2		6.0000		5.0000		3442.0100	49.2252
3		5.0000		6.0000		3417.8300	49.2252
4		4.8750		5.0000		2823.2600	51.7821
5		4.8750		4.8750		2759.0950	52.1080
6		5.0000		4.9688		2875.5781	51.5414
7		4.9844		5.0000		2883.4163	51.5019
8		4.9939		4.9969		2887.0517	51.4856
 message: Optimization terminated successfully.
 success: True
  status: 1
     fun: 2892.01
       x: [ 5.000e+00  5.000e+00]
    nfev: 8
   maxcv: -0.0
#############################################################################
Constraints and sensitivity
Relative impact of increasing array size to 11x11: 4.14%
#############################################################################
Optimization run history and convergence: 15x15 array
iter		drift spacing	wp spacing	footprint	wp peak temp
0		5.8975		5.8975		7434.1218	90.7226
1		5.8975		5.8975		7434.1218	90.7226
2		6.8975		5.8975		8660.0412	85.8535
3		5.8975		6.8975		8622.6892	85.8535
4		5.1904		5.1904		5824.8218	99.5699
5		5.3672		5.0137		5825.2997	99.5889
6		5.1021		5.1021		5637.4405	100.8562
7		5.1609		5.1609		5761.8231	99.9951
8		5.1830		5.1388		5762.5528	99.9954
9		5.1554		5.1554		5750.0860	100.0751
10		5.1644		5.1573		5761.9527	99.9951
 message: Optimization terminated successfully.
 success: True
  status: 1
     fun: 5761.823094866624
       x: [ 5.161e+00  5.161e+00]
    nfev: 10
   maxcv: 0.0
#############################################################################
Constraints and sensitivity
Relative impact of increasing array size to 15x15: 5.66%
#############################################################################
Optimization run history and convergence: 17x17 array
iter		drift spacing	wp spacing	footprint	wp peak temp
0		5.1609		5.1609		7435.5866	105.6572
1		5.1609		5.1609		7435.5866	105.6572
2		6.1609		5.1609		8836.7732	98.4844
3		5.1609		6.1609		8794.0852	98.4844
4		5.5552		5.5552		8563.6875	99.7851
5		5.6436		5.4668		8565.4607	99.7894
6		5.4668		5.4668		8303.9171	101.0269
7		5.5399		5.5399		8518.4375	99.9971
8		5.5510		5.5289		8518.8779	99.9972
9		5.5364		5.5364		8507.9975	100.0463
 message: Optimization terminated successfully.
 success: True
  status: 1
     fun: 8518.43746381296
       x: [ 5.540e+00  5.540e+00]
    nfev: 9
   maxcv: 0.0
#############################################################################
Constraints and sensitivity
Relative impact of increasing array size to 17x17: 4.87%
#############################################################################
Optimization run history and convergence: 15x15 array
iter		drift spacing	wp spacing	footprint	wp peak temp
0		5.8975		5.8975		7434.1218	90.7226
1		5.8975		5.8975		7434.1218	90.7226
2		6.8975		5.8975		8660.0412	85.8535
3		5.8975		6.8975		8622.6892	85.8535
4		5.1904		5.1904		5824.8218	99.5699
5		5.3672		5.0137		5825.2997	99.5889
6		5.1021		5.1021		5637.4405	100.8562
7		5.1609		5.1609		5761.8231	99.9951
8		5.1830		5.1388		5762.5528	99.9954
9		5.1554		5.1554		5750.0860	100.0751
10		5.1644		5.1573		5761.9527	99.9951
 message: Optimization terminated successfully.
 success: True
  status: 1
     fun: 5761.823094866624
       x: [ 5.161e+00  5.161e+00]
    nfev: 10
   maxcv: 0.0
#############################################################################
Constraints and sensitivity
Relative impact of increasing array size to 15x15: 5.66%
#############################################################################
Optimization run history and convergence: 17x17 array
iter		drift spacing	wp spacing	footprint	wp peak temp
0		5.1609		5.1609		7435.5866	105.6572
1		5.1609		5.1609		7435.5866	105.6572
2		6.1609		5.1609		8836.7732	98.4844
3		5.1609		6.1609		8794.0852	98.4844
4		5.5552		5.5552		8563.6875	99.7851
5		5.6436		5.4668		8565.4607	99.7894
6		5.4668		5.4668		8303.9171	101.0269
7		5.5399		5.5399		8518.4375	99.9971
8		5.5510		5.5289		8518.8779	99.9972
9		5.5364		5.5364		8507.9975	100.0463
 message: Optimization terminated successfully.
 success: True
  status: 1
     fun: 8518.43746381296
       x: [ 5.540e+00  5.540e+00]
    nfev: 9
   maxcv: 0.0
#############################################################################
Constraints and sensitivity
Relative impact of increasing array size to 17x17: 4.87%
#############################################################################
Optimization run history and convergence: 9x9 array
iter		drift spacing	wp spacing	footprint	wp peak temp
0		12.8112		12.8112		11294.1852	75.3360
1		12.8112		12.8112		11294.1852	75.3360
2		13.8112		12.8112		12154.1050	74.1156
3		12.8112		13.8112		12134.7610	74.1156
4		12.1041		12.1041		10123.7531	77.3020
5		11.4082		11.3861		9017.6590	79.5637
6		10.8242		10.5743		7989.6367	82.1448
7		10.9225		9.5791		7343.8174	84.0740
8		10.2005		8.8871		6406.3196	87.4375
9		9.5439		8.1329		5530.3195	91.4064
10		9.0452		7.2661		4731.1285	96.0182
11		8.1734		6.7763		4024.4964	101.4003
12		8.8698		6.0586		3932.1258	101.9973
13		9.0735		6.3406		4188.8400	99.8250
14		9.7966		5.6499		4063.9027	100.4825
15		10.2467		5.4320		4097.2237	99.9847
16		10.6463		5.1316		4041.2567	100.1835
17		10.8889		5.0000		4036.1893	100.0795
18		11.0284		5.2074		4237.1191	98.5321
19		10.9926		4.9302		4023.0017	100.1181
20		10.9063		5.0259		4061.1029	99.8812
21		10.9131		5.0000		4044.9001	99.9993
22		10.9131		5.0050		4048.4956	99.9722
23		10.9181		5.0000		4046.7001	99.9828
 message: Optimization terminated successfully.
 success: True
  status: 1
     fun: 4044.900122801093
       x: [ 1.091e+01  5.000e+00]
    nfev: 23
   maxcv: -0.0
#############################################################################
Constraints and sensitivity
Relative impact of increasing array size to 9x9: 5.34%
#############################################################################
Optimization run history and convergence: 11x11 array
iter		drift spacing	wp spacing	footprint	wp peak temp
0		10.9131		5.0000		6144.2060	105.3350
1		10.9131		5.0000		6144.2060	105.3350
2		11.9131		5.0000		6694.2060	101.6799
3		10.9131		6.0000		7261.3344	99.6105
4		12.3727		5.0000		6946.9811	100.1777
5		12.3727		4.7500		6631.2092	101.6808
6		12.4352		5.0000		6981.3561	99.9812
7		12.4352		4.9688		6941.6893	100.1631
8		12.4274		5.0000		6977.0592	100.0057
9		12.4274		4.9950		6970.7164	100.0347
 message: Did not converge to a solution satisfying the constraints. See `maxcv` for magnitude of violation.
 success: False
  status: 4
     fun: 6977.059200350985
       x: [ 1.243e+01  5.000e+00]
    nfev: 9
   maxcv: 0.005653221302878819
#############################################################################
Constraints and sensitivity
Relative impact of increasing array size to 11x11: 3.66%
#############################################################################
Optimization run history and convergence: 11x11 array
iter		drift spacing	wp spacing	footprint	wp peak temp
0		5.0000		5.0000		2892.0100	51.4625
1		5.0000		5.0000		2892.0100	51.4625
2		6.0000		5.0000		3442.0100	49.2252
3		5.0000		6.0000		3417.8300	49.2252
4		4.8750		5.0000		2823.2600	51.7821
5		4.8750		4.8750		2759.0950	52.1080
6		5.0000		4.9688		2875.5781	51.5414
7		4.9844		5.0000		2883.4163	51.5019
8		4.9939		4.9969		2887.0517	51.4856
 message: Optimization terminated successfully.
 success: True
  status: 1
     fun: 2892.01
       x: [ 5.000e+00  5.000e+00]
    nfev: 8
   maxcv: -0.0
#############################################################################
Constraints and sensitivity
Relative impact of increasing array size to 11x11: 4.14%
#############################################################################
Optimization run history and convergence: 15x15 array
iter		drift spacing	wp spacing	footprint	wp peak temp
0		5.8975		5.8975		7434.1218	90.7226
1		5.8975		5.8975		7434.1218	90.7226
2		6.8975		5.8975		8660.0412	85.8535
3		5.8975		6.8975		8622.6892	85.8535
4		5.1904		5.1904		5824.8218	99.5699
5		5.3672		5.0137		5825.2997	99.5889
6		5.1021		5.1021		5637.4405	100.8562
7		5.1609		5.1609		5761.8231	99.9951
8		5.1830		5.1388		5762.5528	99.9954
9		5.1554		5.1554		5750.0860	100.0751
10		5.1644		5.1573		5761.9527	99.9951
 message: Optimization terminated successfully.
 success: True
  status: 1
     fun: 5761.823094866624
       x: [ 5.161e+00  5.161e+00]
    nfev: 10
   maxcv: 0.0
#############################################################################
Constraints and sensitivity
Relative impact of increasing array size to 15x15: 5.66%
#############################################################################
Optimization run history and convergence: 17x17 array
iter		drift spacing	wp spacing	footprint	wp peak temp
0		5.1609		5.1609		7435.5866	105.6572
1		5.1609		5.1609		7435.5866	105.6572
2		6.1609		5.1609		8836.7732	98.4844
3		5.1609		6.1609		8794.0852	98.4844
4		5.5552		5.5552		8563.6875	99.7851
5		5.6436		5.4668		8565.4607	99.7894
6		5.4668		5.4668		8303.9171	101.0269
7		5.5399		5.5399		8518.4375	99.9971
8		5.5510		5.5289		8518.8779	99.9972
9		5.5364		5.5364		8507.9975	100.0463
 message: Optimization terminated successfully.
 success: True
  status: 1
     fun: 8518.43746381296
       x: [ 5.540e+00  5.540e+00]
    nfev: 9
   maxcv: 0.0
#############################################################################
Constraints and sensitivity
Relative impact of increasing array size to 17x17: 4.87%
