Repository Footprint Minimization Code v.0.1 
Subpackage in the NWPY Python Package 
Written by Milos Atz 
Nuclear Waste Management Group 
University of California, Berkeley 
Output file generated: 2024-05-01 05:19:31
#############################################################################
Host rock, wasteform, and repository data 
Limit for effect of adjacent sources: 5% 
Repository type: clay repository array
Rock thermal conductivity [W/m/K]: 1.75
Rock thermal diffusivity [m^2/s]: 6.45e-07
Waste ID: snf
Package loading (units): 42.0
Waste package length [m]: 4.8875
Waste package diameter [m]: 1.4141000000000001
Surface storage time [y]: 50.0
Repository ambient temperature [C]: 27.5
Waste package temperature limit [C]: 100.0
Rock wall temperature limit [C]: 100.0
#############################################################################
Optimization run history and convergence: 9x9 array
iter		drift spacing	wp spacing	footprint	wp peak temp
0		10.0000		10.0000		7052.1224	129.8838
1		10.0000		10.0000		7052.1224	129.8838
2		11.0000		10.0000		7731.2224	125.5622
3		10.0000		11.0000		7716.7312	125.5622
4		10.7071		11.7071		8744.1317	120.1279
5		11.4142		12.4142		9835.5321	115.4650
6		12.0344		13.1987		10976.0119	111.4836
7		12.3786		14.1376		12047.1634	108.3610
8		13.2942		14.5397		13263.4286	105.4605
9		13.9135		15.3249		14582.3990	102.9292
10		14.9107		15.2500		15526.1484	101.3891
11		15.4781		15.4781		16333.7737	100.2089
12		16.1293		14.7192		16202.1155	100.4137
13		15.4315		15.5941		16403.1613	100.1111
14		15.7093		15.3829		16473.7625	100.0192
15		15.5526		15.5526		16486.4462	99.9983
16		15.5747		15.5305		16486.7352	99.9984
17		15.5416		15.5416		16463.7554	100.0294
18		15.5562		15.5491		16486.4967	99.9983
 message: Optimization terminated successfully.
 success: True
  status: 1
     fun: 16486.446235141153
       x: [ 1.555e+01  1.555e+01]
    nfev: 18
   maxcv: 0.0
#############################################################################
Constraints and sensitivity
Relative impact of increasing array size to 9x9: 0.16%
#############################################################################
Optimization run history and convergence: 11x11 array
iter		drift spacing	wp spacing	footprint	wp peak temp
0		8.3009		4.8875		4628.1731	78.2145
1		8.3009		4.8875		4628.1731	78.2145
2		9.3009		4.8875		5165.7981	74.7774
3		8.3009		5.8875		5489.0284	73.7463
4		7.3009		4.8875		4090.5481	82.3783
5		6.3009		4.8875		3552.9231	87.5823
6		5.3009		4.8875		3015.2981	94.0888
7		5.3009		4.3875		2734.8705	98.1386
8		4.8875		4.8875		2793.0210	97.2686
9		4.8875		4.7625		2728.0821	98.2972
10		4.8250		4.8875		2759.4195	97.7788
11		4.8500		4.8688		2763.1896	97.7269
12		4.8910		4.8805		2791.2668	97.2970
13		4.8805		4.8840		2787.4516	97.3536
 message: Optimization terminated successfully.
 success: True
  status: 1
     fun: 2793.02101375
       x: [ 4.888e+00  4.888e+00]
    nfev: 13
   maxcv: -0.0
#############################################################################
Constraints and sensitivity
Relative impact of increasing array size to 11x11: 6.15%
#############################################################################
Optimization run history and convergence: 13x13 array
iter		drift spacing	wp spacing	footprint	wp peak temp
0		4.8875		4.8875		3921.9221	103.2508
1		4.8875		4.8875		3921.9221	103.2508
2		5.8875		4.8875		4684.3721	95.0740
3		4.8875		5.8875		4662.6353	95.0740
4		5.0863		5.0863		4226.4125	99.7288
5		5.5451		4.8875		4423.2853	97.6546
6		5.1305		5.0421		4227.0919	99.7303
7		5.1305		5.1305		4295.6548	98.9840
8		5.0702		5.0702		4201.3395	100.0033
9		5.0812		5.0591		4201.5620	100.0034
10		5.0737		5.0737		4206.8418	99.9429
 message: Did not converge to a solution satisfying the constraints. See `maxcv` for magnitude of violation.
 success: False
  status: 4
     fun: 4201.339464931209
       x: [ 5.070e+00  5.070e+00]
    nfev: 10
   maxcv: 0.0033356978217398137
#############################################################################
Constraints and sensitivity
Relative impact of increasing array size to 13x13: 4.80%
