Repository Footprint Minimization Code v.0.1 
Subpackage in the NWPY Python Package 
Written by Milos Atz 
Nuclear Waste Management Group 
University of California, Berkeley 
Output file generated: 2024-05-01 00:56:16
#############################################################################
Host rock, wasteform, and repository data 
Limit for effect of adjacent sources: 5% 
Repository type: clay repository array
Rock thermal conductivity [W/m/K]: 1.75
Rock thermal diffusivity [m^2/s]: 6.45e-07
Waste ID: snf
Package loading (units): 4.0
Waste package length [m]: 5.0
Waste package diameter [m]: 0.9199999999999999
Surface storage time [y]: 3.0
Repository ambient temperature [C]: 27.5
Waste package temperature limit [C]: 100.0
Rock wall temperature limit [C]: 100.0
#############################################################################
Optimization run history and convergence: 9x9 array
iter		drift spacing	wp spacing	footprint	wp peak temp
0		10.0000		10.0000		7019.4700	90.1218
1		10.0000		10.0000		7019.4700	90.1218
2		11.0000		10.0000		7699.4700	90.0085
3		10.0000		11.0000		7680.1260	90.0085
4		9.2929		9.2929		6103.4831	90.5164
5		8.6001		8.5718		5251.9208	91.8437
6		8.0573		7.7319		4482.0025	97.7503
7		7.2065		7.2065		3773.7499	104.1470
8		8.1713		6.9436		4114.4211	100.8667
9		8.9633		6.3331		4135.2670	100.6747
10		9.4123		6.1131		4198.1420	100.1179
11		9.8192		5.8225		4185.0052	100.2140
12		9.5223		6.3376		4387.0322	98.5687
13		9.8261		5.8325		4194.3140	100.1350
14		9.6244		5.9806		4205.2519	100.0505
15		9.8349		5.8459		4206.6696	100.0305
16		10.0464		5.7126		4205.8047	100.0295
17		10.2605		5.5834		4205.1243	100.0270
18		10.4768		5.4580		4204.3979	100.0256
19		10.6953		5.3367		4203.9539	100.0233
20		10.9160		5.2193		4203.6657	100.0217
21		11.1388		5.1058		4203.8065	100.0192
22		11.3559		5.0000		4204.3050	100.0268
23		11.0840		4.9935		4101.6898	100.8753
24		10.9148		5.2169		4201.5293	100.0394
25		11.2514		5.0515		4204.8456	100.0111
26		11.1401		5.1083		4206.1028	100.0003
27		11.0281		5.1638		4205.3063	100.0072
28		11.1959		5.0802		4205.8311	100.0027
29		11.1121		5.1223		4206.0614	100.0007
30		11.1331		5.0944		4193.2923	100.1057
31		11.1680		5.0944		4206.0926	100.0005
32		11.1541		5.1014		4206.1241	100.0002
33		11.1401		5.1084		4206.1431	100.0000
34		11.1261		5.1154		4206.1288	100.0001
35		11.1312		5.1129		4206.1443	100.0000
 message: Optimization terminated successfully.
 success: True
  status: 1
     fun: 4206.144276127951
       x: [ 1.113e+01  5.113e+00]
    nfev: 35
   maxcv: 0.0
#############################################################################
Constraints and sensitivity
Relative impact of increasing array size to 9x9: 1.89%
