Repository Footprint Minimization Code v.0.1 
Subpackage in the NWPY Python Package 
Written by Milos Atz 
Nuclear Waste Management Group 
University of California, Berkeley 
Output file generated: 2024-05-01 03:51:54
#############################################################################
Host rock, wasteform, and repository data 
Limit for effect of adjacent sources: 5% 
Repository type: clay repository array
Rock thermal conductivity [W/m/K]: 1.75
Rock thermal diffusivity [m^2/s]: 6.45e-07
Waste ID: snf
Package loading (units): 114.0
Waste package length [m]: 4.8875
Waste package diameter [m]: 2.2068
Surface storage time [y]: 10.0
Repository ambient temperature [C]: 27.5
Waste package temperature limit [C]: 100.0
Rock wall temperature limit [C]: 100.0
#############################################################################
Optimization run history and convergence: 9x9 array
iter		drift spacing	wp spacing	footprint	wp peak temp
0		10.0000		10.0000		7119.4128	144.8670
1		10.0000		10.0000		7119.4128	144.8670
2		11.0000		10.0000		7798.5128	139.1695
3		10.0000		11.0000		7790.3632	139.1695
4		10.7071		11.7071		8822.2478	132.0313
5		11.4142		12.4142		9918.1324	125.9419
6		12.0307		13.2016		11062.6423	120.8428
7		12.3299		14.1558		12109.6718	117.1056
8		13.2569		14.5308		13315.5401	113.5333
9		13.8992		15.2973		14643.4862	110.2887
10		14.8046		15.7219		15980.7231	107.7855
11		15.1814		16.6481		17303.2968	105.7497
12		16.0318		17.1743		18798.7505	104.0142
13		16.4776		18.0694		20277.8616	102.7267
14		16.9471		18.2415		21031.1127	102.2451
15		16.8610		18.4762		21187.8238	102.1574
16		17.2432		18.7986		22020.4473	101.6828
17		17.7161		18.9612		22797.1459	101.1171
18		18.1797		18.7740		23154.2787	101.0148
19		18.6231		19.0050		23986.9043	100.8080
20		18.8174		19.1623		24425.1698	100.7072
21		19.0212		19.3070		24863.7846	100.6111
22		19.2396		19.4287		25295.7931	100.5208
23		19.4827		19.4872		25682.2759	100.4618
24		19.5341		19.7319		26061.8408	100.4082
25		19.7213		19.8976		26519.8299	100.3464
26		19.8895		20.0826		26981.7564	100.2873
27		20.0482		20.2757		27445.7712	100.2310
28		20.2442		20.4309		27913.6337	100.1770
29		20.4492		20.5740		28381.4058	100.1258
30		20.6497		20.7232		28855.2075	100.0781
31		20.8472		20.8765		29334.1305	100.0466
32		21.0355		21.0411		29819.5755	100.0166
33		21.1177		20.9470		29803.4592	100.0177
34		21.1354		21.1354		30088.7007	100.0006
35		21.1569		21.1127		30087.0754	100.0008
36		21.1582		21.1569		30150.0394	99.9971
37		21.1394		21.1394		30099.7578	100.0000
38		21.1430		21.1359		30099.7858	100.0000
 message: Optimization terminated successfully.
 success: True
  status: 1
     fun: 30099.757771759094
       x: [ 2.114e+01  2.114e+01]
    nfev: 38
   maxcv: 0.0
#############################################################################
Constraints and sensitivity
Relative impact of increasing array size to 9x9: 0.00%
